1683965672882@passenger@0x086ba65affc894f226e87f8d16f20a35d4f60b4d@StartProcessing
1683965673073@passenger@0x086ba65affc894f226e87f8d16f20a35d4f60b4d@StartingPointWrittenToContract
1683965675883@passenger@0x2702ee5633daab4d277f5660f1c29d3e5454f7b3@StartProcessing
1683965676340@passenger@0x2702ee5633daab4d277f5660f1c29d3e5454f7b3@StartingPointWrittenToContract
1683965676341@passenger@0x086ba65affc894f226e87f8d16f20a35d4f60b4d@DestinationWrittenToContract
1683965676343@passenger@0x086ba65affc894f226e87f8d16f20a35d4f60b4d@GettingNearbyRegions
1683965676364@passenger@0x086ba65affc894f226e87f8d16f20a35d4f60b4d@FoundTheMostNearbyCar
1683965677632@passenger@0x2702ee5633daab4d277f5660f1c29d3e5454f7b3@DestinationWrittenToContract
1683965677633@passenger@0x086ba65affc894f226e87f8d16f20a35d4f60b4d@TheMostNearbyCarIsSelected
1683965677634@passenger@0x2702ee5633daab4d277f5660f1c29d3e5454f7b3@GettingNearbyRegions
1683965677655@passenger@0x2702ee5633daab4d277f5660f1c29d3e5454f7b3@FoundTheMostNearbyCar
1683965678882@passenger@0x2888bd343cbbc9cb5469c7a3c52d51dff4350d97@StartProcessing
1683965679976@passenger@0x2888bd343cbbc9cb5469c7a3c52d51dff4350d97@StartingPointWrittenToContract
1683965679977@passenger@0x2702ee5633daab4d277f5660f1c29d3e5454f7b3@TheMostNearbyCarIsSelected
1683965681209@passenger@0x086ba65affc894f226e87f8d16f20a35d4f60b4d@PassengerOnBoard
1683965681210@passenger@0x2888bd343cbbc9cb5469c7a3c52d51dff4350d97@DestinationWrittenToContract
1683965681210@passenger@0x2888bd343cbbc9cb5469c7a3c52d51dff4350d97@GettingNearbyRegions
1683965681234@passenger@0x2888bd343cbbc9cb5469c7a3c52d51dff4350d97@FoundTheMostNearbyCar
1683965681880@passenger@0x7a594ef9f871e4ef17c8d659aa58b3b09e090cf3@StartProcessing
1683965682632@passenger@0x086ba65affc894f226e87f8d16f20a35d4f60b4d@PassengerArriveAtDestination
1683965682633@passenger@0x2702ee5633daab4d277f5660f1c29d3e5454f7b3@PassengerOnBoard
1683965682634@passenger@0x2888bd343cbbc9cb5469c7a3c52d51dff4350d97@TheMostNearbyCarIsSelected
1683965682634@passenger@0x7a594ef9f871e4ef17c8d659aa58b3b09e090cf3@StartingPointWrittenToContract
1683965684883@passenger@0xb2e192f38247113c0a695a4da975771bfd32d68e@StartProcessing
1683965685243@passenger@0x2702ee5633daab4d277f5660f1c29d3e5454f7b3@PassengerArriveAtDestination
1683965685245@passenger@0x086ba65affc894f226e87f8d16f20a35d4f60b4d@PassengerPaysAndGetsOff
1683965685245@passenger@0x7a594ef9f871e4ef17c8d659aa58b3b09e090cf3@DestinationWrittenToContract
1683965685246@passenger@0x7a594ef9f871e4ef17c8d659aa58b3b09e090cf3@GettingNearbyRegions
1683965685271@passenger@0x7a594ef9f871e4ef17c8d659aa58b3b09e090cf3@FoundTheMostNearbyCar
1683965686774@passenger@0xb2e192f38247113c0a695a4da975771bfd32d68e@StartingPointWrittenToContract
1683965686901@passenger@0x2888bd343cbbc9cb5469c7a3c52d51dff4350d97@PassengerOnBoard
1683965686901@passenger@0x2702ee5633daab4d277f5660f1c29d3e5454f7b3@PassengerPaysAndGetsOff
1683965686902@passenger@0x7a594ef9f871e4ef17c8d659aa58b3b09e090cf3@TheMostNearbyCarIsSelected
1683965687295@passenger@0xb2e192f38247113c0a695a4da975771bfd32d68e@DestinationWrittenToContract
1683965687295@passenger@0xb2e192f38247113c0a695a4da975771bfd32d68e@GettingNearbyRegions
1683965687315@passenger@0xb2e192f38247113c0a695a4da975771bfd32d68e@FoundTheMostNearbyCar
1683965687368@passenger@0x2888bd343cbbc9cb5469c7a3c52d51dff4350d97@PassengerArriveAtDestination
1683965687880@passenger@0xe3cfc7fd117fa5762bfb5390acbdf48557a18ac2@StartProcessing
1683965689400@passenger@0xe3cfc7fd117fa5762bfb5390acbdf48557a18ac2@StartingPointWrittenToContract
1683965689402@passenger@0x7a594ef9f871e4ef17c8d659aa58b3b09e090cf3@PassengerOnBoard
1683965689403@passenger@0x2888bd343cbbc9cb5469c7a3c52d51dff4350d97@PassengerPaysAndGetsOff
1683965689404@passenger@0xb2e192f38247113c0a695a4da975771bfd32d68e@TheMostNearbyCarIsSelected
1683965690882@passenger@0xa97253e4fe217e80b5f2e995bd54904f63726719@StartProcessing
1683965692137@passenger@0x7a594ef9f871e4ef17c8d659aa58b3b09e090cf3@PassengerArriveAtDestination
1683965692139@passenger@0xe3cfc7fd117fa5762bfb5390acbdf48557a18ac2@DestinationWrittenToContract
1683965692139@passenger@0xa97253e4fe217e80b5f2e995bd54904f63726719@StartingPointWrittenToContract
1683965692140@passenger@0xe3cfc7fd117fa5762bfb5390acbdf48557a18ac2@GettingNearbyRegions
1683965692162@passenger@0xe3cfc7fd117fa5762bfb5390acbdf48557a18ac2@FoundTheMostNearbyCar
1683965692940@passenger@0xa97253e4fe217e80b5f2e995bd54904f63726719@DestinationWrittenToContract
1683965692941@passenger@0x7a594ef9f871e4ef17c8d659aa58b3b09e090cf3@PassengerPaysAndGetsOff
1683965692941@passenger@0xe3cfc7fd117fa5762bfb5390acbdf48557a18ac2@TheMostNearbyCarIsSelected
1683965692942@passenger@0xb2e192f38247113c0a695a4da975771bfd32d68e@PassengerOnBoard
1683965692942@passenger@0xa97253e4fe217e80b5f2e995bd54904f63726719@GettingNearbyRegions
1683965692965@passenger@0xa97253e4fe217e80b5f2e995bd54904f63726719@FoundTheMostNearbyCar
1683965693881@passenger@0xce2897c392e16c5762131a56686733e035a4aa30@StartProcessing
1683965695617@passenger@0xb2e192f38247113c0a695a4da975771bfd32d68e@PassengerArriveAtDestination
1683965695619@passenger@0xce2897c392e16c5762131a56686733e035a4aa30@StartingPointWrittenToContract
1683965695620@passenger@0xa97253e4fe217e80b5f2e995bd54904f63726719@TheMostNearbyCarIsSelected
1683965696880@passenger@0x441d24425b99411edd0ecf95501cb0db988e2f13@StartProcessing
1683965697125@passenger@0xce2897c392e16c5762131a56686733e035a4aa30@DestinationWrittenToContract
1683965697127@passenger@0xb2e192f38247113c0a695a4da975771bfd32d68e@PassengerPaysAndGetsOff
1683965697127@passenger@0xe3cfc7fd117fa5762bfb5390acbdf48557a18ac2@PassengerOnBoard
1683965697127@passenger@0xce2897c392e16c5762131a56686733e035a4aa30@GettingNearbyRegions
1683965697156@passenger@0xce2897c392e16c5762131a56686733e035a4aa30@FoundTheMostNearbyCar
1683965698919@passenger@0x441d24425b99411edd0ecf95501cb0db988e2f13@StartingPointWrittenToContract
1683965699269@passenger@0xe3cfc7fd117fa5762bfb5390acbdf48557a18ac2@PassengerArriveAtDestination
1683965699272@passenger@0xa97253e4fe217e80b5f2e995bd54904f63726719@PassengerOnBoard
1683965699273@passenger@0xce2897c392e16c5762131a56686733e035a4aa30@TheMostNearbyCarIsSelected
1683965699435@passenger@0x441d24425b99411edd0ecf95501cb0db988e2f13@DestinationWrittenToContract
1683965699436@passenger@0x441d24425b99411edd0ecf95501cb0db988e2f13@GettingNearbyRegions
1683965699455@passenger@0x441d24425b99411edd0ecf95501cb0db988e2f13@FoundTheMostNearbyCar
1683965699832@passenger@0xa97253e4fe217e80b5f2e995bd54904f63726719@PassengerArriveAtDestination
1683965699833@passenger@0xe3cfc7fd117fa5762bfb5390acbdf48557a18ac2@PassengerPaysAndGetsOff
1683965699880@passenger@0xf5493c66a2f85637127510a53b6cd0b067936b51@StartProcessing
1683965702883@passenger@0xcd924d3e8e043bb9579a4033ab08f8c1404840f0@StartProcessing
1683965703067@passenger@0xf5493c66a2f85637127510a53b6cd0b067936b51@StartingPointWrittenToContract
1683965703069@passenger@0xce2897c392e16c5762131a56686733e035a4aa30@PassengerOnBoard
1683965703069@passenger@0x441d24425b99411edd0ecf95501cb0db988e2f13@TheMostNearbyCarIsSelected
1683965703070@passenger@0xa97253e4fe217e80b5f2e995bd54904f63726719@PassengerPaysAndGetsOff
1683965704406@passenger@0xcd924d3e8e043bb9579a4033ab08f8c1404840f0@StartingPointWrittenToContract
1683965705881@passenger@0xf85378de486a9514f26f3118450ff6409aaf2bfb@StartProcessing
1683965706863@passenger@0xce2897c392e16c5762131a56686733e035a4aa30@PassengerArriveAtDestination
1683965706864@passenger@0xf5493c66a2f85637127510a53b6cd0b067936b51@DestinationWrittenToContract
1683965706864@passenger@0xf5493c66a2f85637127510a53b6cd0b067936b51@GettingNearbyRegions
1683965706885@passenger@0xf5493c66a2f85637127510a53b6cd0b067936b51@FoundTheMostNearbyCar
1683965707589@passenger@0xcd924d3e8e043bb9579a4033ab08f8c1404840f0@DestinationWrittenToContract
1683965707589@passenger@0xf85378de486a9514f26f3118450ff6409aaf2bfb@StartingPointWrittenToContract
1683965707590@passenger@0xcd924d3e8e043bb9579a4033ab08f8c1404840f0@GettingNearbyRegions
1683965707611@passenger@0xcd924d3e8e043bb9579a4033ab08f8c1404840f0@FoundTheMostNearbyCar
1683965708594@passenger@0xce2897c392e16c5762131a56686733e035a4aa30@PassengerPaysAndGetsOff
1683965708596@passenger@0x441d24425b99411edd0ecf95501cb0db988e2f13@PassengerOnBoard
1683965708597@passenger@0xf5493c66a2f85637127510a53b6cd0b067936b51@TheMostNearbyCarIsSelected
1683965708880@passenger@0x2a52bc09f527f500c7fc62c63f681d24dad62a77@StartProcessing
1683965709072@passenger@0xf85378de486a9514f26f3118450ff6409aaf2bfb@DestinationWrittenToContract
1683965709073@passenger@0xf85378de486a9514f26f3118450ff6409aaf2bfb@GettingNearbyRegions
1683965709074@passenger@0xcd924d3e8e043bb9579a4033ab08f8c1404840f0@TheMostNearbyCarConflict
1683965709098@passenger@0xf85378de486a9514f26f3118450ff6409aaf2bfb@FoundTheMostNearbyCar
1683965709329@passenger@0x441d24425b99411edd0ecf95501cb0db988e2f13@PassengerArriveAtDestination
1683965709330@passenger@0x2a52bc09f527f500c7fc62c63f681d24dad62a77@StartingPointWrittenToContract
1683965710251@passenger@0xf85378de486a9514f26f3118450ff6409aaf2bfb@TheMostNearbyCarIsSelected
1683965710402@passenger@0x441d24425b99411edd0ecf95501cb0db988e2f13@PassengerPaysAndGetsOff
1683965710402@passenger@0x2a52bc09f527f500c7fc62c63f681d24dad62a77@DestinationWrittenToContract
1683965710402@passenger@0xf5493c66a2f85637127510a53b6cd0b067936b51@PassengerOnBoard
1683965710402@passenger@0x2a52bc09f527f500c7fc62c63f681d24dad62a77@GettingNearbyRegions
1683965710427@passenger@0x2a52bc09f527f500c7fc62c63f681d24dad62a77@FoundTheMostNearbyCar
1683965711882@passenger@0x0c05c7ae6e3a58c23e5d27fc1d121ed1aec0f738@StartProcessing
1683965712774@passenger@0xf5493c66a2f85637127510a53b6cd0b067936b51@PassengerArriveAtDestination
1683965712776@passenger@0x2a52bc09f527f500c7fc62c63f681d24dad62a77@TheMostNearbyCarIsSelected
1683965712777@passenger@0x0c05c7ae6e3a58c23e5d27fc1d121ed1aec0f738@StartingPointWrittenToContract
1683965714883@passenger@0x7776ed3449f97157630b06035e11bc7759e4f0db@StartProcessing
1683965716381@passenger@0x7776ed3449f97157630b06035e11bc7759e4f0db@StartingPointWrittenToContract
1683965716382@passenger@0xf5493c66a2f85637127510a53b6cd0b067936b51@PassengerPaysAndGetsOff
1683965716382@passenger@0xf85378de486a9514f26f3118450ff6409aaf2bfb@PassengerOnBoard
1683965716382@passenger@0x0c05c7ae6e3a58c23e5d27fc1d121ed1aec0f738@DestinationWrittenToContract
1683965716384@passenger@0x0c05c7ae6e3a58c23e5d27fc1d121ed1aec0f738@GettingNearbyRegions
1683965716403@passenger@0x0c05c7ae6e3a58c23e5d27fc1d121ed1aec0f738@FoundTheMostNearbyCar
1683965717725@passenger@0xf85378de486a9514f26f3118450ff6409aaf2bfb@PassengerArriveAtDestination
1683965717725@passenger@0x7776ed3449f97157630b06035e11bc7759e4f0db@DestinationWrittenToContract
1683965717726@passenger@0x2a52bc09f527f500c7fc62c63f681d24dad62a77@PassengerOnBoard
1683965717726@passenger@0x0c05c7ae6e3a58c23e5d27fc1d121ed1aec0f738@TheMostNearbyCarIsSelected
1683965717727@passenger@0x7776ed3449f97157630b06035e11bc7759e4f0db@GettingNearbyRegions
1683965717748@passenger@0x7776ed3449f97157630b06035e11bc7759e4f0db@FoundTheMostNearbyCar
1683965717881@passenger@0xd30d093abb9d34fb14917d07121ed6a61cb1f99e@StartProcessing
1683965720300@passenger@0x2a52bc09f527f500c7fc62c63f681d24dad62a77@PassengerArriveAtDestination
1683965720303@passenger@0xf85378de486a9514f26f3118450ff6409aaf2bfb@PassengerPaysAndGetsOff
1683965720304@passenger@0x7776ed3449f97157630b06035e11bc7759e4f0db@TheMostNearbyCarIsSelected
1683965720304@passenger@0xd30d093abb9d34fb14917d07121ed6a61cb1f99e@StartingPointWrittenToContract
1683965720880@passenger@0x7b11919cd9db9a817c8f9d2e9477f410273a3ceb@StartProcessing
1683965722064@passenger@0x0c05c7ae6e3a58c23e5d27fc1d121ed1aec0f738@PassengerOnBoard
1683965722065@passenger@0x2a52bc09f527f500c7fc62c63f681d24dad62a77@PassengerPaysAndGetsOff
1683965722065@passenger@0xd30d093abb9d34fb14917d07121ed6a61cb1f99e@DestinationWrittenToContract
1683965722066@passenger@0xd30d093abb9d34fb14917d07121ed6a61cb1f99e@GettingNearbyRegions
1683965722091@passenger@0xd30d093abb9d34fb14917d07121ed6a61cb1f99e@FoundTheMostNearbyCar
1683965722328@passenger@0x7b11919cd9db9a817c8f9d2e9477f410273a3ceb@StartingPointWrittenToContract
1683965723099@passenger@0xcd924d3e8e043bb9579a4033ab08f8c1404840f0@FoundTheMostNearbyCar
1683965723529@passenger@0x0c05c7ae6e3a58c23e5d27fc1d121ed1aec0f738@PassengerArriveAtDestination
1683965723531@passenger@0x7776ed3449f97157630b06035e11bc7759e4f0db@PassengerOnBoard
1683965723531@passenger@0xd30d093abb9d34fb14917d07121ed6a61cb1f99e@TheMostNearbyCarIsSelected
1683965723881@passenger@0x3c28dc70332560ed17d1002704780df9df497abb@StartProcessing
1683965724994@passenger@0x7b11919cd9db9a817c8f9d2e9477f410273a3ceb@DestinationWrittenToContract
1683965724995@passenger@0xcd924d3e8e043bb9579a4033ab08f8c1404840f0@TheMostNearbyCarConflict
1683965724995@passenger@0x7b11919cd9db9a817c8f9d2e9477f410273a3ceb@GettingNearbyRegions
1683965725020@passenger@0x7b11919cd9db9a817c8f9d2e9477f410273a3ceb@FoundTheMostNearbyCar
1683965725433@passenger@0x7776ed3449f97157630b06035e11bc7759e4f0db@PassengerArriveAtDestination
1683965725433@passenger@0x3c28dc70332560ed17d1002704780df9df497abb@StartingPointWrittenToContract
1683965725434@passenger@0x0c05c7ae6e3a58c23e5d27fc1d121ed1aec0f738@PassengerPaysAndGetsOff
1683965726882@passenger@0xeef75753e18f97f0ee8a61119d84cdba23d22a7f@StartProcessing
1683965727370@passenger@0x7b11919cd9db9a817c8f9d2e9477f410273a3ceb@TheMostNearbyCarIsSelected
1683965727512@passenger@0xd30d093abb9d34fb14917d07121ed6a61cb1f99e@PassengerOnBoard
1683965727513@passenger@0x7776ed3449f97157630b06035e11bc7759e4f0db@PassengerPaysAndGetsOff
1683965727513@passenger@0x3c28dc70332560ed17d1002704780df9df497abb@DestinationWrittenToContract
1683965727513@passenger@0xeef75753e18f97f0ee8a61119d84cdba23d22a7f@StartingPointWrittenToContract
1683965727514@passenger@0x3c28dc70332560ed17d1002704780df9df497abb@GettingNearbyRegions
1683965727534@passenger@0x3c28dc70332560ed17d1002704780df9df497abb@FoundTheMostNearbyCar
1683965729882@passenger@0x2a772e261792d208c40d685b31673a85ad18eb90@StartProcessing
1683965729989@passenger@0xd30d093abb9d34fb14917d07121ed6a61cb1f99e@PassengerArriveAtDestination
1683965729991@passenger@0x2a772e261792d208c40d685b31673a85ad18eb90@StartingPointWrittenToContract
1683965729992@passenger@0x3c28dc70332560ed17d1002704780df9df497abb@TheMostNearbyCarIsSelected
1683965729993@passenger@0x7b11919cd9db9a817c8f9d2e9477f410273a3ceb@PassengerOnBoard
1683965729993@passenger@0xeef75753e18f97f0ee8a61119d84cdba23d22a7f@DestinationWrittenToContract
1683965729995@passenger@0xeef75753e18f97f0ee8a61119d84cdba23d22a7f@GettingNearbyRegions
1683965730019@passenger@0xeef75753e18f97f0ee8a61119d84cdba23d22a7f@FoundTheMostNearbyCar
1683965731858@passenger@0x7b11919cd9db9a817c8f9d2e9477f410273a3ceb@PassengerArriveAtDestination
1683965731863@passenger@0x2a772e261792d208c40d685b31673a85ad18eb90@DestinationWrittenToContract
1683965731864@passenger@0xeef75753e18f97f0ee8a61119d84cdba23d22a7f@TheMostNearbyCarIsSelected
1683965731864@passenger@0xd30d093abb9d34fb14917d07121ed6a61cb1f99e@PassengerPaysAndGetsOff
1683965731865@passenger@0x2a772e261792d208c40d685b31673a85ad18eb90@GettingNearbyRegions
1683965731894@passenger@0x2a772e261792d208c40d685b31673a85ad18eb90@FoundTheMostNearbyCar
1683965732881@passenger@0x495b77d80ccb1d3d1476db06dd522292555b2e23@StartProcessing
1683965733410@passenger@0x495b77d80ccb1d3d1476db06dd522292555b2e23@StartingPointWrittenToContract
1683965733411@passenger@0x7b11919cd9db9a817c8f9d2e9477f410273a3ceb@PassengerPaysAndGetsOff
1683965733412@passenger@0x2a772e261792d208c40d685b31673a85ad18eb90@TheMostNearbyCarIsSelected
1683965733412@passenger@0x3c28dc70332560ed17d1002704780df9df497abb@PassengerOnBoard
1683965734909@passenger@0x3c28dc70332560ed17d1002704780df9df497abb@PassengerArriveAtDestination
1683965734910@passenger@0xeef75753e18f97f0ee8a61119d84cdba23d22a7f@PassengerOnBoard
1683965734910@passenger@0x495b77d80ccb1d3d1476db06dd522292555b2e23@DestinationWrittenToContract
1683965734911@passenger@0x495b77d80ccb1d3d1476db06dd522292555b2e23@GettingNearbyRegions
1683965734934@passenger@0x495b77d80ccb1d3d1476db06dd522292555b2e23@FoundTheMostNearbyCar
1683965735881@passenger@0xa95e44270fc15576da490955d8e6698e2a95f610@StartProcessing
1683965737864@passenger@0xeef75753e18f97f0ee8a61119d84cdba23d22a7f@PassengerArriveAtDestination
1683965737866@passenger@0x2a772e261792d208c40d685b31673a85ad18eb90@PassengerOnBoard
1683965737866@passenger@0xa95e44270fc15576da490955d8e6698e2a95f610@StartingPointWrittenToContract
1683965737867@passenger@0x495b77d80ccb1d3d1476db06dd522292555b2e23@TheMostNearbyCarIsSelected
1683965737867@passenger@0x3c28dc70332560ed17d1002704780df9df497abb@PassengerPaysAndGetsOff
1683965738049@passenger@0x2a772e261792d208c40d685b31673a85ad18eb90@PassengerArriveAtDestination
1683965738050@passenger@0xeef75753e18f97f0ee8a61119d84cdba23d22a7f@PassengerPaysAndGetsOff
1683965738050@passenger@0xa95e44270fc15576da490955d8e6698e2a95f610@DestinationWrittenToContract
1683965738051@passenger@0xa95e44270fc15576da490955d8e6698e2a95f610@GettingNearbyRegions
1683965738071@passenger@0xa95e44270fc15576da490955d8e6698e2a95f610@FoundTheMostNearbyCar
1683965738881@passenger@0xa330923b96f26c88a2681112bfe26d4d9186131a@StartProcessing
1683965740858@passenger@0x2a772e261792d208c40d685b31673a85ad18eb90@PassengerPaysAndGetsOff
1683965740859@passenger@0xa95e44270fc15576da490955d8e6698e2a95f610@TheMostNearbyCarIsSelected
1683965740859@passenger@0x495b77d80ccb1d3d1476db06dd522292555b2e23@PassengerOnBoard
1683965740860@passenger@0xa330923b96f26c88a2681112bfe26d4d9186131a@StartingPointWrittenToContract
1683965741334@passenger@0x495b77d80ccb1d3d1476db06dd522292555b2e23@PassengerArriveAtDestination
1683965741337@passenger@0xa330923b96f26c88a2681112bfe26d4d9186131a@DestinationWrittenToContract
1683965741338@passenger@0xa330923b96f26c88a2681112bfe26d4d9186131a@GettingNearbyRegions
1683965741359@passenger@0xa330923b96f26c88a2681112bfe26d4d9186131a@FoundTheMostNearbyCar
1683965741880@passenger@0x814d66fc3f60ca8b257b21f1b89faeecd31475af@StartProcessing
1683965743017@passenger@0xcd924d3e8e043bb9579a4033ab08f8c1404840f0@FoundTheMostNearbyCar
1683965744882@passenger@0x17164c34807aa124363d80a604efd4560d8cea0e@StartProcessing
1683965745698@passenger@0xcd924d3e8e043bb9579a4033ab08f8c1404840f0@TheMostNearbyCarIsSelected
1683965745698@passenger@0xa330923b96f26c88a2681112bfe26d4d9186131a@TheMostNearbyCarConflict
1683965745699@passenger@0x814d66fc3f60ca8b257b21f1b89faeecd31475af@StartingPointWrittenToContract
1683965745699@passenger@0xa95e44270fc15576da490955d8e6698e2a95f610@PassengerOnBoard
1683965745699@passenger@0x495b77d80ccb1d3d1476db06dd522292555b2e23@PassengerPaysAndGetsOff
1683965746211@passenger@0x17164c34807aa124363d80a604efd4560d8cea0e@StartingPointWrittenToContract
1683965747658@passenger@0xa95e44270fc15576da490955d8e6698e2a95f610@PassengerArriveAtDestination
1683965747660@passenger@0x814d66fc3f60ca8b257b21f1b89faeecd31475af@DestinationWrittenToContract
1683965747661@passenger@0x814d66fc3f60ca8b257b21f1b89faeecd31475af@GettingNearbyRegions
1683965747684@passenger@0x814d66fc3f60ca8b257b21f1b89faeecd31475af@FoundTheMostNearbyCar
1683965747880@passenger@0x9edfe6721d18361bf2b6d83b5cc22c0bf4db6314@StartProcessing
1683965747901@passenger@0x17164c34807aa124363d80a604efd4560d8cea0e@DestinationWrittenToContract
1683965747902@passenger@0x17164c34807aa124363d80a604efd4560d8cea0e@GettingNearbyRegions
1683965747925@passenger@0x17164c34807aa124363d80a604efd4560d8cea0e@FoundTheMostNearbyCar
1683965748099@passenger@0xcd924d3e8e043bb9579a4033ab08f8c1404840f0@PassengerOnBoard
1683965748100@passenger@0xa95e44270fc15576da490955d8e6698e2a95f610@PassengerPaysAndGetsOff
1683965748100@passenger@0x9edfe6721d18361bf2b6d83b5cc22c0bf4db6314@StartingPointWrittenToContract
1683965748101@passenger@0x814d66fc3f60ca8b257b21f1b89faeecd31475af@TheMostNearbyCarIsSelected
1683965748590@passenger@0x17164c34807aa124363d80a604efd4560d8cea0e@TheMostNearbyCarConflict
1683965750883@passenger@0x08346710bfb71d0fea0b4a9a3d31107df5fe287a@StartProcessing
1683965751429@passenger@0xcd924d3e8e043bb9579a4033ab08f8c1404840f0@PassengerArriveAtDestination
1683965751433@passenger@0x9edfe6721d18361bf2b6d83b5cc22c0bf4db6314@DestinationWrittenToContract
1683965751434@passenger@0x9edfe6721d18361bf2b6d83b5cc22c0bf4db6314@GettingNearbyRegions
1683965751453@passenger@0x9edfe6721d18361bf2b6d83b5cc22c0bf4db6314@FoundTheMostNearbyCar
1683965751878@passenger@0x08346710bfb71d0fea0b4a9a3d31107df5fe287a@StartingPointWrittenToContract
1683965752925@passenger@0x814d66fc3f60ca8b257b21f1b89faeecd31475af@PassengerOnBoard
1683965752926@passenger@0xcd924d3e8e043bb9579a4033ab08f8c1404840f0@PassengerPaysAndGetsOff
1683965752926@passenger@0x9edfe6721d18361bf2b6d83b5cc22c0bf4db6314@TheMostNearbyCarIsSelected
1683965753252@passenger@0x08346710bfb71d0fea0b4a9a3d31107df5fe287a@DestinationWrittenToContract
1683965753253@passenger@0x08346710bfb71d0fea0b4a9a3d31107df5fe287a@GettingNearbyRegions
1683965753278@passenger@0x08346710bfb71d0fea0b4a9a3d31107df5fe287a@FoundTheMostNearbyCar
1683965753458@passenger@0x814d66fc3f60ca8b257b21f1b89faeecd31475af@PassengerArriveAtDestination
1683965753881@passenger@0x28a3f726b61a49da7ae14fd456b80e44e4974d1d@StartProcessing
1683965756127@passenger@0x08346710bfb71d0fea0b4a9a3d31107df5fe287a@TheMostNearbyCarIsSelected
1683965756127@passenger@0x28a3f726b61a49da7ae14fd456b80e44e4974d1d@StartingPointWrittenToContract
1683965756128@passenger@0x814d66fc3f60ca8b257b21f1b89faeecd31475af@PassengerPaysAndGetsOff
1683965756129@passenger@0x9edfe6721d18361bf2b6d83b5cc22c0bf4db6314@PassengerOnBoard
1683965756881@passenger@0xb08c2456169491982bb3ab852eae8ee3300b9261@StartProcessing
1683965758655@passenger@0x9edfe6721d18361bf2b6d83b5cc22c0bf4db6314@PassengerArriveAtDestination
1683965758657@passenger@0xb08c2456169491982bb3ab852eae8ee3300b9261@StartingPointWrittenToContract
1683965758658@passenger@0x28a3f726b61a49da7ae14fd456b80e44e4974d1d@DestinationWrittenToContract
1683965758660@passenger@0x28a3f726b61a49da7ae14fd456b80e44e4974d1d@GettingNearbyRegions
1683965758681@passenger@0x28a3f726b61a49da7ae14fd456b80e44e4974d1d@FoundTheMostNearbyCar
1683965759719@passenger@0xa330923b96f26c88a2681112bfe26d4d9186131a@FoundTheMostNearbyCar
1683965759881@passenger@0x073ad6ab89e9097b5405da6d46e1b0db47ec632e@StartProcessing
1683965761238@passenger@0xa330923b96f26c88a2681112bfe26d4d9186131a@TheMostNearbyCarIsSelected
1683965761239@passenger@0x9edfe6721d18361bf2b6d83b5cc22c0bf4db6314@PassengerPaysAndGetsOff
1683965761239@passenger@0x073ad6ab89e9097b5405da6d46e1b0db47ec632e@StartingPointWrittenToContract
1683965761239@passenger@0x08346710bfb71d0fea0b4a9a3d31107df5fe287a@PassengerOnBoard
1683965761239@passenger@0xb08c2456169491982bb3ab852eae8ee3300b9261@DestinationWrittenToContract
1683965761240@passenger@0x28a3f726b61a49da7ae14fd456b80e44e4974d1d@TheMostNearbyCarConflict
1683965761241@passenger@0xb08c2456169491982bb3ab852eae8ee3300b9261@GettingNearbyRegions
1683965761263@passenger@0xb08c2456169491982bb3ab852eae8ee3300b9261@FoundTheMostNearbyCar
1683965762614@passenger@0x17164c34807aa124363d80a604efd4560d8cea0e@FoundTheMostNearbyCar
1683965762805@passenger@0x08346710bfb71d0fea0b4a9a3d31107df5fe287a@PassengerArriveAtDestination
1683965762812@passenger@0x073ad6ab89e9097b5405da6d46e1b0db47ec632e@DestinationWrittenToContract
1683965762812@passenger@0xb08c2456169491982bb3ab852eae8ee3300b9261@TheMostNearbyCarIsSelected
1683965762814@passenger@0x073ad6ab89e9097b5405da6d46e1b0db47ec632e@GettingNearbyRegions
1683965762836@passenger@0x073ad6ab89e9097b5405da6d46e1b0db47ec632e@FoundTheMostNearbyCar
1683965762881@passenger@0x3007e2b9de5a7a57c84cd64609441bef2d29a9d0@StartProcessing
1683965763131@passenger@0x17164c34807aa124363d80a604efd4560d8cea0e@TheMostNearbyCarConflict
1683965763386@passenger@0xa330923b96f26c88a2681112bfe26d4d9186131a@PassengerOnBoard
1683965763387@passenger@0x3007e2b9de5a7a57c84cd64609441bef2d29a9d0@StartingPointWrittenToContract
1683965763387@passenger@0x08346710bfb71d0fea0b4a9a3d31107df5fe287a@PassengerPaysAndGetsOff
1683965763387@passenger@0x073ad6ab89e9097b5405da6d46e1b0db47ec632e@TheMostNearbyCarIsSelected
1683965765883@passenger@0xea9453d9095bf11acba9728c471703e9af4c31af@StartProcessing
1683965766329@passenger@0xa330923b96f26c88a2681112bfe26d4d9186131a@PassengerArriveAtDestination
1683965766331@passenger@0xb08c2456169491982bb3ab852eae8ee3300b9261@PassengerOnBoard
1683965766331@passenger@0x3007e2b9de5a7a57c84cd64609441bef2d29a9d0@DestinationWrittenToContract
1683965766332@passenger@0x3007e2b9de5a7a57c84cd64609441bef2d29a9d0@GettingNearbyRegions
1683965766358@passenger@0x3007e2b9de5a7a57c84cd64609441bef2d29a9d0@FoundTheMostNearbyCar
1683965767019@passenger@0xea9453d9095bf11acba9728c471703e9af4c31af@StartingPointWrittenToContract
1683965768718@passenger@0xb08c2456169491982bb3ab852eae8ee3300b9261@PassengerArriveAtDestination
1683965768719@passenger@0x3007e2b9de5a7a57c84cd64609441bef2d29a9d0@TheMostNearbyCarIsSelected
1683965768720@passenger@0x073ad6ab89e9097b5405da6d46e1b0db47ec632e@PassengerOnBoard
1683965768720@passenger@0xa330923b96f26c88a2681112bfe26d4d9186131a@PassengerPaysAndGetsOff
1683965769073@passenger@0xea9453d9095bf11acba9728c471703e9af4c31af@DestinationWrittenToContract
1683965769074@passenger@0xea9453d9095bf11acba9728c471703e9af4c31af@GettingNearbyRegions
1683965769101@passenger@0xea9453d9095bf11acba9728c471703e9af4c31af@FoundTheMostNearbyCar
1683965771328@passenger@0x073ad6ab89e9097b5405da6d46e1b0db47ec632e@PassengerArriveAtDestination
1683965771331@passenger@0xb08c2456169491982bb3ab852eae8ee3300b9261@PassengerPaysAndGetsOff
1683965772359@passenger@0xea9453d9095bf11acba9728c471703e9af4c31af@TheMostNearbyCarIsSelected
1683965775264@passenger@0x28a3f726b61a49da7ae14fd456b80e44e4974d1d@FoundTheMostNearbyCar
1683965776335@passenger@0x073ad6ab89e9097b5405da6d46e1b0db47ec632e@PassengerPaysAndGetsOff
1683965776336@passenger@0x28a3f726b61a49da7ae14fd456b80e44e4974d1d@TheMostNearbyCarIsSelected
1683965776336@passenger@0x3007e2b9de5a7a57c84cd64609441bef2d29a9d0@PassengerOnBoard
1683965778236@passenger@0x3007e2b9de5a7a57c84cd64609441bef2d29a9d0@PassengerArriveAtDestination
1683965778238@passenger@0xea9453d9095bf11acba9728c471703e9af4c31af@PassengerOnBoard
1683965781078@passenger@0xea9453d9095bf11acba9728c471703e9af4c31af@PassengerArriveAtDestination
1683965781080@passenger@0x28a3f726b61a49da7ae14fd456b80e44e4974d1d@PassengerOnBoard
1683965781080@passenger@0x3007e2b9de5a7a57c84cd64609441bef2d29a9d0@PassengerPaysAndGetsOff
1683965781152@passenger@0x17164c34807aa124363d80a604efd4560d8cea0e@FoundTheMostNearbyCar
1683965781883@passenger@0x28a3f726b61a49da7ae14fd456b80e44e4974d1d@PassengerArriveAtDestination
1683965781883@passenger@0xea9453d9095bf11acba9728c471703e9af4c31af@PassengerPaysAndGetsOff
1683965781884@passenger@0x17164c34807aa124363d80a604efd4560d8cea0e@TheMostNearbyCarIsSelected
1683965784503@passenger@0x28a3f726b61a49da7ae14fd456b80e44e4974d1d@PassengerPaysAndGetsOff
1683965785553@passenger@0x17164c34807aa124363d80a604efd4560d8cea0e@PassengerOnBoard
1683965788353@passenger@0x17164c34807aa124363d80a604efd4560d8cea0e@PassengerArriveAtDestination
1683965789003@passenger@0x17164c34807aa124363d80a604efd4560d8cea0e@PassengerPaysAndGetsOff
