1683965663917@vehicle@0x1cdf2caf87fe659e3d2fb0d2482049d74375eca6@StartProcessing
1683965663922@vehicle@0x00cbd2864b7c93822826f80a7c968a2ada1cbaa7@StartProcessing
1683965663923@vehicle@0x6667d6c8b9d92f20a6a8ffaae8aace0147bee999@StartProcessing
1683965663924@vehicle@0x98a7df3e665e83ed12f900bb0a9f7d2914808fa7@StartProcessing
1683965663924@vehicle@0xcb1d4560f811ae161002ffadc4c834ecd1fa82ba@StartProcessing
1683965663925@vehicle@0x3d79e4b740913678fcab6e490f4c273f3e7d6a89@StartProcessing
1683965663926@vehicle@0xbcbc44f60dea618c7df6a08a3a9683ee138813ba@StartProcessing
1683965663926@vehicle@0x1c230c5d5ae6b126d0d7fd8e8af3aa09905d2b4b@StartProcessing
1683965663926@vehicle@0x075c06e40ff4067d3f9d765719555f06532bb170@StartProcessing
1683965663927@vehicle@0xbb9fdf370e08bb5dee6f39ea440de18f01cdb1c8@StartProcessing
1683965663927@vehicle@0xed04389fb476cbfb0737477e9aa3a509404917cf@StartProcessing
1683965663928@vehicle@0x54dd0a733e1c1ae9ea5ddab64c5f3922daec1ddf@StartProcessing
1683965663928@vehicle@0xd93f7bbe87e0986efca3dedc91880635a0f355d9@StartProcessing
1683965663928@vehicle@0x781b6d4d069a201ca8dc1542684edffd1b79c025@StartProcessing
1683965663929@vehicle@0x05d6ca3c365ab26983bfca03809309a8258e3f62@StartProcessing
1683965663929@vehicle@0x792e5531f6d360524e4dd3f1d17725edcc9b1dc1@StartProcessing
1683965677635@vehicle@0x00cbd2864b7c93822826f80a7c968a2ada1cbaa7@PickUp@0x086ba65affc894f226e87f8d16f20a35d4f60b4d000000000000000000000000
1683965677638@vehicle@0x00cbd2864b7c93822826f80a7c968a2ada1cbaa7@FinishedAStarToStartingPoint
1683965679975@vehicle@0x05d6ca3c365ab26983bfca03809309a8258e3f62@PickUp@0x2702ee5633daab4d277f5660f1c29d3e5454f7b3000000000000000000000000
1683965679978@vehicle@0x00cbd2864b7c93822826f80a7c968a2ada1cbaa7@StoreRouteToStartingPointThroughAStarSuccess
1683965679978@vehicle@0x05d6ca3c365ab26983bfca03809309a8258e3f62@FinishedAStarToStartingPoint
1683965681209@vehicle@0x00cbd2864b7c93822826f80a7c968a2ada1cbaa7@DestinationReady
1683965681210@vehicle@0x05d6ca3c365ab26983bfca03809309a8258e3f62@StoreRouteToStartingPointThroughAStarSuccess
1683965681210@vehicle@0x00cbd2864b7c93822826f80a7c968a2ada1cbaa7@FinishedAStarToDestination
1683965682633@vehicle@0x075c06e40ff4067d3f9d765719555f06532bb170@PickUp@0x2888bd343cbbc9cb5469c7a3c52d51dff4350d97000000000000000000000000
1683965682637@vehicle@0x075c06e40ff4067d3f9d765719555f06532bb170@FinishedAStarToStartingPoint
1683965682638@vehicle@0x00cbd2864b7c93822826f80a7c968a2ada1cbaa7@StoreRouteToDestinationSuccess
1683965682638@vehicle@0x05d6ca3c365ab26983bfca03809309a8258e3f62@DestinationReady
1683965682638@vehicle@0x05d6ca3c365ab26983bfca03809309a8258e3f62@FinishedAStarToDestination
1683965685245@vehicle@0x00cbd2864b7c93822826f80a7c968a2ada1cbaa7@PassengerPaid
1683965685249@vehicle@0x075c06e40ff4067d3f9d765719555f06532bb170@StoreRouteToStartingPointThroughAStarSuccess
1683965685249@vehicle@0x05d6ca3c365ab26983bfca03809309a8258e3f62@StoreRouteToDestinationSuccess
1683965685250@vehicle@0x00cbd2864b7c93822826f80a7c968a2ada1cbaa7@CarReleased
1683965686904@vehicle@0x1c230c5d5ae6b126d0d7fd8e8af3aa09905d2b4b@PickUp@0x7a594ef9f871e4ef17c8d659aa58b3b09e090cf3000000000000000000000000
1683965686905@vehicle@0x05d6ca3c365ab26983bfca03809309a8258e3f62@PassengerPaid
1683965686907@vehicle@0x075c06e40ff4067d3f9d765719555f06532bb170@DestinationReady
1683965686908@vehicle@0x1c230c5d5ae6b126d0d7fd8e8af3aa09905d2b4b@FinishedAStarToStartingPoint
1683965686909@vehicle@0x075c06e40ff4067d3f9d765719555f06532bb170@FinishedAStarToDestination
1683965686910@vehicle@0x05d6ca3c365ab26983bfca03809309a8258e3f62@CarReleased
1683965687367@vehicle@0x1c230c5d5ae6b126d0d7fd8e8af3aa09905d2b4b@StoreRouteToStartingPointThroughAStarSuccess
1683965687367@vehicle@0x075c06e40ff4067d3f9d765719555f06532bb170@StoreRouteToDestinationSuccess
1683965689404@vehicle@0x075c06e40ff4067d3f9d765719555f06532bb170@PassengerPaid
1683965689406@vehicle@0x00cbd2864b7c93822826f80a7c968a2ada1cbaa7@PickUp@0xb2e192f38247113c0a695a4da975771bfd32d68e000000000000000000000000
1683965689406@vehicle@0x1c230c5d5ae6b126d0d7fd8e8af3aa09905d2b4b@DestinationReady
1683965689407@vehicle@0x00cbd2864b7c93822826f80a7c968a2ada1cbaa7@FinishedAStarToStartingPoint
1683965689408@vehicle@0x1c230c5d5ae6b126d0d7fd8e8af3aa09905d2b4b@FinishedAStarToDestination
1683965689409@vehicle@0x075c06e40ff4067d3f9d765719555f06532bb170@CarReleased
1683965692138@vehicle@0x00cbd2864b7c93822826f80a7c968a2ada1cbaa7@StoreRouteToStartingPointThroughAStarSuccess
1683965692138@vehicle@0x1c230c5d5ae6b126d0d7fd8e8af3aa09905d2b4b@StoreRouteToDestinationSuccess
1683965692941@vehicle@0x05d6ca3c365ab26983bfca03809309a8258e3f62@PickUp@0xe3cfc7fd117fa5762bfb5390acbdf48557a18ac2000000000000000000000000
1683965692943@vehicle@0x1c230c5d5ae6b126d0d7fd8e8af3aa09905d2b4b@PassengerPaid
1683965692946@vehicle@0x05d6ca3c365ab26983bfca03809309a8258e3f62@FinishedAStarToStartingPoint
1683965692946@vehicle@0x00cbd2864b7c93822826f80a7c968a2ada1cbaa7@DestinationReady
1683965692948@vehicle@0x00cbd2864b7c93822826f80a7c968a2ada1cbaa7@FinishedAStarToDestination
1683965692948@vehicle@0x1c230c5d5ae6b126d0d7fd8e8af3aa09905d2b4b@CarReleased
1683965695620@vehicle@0x075c06e40ff4067d3f9d765719555f06532bb170@PickUp@0xa97253e4fe217e80b5f2e995bd54904f63726719000000000000000000000000
1683965695622@vehicle@0x00cbd2864b7c93822826f80a7c968a2ada1cbaa7@StoreRouteToDestinationSuccess
1683965695622@vehicle@0x05d6ca3c365ab26983bfca03809309a8258e3f62@StoreRouteToStartingPointThroughAStarSuccess
1683965695623@vehicle@0x075c06e40ff4067d3f9d765719555f06532bb170@FinishedAStarToStartingPoint
1683965697126@vehicle@0x00cbd2864b7c93822826f80a7c968a2ada1cbaa7@PassengerPaid
1683965697127@vehicle@0x075c06e40ff4067d3f9d765719555f06532bb170@StoreRouteToStartingPointThroughAStarSuccess
1683965697127@vehicle@0x05d6ca3c365ab26983bfca03809309a8258e3f62@DestinationReady
1683965697128@vehicle@0x05d6ca3c365ab26983bfca03809309a8258e3f62@FinishedAStarToDestination
1683965697128@vehicle@0x00cbd2864b7c93822826f80a7c968a2ada1cbaa7@CarReleased
1683965699273@vehicle@0x1c230c5d5ae6b126d0d7fd8e8af3aa09905d2b4b@PickUp@0xce2897c392e16c5762131a56686733e035a4aa30000000000000000000000000
1683965699275@vehicle@0x05d6ca3c365ab26983bfca03809309a8258e3f62@StoreRouteToDestinationSuccess
1683965699276@vehicle@0x075c06e40ff4067d3f9d765719555f06532bb170@DestinationReady
1683965699276@vehicle@0x1c230c5d5ae6b126d0d7fd8e8af3aa09905d2b4b@FinishedAStarToStartingPoint
1683965699277@vehicle@0x075c06e40ff4067d3f9d765719555f06532bb170@FinishedAStarToDestination
1683965699832@vehicle@0x05d6ca3c365ab26983bfca03809309a8258e3f62@PassengerPaid
1683965699834@vehicle@0x1c230c5d5ae6b126d0d7fd8e8af3aa09905d2b4b@StoreRouteToStartingPointThroughAStarSuccess
1683965699834@vehicle@0x075c06e40ff4067d3f9d765719555f06532bb170@StoreRouteToDestinationSuccess
1683965699835@vehicle@0x05d6ca3c365ab26983bfca03809309a8258e3f62@CarReleased
1683965703067@vehicle@0x00cbd2864b7c93822826f80a7c968a2ada1cbaa7@PickUp@0x441d24425b99411edd0ecf95501cb0db988e2f13000000000000000000000000
1683965703069@vehicle@0x075c06e40ff4067d3f9d765719555f06532bb170@PassengerPaid
1683965703072@vehicle@0x00cbd2864b7c93822826f80a7c968a2ada1cbaa7@FinishedAStarToStartingPoint
1683965703072@vehicle@0x1c230c5d5ae6b126d0d7fd8e8af3aa09905d2b4b@DestinationReady
1683965703073@vehicle@0x1c230c5d5ae6b126d0d7fd8e8af3aa09905d2b4b@FinishedAStarToDestination
1683965703074@vehicle@0x075c06e40ff4067d3f9d765719555f06532bb170@CarReleased
1683965706862@vehicle@0x00cbd2864b7c93822826f80a7c968a2ada1cbaa7@StoreRouteToStartingPointThroughAStarSuccess
1683965706862@vehicle@0x1c230c5d5ae6b126d0d7fd8e8af3aa09905d2b4b@StoreRouteToDestinationSuccess
1683965708594@vehicle@0x05d6ca3c365ab26983bfca03809309a8258e3f62@PickUp@0xf5493c66a2f85637127510a53b6cd0b067936b51000000000000000000000000
1683965708599@vehicle@0x1c230c5d5ae6b126d0d7fd8e8af3aa09905d2b4b@PassengerPaid
1683965708602@vehicle@0x05d6ca3c365ab26983bfca03809309a8258e3f62@FinishedAStarToStartingPoint
1683965708603@vehicle@0x00cbd2864b7c93822826f80a7c968a2ada1cbaa7@DestinationReady
1683965708604@vehicle@0x00cbd2864b7c93822826f80a7c968a2ada1cbaa7@FinishedAStarToDestination
1683965708605@vehicle@0x1c230c5d5ae6b126d0d7fd8e8af3aa09905d2b4b@CarReleased
1683965709329@vehicle@0x00cbd2864b7c93822826f80a7c968a2ada1cbaa7@StoreRouteToDestinationSuccess
1683965709330@vehicle@0x05d6ca3c365ab26983bfca03809309a8258e3f62@StoreRouteToStartingPointThroughAStarSuccess
1683965710251@vehicle@0x075c06e40ff4067d3f9d765719555f06532bb170@PickUp@0xf85378de486a9514f26f3118450ff6409aaf2bfb000000000000000000000000
1683965710252@vehicle@0x075c06e40ff4067d3f9d765719555f06532bb170@FinishedAStarToStartingPoint
1683965710401@vehicle@0x00cbd2864b7c93822826f80a7c968a2ada1cbaa7@PassengerPaid
1683965710404@vehicle@0x05d6ca3c365ab26983bfca03809309a8258e3f62@DestinationReady
1683965710405@vehicle@0x00cbd2864b7c93822826f80a7c968a2ada1cbaa7@CarReleased
1683965710405@vehicle@0x05d6ca3c365ab26983bfca03809309a8258e3f62@FinishedAStarToDestination
1683965712773@vehicle@0x1c230c5d5ae6b126d0d7fd8e8af3aa09905d2b4b@PickUp@0x2a52bc09f527f500c7fc62c63f681d24dad62a77000000000000000000000000
1683965712775@vehicle@0x05d6ca3c365ab26983bfca03809309a8258e3f62@StoreRouteToDestinationSuccess
1683965712775@vehicle@0x075c06e40ff4067d3f9d765719555f06532bb170@StoreRouteToStartingPointThroughAStarSuccess
1683965712776@vehicle@0x1c230c5d5ae6b126d0d7fd8e8af3aa09905d2b4b@FinishedAStarToStartingPoint
1683965716379@vehicle@0x05d6ca3c365ab26983bfca03809309a8258e3f62@PassengerPaid
1683965716383@vehicle@0x1c230c5d5ae6b126d0d7fd8e8af3aa09905d2b4b@StoreRouteToStartingPointThroughAStarSuccess
1683965716383@vehicle@0x075c06e40ff4067d3f9d765719555f06532bb170@DestinationReady
1683965716384@vehicle@0x05d6ca3c365ab26983bfca03809309a8258e3f62@CarReleased
1683965716384@vehicle@0x075c06e40ff4067d3f9d765719555f06532bb170@FinishedAStarToDestination
1683965717725@vehicle@0x00cbd2864b7c93822826f80a7c968a2ada1cbaa7@PickUp@0x0c05c7ae6e3a58c23e5d27fc1d121ed1aec0f738000000000000000000000000
1683965717728@vehicle@0x00cbd2864b7c93822826f80a7c968a2ada1cbaa7@FinishedAStarToStartingPoint
1683965717728@vehicle@0x075c06e40ff4067d3f9d765719555f06532bb170@StoreRouteToDestinationSuccess
1683965717728@vehicle@0x1c230c5d5ae6b126d0d7fd8e8af3aa09905d2b4b@DestinationReady
1683965717729@vehicle@0x1c230c5d5ae6b126d0d7fd8e8af3aa09905d2b4b@FinishedAStarToDestination
1683965720304@vehicle@0x075c06e40ff4067d3f9d765719555f06532bb170@PassengerPaid
1683965720305@vehicle@0x05d6ca3c365ab26983bfca03809309a8258e3f62@PickUp@0x7776ed3449f97157630b06035e11bc7759e4f0db000000000000000000000000
1683965720306@vehicle@0x00cbd2864b7c93822826f80a7c968a2ada1cbaa7@StoreRouteToStartingPointThroughAStarSuccess
1683965720307@vehicle@0x1c230c5d5ae6b126d0d7fd8e8af3aa09905d2b4b@StoreRouteToDestinationSuccess
1683965720307@vehicle@0x05d6ca3c365ab26983bfca03809309a8258e3f62@FinishedAStarToStartingPoint
1683965720307@vehicle@0x075c06e40ff4067d3f9d765719555f06532bb170@CarReleased
1683965722063@vehicle@0x1c230c5d5ae6b126d0d7fd8e8af3aa09905d2b4b@PassengerPaid
1683965722065@vehicle@0x05d6ca3c365ab26983bfca03809309a8258e3f62@StoreRouteToStartingPointThroughAStarSuccess
1683965722065@vehicle@0x00cbd2864b7c93822826f80a7c968a2ada1cbaa7@DestinationReady
1683965722066@vehicle@0x00cbd2864b7c93822826f80a7c968a2ada1cbaa7@FinishedAStarToDestination
1683965722067@vehicle@0x1c230c5d5ae6b126d0d7fd8e8af3aa09905d2b4b@CarReleased
1683965723529@vehicle@0x075c06e40ff4067d3f9d765719555f06532bb170@PickUp@0xd30d093abb9d34fb14917d07121ed6a61cb1f99e000000000000000000000000
1683965723534@vehicle@0x00cbd2864b7c93822826f80a7c968a2ada1cbaa7@StoreRouteToDestinationSuccess
1683965723534@vehicle@0x075c06e40ff4067d3f9d765719555f06532bb170@FinishedAStarToStartingPoint
1683965723534@vehicle@0x05d6ca3c365ab26983bfca03809309a8258e3f62@DestinationReady
1683965723535@vehicle@0x05d6ca3c365ab26983bfca03809309a8258e3f62@FinishedAStarToDestination
1683965725429@vehicle@0x00cbd2864b7c93822826f80a7c968a2ada1cbaa7@PassengerPaid
1683965725431@vehicle@0x075c06e40ff4067d3f9d765719555f06532bb170@StoreRouteToStartingPointThroughAStarSuccess
1683965725431@vehicle@0x05d6ca3c365ab26983bfca03809309a8258e3f62@StoreRouteToDestinationSuccess
1683965725431@vehicle@0x00cbd2864b7c93822826f80a7c968a2ada1cbaa7@CarReleased
1683965727369@vehicle@0x1c230c5d5ae6b126d0d7fd8e8af3aa09905d2b4b@PickUp@0x7b11919cd9db9a817c8f9d2e9477f410273a3ceb000000000000000000000000
1683965727371@vehicle@0x1c230c5d5ae6b126d0d7fd8e8af3aa09905d2b4b@FinishedAStarToStartingPoint
1683965727516@vehicle@0x05d6ca3c365ab26983bfca03809309a8258e3f62@PassengerPaid
1683965727517@vehicle@0x075c06e40ff4067d3f9d765719555f06532bb170@DestinationReady
1683965727518@vehicle@0x075c06e40ff4067d3f9d765719555f06532bb170@FinishedAStarToDestination
1683965727518@vehicle@0x05d6ca3c365ab26983bfca03809309a8258e3f62@CarReleased
1683965727960@vehicle@0x1c230c5d5ae6b126d0d7fd8e8af3aa09905d2b4b@StoreRouteToStartingPointThroughAStarSuccess
1683965729989@vehicle@0x00cbd2864b7c93822826f80a7c968a2ada1cbaa7@PickUp@0x3c28dc70332560ed17d1002704780df9df497abb000000000000000000000000
1683965729994@vehicle@0x075c06e40ff4067d3f9d765719555f06532bb170@StoreRouteToDestinationSuccess
1683965729994@vehicle@0x00cbd2864b7c93822826f80a7c968a2ada1cbaa7@FinishedAStarToStartingPoint
1683965729995@vehicle@0x1c230c5d5ae6b126d0d7fd8e8af3aa09905d2b4b@DestinationReady
1683965729997@vehicle@0x1c230c5d5ae6b126d0d7fd8e8af3aa09905d2b4b@FinishedAStarToDestination
1683965731859@vehicle@0x05d6ca3c365ab26983bfca03809309a8258e3f62@PickUp@0xeef75753e18f97f0ee8a61119d84cdba23d22a7f000000000000000000000000
1683965731861@vehicle@0x075c06e40ff4067d3f9d765719555f06532bb170@PassengerPaid
1683965731862@vehicle@0x05d6ca3c365ab26983bfca03809309a8258e3f62@FinishedAStarToStartingPoint
1683965731863@vehicle@0x1c230c5d5ae6b126d0d7fd8e8af3aa09905d2b4b@StoreRouteToDestinationSuccess
1683965731863@vehicle@0x00cbd2864b7c93822826f80a7c968a2ada1cbaa7@StoreRouteToStartingPointThroughAStarSuccess
1683965731864@vehicle@0x075c06e40ff4067d3f9d765719555f06532bb170@CarReleased
1683965733408@vehicle@0x1c230c5d5ae6b126d0d7fd8e8af3aa09905d2b4b@PassengerPaid
1683965733413@vehicle@0x1cdf2caf87fe659e3d2fb0d2482049d74375eca6@PickUp@0x2a772e261792d208c40d685b31673a85ad18eb90000000000000000000000000
1683965733414@vehicle@0x05d6ca3c365ab26983bfca03809309a8258e3f62@StoreRouteToStartingPointThroughAStarSuccess
1683965733414@vehicle@0x00cbd2864b7c93822826f80a7c968a2ada1cbaa7@DestinationReady
1683965733414@vehicle@0x1cdf2caf87fe659e3d2fb0d2482049d74375eca6@FinishedAStarToStartingPoint
1683965733415@vehicle@0x1c230c5d5ae6b126d0d7fd8e8af3aa09905d2b4b@CarReleased
1683965733415@vehicle@0x00cbd2864b7c93822826f80a7c968a2ada1cbaa7@FinishedAStarToDestination
1683965734909@vehicle@0x05d6ca3c365ab26983bfca03809309a8258e3f62@DestinationReady
1683965734909@vehicle@0x00cbd2864b7c93822826f80a7c968a2ada1cbaa7@StoreRouteToDestinationSuccess
1683965734909@vehicle@0x1cdf2caf87fe659e3d2fb0d2482049d74375eca6@StoreRouteToStartingPointThroughAStarSuccess
1683965734910@vehicle@0x05d6ca3c365ab26983bfca03809309a8258e3f62@FinishedAStarToDestination
1683965737865@vehicle@0x075c06e40ff4067d3f9d765719555f06532bb170@PickUp@0x495b77d80ccb1d3d1476db06dd522292555b2e23000000000000000000000000
1683965737867@vehicle@0x00cbd2864b7c93822826f80a7c968a2ada1cbaa7@PassengerPaid
1683965737868@vehicle@0x05d6ca3c365ab26983bfca03809309a8258e3f62@StoreRouteToDestinationSuccess
1683965737868@vehicle@0x1cdf2caf87fe659e3d2fb0d2482049d74375eca6@DestinationReady
1683965737868@vehicle@0x075c06e40ff4067d3f9d765719555f06532bb170@FinishedAStarToStartingPoint
1683965737869@vehicle@0x1cdf2caf87fe659e3d2fb0d2482049d74375eca6@FinishedAStarToDestination
1683965737869@vehicle@0x00cbd2864b7c93822826f80a7c968a2ada1cbaa7@CarReleased
1683965738045@vehicle@0x05d6ca3c365ab26983bfca03809309a8258e3f62@PassengerPaid
1683965738047@vehicle@0x075c06e40ff4067d3f9d765719555f06532bb170@StoreRouteToStartingPointThroughAStarSuccess
1683965738047@vehicle@0x1cdf2caf87fe659e3d2fb0d2482049d74375eca6@StoreRouteToDestinationSuccess
1683965738047@vehicle@0x05d6ca3c365ab26983bfca03809309a8258e3f62@CarReleased
1683965740858@vehicle@0x1cdf2caf87fe659e3d2fb0d2482049d74375eca6@PassengerPaid
1683965740860@vehicle@0x00cbd2864b7c93822826f80a7c968a2ada1cbaa7@PickUp@0xa95e44270fc15576da490955d8e6698e2a95f610000000000000000000000000
1683965740861@vehicle@0x075c06e40ff4067d3f9d765719555f06532bb170@DestinationReady
1683965740861@vehicle@0x00cbd2864b7c93822826f80a7c968a2ada1cbaa7@FinishedAStarToStartingPoint
1683965740862@vehicle@0x1cdf2caf87fe659e3d2fb0d2482049d74375eca6@CarReleased
1683965740863@vehicle@0x075c06e40ff4067d3f9d765719555f06532bb170@FinishedAStarToDestination
1683965741335@vehicle@0x075c06e40ff4067d3f9d765719555f06532bb170@StoreRouteToDestinationSuccess
1683965741335@vehicle@0x00cbd2864b7c93822826f80a7c968a2ada1cbaa7@StoreRouteToStartingPointThroughAStarSuccess
1683965745699@vehicle@0x05d6ca3c365ab26983bfca03809309a8258e3f62@PickUp@0xcd924d3e8e043bb9579a4033ab08f8c1404840f0000000000000000000000000
1683965745700@vehicle@0x075c06e40ff4067d3f9d765719555f06532bb170@PassengerPaid
1683965745701@vehicle@0x05d6ca3c365ab26983bfca03809309a8258e3f62@FinishedAStarToStartingPoint
1683965745702@vehicle@0x00cbd2864b7c93822826f80a7c968a2ada1cbaa7@DestinationReady
1683965745703@vehicle@0x00cbd2864b7c93822826f80a7c968a2ada1cbaa7@FinishedAStarToDestination
1683965745704@vehicle@0x075c06e40ff4067d3f9d765719555f06532bb170@CarReleased
1683965747654@vehicle@0x05d6ca3c365ab26983bfca03809309a8258e3f62@StoreRouteToStartingPointThroughAStarSuccess
1683965747655@vehicle@0x00cbd2864b7c93822826f80a7c968a2ada1cbaa7@StoreRouteToDestinationSuccess
1683965748099@vehicle@0x075c06e40ff4067d3f9d765719555f06532bb170@PickUp@0x814d66fc3f60ca8b257b21f1b89faeecd31475af000000000000000000000000
1683965748100@vehicle@0x00cbd2864b7c93822826f80a7c968a2ada1cbaa7@PassengerPaid
1683965748103@vehicle@0x075c06e40ff4067d3f9d765719555f06532bb170@FinishedAStarToStartingPoint
1683965748104@vehicle@0x05d6ca3c365ab26983bfca03809309a8258e3f62@DestinationReady
1683965748105@vehicle@0x00cbd2864b7c93822826f80a7c968a2ada1cbaa7@CarReleased
1683965748105@vehicle@0x05d6ca3c365ab26983bfca03809309a8258e3f62@FinishedAStarToDestination
1683965751430@vehicle@0x05d6ca3c365ab26983bfca03809309a8258e3f62@StoreRouteToDestinationSuccess
1683965751430@vehicle@0x075c06e40ff4067d3f9d765719555f06532bb170@StoreRouteToStartingPointThroughAStarSuccess
1683965752925@vehicle@0x00cbd2864b7c93822826f80a7c968a2ada1cbaa7@PickUp@0x9edfe6721d18361bf2b6d83b5cc22c0bf4db6314000000000000000000000000
1683965752927@vehicle@0x05d6ca3c365ab26983bfca03809309a8258e3f62@PassengerPaid
1683965752930@vehicle@0x00cbd2864b7c93822826f80a7c968a2ada1cbaa7@FinishedAStarToStartingPoint
1683965752931@vehicle@0x075c06e40ff4067d3f9d765719555f06532bb170@DestinationReady
1683965752931@vehicle@0x05d6ca3c365ab26983bfca03809309a8258e3f62@CarReleased
1683965752932@vehicle@0x075c06e40ff4067d3f9d765719555f06532bb170@FinishedAStarToDestination
1683965753457@vehicle@0x075c06e40ff4067d3f9d765719555f06532bb170@StoreRouteToDestinationSuccess
1683965753457@vehicle@0x00cbd2864b7c93822826f80a7c968a2ada1cbaa7@StoreRouteToStartingPointThroughAStarSuccess
1683965756125@vehicle@0x075c06e40ff4067d3f9d765719555f06532bb170@PassengerPaid
1683965756132@vehicle@0x1c230c5d5ae6b126d0d7fd8e8af3aa09905d2b4b@PickUp@0x08346710bfb71d0fea0b4a9a3d31107df5fe287a000000000000000000000000
1683965756133@vehicle@0x00cbd2864b7c93822826f80a7c968a2ada1cbaa7@DestinationReady
1683965756134@vehicle@0x1c230c5d5ae6b126d0d7fd8e8af3aa09905d2b4b@FinishedAStarToStartingPoint
1683965756134@vehicle@0x075c06e40ff4067d3f9d765719555f06532bb170@CarReleased
1683965756134@vehicle@0x00cbd2864b7c93822826f80a7c968a2ada1cbaa7@FinishedAStarToDestination
1683965758654@vehicle@0x1c230c5d5ae6b126d0d7fd8e8af3aa09905d2b4b@StoreRouteToStartingPointThroughAStarSuccess
1683965758655@vehicle@0x00cbd2864b7c93822826f80a7c968a2ada1cbaa7@StoreRouteToDestinationSuccess
1683965761240@vehicle@0x00cbd2864b7c93822826f80a7c968a2ada1cbaa7@PassengerPaid
1683965761241@vehicle@0x05d6ca3c365ab26983bfca03809309a8258e3f62@PickUp@0xa330923b96f26c88a2681112bfe26d4d9186131a000000000000000000000000
1683965761242@vehicle@0x1c230c5d5ae6b126d0d7fd8e8af3aa09905d2b4b@DestinationReady
1683965761243@vehicle@0x05d6ca3c365ab26983bfca03809309a8258e3f62@FinishedAStarToStartingPoint
1683965761244@vehicle@0x1c230c5d5ae6b126d0d7fd8e8af3aa09905d2b4b@FinishedAStarToDestination
1683965761244@vehicle@0x00cbd2864b7c93822826f80a7c968a2ada1cbaa7@CarReleased
1683965762806@vehicle@0x075c06e40ff4067d3f9d765719555f06532bb170@PickUp@0xb08c2456169491982bb3ab852eae8ee3300b9261000000000000000000000000
1683965762807@vehicle@0x05d6ca3c365ab26983bfca03809309a8258e3f62@StoreRouteToStartingPointThroughAStarSuccess
1683965762807@vehicle@0x1c230c5d5ae6b126d0d7fd8e8af3aa09905d2b4b@StoreRouteToDestinationSuccess
1683965762807@vehicle@0x075c06e40ff4067d3f9d765719555f06532bb170@FinishedAStarToStartingPoint
1683965763383@vehicle@0x00cbd2864b7c93822826f80a7c968a2ada1cbaa7@PickUp@0x073ad6ab89e9097b5405da6d46e1b0db47ec632e000000000000000000000000
1683965763386@vehicle@0x1c230c5d5ae6b126d0d7fd8e8af3aa09905d2b4b@PassengerPaid
1683965763388@vehicle@0x00cbd2864b7c93822826f80a7c968a2ada1cbaa7@FinishedAStarToStartingPoint
1683965763388@vehicle@0x075c06e40ff4067d3f9d765719555f06532bb170@StoreRouteToStartingPointThroughAStarSuccess
1683965763388@vehicle@0x05d6ca3c365ab26983bfca03809309a8258e3f62@DestinationReady
1683965763389@vehicle@0x05d6ca3c365ab26983bfca03809309a8258e3f62@FinishedAStarToDestination
1683965763390@vehicle@0x1c230c5d5ae6b126d0d7fd8e8af3aa09905d2b4b@CarReleased
1683965766329@vehicle@0x00cbd2864b7c93822826f80a7c968a2ada1cbaa7@StoreRouteToStartingPointThroughAStarSuccess
1683965766329@vehicle@0x05d6ca3c365ab26983bfca03809309a8258e3f62@StoreRouteToDestinationSuccess
1683965766330@vehicle@0x075c06e40ff4067d3f9d765719555f06532bb170@DestinationReady
1683965766331@vehicle@0x075c06e40ff4067d3f9d765719555f06532bb170@FinishedAStarToDestination
1683965768716@vehicle@0x1c230c5d5ae6b126d0d7fd8e8af3aa09905d2b4b@PickUp@0x3007e2b9de5a7a57c84cd64609441bef2d29a9d0000000000000000000000000
1683965768718@vehicle@0x05d6ca3c365ab26983bfca03809309a8258e3f62@PassengerPaid
1683965768723@vehicle@0x1c230c5d5ae6b126d0d7fd8e8af3aa09905d2b4b@FinishedAStarToStartingPoint
1683965768724@vehicle@0x075c06e40ff4067d3f9d765719555f06532bb170@StoreRouteToDestinationSuccess
1683965768724@vehicle@0x00cbd2864b7c93822826f80a7c968a2ada1cbaa7@DestinationReady
1683965768725@vehicle@0x05d6ca3c365ab26983bfca03809309a8258e3f62@CarReleased
1683965768726@vehicle@0x00cbd2864b7c93822826f80a7c968a2ada1cbaa7@FinishedAStarToDestination
1683965771324@vehicle@0x075c06e40ff4067d3f9d765719555f06532bb170@PassengerPaid
1683965771326@vehicle@0x1c230c5d5ae6b126d0d7fd8e8af3aa09905d2b4b@StoreRouteToStartingPointThroughAStarSuccess
1683965771327@vehicle@0x00cbd2864b7c93822826f80a7c968a2ada1cbaa7@StoreRouteToDestinationSuccess
1683965771328@vehicle@0x075c06e40ff4067d3f9d765719555f06532bb170@CarReleased
1683965772357@vehicle@0x1cdf2caf87fe659e3d2fb0d2482049d74375eca6@PickUp@0xea9453d9095bf11acba9728c471703e9af4c31af000000000000000000000000
1683965772360@vehicle@0x1cdf2caf87fe659e3d2fb0d2482049d74375eca6@FinishedAStarToStartingPoint
1683965776335@vehicle@0x00cbd2864b7c93822826f80a7c968a2ada1cbaa7@PassengerPaid
1683965776337@vehicle@0x05d6ca3c365ab26983bfca03809309a8258e3f62@PickUp@0x28a3f726b61a49da7ae14fd456b80e44e4974d1d000000000000000000000000
1683965776337@vehicle@0x1cdf2caf87fe659e3d2fb0d2482049d74375eca6@StoreRouteToStartingPointThroughAStarSuccess
1683965776338@vehicle@0x1c230c5d5ae6b126d0d7fd8e8af3aa09905d2b4b@DestinationReady
1683965776338@vehicle@0x05d6ca3c365ab26983bfca03809309a8258e3f62@FinishedAStarToStartingPoint
1683965776338@vehicle@0x00cbd2864b7c93822826f80a7c968a2ada1cbaa7@CarReleased
1683965776339@vehicle@0x1c230c5d5ae6b126d0d7fd8e8af3aa09905d2b4b@FinishedAStarToDestination
1683965778236@vehicle@0x05d6ca3c365ab26983bfca03809309a8258e3f62@StoreRouteToStartingPointThroughAStarSuccess
1683965778236@vehicle@0x1cdf2caf87fe659e3d2fb0d2482049d74375eca6@DestinationReady
1683965778237@vehicle@0x1c230c5d5ae6b126d0d7fd8e8af3aa09905d2b4b@StoreRouteToDestinationSuccess
1683965778237@vehicle@0x1cdf2caf87fe659e3d2fb0d2482049d74375eca6@FinishedAStarToDestination
1683965781078@vehicle@0x1c230c5d5ae6b126d0d7fd8e8af3aa09905d2b4b@PassengerPaid
1683965781081@vehicle@0x1cdf2caf87fe659e3d2fb0d2482049d74375eca6@StoreRouteToDestinationSuccess
1683965781081@vehicle@0x05d6ca3c365ab26983bfca03809309a8258e3f62@DestinationReady
1683965781082@vehicle@0x1c230c5d5ae6b126d0d7fd8e8af3aa09905d2b4b@CarReleased
1683965781082@vehicle@0x05d6ca3c365ab26983bfca03809309a8258e3f62@FinishedAStarToDestination
1683965781884@vehicle@0x1cdf2caf87fe659e3d2fb0d2482049d74375eca6@PassengerPaid
1683965781884@vehicle@0x00cbd2864b7c93822826f80a7c968a2ada1cbaa7@PickUp@0x17164c34807aa124363d80a604efd4560d8cea0e000000000000000000000000
1683965781885@vehicle@0x05d6ca3c365ab26983bfca03809309a8258e3f62@StoreRouteToDestinationSuccess
1683965781885@vehicle@0x00cbd2864b7c93822826f80a7c968a2ada1cbaa7@FinishedAStarToStartingPoint
1683965781886@vehicle@0x1cdf2caf87fe659e3d2fb0d2482049d74375eca6@CarReleased
1683965784501@vehicle@0x05d6ca3c365ab26983bfca03809309a8258e3f62@PassengerPaid
1683965784502@vehicle@0x00cbd2864b7c93822826f80a7c968a2ada1cbaa7@StoreRouteToStartingPointThroughAStarSuccess
1683965784503@vehicle@0x05d6ca3c365ab26983bfca03809309a8258e3f62@CarReleased
1683965785553@vehicle@0x00cbd2864b7c93822826f80a7c968a2ada1cbaa7@DestinationReady
1683965785554@vehicle@0x00cbd2864b7c93822826f80a7c968a2ada1cbaa7@FinishedAStarToDestination
1683965788352@vehicle@0x00cbd2864b7c93822826f80a7c968a2ada1cbaa7@StoreRouteToDestinationSuccess
1683965789004@vehicle@0x00cbd2864b7c93822826f80a7c968a2ada1cbaa7@PassengerPaid
1683965789007@vehicle@0x00cbd2864b7c93822826f80a7c968a2ada1cbaa7@CarReleased
