1683966932934@passenger@0x91b40a93fc528a5c5291c3acaa1de939af17548f@StartProcessing
1683966934261@passenger@0x91b40a93fc528a5c5291c3acaa1de939af17548f@StartingPointWrittenToContract
1683966935934@passenger@0x62b4b91e944da60b258acf5a8777a3d61da1e831@StartProcessing
1683966936448@passenger@0x91b40a93fc528a5c5291c3acaa1de939af17548f@DestinationWrittenToContract
1683966936448@passenger@0x62b4b91e944da60b258acf5a8777a3d61da1e831@StartingPointWrittenToContract
1683966936450@passenger@0x91b40a93fc528a5c5291c3acaa1de939af17548f@GettingNearbyRegions
1683966936476@passenger@0x91b40a93fc528a5c5291c3acaa1de939af17548f@FoundTheMostNearbyCar
1683966937808@passenger@0x91b40a93fc528a5c5291c3acaa1de939af17548f@TheMostNearbyCarIsSelected
1683966937809@passenger@0x62b4b91e944da60b258acf5a8777a3d61da1e831@DestinationWrittenToContract
1683966937809@passenger@0x62b4b91e944da60b258acf5a8777a3d61da1e831@GettingNearbyRegions
1683966937835@passenger@0x62b4b91e944da60b258acf5a8777a3d61da1e831@FoundTheMostNearbyCar
1683966938935@passenger@0x8f65ffd51b4cf5ecdccf6e6d08d7b0893ed2e24a@StartProcessing
1683966939930@passenger@0x62b4b91e944da60b258acf5a8777a3d61da1e831@TheMostNearbyCarIsSelected
1683966939931@passenger@0x8f65ffd51b4cf5ecdccf6e6d08d7b0893ed2e24a@StartingPointWrittenToContract
1683966940709@passenger@0x91b40a93fc528a5c5291c3acaa1de939af17548f@PassengerOnBoard
1683966940709@passenger@0x8f65ffd51b4cf5ecdccf6e6d08d7b0893ed2e24a@DestinationWrittenToContract
1683966940710@passenger@0x8f65ffd51b4cf5ecdccf6e6d08d7b0893ed2e24a@GettingNearbyRegions
1683966940737@passenger@0x8f65ffd51b4cf5ecdccf6e6d08d7b0893ed2e24a@FoundTheMostNearbyCar
1683966941934@passenger@0xe833f3be862ddfc8c1ac8f6ba52c593e2cdf8198@StartProcessing
1683966943222@passenger@0x91b40a93fc528a5c5291c3acaa1de939af17548f@PassengerArriveAtDestination
1683966943225@passenger@0x8f65ffd51b4cf5ecdccf6e6d08d7b0893ed2e24a@TheMostNearbyCarIsSelected
1683966943226@passenger@0xe833f3be862ddfc8c1ac8f6ba52c593e2cdf8198@StartingPointWrittenToContract
1683966943227@passenger@0x62b4b91e944da60b258acf5a8777a3d61da1e831@PassengerOnBoard
1683966944933@passenger@0x395d706a2f6eb62fff9dbb61c42a941e4ebcb112@StartProcessing
1683966945338@passenger@0x62b4b91e944da60b258acf5a8777a3d61da1e831@PassengerArriveAtDestination
1683966945341@passenger@0x91b40a93fc528a5c5291c3acaa1de939af17548f@PassengerPaysAndGetsOff
1683966945341@passenger@0xe833f3be862ddfc8c1ac8f6ba52c593e2cdf8198@DestinationWrittenToContract
1683966945342@passenger@0xe833f3be862ddfc8c1ac8f6ba52c593e2cdf8198@GettingNearbyRegions
1683966945373@passenger@0xe833f3be862ddfc8c1ac8f6ba52c593e2cdf8198@FoundTheMostNearbyCar
1683966945806@passenger@0x395d706a2f6eb62fff9dbb61c42a941e4ebcb112@StartingPointWrittenToContract
1683966946186@passenger@0x62b4b91e944da60b258acf5a8777a3d61da1e831@PassengerPaysAndGetsOff
1683966946186@passenger@0x8f65ffd51b4cf5ecdccf6e6d08d7b0893ed2e24a@PassengerOnBoard
1683966946186@passenger@0xe833f3be862ddfc8c1ac8f6ba52c593e2cdf8198@TheMostNearbyCarIsSelected
1683966946812@passenger@0x395d706a2f6eb62fff9dbb61c42a941e4ebcb112@DestinationWrittenToContract
1683966946813@passenger@0x395d706a2f6eb62fff9dbb61c42a941e4ebcb112@GettingNearbyRegions
1683966946836@passenger@0x395d706a2f6eb62fff9dbb61c42a941e4ebcb112@FoundTheMostNearbyCar
1683966947935@passenger@0x6373f671766369c7d6fd8b4bafab42808c547ac8@StartProcessing
1683966949493@passenger@0x8f65ffd51b4cf5ecdccf6e6d08d7b0893ed2e24a@PassengerArriveAtDestination
1683966949496@passenger@0x395d706a2f6eb62fff9dbb61c42a941e4ebcb112@TheMostNearbyCarIsSelected
1683966949497@passenger@0x6373f671766369c7d6fd8b4bafab42808c547ac8@StartingPointWrittenToContract
1683966949867@passenger@0x8f65ffd51b4cf5ecdccf6e6d08d7b0893ed2e24a@PassengerPaysAndGetsOff
1683966949867@passenger@0x6373f671766369c7d6fd8b4bafab42808c547ac8@DestinationWrittenToContract
1683966949867@passenger@0xe833f3be862ddfc8c1ac8f6ba52c593e2cdf8198@PassengerOnBoard
1683966949868@passenger@0x6373f671766369c7d6fd8b4bafab42808c547ac8@GettingNearbyRegions
1683966949893@passenger@0x6373f671766369c7d6fd8b4bafab42808c547ac8@FoundTheMostNearbyCar
1683966950934@passenger@0xd1e67dabefd2990196836433a22ea1bb148ffde1@StartProcessing
1683966952463@passenger@0xe833f3be862ddfc8c1ac8f6ba52c593e2cdf8198@PassengerArriveAtDestination
1683966952464@passenger@0x6373f671766369c7d6fd8b4bafab42808c547ac8@TheMostNearbyCarIsSelected
1683966952465@passenger@0x395d706a2f6eb62fff9dbb61c42a941e4ebcb112@PassengerOnBoard
1683966952465@passenger@0xd1e67dabefd2990196836433a22ea1bb148ffde1@StartingPointWrittenToContract
1683966953171@passenger@0x395d706a2f6eb62fff9dbb61c42a941e4ebcb112@PassengerArriveAtDestination
1683966953172@passenger@0xe833f3be862ddfc8c1ac8f6ba52c593e2cdf8198@PassengerPaysAndGetsOff
1683966953173@passenger@0xd1e67dabefd2990196836433a22ea1bb148ffde1@DestinationWrittenToContract
1683966953174@passenger@0xd1e67dabefd2990196836433a22ea1bb148ffde1@GettingNearbyRegions
1683966953205@passenger@0xd1e67dabefd2990196836433a22ea1bb148ffde1@FoundTheMostNearbyCar
1683966953934@passenger@0x5482002756a0678a1049988a3effb6ee9f26e6e7@StartProcessing
1683966956322@passenger@0x395d706a2f6eb62fff9dbb61c42a941e4ebcb112@PassengerPaysAndGetsOff
1683966956323@passenger@0x6373f671766369c7d6fd8b4bafab42808c547ac8@PassengerOnBoard
1683966956323@passenger@0x5482002756a0678a1049988a3effb6ee9f26e6e7@StartingPointWrittenToContract
1683966956324@passenger@0xd1e67dabefd2990196836433a22ea1bb148ffde1@TheMostNearbyCarIsSelected
1683966956933@passenger@0x172f1a41f8e4656571ce152786635b6a3aab4c3c@StartProcessing
1683966958119@passenger@0x6373f671766369c7d6fd8b4bafab42808c547ac8@PassengerArriveAtDestination
1683966958120@passenger@0x5482002756a0678a1049988a3effb6ee9f26e6e7@DestinationWrittenToContract
1683966958120@passenger@0x172f1a41f8e4656571ce152786635b6a3aab4c3c@StartingPointWrittenToContract
1683966958121@passenger@0x5482002756a0678a1049988a3effb6ee9f26e6e7@GettingNearbyRegions
1683966958146@passenger@0x5482002756a0678a1049988a3effb6ee9f26e6e7@FoundTheMostNearbyCar
1683966959935@passenger@0x6a830145ff4b35a0ecd3cafd0db84ea451361810@StartProcessing
1683966960911@passenger@0x5482002756a0678a1049988a3effb6ee9f26e6e7@TheMostNearbyCarIsSelected
1683966960912@passenger@0xd1e67dabefd2990196836433a22ea1bb148ffde1@PassengerOnBoard
1683966960912@passenger@0x172f1a41f8e4656571ce152786635b6a3aab4c3c@DestinationWrittenToContract
1683966960912@passenger@0x6373f671766369c7d6fd8b4bafab42808c547ac8@PassengerPaysAndGetsOff
1683966960913@passenger@0x172f1a41f8e4656571ce152786635b6a3aab4c3c@GettingNearbyRegions
1683966960945@passenger@0x172f1a41f8e4656571ce152786635b6a3aab4c3c@FoundTheMostNearbyCar
1683966961211@passenger@0x6a830145ff4b35a0ecd3cafd0db84ea451361810@StartingPointWrittenToContract
1683966962935@passenger@0xef03c9f4d5f4b29626dd625852810a353dddfeb3@StartProcessing
1683966965053@passenger@0xd1e67dabefd2990196836433a22ea1bb148ffde1@PassengerArriveAtDestination
1683966965055@passenger@0x6a830145ff4b35a0ecd3cafd0db84ea451361810@DestinationWrittenToContract
1683966965057@passenger@0x172f1a41f8e4656571ce152786635b6a3aab4c3c@TheMostNearbyCarIsSelected
1683966965057@passenger@0xef03c9f4d5f4b29626dd625852810a353dddfeb3@StartingPointWrittenToContract
1683966965058@passenger@0x6a830145ff4b35a0ecd3cafd0db84ea451361810@GettingNearbyRegions
1683966965085@passenger@0x6a830145ff4b35a0ecd3cafd0db84ea451361810@FoundTheMostNearbyCar
1683966965933@passenger@0x703a4bbfcd232c7cd0ce47d7060c387ef9a2436b@StartProcessing
1683966966448@passenger@0x5482002756a0678a1049988a3effb6ee9f26e6e7@PassengerOnBoard
1683966966449@passenger@0xd1e67dabefd2990196836433a22ea1bb148ffde1@PassengerPaysAndGetsOff
1683966966449@passenger@0xef03c9f4d5f4b29626dd625852810a353dddfeb3@DestinationWrittenToContract
1683966966449@passenger@0x6a830145ff4b35a0ecd3cafd0db84ea451361810@TheMostNearbyCarIsSelected
1683966966450@passenger@0xef03c9f4d5f4b29626dd625852810a353dddfeb3@GettingNearbyRegions
1683966966482@passenger@0xef03c9f4d5f4b29626dd625852810a353dddfeb3@FoundTheMostNearbyCar
1683966967129@passenger@0x703a4bbfcd232c7cd0ce47d7060c387ef9a2436b@StartingPointWrittenToContract
1683966967312@passenger@0x5482002756a0678a1049988a3effb6ee9f26e6e7@PassengerArriveAtDestination
1683966967314@passenger@0xef03c9f4d5f4b29626dd625852810a353dddfeb3@TheMostNearbyCarIsSelected
1683966967314@passenger@0x172f1a41f8e4656571ce152786635b6a3aab4c3c@PassengerOnBoard
1683966968935@passenger@0x95222fdd3b6bf2c9156e2760369f046b1c61b965@StartProcessing
1683966970067@passenger@0x172f1a41f8e4656571ce152786635b6a3aab4c3c@PassengerArriveAtDestination
1683966970068@passenger@0x95222fdd3b6bf2c9156e2760369f046b1c61b965@StartingPointWrittenToContract
1683966970068@passenger@0x5482002756a0678a1049988a3effb6ee9f26e6e7@PassengerPaysAndGetsOff
1683966970068@passenger@0x703a4bbfcd232c7cd0ce47d7060c387ef9a2436b@DestinationWrittenToContract
1683966970069@passenger@0x6a830145ff4b35a0ecd3cafd0db84ea451361810@PassengerOnBoard
1683966970070@passenger@0x703a4bbfcd232c7cd0ce47d7060c387ef9a2436b@GettingNearbyRegions
1683966970099@passenger@0x703a4bbfcd232c7cd0ce47d7060c387ef9a2436b@FoundTheMostNearbyCar
1683966970257@passenger@0x6a830145ff4b35a0ecd3cafd0db84ea451361810@PassengerArriveAtDestination
1683966970259@passenger@0x172f1a41f8e4656571ce152786635b6a3aab4c3c@PassengerPaysAndGetsOff
1683966970259@passenger@0x95222fdd3b6bf2c9156e2760369f046b1c61b965@DestinationWrittenToContract
1683966970260@passenger@0xef03c9f4d5f4b29626dd625852810a353dddfeb3@PassengerOnBoard
1683966970260@passenger@0x703a4bbfcd232c7cd0ce47d7060c387ef9a2436b@TheMostNearbyCarIsSelected
1683966970260@passenger@0x95222fdd3b6bf2c9156e2760369f046b1c61b965@GettingNearbyRegions
1683966970284@passenger@0x95222fdd3b6bf2c9156e2760369f046b1c61b965@FoundTheMostNearbyCar
1683966971935@passenger@0x8c2d065b423c841cffa3375b15e73d1f43ee60d2@StartProcessing
1683966972300@passenger@0xef03c9f4d5f4b29626dd625852810a353dddfeb3@PassengerArriveAtDestination
1683966972301@passenger@0x8c2d065b423c841cffa3375b15e73d1f43ee60d2@StartingPointWrittenToContract
1683966972303@passenger@0x6a830145ff4b35a0ecd3cafd0db84ea451361810@PassengerPaysAndGetsOff
1683966972303@passenger@0x95222fdd3b6bf2c9156e2760369f046b1c61b965@TheMostNearbyCarIsSelected
1683966974936@passenger@0xbd2e487a16c3f7f18667b2901a2a2e336dca88c8@StartProcessing
1683966975187@passenger@0xef03c9f4d5f4b29626dd625852810a353dddfeb3@PassengerPaysAndGetsOff
1683966975187@passenger@0xbd2e487a16c3f7f18667b2901a2a2e336dca88c8@StartingPointWrittenToContract
1683966975188@passenger@0x8c2d065b423c841cffa3375b15e73d1f43ee60d2@DestinationWrittenToContract
1683966975189@passenger@0x703a4bbfcd232c7cd0ce47d7060c387ef9a2436b@PassengerOnBoard
1683966975189@passenger@0x8c2d065b423c841cffa3375b15e73d1f43ee60d2@GettingNearbyRegions
1683966975217@passenger@0x8c2d065b423c841cffa3375b15e73d1f43ee60d2@FoundTheMostNearbyCar
1683966977466@passenger@0x703a4bbfcd232c7cd0ce47d7060c387ef9a2436b@PassengerArriveAtDestination
1683966977469@passenger@0x8c2d065b423c841cffa3375b15e73d1f43ee60d2@TheMostNearbyCarIsSelected
1683966977469@passenger@0xbd2e487a16c3f7f18667b2901a2a2e336dca88c8@DestinationWrittenToContract
1683966977470@passenger@0x95222fdd3b6bf2c9156e2760369f046b1c61b965@PassengerOnBoard
1683966977470@passenger@0xbd2e487a16c3f7f18667b2901a2a2e336dca88c8@GettingNearbyRegions
1683966977501@passenger@0xbd2e487a16c3f7f18667b2901a2a2e336dca88c8@FoundTheMostNearbyCar
1683966977933@passenger@0xe86ca8f3a25a90ecf1d02f2ee818ddf8d8ca6a8a@StartProcessing
1683966978394@passenger@0x95222fdd3b6bf2c9156e2760369f046b1c61b965@PassengerArriveAtDestination
1683966978396@passenger@0xbd2e487a16c3f7f18667b2901a2a2e336dca88c8@TheMostNearbyCarIsSelected
1683966978396@passenger@0x703a4bbfcd232c7cd0ce47d7060c387ef9a2436b@PassengerPaysAndGetsOff
1683966978396@passenger@0xe86ca8f3a25a90ecf1d02f2ee818ddf8d8ca6a8a@StartingPointWrittenToContract
1683966980903@passenger@0xe86ca8f3a25a90ecf1d02f2ee818ddf8d8ca6a8a@DestinationWrittenToContract
1683966980904@passenger@0x95222fdd3b6bf2c9156e2760369f046b1c61b965@PassengerPaysAndGetsOff
1683966980904@passenger@0x8c2d065b423c841cffa3375b15e73d1f43ee60d2@PassengerOnBoard
1683966980905@passenger@0xe86ca8f3a25a90ecf1d02f2ee818ddf8d8ca6a8a@GettingNearbyRegions
1683966980933@passenger@0xa7c6f824d33b3f4f6084687971649bcfff20ac72@StartProcessing
1683966980935@passenger@0xe86ca8f3a25a90ecf1d02f2ee818ddf8d8ca6a8a@FoundTheMostNearbyCar
1683966983239@passenger@0x8c2d065b423c841cffa3375b15e73d1f43ee60d2@PassengerArriveAtDestination
1683966983241@passenger@0xa7c6f824d33b3f4f6084687971649bcfff20ac72@StartingPointWrittenToContract
1683966983242@passenger@0xe86ca8f3a25a90ecf1d02f2ee818ddf8d8ca6a8a@TheMostNearbyCarIsSelected
1683966983242@passenger@0xbd2e487a16c3f7f18667b2901a2a2e336dca88c8@PassengerOnBoard
1683966983933@passenger@0xac9538cfc801744aad1662af15ac6c25d877cf5b@StartProcessing
1683966986935@passenger@0xa988e958c9de98957d736d02e5b8a71a6f75dd14@StartProcessing
1683966987642@passenger@0xbd2e487a16c3f7f18667b2901a2a2e336dca88c8@PassengerArriveAtDestination
1683966987649@passenger@0xac9538cfc801744aad1662af15ac6c25d877cf5b@StartingPointWrittenToContract
1683966987649@passenger@0x8c2d065b423c841cffa3375b15e73d1f43ee60d2@PassengerPaysAndGetsOff
1683966987649@passenger@0xa7c6f824d33b3f4f6084687971649bcfff20ac72@DestinationWrittenToContract
1683966987650@passenger@0xa7c6f824d33b3f4f6084687971649bcfff20ac72@GettingNearbyRegions
1683966987676@passenger@0xa7c6f824d33b3f4f6084687971649bcfff20ac72@FoundTheMostNearbyCar
1683966988712@passenger@0xa988e958c9de98957d736d02e5b8a71a6f75dd14@StartingPointWrittenToContract
1683966989400@passenger@0xbd2e487a16c3f7f18667b2901a2a2e336dca88c8@PassengerPaysAndGetsOff
1683966989401@passenger@0xa7c6f824d33b3f4f6084687971649bcfff20ac72@TheMostNearbyCarIsSelected
1683966989401@passenger@0xac9538cfc801744aad1662af15ac6c25d877cf5b@DestinationWrittenToContract
1683966989403@passenger@0xe86ca8f3a25a90ecf1d02f2ee818ddf8d8ca6a8a@PassengerOnBoard
1683966989404@passenger@0xac9538cfc801744aad1662af15ac6c25d877cf5b@GettingNearbyRegions
1683966989432@passenger@0xac9538cfc801744aad1662af15ac6c25d877cf5b@FoundTheMostNearbyCar
1683966989933@passenger@0x43a056d660a0c033adcf7aa2c9ee984c2f4fd1e7@StartProcessing
1683966990828@passenger@0xa988e958c9de98957d736d02e5b8a71a6f75dd14@DestinationWrittenToContract
1683966990829@passenger@0xa988e958c9de98957d736d02e5b8a71a6f75dd14@GettingNearbyRegions
1683966990856@passenger@0xa988e958c9de98957d736d02e5b8a71a6f75dd14@FoundTheMostNearbyCar
1683966992074@passenger@0xe86ca8f3a25a90ecf1d02f2ee818ddf8d8ca6a8a@PassengerArriveAtDestination
1683966992076@passenger@0x43a056d660a0c033adcf7aa2c9ee984c2f4fd1e7@StartingPointWrittenToContract
1683966992077@passenger@0xac9538cfc801744aad1662af15ac6c25d877cf5b@TheMostNearbyCarIsSelected
1683966992839@passenger@0xa988e958c9de98957d736d02e5b8a71a6f75dd14@TheMostNearbyCarConflict
1683966992933@passenger@0xcc34b6ee3e8e077796ce9aadf496d581c1c1172a@StartProcessing
1683966994082@passenger@0xa7c6f824d33b3f4f6084687971649bcfff20ac72@PassengerOnBoard
1683966994082@passenger@0x43a056d660a0c033adcf7aa2c9ee984c2f4fd1e7@DestinationWrittenToContract
1683966994082@passenger@0xe86ca8f3a25a90ecf1d02f2ee818ddf8d8ca6a8a@PassengerPaysAndGetsOff
1683966994083@passenger@0x43a056d660a0c033adcf7aa2c9ee984c2f4fd1e7@GettingNearbyRegions
1683966994114@passenger@0x43a056d660a0c033adcf7aa2c9ee984c2f4fd1e7@FoundTheMostNearbyCar
1683966995935@passenger@0x1cf507a8ff155587e445db4641b2dda6048e5349@StartProcessing
1683966996283@passenger@0xcc34b6ee3e8e077796ce9aadf496d581c1c1172a@StartingPointWrittenToContract
1683966996512@passenger@0xa7c6f824d33b3f4f6084687971649bcfff20ac72@PassengerArriveAtDestination
1683966996516@passenger@0xac9538cfc801744aad1662af15ac6c25d877cf5b@PassengerOnBoard
1683966996516@passenger@0x43a056d660a0c033adcf7aa2c9ee984c2f4fd1e7@TheMostNearbyCarIsSelected
1683966996516@passenger@0x1cf507a8ff155587e445db4641b2dda6048e5349@StartingPointWrittenToContract
1683966996542@passenger@0xcc34b6ee3e8e077796ce9aadf496d581c1c1172a@DestinationWrittenToContract
1683966996543@passenger@0xcc34b6ee3e8e077796ce9aadf496d581c1c1172a@GettingNearbyRegions
1683966996571@passenger@0xcc34b6ee3e8e077796ce9aadf496d581c1c1172a@FoundTheMostNearbyCar
1683966998936@passenger@0x25eca363b1883510982b1343d92762accde5347b@StartProcessing
1683966999526@passenger@0xac9538cfc801744aad1662af15ac6c25d877cf5b@PassengerArriveAtDestination
1683966999529@passenger@0xcc34b6ee3e8e077796ce9aadf496d581c1c1172a@TheMostNearbyCarIsSelected
1683966999530@passenger@0x1cf507a8ff155587e445db4641b2dda6048e5349@DestinationWrittenToContract
1683966999530@passenger@0xa7c6f824d33b3f4f6084687971649bcfff20ac72@PassengerPaysAndGetsOff
1683966999531@passenger@0x1cf507a8ff155587e445db4641b2dda6048e5349@GettingNearbyRegions
1683966999563@passenger@0x1cf507a8ff155587e445db4641b2dda6048e5349@FoundTheMostNearbyCar
1683967000000@passenger@0x25eca363b1883510982b1343d92762accde5347b@StartingPointWrittenToContract
1683967000409@passenger@0x1cf507a8ff155587e445db4641b2dda6048e5349@TheMostNearbyCarIsSelected
1683967000410@passenger@0x43a056d660a0c033adcf7aa2c9ee984c2f4fd1e7@PassengerOnBoard
1683967000410@passenger@0xac9538cfc801744aad1662af15ac6c25d877cf5b@PassengerPaysAndGetsOff
1683967001934@passenger@0x32a71253fcbb62f00ceea65c0c680a9a3e80b7d1@StartProcessing
1683967003778@passenger@0x43a056d660a0c033adcf7aa2c9ee984c2f4fd1e7@PassengerArriveAtDestination
1683967003780@passenger@0x32a71253fcbb62f00ceea65c0c680a9a3e80b7d1@StartingPointWrittenToContract
1683967003781@passenger@0x25eca363b1883510982b1343d92762accde5347b@DestinationWrittenToContract
1683967003781@passenger@0xcc34b6ee3e8e077796ce9aadf496d581c1c1172a@PassengerOnBoard
1683967003781@passenger@0x25eca363b1883510982b1343d92762accde5347b@GettingNearbyRegions
1683967003807@passenger@0x25eca363b1883510982b1343d92762accde5347b@FoundTheMostNearbyCar
1683967004934@passenger@0x98c53b4ec1bc96a396f41175cf2ca571367820a7@StartProcessing
1683967005014@passenger@0xcc34b6ee3e8e077796ce9aadf496d581c1c1172a@PassengerArriveAtDestination
1683967005014@passenger@0x32a71253fcbb62f00ceea65c0c680a9a3e80b7d1@DestinationWrittenToContract
1683967005016@passenger@0x1cf507a8ff155587e445db4641b2dda6048e5349@PassengerOnBoard
1683967005016@passenger@0x25eca363b1883510982b1343d92762accde5347b@TheMostNearbyCarIsSelected
1683967005017@passenger@0x43a056d660a0c033adcf7aa2c9ee984c2f4fd1e7@PassengerPaysAndGetsOff
1683967005018@passenger@0x32a71253fcbb62f00ceea65c0c680a9a3e80b7d1@GettingNearbyRegions
1683967005045@passenger@0x32a71253fcbb62f00ceea65c0c680a9a3e80b7d1@FoundTheMostNearbyCar
1683967005615@passenger@0x98c53b4ec1bc96a396f41175cf2ca571367820a7@StartingPointWrittenToContract
1683967006868@passenger@0xa988e958c9de98957d736d02e5b8a71a6f75dd14@FoundTheMostNearbyCar
1683967007934@passenger@0x9c82fd514b0283c75b2439979d863b0459bceb53@StartProcessing
1683967008177@passenger@0x1cf507a8ff155587e445db4641b2dda6048e5349@PassengerArriveAtDestination
1683967008181@passenger@0xcc34b6ee3e8e077796ce9aadf496d581c1c1172a@PassengerPaysAndGetsOff
1683967008182@passenger@0x32a71253fcbb62f00ceea65c0c680a9a3e80b7d1@TheMostNearbyCarIsSelected
1683967008470@passenger@0x98c53b4ec1bc96a396f41175cf2ca571367820a7@DestinationWrittenToContract
1683967008471@passenger@0x9c82fd514b0283c75b2439979d863b0459bceb53@StartingPointWrittenToContract
1683967008472@passenger@0xa988e958c9de98957d736d02e5b8a71a6f75dd14@TheMostNearbyCarConflict
1683967008472@passenger@0x98c53b4ec1bc96a396f41175cf2ca571367820a7@GettingNearbyRegions
1683967008502@passenger@0x98c53b4ec1bc96a396f41175cf2ca571367820a7@FoundTheMostNearbyCar
1683967008886@passenger@0x25eca363b1883510982b1343d92762accde5347b@PassengerOnBoard
1683967008886@passenger@0x1cf507a8ff155587e445db4641b2dda6048e5349@PassengerPaysAndGetsOff
1683967010935@passenger@0x20a87ebe8156e5286084ce99165c02672cb0cb36@StartProcessing
1683967012090@passenger@0x25eca363b1883510982b1343d92762accde5347b@PassengerArriveAtDestination
1683967012093@passenger@0x20a87ebe8156e5286084ce99165c02672cb0cb36@StartingPointWrittenToContract
1683967012093@passenger@0x9c82fd514b0283c75b2439979d863b0459bceb53@DestinationWrittenToContract
1683967012093@passenger@0x98c53b4ec1bc96a396f41175cf2ca571367820a7@TheMostNearbyCarIsSelected
1683967012094@passenger@0x32a71253fcbb62f00ceea65c0c680a9a3e80b7d1@PassengerOnBoard
1683967012094@passenger@0x9c82fd514b0283c75b2439979d863b0459bceb53@GettingNearbyRegions
1683967012123@passenger@0x9c82fd514b0283c75b2439979d863b0459bceb53@FoundTheMostNearbyCar
1683967013935@passenger@0xffbf1271569eea0a9366bacfba3957f7bfddf272@StartProcessing
1683967016044@passenger@0x32a71253fcbb62f00ceea65c0c680a9a3e80b7d1@PassengerArriveAtDestination
1683967016047@passenger@0x25eca363b1883510982b1343d92762accde5347b@PassengerPaysAndGetsOff
1683967016048@passenger@0xffbf1271569eea0a9366bacfba3957f7bfddf272@StartingPointWrittenToContract
1683967016048@passenger@0x20a87ebe8156e5286084ce99165c02672cb0cb36@DestinationWrittenToContract
1683967016051@passenger@0x9c82fd514b0283c75b2439979d863b0459bceb53@TheMostNearbyCarIsSelected
1683967016052@passenger@0x20a87ebe8156e5286084ce99165c02672cb0cb36@GettingNearbyRegions
1683967016085@passenger@0x20a87ebe8156e5286084ce99165c02672cb0cb36@FoundTheMostNearbyCar
1683967016154@passenger@0xffbf1271569eea0a9366bacfba3957f7bfddf272@DestinationWrittenToContract
1683967016154@passenger@0x98c53b4ec1bc96a396f41175cf2ca571367820a7@PassengerOnBoard
1683967016155@passenger@0x32a71253fcbb62f00ceea65c0c680a9a3e80b7d1@PassengerPaysAndGetsOff
1683967016155@passenger@0xffbf1271569eea0a9366bacfba3957f7bfddf272@GettingNearbyRegions
1683967016179@passenger@0xffbf1271569eea0a9366bacfba3957f7bfddf272@FoundTheMostNearbyCar
1683967016934@passenger@0xd3f0a049b88a3b2c2d3640693c9ef45a4ba0ced5@StartProcessing
1683967018788@passenger@0x98c53b4ec1bc96a396f41175cf2ca571367820a7@PassengerArriveAtDestination
1683967018789@passenger@0xd3f0a049b88a3b2c2d3640693c9ef45a4ba0ced5@StartingPointWrittenToContract
1683967018789@passenger@0x20a87ebe8156e5286084ce99165c02672cb0cb36@TheMostNearbyCarIsSelected
1683967018790@passenger@0xffbf1271569eea0a9366bacfba3957f7bfddf272@TheMostNearbyCarIsSelected
1683967018790@passenger@0x9c82fd514b0283c75b2439979d863b0459bceb53@PassengerOnBoard
1683967019934@passenger@0x23618f01f25261d31c3adec02c22b1ee7407e318@StartProcessing
1683967020877@passenger@0x9c82fd514b0283c75b2439979d863b0459bceb53@PassengerArriveAtDestination
1683967020880@passenger@0x98c53b4ec1bc96a396f41175cf2ca571367820a7@PassengerPaysAndGetsOff
1683967020880@passenger@0x23618f01f25261d31c3adec02c22b1ee7407e318@StartingPointWrittenToContract
1683967020884@passenger@0xd3f0a049b88a3b2c2d3640693c9ef45a4ba0ced5@DestinationWrittenToContract
1683967020886@passenger@0xd3f0a049b88a3b2c2d3640693c9ef45a4ba0ced5@GettingNearbyRegions
1683967020914@passenger@0xd3f0a049b88a3b2c2d3640693c9ef45a4ba0ced5@FoundTheMostNearbyCar
1683967021913@passenger@0x23618f01f25261d31c3adec02c22b1ee7407e318@DestinationWrittenToContract
1683967021914@passenger@0xffbf1271569eea0a9366bacfba3957f7bfddf272@PassengerOnBoard
1683967021914@passenger@0x20a87ebe8156e5286084ce99165c02672cb0cb36@PassengerOnBoard
1683967021914@passenger@0x9c82fd514b0283c75b2439979d863b0459bceb53@PassengerPaysAndGetsOff
1683967021914@passenger@0xd3f0a049b88a3b2c2d3640693c9ef45a4ba0ced5@TheMostNearbyCarIsSelected
1683967021915@passenger@0x23618f01f25261d31c3adec02c22b1ee7407e318@GettingNearbyRegions
1683967021945@passenger@0x23618f01f25261d31c3adec02c22b1ee7407e318@FoundTheMostNearbyCar
1683967022935@passenger@0xa3c55eb2e949ad3ec6844e8f3ac90af0a25c2776@StartProcessing
1683967024284@passenger@0x20a87ebe8156e5286084ce99165c02672cb0cb36@PassengerArriveAtDestination
1683967024285@passenger@0xffbf1271569eea0a9366bacfba3957f7bfddf272@PassengerArriveAtDestination
1683967024287@passenger@0x23618f01f25261d31c3adec02c22b1ee7407e318@TheMostNearbyCarIsSelected
1683967024287@passenger@0xa3c55eb2e949ad3ec6844e8f3ac90af0a25c2776@StartingPointWrittenToContract
1683967024665@passenger@0x20a87ebe8156e5286084ce99165c02672cb0cb36@PassengerPaysAndGetsOff
1683967024665@passenger@0xffbf1271569eea0a9366bacfba3957f7bfddf272@PassengerPaysAndGetsOff
1683967024665@passenger@0xa3c55eb2e949ad3ec6844e8f3ac90af0a25c2776@DestinationWrittenToContract
1683967024665@passenger@0xd3f0a049b88a3b2c2d3640693c9ef45a4ba0ced5@PassengerOnBoard
1683967024666@passenger@0xa3c55eb2e949ad3ec6844e8f3ac90af0a25c2776@GettingNearbyRegions
1683967024693@passenger@0xa3c55eb2e949ad3ec6844e8f3ac90af0a25c2776@FoundTheMostNearbyCar
1683967025934@passenger@0x0d38502b24c64bfc5b635720bf299384cc2594de@StartProcessing
1683967026500@passenger@0xa988e958c9de98957d736d02e5b8a71a6f75dd14@FoundTheMostNearbyCar
1683967027560@passenger@0xd3f0a049b88a3b2c2d3640693c9ef45a4ba0ced5@PassengerArriveAtDestination
1683967027562@passenger@0x23618f01f25261d31c3adec02c22b1ee7407e318@PassengerOnBoard
1683967027562@passenger@0xa3c55eb2e949ad3ec6844e8f3ac90af0a25c2776@TheMostNearbyCarConflict
1683967027563@passenger@0x0d38502b24c64bfc5b635720bf299384cc2594de@StartingPointWrittenToContract
1683967027563@passenger@0xa988e958c9de98957d736d02e5b8a71a6f75dd14@TheMostNearbyCarIsSelected
1683967028598@passenger@0x23618f01f25261d31c3adec02c22b1ee7407e318@PassengerArriveAtDestination
1683967028599@passenger@0x0d38502b24c64bfc5b635720bf299384cc2594de@DestinationWrittenToContract
1683967028599@passenger@0xd3f0a049b88a3b2c2d3640693c9ef45a4ba0ced5@PassengerPaysAndGetsOff
1683967028599@passenger@0x0d38502b24c64bfc5b635720bf299384cc2594de@GettingNearbyRegions
1683967028624@passenger@0x0d38502b24c64bfc5b635720bf299384cc2594de@FoundTheMostNearbyCar
1683967032482@passenger@0xa988e958c9de98957d736d02e5b8a71a6f75dd14@PassengerOnBoard
1683967032483@passenger@0x23618f01f25261d31c3adec02c22b1ee7407e318@PassengerPaysAndGetsOff
1683967032483@passenger@0x0d38502b24c64bfc5b635720bf299384cc2594de@TheMostNearbyCarIsSelected
1683967034186@passenger@0xa988e958c9de98957d736d02e5b8a71a6f75dd14@PassengerArriveAtDestination
1683967034894@passenger@0x0d38502b24c64bfc5b635720bf299384cc2594de@PassengerOnBoard
1683967034894@passenger@0xa988e958c9de98957d736d02e5b8a71a6f75dd14@PassengerPaysAndGetsOff
1683967037734@passenger@0x0d38502b24c64bfc5b635720bf299384cc2594de@PassengerArriveAtDestination
1683967039186@passenger@0x0d38502b24c64bfc5b635720bf299384cc2594de@PassengerPaysAndGetsOff
1683967041591@passenger@0xa3c55eb2e949ad3ec6844e8f3ac90af0a25c2776@FoundTheMostNearbyCar
1683967042180@passenger@0xa3c55eb2e949ad3ec6844e8f3ac90af0a25c2776@TheMostNearbyCarIsSelected
1683967045264@passenger@0xa3c55eb2e949ad3ec6844e8f3ac90af0a25c2776@PassengerOnBoard
1683967047669@passenger@0xa3c55eb2e949ad3ec6844e8f3ac90af0a25c2776@PassengerArriveAtDestination
1683967048480@passenger@0xa3c55eb2e949ad3ec6844e8f3ac90af0a25c2776@PassengerPaysAndGetsOff
