1683964458332@passenger@0x3df2c7b1e2c3e8e5e40c6035f6a3a5bb8fdb6b87@StartProcessing
1683964459488@passenger@0x3df2c7b1e2c3e8e5e40c6035f6a3a5bb8fdb6b87@StartingPointWrittenToContract
1683964461331@passenger@0x46dfb062b17f2ef557a64283347653f11ba7c089@StartProcessing
1683964462007@passenger@0x46dfb062b17f2ef557a64283347653f11ba7c089@StartingPointWrittenToContract
1683964462008@passenger@0x3df2c7b1e2c3e8e5e40c6035f6a3a5bb8fdb6b87@DestinationWrittenToContract
1683964462009@passenger@0x3df2c7b1e2c3e8e5e40c6035f6a3a5bb8fdb6b87@GettingNearbyRegions
1683964462037@passenger@0x3df2c7b1e2c3e8e5e40c6035f6a3a5bb8fdb6b87@FoundTheMostNearbyCar
1683964462458@passenger@0x46dfb062b17f2ef557a64283347653f11ba7c089@DestinationWrittenToContract
1683964462459@passenger@0x3df2c7b1e2c3e8e5e40c6035f6a3a5bb8fdb6b87@TheMostNearbyCarIsSelected
1683964462461@passenger@0x46dfb062b17f2ef557a64283347653f11ba7c089@GettingNearbyRegions
1683964462487@passenger@0x46dfb062b17f2ef557a64283347653f11ba7c089@FoundTheMostNearbyCar
1683964464332@passenger@0xd402c7301a68c4c65529ab0c597bb8b13e27f607@StartProcessing
1683964464647@passenger@0xd402c7301a68c4c65529ab0c597bb8b13e27f607@StartingPointWrittenToContract
1683964464648@passenger@0x46dfb062b17f2ef557a64283347653f11ba7c089@TheMostNearbyCarIsSelected
1683964466211@passenger@0x3df2c7b1e2c3e8e5e40c6035f6a3a5bb8fdb6b87@PassengerOnBoard
1683964466211@passenger@0xd402c7301a68c4c65529ab0c597bb8b13e27f607@DestinationWrittenToContract
1683964466212@passenger@0xd402c7301a68c4c65529ab0c597bb8b13e27f607@GettingNearbyRegions
1683964466245@passenger@0xd402c7301a68c4c65529ab0c597bb8b13e27f607@FoundTheMostNearbyCar
1683964467330@passenger@0x42389309e69a2b32b98f04bc8255ad971797f757@StartProcessing
1683964467897@passenger@0x3df2c7b1e2c3e8e5e40c6035f6a3a5bb8fdb6b87@PassengerArriveAtDestination
1683964467899@passenger@0x46dfb062b17f2ef557a64283347653f11ba7c089@PassengerOnBoard
1683964467899@passenger@0xd402c7301a68c4c65529ab0c597bb8b13e27f607@TheMostNearbyCarIsSelected
1683964470178@passenger@0x46dfb062b17f2ef557a64283347653f11ba7c089@PassengerArriveAtDestination
1683964470179@passenger@0x3df2c7b1e2c3e8e5e40c6035f6a3a5bb8fdb6b87@PassengerPaysAndGetsOff
1683964470180@passenger@0x42389309e69a2b32b98f04bc8255ad971797f757@StartingPointWrittenToContract
1683964470331@passenger@0xcae58827099cb4557f40dd308f5efc29e9065be8@StartProcessing
1683964473333@passenger@0x6d1558ef76336d670fb6f2b04ae1f345eab94761@StartProcessing
1683964474836@passenger@0x42389309e69a2b32b98f04bc8255ad971797f757@DestinationWrittenToContract
1683964474837@passenger@0xd402c7301a68c4c65529ab0c597bb8b13e27f607@PassengerOnBoard
1683964474837@passenger@0xcae58827099cb4557f40dd308f5efc29e9065be8@StartingPointWrittenToContract
1683964474838@passenger@0x46dfb062b17f2ef557a64283347653f11ba7c089@PassengerPaysAndGetsOff
1683964474839@passenger@0x42389309e69a2b32b98f04bc8255ad971797f757@GettingNearbyRegions
1683964474865@passenger@0x42389309e69a2b32b98f04bc8255ad971797f757@FoundTheMostNearbyCar
1683964476129@passenger@0x6d1558ef76336d670fb6f2b04ae1f345eab94761@StartingPointWrittenToContract
1683964476233@passenger@0xd402c7301a68c4c65529ab0c597bb8b13e27f607@PassengerArriveAtDestination
1683964476234@passenger@0x42389309e69a2b32b98f04bc8255ad971797f757@TheMostNearbyCarIsSelected
1683964476234@passenger@0xcae58827099cb4557f40dd308f5efc29e9065be8@DestinationWrittenToContract
1683964476236@passenger@0xcae58827099cb4557f40dd308f5efc29e9065be8@GettingNearbyRegions
1683964476265@passenger@0xcae58827099cb4557f40dd308f5efc29e9065be8@FoundTheMostNearbyCar
1683964476330@passenger@0x95d2b2a36e6a3d1e7ac8edbf99481c6009a19131@StartProcessing
1683964476928@passenger@0x6d1558ef76336d670fb6f2b04ae1f345eab94761@DestinationWrittenToContract
1683964476928@passenger@0x6d1558ef76336d670fb6f2b04ae1f345eab94761@GettingNearbyRegions
1683964476955@passenger@0x6d1558ef76336d670fb6f2b04ae1f345eab94761@FoundTheMostNearbyCar
1683964479332@passenger@0xd35d112793fe59877302d4064c9ef5a89c0485ba@StartProcessing
1683964479357@passenger@0xcae58827099cb4557f40dd308f5efc29e9065be8@TheMostNearbyCarIsSelected
1683964479358@passenger@0xd402c7301a68c4c65529ab0c597bb8b13e27f607@PassengerPaysAndGetsOff
1683964479358@passenger@0x95d2b2a36e6a3d1e7ac8edbf99481c6009a19131@StartingPointWrittenToContract
1683964479360@passenger@0x6d1558ef76336d670fb6f2b04ae1f345eab94761@TheMostNearbyCarConflict
1683964481564@passenger@0xd35d112793fe59877302d4064c9ef5a89c0485ba@StartingPointWrittenToContract
1683964482331@passenger@0xac37a0543b6abb8e7add0c00128c9f486e45b0e9@StartProcessing
1683964482620@passenger@0x42389309e69a2b32b98f04bc8255ad971797f757@PassengerOnBoard
1683964482620@passenger@0x95d2b2a36e6a3d1e7ac8edbf99481c6009a19131@DestinationWrittenToContract
1683964482621@passenger@0x95d2b2a36e6a3d1e7ac8edbf99481c6009a19131@GettingNearbyRegions
1683964482651@passenger@0x95d2b2a36e6a3d1e7ac8edbf99481c6009a19131@FoundTheMostNearbyCar
1683964483818@passenger@0xac37a0543b6abb8e7add0c00128c9f486e45b0e9@StartingPointWrittenToContract
1683964483819@passenger@0xd35d112793fe59877302d4064c9ef5a89c0485ba@DestinationWrittenToContract
1683964483820@passenger@0xd35d112793fe59877302d4064c9ef5a89c0485ba@GettingNearbyRegions
1683964483849@passenger@0xd35d112793fe59877302d4064c9ef5a89c0485ba@FoundTheMostNearbyCar
1683964484212@passenger@0x42389309e69a2b32b98f04bc8255ad971797f757@PassengerArriveAtDestination
1683964484214@passenger@0xcae58827099cb4557f40dd308f5efc29e9065be8@PassengerOnBoard
1683964484214@passenger@0x95d2b2a36e6a3d1e7ac8edbf99481c6009a19131@TheMostNearbyCarIsSelected
1683964485077@passenger@0xac37a0543b6abb8e7add0c00128c9f486e45b0e9@DestinationWrittenToContract
1683964485077@passenger@0xd35d112793fe59877302d4064c9ef5a89c0485ba@TheMostNearbyCarConflict
1683964485078@passenger@0xac37a0543b6abb8e7add0c00128c9f486e45b0e9@GettingNearbyRegions
1683964485112@passenger@0xac37a0543b6abb8e7add0c00128c9f486e45b0e9@FoundTheMostNearbyCar
1683964485330@passenger@0x7a5b8a958a74e39ade01f412951fb319ee4fe6d9@StartProcessing
1683964485695@passenger@0xcae58827099cb4557f40dd308f5efc29e9065be8@PassengerArriveAtDestination
1683964485697@passenger@0x42389309e69a2b32b98f04bc8255ad971797f757@PassengerPaysAndGetsOff
1683964486729@passenger@0xac37a0543b6abb8e7add0c00128c9f486e45b0e9@TheMostNearbyCarIsSelected
1683964486729@passenger@0x7a5b8a958a74e39ade01f412951fb319ee4fe6d9@StartingPointWrittenToContract
1683964487141@passenger@0xcae58827099cb4557f40dd308f5efc29e9065be8@PassengerPaysAndGetsOff
1683964487141@passenger@0x95d2b2a36e6a3d1e7ac8edbf99481c6009a19131@PassengerOnBoard
1683964487705@passenger@0x7a5b8a958a74e39ade01f412951fb319ee4fe6d9@DestinationWrittenToContract
1683964487706@passenger@0x7a5b8a958a74e39ade01f412951fb319ee4fe6d9@GettingNearbyRegions
1683964487729@passenger@0x7a5b8a958a74e39ade01f412951fb319ee4fe6d9@FoundTheMostNearbyCar
1683964488331@passenger@0xfb1c049ecb1884a77e857bcca8ae6443f0143dbf@StartProcessing
1683964489913@passenger@0x95d2b2a36e6a3d1e7ac8edbf99481c6009a19131@PassengerArriveAtDestination
1683964489914@passenger@0xfb1c049ecb1884a77e857bcca8ae6443f0143dbf@StartingPointWrittenToContract
1683964489915@passenger@0xac37a0543b6abb8e7add0c00128c9f486e45b0e9@PassengerOnBoard
1683964489916@passenger@0x7a5b8a958a74e39ade01f412951fb319ee4fe6d9@TheMostNearbyCarIsSelected
1683964491332@passenger@0x4c0ae67f9e2dcabbcaee58afa56c14e427272b6f@StartProcessing
1683964492178@passenger@0xac37a0543b6abb8e7add0c00128c9f486e45b0e9@PassengerArriveAtDestination
1683964492181@passenger@0xfb1c049ecb1884a77e857bcca8ae6443f0143dbf@DestinationWrittenToContract
1683964492181@passenger@0x95d2b2a36e6a3d1e7ac8edbf99481c6009a19131@PassengerPaysAndGetsOff
1683964492182@passenger@0xfb1c049ecb1884a77e857bcca8ae6443f0143dbf@GettingNearbyRegions
1683964492210@passenger@0xfb1c049ecb1884a77e857bcca8ae6443f0143dbf@FoundTheMostNearbyCar
1683964492773@passenger@0x4c0ae67f9e2dcabbcaee58afa56c14e427272b6f@StartingPointWrittenToContract
1683964492823@passenger@0xac37a0543b6abb8e7add0c00128c9f486e45b0e9@PassengerPaysAndGetsOff
1683964492824@passenger@0x7a5b8a958a74e39ade01f412951fb319ee4fe6d9@PassengerOnBoard
1683964492824@passenger@0xfb1c049ecb1884a77e857bcca8ae6443f0143dbf@TheMostNearbyCarIsSelected
1683964493391@passenger@0x6d1558ef76336d670fb6f2b04ae1f345eab94761@FoundTheMostNearbyCar
1683964494331@passenger@0x0d5f26272be5a3b462c3b7a978c7bf4b0d6aadb1@StartProcessing
1683964495132@passenger@0x7a5b8a958a74e39ade01f412951fb319ee4fe6d9@PassengerArriveAtDestination
1683964495133@passenger@0x6d1558ef76336d670fb6f2b04ae1f345eab94761@TheMostNearbyCarIsSelected
1683964495133@passenger@0x4c0ae67f9e2dcabbcaee58afa56c14e427272b6f@DestinationWrittenToContract
1683964495134@passenger@0x0d5f26272be5a3b462c3b7a978c7bf4b0d6aadb1@StartingPointWrittenToContract
1683964495134@passenger@0x4c0ae67f9e2dcabbcaee58afa56c14e427272b6f@GettingNearbyRegions
1683964495183@passenger@0x4c0ae67f9e2dcabbcaee58afa56c14e427272b6f@FoundTheMostNearbyCar
1683964496902@passenger@0x7a5b8a958a74e39ade01f412951fb319ee4fe6d9@PassengerPaysAndGetsOff
1683964496904@passenger@0xfb1c049ecb1884a77e857bcca8ae6443f0143dbf@PassengerOnBoard
1683964496904@passenger@0x4c0ae67f9e2dcabbcaee58afa56c14e427272b6f@TheMostNearbyCarIsSelected
1683964496906@passenger@0x0d5f26272be5a3b462c3b7a978c7bf4b0d6aadb1@DestinationWrittenToContract
1683964496906@passenger@0x0d5f26272be5a3b462c3b7a978c7bf4b0d6aadb1@GettingNearbyRegions
1683964496942@passenger@0x0d5f26272be5a3b462c3b7a978c7bf4b0d6aadb1@FoundTheMostNearbyCar
1683964497324@passenger@0xfb1c049ecb1884a77e857bcca8ae6443f0143dbf@PassengerArriveAtDestination
1683964497326@passenger@0x6d1558ef76336d670fb6f2b04ae1f345eab94761@PassengerOnBoard
1683964497326@passenger@0x0d5f26272be5a3b462c3b7a978c7bf4b0d6aadb1@TheMostNearbyCarIsSelected
1683964497330@passenger@0x0cac0bfe17bd73be78486a51a15db39b10cbafcf@StartProcessing
1683964499103@passenger@0xd35d112793fe59877302d4064c9ef5a89c0485ba@FoundTheMostNearbyCar
1683964499501@passenger@0x6d1558ef76336d670fb6f2b04ae1f345eab94761@PassengerArriveAtDestination
1683964499503@passenger@0xfb1c049ecb1884a77e857bcca8ae6443f0143dbf@PassengerPaysAndGetsOff
1683964499504@passenger@0x4c0ae67f9e2dcabbcaee58afa56c14e427272b6f@PassengerOnBoard
1683964499504@passenger@0x0cac0bfe17bd73be78486a51a15db39b10cbafcf@StartingPointWrittenToContract
1683964499505@passenger@0xd35d112793fe59877302d4064c9ef5a89c0485ba@TheMostNearbyCarIsSelected
1683964500330@passenger@0xbf5868b482ace24aa4f339ceb26e32230fc7d3aa@StartProcessing
1683964501557@passenger@0x4c0ae67f9e2dcabbcaee58afa56c14e427272b6f@PassengerArriveAtDestination
1683964501558@passenger@0x0d5f26272be5a3b462c3b7a978c7bf4b0d6aadb1@PassengerOnBoard
1683964501559@passenger@0x6d1558ef76336d670fb6f2b04ae1f345eab94761@PassengerPaysAndGetsOff
1683964501559@passenger@0x0cac0bfe17bd73be78486a51a15db39b10cbafcf@DestinationWrittenToContract
1683964501559@passenger@0x0cac0bfe17bd73be78486a51a15db39b10cbafcf@GettingNearbyRegions
1683964501587@passenger@0x0cac0bfe17bd73be78486a51a15db39b10cbafcf@FoundTheMostNearbyCar
1683964503332@passenger@0x926f155822d00a9191fe71ec570bcd1f0eb0c300@StartProcessing
1683964503871@passenger@0xbf5868b482ace24aa4f339ceb26e32230fc7d3aa@StartingPointWrittenToContract
1683964504518@passenger@0x0d5f26272be5a3b462c3b7a978c7bf4b0d6aadb1@PassengerArriveAtDestination
1683964504520@passenger@0xd35d112793fe59877302d4064c9ef5a89c0485ba@PassengerOnBoard
1683964504520@passenger@0x4c0ae67f9e2dcabbcaee58afa56c14e427272b6f@PassengerPaysAndGetsOff
1683964504522@passenger@0x0cac0bfe17bd73be78486a51a15db39b10cbafcf@TheMostNearbyCarIsSelected
1683964504523@passenger@0x926f155822d00a9191fe71ec570bcd1f0eb0c300@StartingPointWrittenToContract
1683964504753@passenger@0xbf5868b482ace24aa4f339ceb26e32230fc7d3aa@DestinationWrittenToContract
1683964504754@passenger@0xbf5868b482ace24aa4f339ceb26e32230fc7d3aa@GettingNearbyRegions
1683964504783@passenger@0xbf5868b482ace24aa4f339ceb26e32230fc7d3aa@FoundTheMostNearbyCar
1683964504890@passenger@0xd35d112793fe59877302d4064c9ef5a89c0485ba@PassengerArriveAtDestination
1683964504890@passenger@0x926f155822d00a9191fe71ec570bcd1f0eb0c300@DestinationWrittenToContract
1683964504891@passenger@0x0d5f26272be5a3b462c3b7a978c7bf4b0d6aadb1@PassengerPaysAndGetsOff
1683964504891@passenger@0x926f155822d00a9191fe71ec570bcd1f0eb0c300@GettingNearbyRegions
1683964504921@passenger@0x926f155822d00a9191fe71ec570bcd1f0eb0c300@FoundTheMostNearbyCar
1683964506332@passenger@0xedb6f3a4a1ebc511f7fe9bd4f2cd4219ca0a3cf4@StartProcessing
1683964508280@passenger@0xbf5868b482ace24aa4f339ceb26e32230fc7d3aa@TheMostNearbyCarIsSelected
1683964508280@passenger@0x0cac0bfe17bd73be78486a51a15db39b10cbafcf@PassengerOnBoard
1683964508281@passenger@0xedb6f3a4a1ebc511f7fe9bd4f2cd4219ca0a3cf4@StartingPointWrittenToContract
1683964508281@passenger@0xd35d112793fe59877302d4064c9ef5a89c0485ba@PassengerPaysAndGetsOff
1683964508281@passenger@0x926f155822d00a9191fe71ec570bcd1f0eb0c300@TheMostNearbyCarConflict
1683964509331@passenger@0xbd2f3e025a8f0b0d8bb9f64ef60980ebb27e8d5d@StartProcessing
1683964509493@passenger@0x0cac0bfe17bd73be78486a51a15db39b10cbafcf@PassengerArriveAtDestination
1683964509497@passenger@0xedb6f3a4a1ebc511f7fe9bd4f2cd4219ca0a3cf4@DestinationWrittenToContract
1683964509498@passenger@0xedb6f3a4a1ebc511f7fe9bd4f2cd4219ca0a3cf4@GettingNearbyRegions
1683964509525@passenger@0xedb6f3a4a1ebc511f7fe9bd4f2cd4219ca0a3cf4@FoundTheMostNearbyCar
1683964509828@passenger@0xbd2f3e025a8f0b0d8bb9f64ef60980ebb27e8d5d@StartingPointWrittenToContract
1683964512333@passenger@0xabd6b57b7d198796947bc03e4f5bd911813caada@StartProcessing
1683964513999@passenger@0x0cac0bfe17bd73be78486a51a15db39b10cbafcf@PassengerPaysAndGetsOff
1683964513999@passenger@0xbd2f3e025a8f0b0d8bb9f64ef60980ebb27e8d5d@DestinationWrittenToContract
1683964514000@passenger@0xbf5868b482ace24aa4f339ceb26e32230fc7d3aa@PassengerOnBoard
1683964514000@passenger@0xabd6b57b7d198796947bc03e4f5bd911813caada@StartingPointWrittenToContract
1683964514000@passenger@0xedb6f3a4a1ebc511f7fe9bd4f2cd4219ca0a3cf4@TheMostNearbyCarIsSelected
1683964514002@passenger@0xbd2f3e025a8f0b0d8bb9f64ef60980ebb27e8d5d@GettingNearbyRegions
1683964514032@passenger@0xbd2f3e025a8f0b0d8bb9f64ef60980ebb27e8d5d@FoundTheMostNearbyCar
1683964515249@passenger@0xbf5868b482ace24aa4f339ceb26e32230fc7d3aa@PassengerArriveAtDestination
1683964515252@passenger@0xabd6b57b7d198796947bc03e4f5bd911813caada@DestinationWrittenToContract
1683964515253@passenger@0xbd2f3e025a8f0b0d8bb9f64ef60980ebb27e8d5d@TheMostNearbyCarIsSelected
1683964515254@passenger@0xabd6b57b7d198796947bc03e4f5bd911813caada@GettingNearbyRegions
1683964515285@passenger@0xabd6b57b7d198796947bc03e4f5bd911813caada@FoundTheMostNearbyCar
1683964515330@passenger@0x62119c27e0081b14e6e0c596603d21eaa6d6452b@StartProcessing
1683964517647@passenger@0xbf5868b482ace24aa4f339ceb26e32230fc7d3aa@PassengerPaysAndGetsOff
1683964517647@passenger@0xedb6f3a4a1ebc511f7fe9bd4f2cd4219ca0a3cf4@PassengerOnBoard
1683964517648@passenger@0xabd6b57b7d198796947bc03e4f5bd911813caada@TheMostNearbyCarIsSelected
1683964517649@passenger@0x62119c27e0081b14e6e0c596603d21eaa6d6452b@StartingPointWrittenToContract
1683964518330@passenger@0xc265c858c1186113b2d830e6f46f6d95142e9750@StartProcessing
1683964519497@passenger@0xedb6f3a4a1ebc511f7fe9bd4f2cd4219ca0a3cf4@PassengerArriveAtDestination
1683964519498@passenger@0xbd2f3e025a8f0b0d8bb9f64ef60980ebb27e8d5d@PassengerOnBoard
1683964519498@passenger@0x62119c27e0081b14e6e0c596603d21eaa6d6452b@DestinationWrittenToContract
1683964519498@passenger@0xc265c858c1186113b2d830e6f46f6d95142e9750@StartingPointWrittenToContract
1683964519499@passenger@0x62119c27e0081b14e6e0c596603d21eaa6d6452b@GettingNearbyRegions
1683964519528@passenger@0x62119c27e0081b14e6e0c596603d21eaa6d6452b@FoundTheMostNearbyCar
1683964521332@passenger@0x03875bcc0db199992266825e2c1cf0f5bfc200d2@StartProcessing
1683964521899@passenger@0xbd2f3e025a8f0b0d8bb9f64ef60980ebb27e8d5d@PassengerArriveAtDestination
1683964521901@passenger@0xedb6f3a4a1ebc511f7fe9bd4f2cd4219ca0a3cf4@PassengerPaysAndGetsOff
1683964521901@passenger@0x62119c27e0081b14e6e0c596603d21eaa6d6452b@TheMostNearbyCarIsSelected
1683964521901@passenger@0xc265c858c1186113b2d830e6f46f6d95142e9750@DestinationWrittenToContract
1683964521903@passenger@0xabd6b57b7d198796947bc03e4f5bd911813caada@PassengerOnBoard
1683964521903@passenger@0x03875bcc0db199992266825e2c1cf0f5bfc200d2@StartingPointWrittenToContract
1683964521904@passenger@0xc265c858c1186113b2d830e6f46f6d95142e9750@GettingNearbyRegions
1683964521939@passenger@0xc265c858c1186113b2d830e6f46f6d95142e9750@FoundTheMostNearbyCar
1683964522314@passenger@0x926f155822d00a9191fe71ec570bcd1f0eb0c300@FoundTheMostNearbyCar
1683964523058@passenger@0xabd6b57b7d198796947bc03e4f5bd911813caada@PassengerArriveAtDestination
1683964523061@passenger@0x03875bcc0db199992266825e2c1cf0f5bfc200d2@DestinationWrittenToContract
1683964523061@passenger@0xbd2f3e025a8f0b0d8bb9f64ef60980ebb27e8d5d@PassengerPaysAndGetsOff
1683964523061@passenger@0x926f155822d00a9191fe71ec570bcd1f0eb0c300@TheMostNearbyCarIsSelected
1683964523062@passenger@0xc265c858c1186113b2d830e6f46f6d95142e9750@TheMostNearbyCarConflict
1683964523063@passenger@0x03875bcc0db199992266825e2c1cf0f5bfc200d2@GettingNearbyRegions
1683964523089@passenger@0x03875bcc0db199992266825e2c1cf0f5bfc200d2@FoundTheMostNearbyCar
1683964524331@passenger@0xf0ce9fe96ac15405e4fd51a62cbdbdaef2d36372@StartProcessing
1683964525821@passenger@0x03875bcc0db199992266825e2c1cf0f5bfc200d2@TheMostNearbyCarIsSelected
1683964525822@passenger@0xabd6b57b7d198796947bc03e4f5bd911813caada@PassengerPaysAndGetsOff
1683964525822@passenger@0x62119c27e0081b14e6e0c596603d21eaa6d6452b@PassengerOnBoard
1683964525822@passenger@0xf0ce9fe96ac15405e4fd51a62cbdbdaef2d36372@StartingPointWrittenToContract
1683964527331@passenger@0x1bdf42d9a37b5b5c5a3bc09cadfade23d075791a@StartProcessing
1683964528137@passenger@0x62119c27e0081b14e6e0c596603d21eaa6d6452b@PassengerArriveAtDestination
1683964528139@passenger@0x926f155822d00a9191fe71ec570bcd1f0eb0c300@PassengerOnBoard
1683964528140@passenger@0xf0ce9fe96ac15405e4fd51a62cbdbdaef2d36372@DestinationWrittenToContract
1683964528141@passenger@0xf0ce9fe96ac15405e4fd51a62cbdbdaef2d36372@GettingNearbyRegions
1683964528169@passenger@0xf0ce9fe96ac15405e4fd51a62cbdbdaef2d36372@FoundTheMostNearbyCar
1683964529421@passenger@0x1bdf42d9a37b5b5c5a3bc09cadfade23d075791a@StartingPointWrittenToContract
1683964530215@passenger@0x926f155822d00a9191fe71ec570bcd1f0eb0c300@PassengerArriveAtDestination
1683964530216@passenger@0x62119c27e0081b14e6e0c596603d21eaa6d6452b@PassengerPaysAndGetsOff
1683964530217@passenger@0x03875bcc0db199992266825e2c1cf0f5bfc200d2@PassengerOnBoard
1683964530217@passenger@0xf0ce9fe96ac15405e4fd51a62cbdbdaef2d36372@TheMostNearbyCarIsSelected
1683964530330@passenger@0x3449a20e1b4700ffd4dd49f0fc14bcac44fee63c@StartProcessing
1683964530582@passenger@0x1bdf42d9a37b5b5c5a3bc09cadfade23d075791a@DestinationWrittenToContract
1683964530583@passenger@0x1bdf42d9a37b5b5c5a3bc09cadfade23d075791a@GettingNearbyRegions
1683964530614@passenger@0x1bdf42d9a37b5b5c5a3bc09cadfade23d075791a@FoundTheMostNearbyCar
1683964530758@passenger@0x03875bcc0db199992266825e2c1cf0f5bfc200d2@PassengerArriveAtDestination
1683964530761@passenger@0x926f155822d00a9191fe71ec570bcd1f0eb0c300@PassengerPaysAndGetsOff
1683964530761@passenger@0x3449a20e1b4700ffd4dd49f0fc14bcac44fee63c@StartingPointWrittenToContract
1683964532784@passenger@0x3449a20e1b4700ffd4dd49f0fc14bcac44fee63c@DestinationWrittenToContract
1683964532785@passenger@0x03875bcc0db199992266825e2c1cf0f5bfc200d2@PassengerPaysAndGetsOff
1683964532786@passenger@0xf0ce9fe96ac15405e4fd51a62cbdbdaef2d36372@PassengerOnBoard
1683964532786@passenger@0x1bdf42d9a37b5b5c5a3bc09cadfade23d075791a@TheMostNearbyCarIsSelected
1683964532786@passenger@0x3449a20e1b4700ffd4dd49f0fc14bcac44fee63c@GettingNearbyRegions
1683964532817@passenger@0x3449a20e1b4700ffd4dd49f0fc14bcac44fee63c@FoundTheMostNearbyCar
1683964533210@passenger@0xf0ce9fe96ac15405e4fd51a62cbdbdaef2d36372@PassengerArriveAtDestination
1683964533211@passenger@0x3449a20e1b4700ffd4dd49f0fc14bcac44fee63c@TheMostNearbyCarIsSelected
1683964533330@passenger@0xd2ed0cb17fd847c8aa8bc8e9ed3870481ede088b@StartProcessing
1683964536041@passenger@0x1bdf42d9a37b5b5c5a3bc09cadfade23d075791a@PassengerOnBoard
1683964536041@passenger@0xd2ed0cb17fd847c8aa8bc8e9ed3870481ede088b@StartingPointWrittenToContract
1683964536041@passenger@0xf0ce9fe96ac15405e4fd51a62cbdbdaef2d36372@PassengerPaysAndGetsOff
1683964536330@passenger@0x5227daf8db7c57d268979df21ba9ee9c93d26712@StartProcessing
1683964537088@passenger@0xc265c858c1186113b2d830e6f46f6d95142e9750@FoundTheMostNearbyCar
1683964537503@passenger@0x1bdf42d9a37b5b5c5a3bc09cadfade23d075791a@PassengerArriveAtDestination
1683964537505@passenger@0xd2ed0cb17fd847c8aa8bc8e9ed3870481ede088b@DestinationWrittenToContract
1683964537505@passenger@0x3449a20e1b4700ffd4dd49f0fc14bcac44fee63c@PassengerOnBoard
1683964537506@passenger@0x5227daf8db7c57d268979df21ba9ee9c93d26712@StartingPointWrittenToContract
1683964537506@passenger@0xc265c858c1186113b2d830e6f46f6d95142e9750@TheMostNearbyCarIsSelected
1683964537507@passenger@0xd2ed0cb17fd847c8aa8bc8e9ed3870481ede088b@GettingNearbyRegions
1683964537535@passenger@0xd2ed0cb17fd847c8aa8bc8e9ed3870481ede088b@FoundTheMostNearbyCar
1683964539332@passenger@0xb658cbd857f52f9705fbecf9b30cf827dd8c81a8@StartProcessing
1683964541255@passenger@0x3449a20e1b4700ffd4dd49f0fc14bcac44fee63c@PassengerArriveAtDestination
1683964541262@passenger@0xb658cbd857f52f9705fbecf9b30cf827dd8c81a8@StartingPointWrittenToContract
1683964541263@passenger@0xd2ed0cb17fd847c8aa8bc8e9ed3870481ede088b@TheMostNearbyCarIsSelected
1683964541264@passenger@0x5227daf8db7c57d268979df21ba9ee9c93d26712@DestinationWrittenToContract
1683964541264@passenger@0x1bdf42d9a37b5b5c5a3bc09cadfade23d075791a@PassengerPaysAndGetsOff
1683964541265@passenger@0x5227daf8db7c57d268979df21ba9ee9c93d26712@GettingNearbyRegions
1683964541300@passenger@0x5227daf8db7c57d268979df21ba9ee9c93d26712@FoundTheMostNearbyCar
1683964542331@passenger@0x5895ef03d8c36b9a53b4f961cd1345ed0bd79fa3@StartProcessing
1683964543888@passenger@0x5895ef03d8c36b9a53b4f961cd1345ed0bd79fa3@StartingPointWrittenToContract
1683964543889@passenger@0xc265c858c1186113b2d830e6f46f6d95142e9750@PassengerOnBoard
1683964543890@passenger@0x3449a20e1b4700ffd4dd49f0fc14bcac44fee63c@PassengerPaysAndGetsOff
1683964543890@passenger@0x5227daf8db7c57d268979df21ba9ee9c93d26712@TheMostNearbyCarIsSelected
1683964543890@passenger@0xb658cbd857f52f9705fbecf9b30cf827dd8c81a8@DestinationWrittenToContract
1683964543892@passenger@0xb658cbd857f52f9705fbecf9b30cf827dd8c81a8@GettingNearbyRegions
1683964543925@passenger@0xb658cbd857f52f9705fbecf9b30cf827dd8c81a8@FoundTheMostNearbyCar
1683964545278@passenger@0xc265c858c1186113b2d830e6f46f6d95142e9750@PassengerArriveAtDestination
1683964545279@passenger@0xd2ed0cb17fd847c8aa8bc8e9ed3870481ede088b@PassengerOnBoard
1683964545279@passenger@0xb658cbd857f52f9705fbecf9b30cf827dd8c81a8@TheMostNearbyCarIsSelected
1683964545280@passenger@0x5895ef03d8c36b9a53b4f961cd1345ed0bd79fa3@DestinationWrittenToContract
1683964545281@passenger@0x5895ef03d8c36b9a53b4f961cd1345ed0bd79fa3@GettingNearbyRegions
1683964545313@passenger@0x5895ef03d8c36b9a53b4f961cd1345ed0bd79fa3@FoundTheMostNearbyCar
1683964545331@passenger@0x4093777e3bf0a104ef5576011a965c58a206b69b@StartProcessing
1683964546836@passenger@0xd2ed0cb17fd847c8aa8bc8e9ed3870481ede088b@PassengerArriveAtDestination
1683964546840@passenger@0xc265c858c1186113b2d830e6f46f6d95142e9750@PassengerPaysAndGetsOff
1683964546840@passenger@0x5895ef03d8c36b9a53b4f961cd1345ed0bd79fa3@TheMostNearbyCarIsSelected
1683964546840@passenger@0x4093777e3bf0a104ef5576011a965c58a206b69b@StartingPointWrittenToContract
1683964546841@passenger@0x5227daf8db7c57d268979df21ba9ee9c93d26712@PassengerOnBoard
1683964548332@passenger@0x7906b337632876b8050f55ee5b57228f02972fa3@StartProcessing
1683964550886@passenger@0x5227daf8db7c57d268979df21ba9ee9c93d26712@PassengerArriveAtDestination
1683964550890@passenger@0xd2ed0cb17fd847c8aa8bc8e9ed3870481ede088b@PassengerPaysAndGetsOff
1683964550890@passenger@0x4093777e3bf0a104ef5576011a965c58a206b69b@DestinationWrittenToContract
1683964550891@passenger@0xb658cbd857f52f9705fbecf9b30cf827dd8c81a8@PassengerOnBoard
1683964550891@passenger@0x7906b337632876b8050f55ee5b57228f02972fa3@StartingPointWrittenToContract
1683964550891@passenger@0x4093777e3bf0a104ef5576011a965c58a206b69b@GettingNearbyRegions
1683964550918@passenger@0x4093777e3bf0a104ef5576011a965c58a206b69b@FoundTheMostNearbyCar
1683964551330@passenger@0x3b49b8eb1d9d3c28242b97c135379e0e32468fb9@StartProcessing
1683964552486@passenger@0xb658cbd857f52f9705fbecf9b30cf827dd8c81a8@PassengerArriveAtDestination
1683964552487@passenger@0x7906b337632876b8050f55ee5b57228f02972fa3@DestinationWrittenToContract
1683964552487@passenger@0x5227daf8db7c57d268979df21ba9ee9c93d26712@PassengerPaysAndGetsOff
1683964552487@passenger@0x4093777e3bf0a104ef5576011a965c58a206b69b@TheMostNearbyCarIsSelected
1683964552487@passenger@0x5895ef03d8c36b9a53b4f961cd1345ed0bd79fa3@PassengerOnBoard
1683964552489@passenger@0x7906b337632876b8050f55ee5b57228f02972fa3@GettingNearbyRegions
1683964552520@passenger@0x7906b337632876b8050f55ee5b57228f02972fa3@FoundTheMostNearbyCar
1683964553495@passenger@0x3b49b8eb1d9d3c28242b97c135379e0e32468fb9@StartingPointWrittenToContract
1683964554952@passenger@0x5895ef03d8c36b9a53b4f961cd1345ed0bd79fa3@PassengerArriveAtDestination
1683964554955@passenger@0xb658cbd857f52f9705fbecf9b30cf827dd8c81a8@PassengerPaysAndGetsOff
1683964554956@passenger@0x7906b337632876b8050f55ee5b57228f02972fa3@TheMostNearbyCarIsSelected
1683964555849@passenger@0x3b49b8eb1d9d3c28242b97c135379e0e32468fb9@DestinationWrittenToContract
1683964555850@passenger@0x3b49b8eb1d9d3c28242b97c135379e0e32468fb9@GettingNearbyRegions
1683964555884@passenger@0x3b49b8eb1d9d3c28242b97c135379e0e32468fb9@FoundTheMostNearbyCar
1683964556212@passenger@0x4093777e3bf0a104ef5576011a965c58a206b69b@PassengerOnBoard
1683964556212@passenger@0x5895ef03d8c36b9a53b4f961cd1345ed0bd79fa3@PassengerPaysAndGetsOff
1683964557112@passenger@0x3b49b8eb1d9d3c28242b97c135379e0e32468fb9@TheMostNearbyCarIsSelected
1683964557212@passenger@0x4093777e3bf0a104ef5576011a965c58a206b69b@PassengerArriveAtDestination
1683964557214@passenger@0x7906b337632876b8050f55ee5b57228f02972fa3@PassengerOnBoard
1683964560128@passenger@0x7906b337632876b8050f55ee5b57228f02972fa3@PassengerArriveAtDestination
1683964560130@passenger@0x4093777e3bf0a104ef5576011a965c58a206b69b@PassengerPaysAndGetsOff
1683964560131@passenger@0x3b49b8eb1d9d3c28242b97c135379e0e32468fb9@PassengerOnBoard
1683964560826@passenger@0x3b49b8eb1d9d3c28242b97c135379e0e32468fb9@PassengerArriveAtDestination
1683964560828@passenger@0x7906b337632876b8050f55ee5b57228f02972fa3@PassengerPaysAndGetsOff
1683964563469@passenger@0x3b49b8eb1d9d3c28242b97c135379e0e32468fb9@PassengerPaysAndGetsOff
