1683893472485@vehicle@0x1cdf2caf87fe659e3d2fb0d2482049d74375eca6@StartProcessing
1683893472501@vehicle@0x00cbd2864b7c93822826f80a7c968a2ada1cbaa7@StartProcessing
1683893472503@vehicle@0x6667d6c8b9d92f20a6a8ffaae8aace0147bee999@StartProcessing
1683893472504@vehicle@0x98a7df3e665e83ed12f900bb0a9f7d2914808fa7@StartProcessing
1683893472506@vehicle@0xcb1d4560f811ae161002ffadc4c834ecd1fa82ba@StartProcessing
1683893472507@vehicle@0x3d79e4b740913678fcab6e490f4c273f3e7d6a89@StartProcessing
1683893472508@vehicle@0xbcbc44f60dea618c7df6a08a3a9683ee138813ba@StartProcessing
1683893472510@vehicle@0x1c230c5d5ae6b126d0d7fd8e8af3aa09905d2b4b@StartProcessing
1683893472511@vehicle@0x075c06e40ff4067d3f9d765719555f06532bb170@StartProcessing
1683893472512@vehicle@0xbb9fdf370e08bb5dee6f39ea440de18f01cdb1c8@StartProcessing
1683893472513@vehicle@0xed04389fb476cbfb0737477e9aa3a509404917cf@StartProcessing
1683893472515@vehicle@0x54dd0a733e1c1ae9ea5ddab64c5f3922daec1ddf@StartProcessing
1683893472515@vehicle@0xd93f7bbe87e0986efca3dedc91880635a0f355d9@StartProcessing
1683893472516@vehicle@0x781b6d4d069a201ca8dc1542684edffd1b79c025@StartProcessing
1683893472516@vehicle@0x05d6ca3c365ab26983bfca03809309a8258e3f62@StartProcessing
1683893472517@vehicle@0x792e5531f6d360524e4dd3f1d17725edcc9b1dc1@StartProcessing
1683893493408@vehicle@0x00cbd2864b7c93822826f80a7c968a2ada1cbaa7@PickUp@0x086ba65affc894f226e87f8d16f20a35d4f60b4d000000000000000000000000
1683893493416@vehicle@0x00cbd2864b7c93822826f80a7c968a2ada1cbaa7@FinishedAStarToStartingPoint
1683893495966@vehicle@0x05d6ca3c365ab26983bfca03809309a8258e3f62@PickUp@0x2702ee5633daab4d277f5660f1c29d3e5454f7b3000000000000000000000000
1683893495969@vehicle@0x05d6ca3c365ab26983bfca03809309a8258e3f62@FinishedAStarToStartingPoint
1683893495971@vehicle@0x00cbd2864b7c93822826f80a7c968a2ada1cbaa7@StoreRouteToStartingPointThroughAStarSuccess
1683893500142@vehicle@0x075c06e40ff4067d3f9d765719555f06532bb170@PickUp@0x7a594ef9f871e4ef17c8d659aa58b3b09e090cf3000000000000000000000000
1683893500145@vehicle@0x05d6ca3c365ab26983bfca03809309a8258e3f62@StoreRouteToStartingPointThroughAStarSuccess
1683893500145@vehicle@0x00cbd2864b7c93822826f80a7c968a2ada1cbaa7@DestinationReady
1683893500146@vehicle@0x075c06e40ff4067d3f9d765719555f06532bb170@FinishedAStarToStartingPoint
1683893500148@vehicle@0x00cbd2864b7c93822826f80a7c968a2ada1cbaa7@FinishedAStarToDestination
1683893501184@vehicle@0x05d6ca3c365ab26983bfca03809309a8258e3f62@DestinationReady
1683893501185@vehicle@0x075c06e40ff4067d3f9d765719555f06532bb170@StoreRouteToStartingPointThroughAStarSuccess
1683893501185@vehicle@0x00cbd2864b7c93822826f80a7c968a2ada1cbaa7@StoreRouteToDestinationSuccess
1683893501185@vehicle@0x05d6ca3c365ab26983bfca03809309a8258e3f62@FinishedAStarToDestination
1683893502068@vehicle@0x1c230c5d5ae6b126d0d7fd8e8af3aa09905d2b4b@PickUp@0xb2e192f38247113c0a695a4da975771bfd32d68e000000000000000000000000
1683893502070@vehicle@0x1c230c5d5ae6b126d0d7fd8e8af3aa09905d2b4b@FinishedAStarToStartingPoint
1683893502275@vehicle@0x00cbd2864b7c93822826f80a7c968a2ada1cbaa7@PassengerPaid
1683893502293@vehicle@0x075c06e40ff4067d3f9d765719555f06532bb170@DestinationReady
1683893502295@vehicle@0x05d6ca3c365ab26983bfca03809309a8258e3f62@StoreRouteToDestinationSuccess
1683893502296@vehicle@0x00cbd2864b7c93822826f80a7c968a2ada1cbaa7@CarReleased
1683893502296@vehicle@0x075c06e40ff4067d3f9d765719555f06532bb170@FinishedAStarToDestination
1683893504949@vehicle@0x05d6ca3c365ab26983bfca03809309a8258e3f62@PassengerPaid
1683893504954@vehicle@0x1cdf2caf87fe659e3d2fb0d2482049d74375eca6@PickUp@0xa97253e4fe217e80b5f2e995bd54904f63726719000000000000000000000000
1683893504957@vehicle@0x075c06e40ff4067d3f9d765719555f06532bb170@StoreRouteToDestinationSuccess
1683893504957@vehicle@0x1c230c5d5ae6b126d0d7fd8e8af3aa09905d2b4b@StoreRouteToStartingPointThroughAStarSuccess
1683893504958@vehicle@0x1cdf2caf87fe659e3d2fb0d2482049d74375eca6@FinishedAStarToStartingPoint
1683893504958@vehicle@0x05d6ca3c365ab26983bfca03809309a8258e3f62@CarReleased
1683893510672@vehicle@0x075c06e40ff4067d3f9d765719555f06532bb170@PassengerPaid
1683893510674@vehicle@0x1c230c5d5ae6b126d0d7fd8e8af3aa09905d2b4b@DestinationReady
1683893510675@vehicle@0x1cdf2caf87fe659e3d2fb0d2482049d74375eca6@StoreRouteToStartingPointThroughAStarSuccess
1683893510676@vehicle@0x1c230c5d5ae6b126d0d7fd8e8af3aa09905d2b4b@FinishedAStarToDestination
1683893510676@vehicle@0x075c06e40ff4067d3f9d765719555f06532bb170@CarReleased
1683893512675@vehicle@0x00cbd2864b7c93822826f80a7c968a2ada1cbaa7@PickUp@0x2888bd343cbbc9cb5469c7a3c52d51dff4350d97000000000000000000000000
1683893512679@vehicle@0x00cbd2864b7c93822826f80a7c968a2ada1cbaa7@FinishedAStarToStartingPoint
1683893513044@vehicle@0x1c230c5d5ae6b126d0d7fd8e8af3aa09905d2b4b@StoreRouteToDestinationSuccess
1683893513044@vehicle@0x1cdf2caf87fe659e3d2fb0d2482049d74375eca6@DestinationReady
1683893513046@vehicle@0x1cdf2caf87fe659e3d2fb0d2482049d74375eca6@FinishedAStarToDestination
1683893514099@vehicle@0x00cbd2864b7c93822826f80a7c968a2ada1cbaa7@StoreRouteToStartingPointThroughAStarSuccess
1683893515306@vehicle@0x05d6ca3c365ab26983bfca03809309a8258e3f62@PickUp@0x441d24425b99411edd0ecf95501cb0db988e2f13000000000000000000000000
1683893515308@vehicle@0x1c230c5d5ae6b126d0d7fd8e8af3aa09905d2b4b@PassengerPaid
1683893515312@vehicle@0x1cdf2caf87fe659e3d2fb0d2482049d74375eca6@StoreRouteToDestinationSuccess
1683893515313@vehicle@0x05d6ca3c365ab26983bfca03809309a8258e3f62@FinishedAStarToStartingPoint
1683893515315@vehicle@0x1c230c5d5ae6b126d0d7fd8e8af3aa09905d2b4b@CarReleased
1683893516546@vehicle@0x00cbd2864b7c93822826f80a7c968a2ada1cbaa7@DestinationReady
1683893516548@vehicle@0x00cbd2864b7c93822826f80a7c968a2ada1cbaa7@FinishedAStarToDestination
1683893517361@vehicle@0x1cdf2caf87fe659e3d2fb0d2482049d74375eca6@PassengerPaid
1683893517362@vehicle@0x075c06e40ff4067d3f9d765719555f06532bb170@PickUp@0xe3cfc7fd117fa5762bfb5390acbdf48557a18ac2000000000000000000000000
1683893517369@vehicle@0x05d6ca3c365ab26983bfca03809309a8258e3f62@StoreRouteToStartingPointThroughAStarSuccess
1683893517370@vehicle@0x075c06e40ff4067d3f9d765719555f06532bb170@FinishedAStarToStartingPoint
1683893517372@vehicle@0x1cdf2caf87fe659e3d2fb0d2482049d74375eca6@CarReleased
1683893517483@vehicle@0x00cbd2864b7c93822826f80a7c968a2ada1cbaa7@StoreRouteToDestinationSuccess
1683893517745@vehicle@0x075c06e40ff4067d3f9d765719555f06532bb170@StoreRouteToStartingPointThroughAStarSuccess
1683893517745@vehicle@0x05d6ca3c365ab26983bfca03809309a8258e3f62@DestinationReady
1683893517746@vehicle@0x05d6ca3c365ab26983bfca03809309a8258e3f62@FinishedAStarToDestination
1683893520949@vehicle@0x1c230c5d5ae6b126d0d7fd8e8af3aa09905d2b4b@PickUp@0xf85378de486a9514f26f3118450ff6409aaf2bfb000000000000000000000000
1683893520963@vehicle@0x00cbd2864b7c93822826f80a7c968a2ada1cbaa7@PassengerPaid
1683893520966@vehicle@0x075c06e40ff4067d3f9d765719555f06532bb170@DestinationReady
1683893520967@vehicle@0x1c230c5d5ae6b126d0d7fd8e8af3aa09905d2b4b@FinishedAStarToStartingPoint
1683893520970@vehicle@0x05d6ca3c365ab26983bfca03809309a8258e3f62@StoreRouteToDestinationSuccess
1683893520971@vehicle@0x075c06e40ff4067d3f9d765719555f06532bb170@FinishedAStarToDestination
1683893520974@vehicle@0x00cbd2864b7c93822826f80a7c968a2ada1cbaa7@CarReleased
1683893525135@vehicle@0x05d6ca3c365ab26983bfca03809309a8258e3f62@PassengerPaid
1683893525141@vehicle@0x1c230c5d5ae6b126d0d7fd8e8af3aa09905d2b4b@StoreRouteToStartingPointThroughAStarSuccess
1683893525142@vehicle@0x075c06e40ff4067d3f9d765719555f06532bb170@StoreRouteToDestinationSuccess
1683893525142@vehicle@0x05d6ca3c365ab26983bfca03809309a8258e3f62@CarReleased
1683893528260@vehicle@0x00cbd2864b7c93822826f80a7c968a2ada1cbaa7@PickUp@0x2a52bc09f527f500c7fc62c63f681d24dad62a77000000000000000000000000
1683893528270@vehicle@0x075c06e40ff4067d3f9d765719555f06532bb170@PassengerPaid
1683893528272@vehicle@0x1c230c5d5ae6b126d0d7fd8e8af3aa09905d2b4b@DestinationReady
1683893528275@vehicle@0x00cbd2864b7c93822826f80a7c968a2ada1cbaa7@FinishedAStarToStartingPoint
1683893528277@vehicle@0x1c230c5d5ae6b126d0d7fd8e8af3aa09905d2b4b@FinishedAStarToDestination
1683893528279@vehicle@0x075c06e40ff4067d3f9d765719555f06532bb170@CarReleased
1683893531999@vehicle@0x05d6ca3c365ab26983bfca03809309a8258e3f62@PickUp@0x7776ed3449f97157630b06035e11bc7759e4f0db000000000000000000000000
1683893532004@vehicle@0x05d6ca3c365ab26983bfca03809309a8258e3f62@FinishedAStarToStartingPoint
1683893532006@vehicle@0x00cbd2864b7c93822826f80a7c968a2ada1cbaa7@StoreRouteToStartingPointThroughAStarSuccess
1683893532007@vehicle@0x1c230c5d5ae6b126d0d7fd8e8af3aa09905d2b4b@StoreRouteToDestinationSuccess
1683893533080@vehicle@0x1c230c5d5ae6b126d0d7fd8e8af3aa09905d2b4b@PassengerPaid
1683893533082@vehicle@0x00cbd2864b7c93822826f80a7c968a2ada1cbaa7@DestinationReady
1683893533083@vehicle@0x05d6ca3c365ab26983bfca03809309a8258e3f62@StoreRouteToStartingPointThroughAStarSuccess
1683893533084@vehicle@0x00cbd2864b7c93822826f80a7c968a2ada1cbaa7@FinishedAStarToDestination
1683893533086@vehicle@0x1c230c5d5ae6b126d0d7fd8e8af3aa09905d2b4b@CarReleased
1683893533409@vehicle@0x075c06e40ff4067d3f9d765719555f06532bb170@PickUp@0xd30d093abb9d34fb14917d07121ed6a61cb1f99e000000000000000000000000
1683893533410@vehicle@0x075c06e40ff4067d3f9d765719555f06532bb170@FinishedAStarToStartingPoint
1683893535681@vehicle@0x00cbd2864b7c93822826f80a7c968a2ada1cbaa7@StoreRouteToDestinationSuccess
1683893535683@vehicle@0x075c06e40ff4067d3f9d765719555f06532bb170@StoreRouteToStartingPointThroughAStarSuccess
1683893535683@vehicle@0x05d6ca3c365ab26983bfca03809309a8258e3f62@DestinationReady
1683893535686@vehicle@0x05d6ca3c365ab26983bfca03809309a8258e3f62@FinishedAStarToDestination
1683893539076@vehicle@0x00cbd2864b7c93822826f80a7c968a2ada1cbaa7@PassengerPaid
1683893539079@vehicle@0x075c06e40ff4067d3f9d765719555f06532bb170@DestinationReady
1683893539080@vehicle@0x05d6ca3c365ab26983bfca03809309a8258e3f62@StoreRouteToDestinationSuccess
1683893539080@vehicle@0x075c06e40ff4067d3f9d765719555f06532bb170@FinishedAStarToDestination
1683893539082@vehicle@0x00cbd2864b7c93822826f80a7c968a2ada1cbaa7@CarReleased
1683893541931@vehicle@0x1c230c5d5ae6b126d0d7fd8e8af3aa09905d2b4b@PickUp@0x3c28dc70332560ed17d1002704780df9df497abb000000000000000000000000
1683893541934@vehicle@0x05d6ca3c365ab26983bfca03809309a8258e3f62@PassengerPaid
1683893541941@vehicle@0x1c230c5d5ae6b126d0d7fd8e8af3aa09905d2b4b@FinishedAStarToStartingPoint
1683893541943@vehicle@0x075c06e40ff4067d3f9d765719555f06532bb170@StoreRouteToDestinationSuccess
1683893541943@vehicle@0x05d6ca3c365ab26983bfca03809309a8258e3f62@CarReleased
1683893545438@vehicle@0x075c06e40ff4067d3f9d765719555f06532bb170@PassengerPaid
1683893545440@vehicle@0x00cbd2864b7c93822826f80a7c968a2ada1cbaa7@PickUp@0xeef75753e18f97f0ee8a61119d84cdba23d22a7f000000000000000000000000
1683893545447@vehicle@0x1c230c5d5ae6b126d0d7fd8e8af3aa09905d2b4b@StoreRouteToStartingPointThroughAStarSuccess
1683893545448@vehicle@0x00cbd2864b7c93822826f80a7c968a2ada1cbaa7@FinishedAStarToStartingPoint
1683893545449@vehicle@0x075c06e40ff4067d3f9d765719555f06532bb170@CarReleased
1683893548345@vehicle@0x05d6ca3c365ab26983bfca03809309a8258e3f62@PickUp@0x0c05c7ae6e3a58c23e5d27fc1d121ed1aec0f738000000000000000000000000
1683893548353@vehicle@0x05d6ca3c365ab26983bfca03809309a8258e3f62@FinishedAStarToStartingPoint
1683893548356@vehicle@0x00cbd2864b7c93822826f80a7c968a2ada1cbaa7@StoreRouteToStartingPointThroughAStarSuccess
1683893548356@vehicle@0x1c230c5d5ae6b126d0d7fd8e8af3aa09905d2b4b@DestinationReady
1683893548358@vehicle@0x1c230c5d5ae6b126d0d7fd8e8af3aa09905d2b4b@FinishedAStarToDestination
1683893548408@vehicle@0x00cbd2864b7c93822826f80a7c968a2ada1cbaa7@DestinationReady
1683893548409@vehicle@0x05d6ca3c365ab26983bfca03809309a8258e3f62@StoreRouteToStartingPointThroughAStarSuccess
1683893548410@vehicle@0x1c230c5d5ae6b126d0d7fd8e8af3aa09905d2b4b@StoreRouteToDestinationSuccess
1683893548410@vehicle@0x00cbd2864b7c93822826f80a7c968a2ada1cbaa7@FinishedAStarToDestination
1683893558225@vehicle@0x075c06e40ff4067d3f9d765719555f06532bb170@PickUp@0x7b11919cd9db9a817c8f9d2e9477f410273a3ceb000000000000000000000000
1683893558230@vehicle@0x1c230c5d5ae6b126d0d7fd8e8af3aa09905d2b4b@PassengerPaid
1683893558241@vehicle@0x075c06e40ff4067d3f9d765719555f06532bb170@FinishedAStarToStartingPoint
1683893558243@vehicle@0x00cbd2864b7c93822826f80a7c968a2ada1cbaa7@StoreRouteToDestinationSuccess
1683893558244@vehicle@0x05d6ca3c365ab26983bfca03809309a8258e3f62@DestinationReady
1683893558246@vehicle@0x1c230c5d5ae6b126d0d7fd8e8af3aa09905d2b4b@CarReleased
1683893558247@vehicle@0x05d6ca3c365ab26983bfca03809309a8258e3f62@FinishedAStarToDestination
1683893562522@vehicle@0x00cbd2864b7c93822826f80a7c968a2ada1cbaa7@PassengerPaid
1683893562526@vehicle@0x075c06e40ff4067d3f9d765719555f06532bb170@StoreRouteToStartingPointThroughAStarSuccess
1683893562526@vehicle@0x05d6ca3c365ab26983bfca03809309a8258e3f62@StoreRouteToDestinationSuccess
1683893562528@vehicle@0x00cbd2864b7c93822826f80a7c968a2ada1cbaa7@CarReleased
1683893563158@vehicle@0x1cdf2caf87fe659e3d2fb0d2482049d74375eca6@PickUp@0x2a772e261792d208c40d685b31673a85ad18eb90000000000000000000000000
1683893563161@vehicle@0x1cdf2caf87fe659e3d2fb0d2482049d74375eca6@FinishedAStarToStartingPoint
1683893564328@vehicle@0x1c230c5d5ae6b126d0d7fd8e8af3aa09905d2b4b@PickUp@0x17164c34807aa124363d80a604efd4560d8cea0e000000000000000000000000
1683893564334@vehicle@0x05d6ca3c365ab26983bfca03809309a8258e3f62@PassengerPaid
1683893564340@vehicle@0x1c230c5d5ae6b126d0d7fd8e8af3aa09905d2b4b@FinishedAStarToStartingPoint
1683893564342@vehicle@0x075c06e40ff4067d3f9d765719555f06532bb170@DestinationReady
1683893564343@vehicle@0x05d6ca3c365ab26983bfca03809309a8258e3f62@CarReleased
1683893564343@vehicle@0x075c06e40ff4067d3f9d765719555f06532bb170@FinishedAStarToDestination
1683893565269@vehicle@0x1cdf2caf87fe659e3d2fb0d2482049d74375eca6@StoreRouteToStartingPointThroughAStarSuccess
1683893566776@vehicle@0x00cbd2864b7c93822826f80a7c968a2ada1cbaa7@PickUp@0x9edfe6721d18361bf2b6d83b5cc22c0bf4db6314000000000000000000000000
1683893566779@vehicle@0x00cbd2864b7c93822826f80a7c968a2ada1cbaa7@FinishedAStarToStartingPoint
1683893566781@vehicle@0x075c06e40ff4067d3f9d765719555f06532bb170@StoreRouteToDestinationSuccess
1683893566782@vehicle@0x1c230c5d5ae6b126d0d7fd8e8af3aa09905d2b4b@StoreRouteToStartingPointThroughAStarSuccess
1683893567338@vehicle@0x1cdf2caf87fe659e3d2fb0d2482049d74375eca6@DestinationReady
1683893567340@vehicle@0x1cdf2caf87fe659e3d2fb0d2482049d74375eca6@FinishedAStarToDestination
1683893568624@vehicle@0x075c06e40ff4067d3f9d765719555f06532bb170@PassengerPaid
1683893568636@vehicle@0x1c230c5d5ae6b126d0d7fd8e8af3aa09905d2b4b@DestinationReady
1683893568638@vehicle@0x00cbd2864b7c93822826f80a7c968a2ada1cbaa7@StoreRouteToStartingPointThroughAStarSuccess
1683893568638@vehicle@0x075c06e40ff4067d3f9d765719555f06532bb170@CarReleased
1683893568639@vehicle@0x1c230c5d5ae6b126d0d7fd8e8af3aa09905d2b4b@FinishedAStarToDestination
1683893568891@vehicle@0x05d6ca3c365ab26983bfca03809309a8258e3f62@PickUp@0x28a3f726b61a49da7ae14fd456b80e44e4974d1d000000000000000000000000
1683893568898@vehicle@0x1cdf2caf87fe659e3d2fb0d2482049d74375eca6@StoreRouteToDestinationSuccess
1683893568899@vehicle@0x05d6ca3c365ab26983bfca03809309a8258e3f62@FinishedAStarToStartingPoint
1683893569470@vehicle@0x1c230c5d5ae6b126d0d7fd8e8af3aa09905d2b4b@StoreRouteToDestinationSuccess
1683893569470@vehicle@0x00cbd2864b7c93822826f80a7c968a2ada1cbaa7@DestinationReady
1683893569472@vehicle@0x00cbd2864b7c93822826f80a7c968a2ada1cbaa7@FinishedAStarToDestination
1683893570011@vehicle@0x3d79e4b740913678fcab6e490f4c273f3e7d6a89@PickUp@0xb08c2456169491982bb3ab852eae8ee3300b9261000000000000000000000000
1683893570013@vehicle@0x1cdf2caf87fe659e3d2fb0d2482049d74375eca6@PassengerPaid
1683893570017@vehicle@0x3d79e4b740913678fcab6e490f4c273f3e7d6a89@FinishedAStarToStartingPoint
1683893570019@vehicle@0x05d6ca3c365ab26983bfca03809309a8258e3f62@StoreRouteToStartingPointThroughAStarSuccess
1683893570020@vehicle@0x1cdf2caf87fe659e3d2fb0d2482049d74375eca6@CarReleased
1683893571404@vehicle@0x1c230c5d5ae6b126d0d7fd8e8af3aa09905d2b4b@PassengerPaid
1683893571406@vehicle@0x00cbd2864b7c93822826f80a7c968a2ada1cbaa7@StoreRouteToDestinationSuccess
1683893571408@vehicle@0x1c230c5d5ae6b126d0d7fd8e8af3aa09905d2b4b@CarReleased
1683893573031@vehicle@0x3d79e4b740913678fcab6e490f4c273f3e7d6a89@StoreRouteToStartingPointThroughAStarSuccess
1683893573031@vehicle@0x05d6ca3c365ab26983bfca03809309a8258e3f62@DestinationReady
1683893573033@vehicle@0x05d6ca3c365ab26983bfca03809309a8258e3f62@FinishedAStarToDestination
1683893573393@vehicle@0x075c06e40ff4067d3f9d765719555f06532bb170@PickUp@0xa95e44270fc15576da490955d8e6698e2a95f610000000000000000000000000
1683893573402@vehicle@0x00cbd2864b7c93822826f80a7c968a2ada1cbaa7@PassengerPaid
1683893573406@vehicle@0x075c06e40ff4067d3f9d765719555f06532bb170@FinishedAStarToStartingPoint
1683893573410@vehicle@0x00cbd2864b7c93822826f80a7c968a2ada1cbaa7@CarReleased
1683893579660@vehicle@0x1c230c5d5ae6b126d0d7fd8e8af3aa09905d2b4b@PickUp@0x814d66fc3f60ca8b257b21f1b89faeecd31475af000000000000000000000000
1683893579668@vehicle@0x075c06e40ff4067d3f9d765719555f06532bb170@StoreRouteToStartingPointThroughAStarSuccess
1683893579669@vehicle@0x1c230c5d5ae6b126d0d7fd8e8af3aa09905d2b4b@FinishedAStarToStartingPoint
1683893579671@vehicle@0x05d6ca3c365ab26983bfca03809309a8258e3f62@StoreRouteToDestinationSuccess
1683893579672@vehicle@0x3d79e4b740913678fcab6e490f4c273f3e7d6a89@DestinationReady
1683893579675@vehicle@0x3d79e4b740913678fcab6e490f4c273f3e7d6a89@FinishedAStarToDestination
1683893582219@vehicle@0x00cbd2864b7c93822826f80a7c968a2ada1cbaa7@PickUp@0x3007e2b9de5a7a57c84cd64609441bef2d29a9d0000000000000000000000000
1683893582220@vehicle@0x05d6ca3c365ab26983bfca03809309a8258e3f62@PassengerPaid
1683893582229@vehicle@0x00cbd2864b7c93822826f80a7c968a2ada1cbaa7@FinishedAStarToStartingPoint
1683893582230@vehicle@0x1c230c5d5ae6b126d0d7fd8e8af3aa09905d2b4b@StoreRouteToStartingPointThroughAStarSuccess
1683893582230@vehicle@0x075c06e40ff4067d3f9d765719555f06532bb170@DestinationReady
1683893582231@vehicle@0x3d79e4b740913678fcab6e490f4c273f3e7d6a89@StoreRouteToDestinationSuccess
1683893582232@vehicle@0x05d6ca3c365ab26983bfca03809309a8258e3f62@CarReleased
1683893582232@vehicle@0x075c06e40ff4067d3f9d765719555f06532bb170@FinishedAStarToDestination
1683893584949@vehicle@0x3d79e4b740913678fcab6e490f4c273f3e7d6a89@PassengerPaid
1683893584951@vehicle@0x1cdf2caf87fe659e3d2fb0d2482049d74375eca6@PickUp@0xea9453d9095bf11acba9728c471703e9af4c31af000000000000000000000000
1683893584955@vehicle@0x00cbd2864b7c93822826f80a7c968a2ada1cbaa7@StoreRouteToStartingPointThroughAStarSuccess
1683893584956@vehicle@0x075c06e40ff4067d3f9d765719555f06532bb170@StoreRouteToDestinationSuccess
1683893584957@vehicle@0x1cdf2caf87fe659e3d2fb0d2482049d74375eca6@FinishedAStarToStartingPoint
1683893584959@vehicle@0x1c230c5d5ae6b126d0d7fd8e8af3aa09905d2b4b@DestinationReady
1683893584960@vehicle@0x3d79e4b740913678fcab6e490f4c273f3e7d6a89@CarReleased
1683893584962@vehicle@0x1c230c5d5ae6b126d0d7fd8e8af3aa09905d2b4b@FinishedAStarToDestination
1683893585218@vehicle@0x075c06e40ff4067d3f9d765719555f06532bb170@PassengerPaid
1683893585221@vehicle@0x1cdf2caf87fe659e3d2fb0d2482049d74375eca6@StoreRouteToStartingPointThroughAStarSuccess
1683893585222@vehicle@0x1c230c5d5ae6b126d0d7fd8e8af3aa09905d2b4b@StoreRouteToDestinationSuccess
1683893585223@vehicle@0x00cbd2864b7c93822826f80a7c968a2ada1cbaa7@DestinationReady
1683893585226@vehicle@0x00cbd2864b7c93822826f80a7c968a2ada1cbaa7@FinishedAStarToDestination
1683893585227@vehicle@0x075c06e40ff4067d3f9d765719555f06532bb170@CarReleased
1683893588938@vehicle@0x1c230c5d5ae6b126d0d7fd8e8af3aa09905d2b4b@PassengerPaid
1683893588940@vehicle@0x00cbd2864b7c93822826f80a7c968a2ada1cbaa7@StoreRouteToDestinationSuccess
1683893588941@vehicle@0x1cdf2caf87fe659e3d2fb0d2482049d74375eca6@DestinationReady
1683893588943@vehicle@0x1cdf2caf87fe659e3d2fb0d2482049d74375eca6@FinishedAStarToDestination
1683893588944@vehicle@0x1c230c5d5ae6b126d0d7fd8e8af3aa09905d2b4b@CarReleased
1683893591763@vehicle@0x00cbd2864b7c93822826f80a7c968a2ada1cbaa7@PassengerPaid
1683893591767@vehicle@0x1cdf2caf87fe659e3d2fb0d2482049d74375eca6@StoreRouteToDestinationSuccess
1683893591769@vehicle@0x00cbd2864b7c93822826f80a7c968a2ada1cbaa7@CarReleased
1683893595176@vehicle@0x1cdf2caf87fe659e3d2fb0d2482049d74375eca6@PassengerPaid
1683893595182@vehicle@0x05d6ca3c365ab26983bfca03809309a8258e3f62@PickUp@0x073ad6ab89e9097b5405da6d46e1b0db47ec632e000000000000000000000000
1683893595185@vehicle@0x05d6ca3c365ab26983bfca03809309a8258e3f62@FinishedAStarToStartingPoint
1683893595186@vehicle@0x1cdf2caf87fe659e3d2fb0d2482049d74375eca6@CarReleased
1683893597409@vehicle@0x05d6ca3c365ab26983bfca03809309a8258e3f62@StoreRouteToStartingPointThroughAStarSuccess
1683893598612@vehicle@0x05d6ca3c365ab26983bfca03809309a8258e3f62@DestinationReady
1683893598613@vehicle@0x05d6ca3c365ab26983bfca03809309a8258e3f62@FinishedAStarToDestination
1683893602852@vehicle@0x00cbd2864b7c93822826f80a7c968a2ada1cbaa7@PickUp@0xa330923b96f26c88a2681112bfe26d4d9186131a000000000000000000000000
1683893602853@vehicle@0x05d6ca3c365ab26983bfca03809309a8258e3f62@StoreRouteToDestinationSuccess
1683893602854@vehicle@0x00cbd2864b7c93822826f80a7c968a2ada1cbaa7@FinishedAStarToStartingPoint
1683893605662@vehicle@0x05d6ca3c365ab26983bfca03809309a8258e3f62@PassengerPaid
1683893605666@vehicle@0x00cbd2864b7c93822826f80a7c968a2ada1cbaa7@StoreRouteToStartingPointThroughAStarSuccess
1683893605666@vehicle@0x05d6ca3c365ab26983bfca03809309a8258e3f62@CarReleased
1683893606669@vehicle@0x00cbd2864b7c93822826f80a7c968a2ada1cbaa7@DestinationReady
1683893606670@vehicle@0x00cbd2864b7c93822826f80a7c968a2ada1cbaa7@FinishedAStarToDestination
1683893608775@vehicle@0x00cbd2864b7c93822826f80a7c968a2ada1cbaa7@StoreRouteToDestinationSuccess
1683893612738@vehicle@0x00cbd2864b7c93822826f80a7c968a2ada1cbaa7@PassengerPaid
1683893612741@vehicle@0x05d6ca3c365ab26983bfca03809309a8258e3f62@PickUp@0xce2897c392e16c5762131a56686733e035a4aa30000000000000000000000000
1683893612743@vehicle@0x05d6ca3c365ab26983bfca03809309a8258e3f62@FinishedAStarToStartingPoint
1683893612744@vehicle@0x00cbd2864b7c93822826f80a7c968a2ada1cbaa7@CarReleased
1683893612880@vehicle@0x05d6ca3c365ab26983bfca03809309a8258e3f62@StoreRouteToStartingPointThroughAStarSuccess
1683893616307@vehicle@0x05d6ca3c365ab26983bfca03809309a8258e3f62@DestinationReady
1683893616309@vehicle@0x05d6ca3c365ab26983bfca03809309a8258e3f62@FinishedAStarToDestination
1683893619693@vehicle@0x00cbd2864b7c93822826f80a7c968a2ada1cbaa7@PickUp@0x495b77d80ccb1d3d1476db06dd522292555b2e23000000000000000000000000
1683893619696@vehicle@0x00cbd2864b7c93822826f80a7c968a2ada1cbaa7@FinishedAStarToStartingPoint
1683893619697@vehicle@0x05d6ca3c365ab26983bfca03809309a8258e3f62@StoreRouteToDestinationSuccess
1683893622311@vehicle@0x05d6ca3c365ab26983bfca03809309a8258e3f62@PassengerPaid
1683893622316@vehicle@0x00cbd2864b7c93822826f80a7c968a2ada1cbaa7@StoreRouteToStartingPointThroughAStarSuccess
1683893622317@vehicle@0x05d6ca3c365ab26983bfca03809309a8258e3f62@CarReleased
1683893624611@vehicle@0x00cbd2864b7c93822826f80a7c968a2ada1cbaa7@DestinationReady
1683893624613@vehicle@0x00cbd2864b7c93822826f80a7c968a2ada1cbaa7@FinishedAStarToDestination
1683893627071@vehicle@0x05d6ca3c365ab26983bfca03809309a8258e3f62@PickUp@0x08346710bfb71d0fea0b4a9a3d31107df5fe287a000000000000000000000000
1683893627073@vehicle@0x00cbd2864b7c93822826f80a7c968a2ada1cbaa7@StoreRouteToDestinationSuccess
1683893627073@vehicle@0x05d6ca3c365ab26983bfca03809309a8258e3f62@FinishedAStarToStartingPoint
1683893629845@vehicle@0x00cbd2864b7c93822826f80a7c968a2ada1cbaa7@PassengerPaid
1683893629847@vehicle@0x05d6ca3c365ab26983bfca03809309a8258e3f62@StoreRouteToStartingPointThroughAStarSuccess
1683893629848@vehicle@0x00cbd2864b7c93822826f80a7c968a2ada1cbaa7@CarReleased
1683893634064@vehicle@0x05d6ca3c365ab26983bfca03809309a8258e3f62@DestinationReady
1683893634065@vehicle@0x05d6ca3c365ab26983bfca03809309a8258e3f62@FinishedAStarToDestination
1683893637287@vehicle@0x05d6ca3c365ab26983bfca03809309a8258e3f62@StoreRouteToDestinationSuccess
1683893638564@vehicle@0x05d6ca3c365ab26983bfca03809309a8258e3f62@PassengerPaid
1683893638568@vehicle@0x05d6ca3c365ab26983bfca03809309a8258e3f62@CarReleased
1683893644315@vehicle@0x00cbd2864b7c93822826f80a7c968a2ada1cbaa7@PickUp@0xcd924d3e8e043bb9579a4033ab08f8c1404840f0000000000000000000000000
1683893644317@vehicle@0x00cbd2864b7c93822826f80a7c968a2ada1cbaa7@FinishedAStarToStartingPoint
1683893648215@vehicle@0x00cbd2864b7c93822826f80a7c968a2ada1cbaa7@StoreRouteToStartingPointThroughAStarSuccess
1683893649613@vehicle@0x00cbd2864b7c93822826f80a7c968a2ada1cbaa7@DestinationReady
1683893649614@vehicle@0x00cbd2864b7c93822826f80a7c968a2ada1cbaa7@FinishedAStarToDestination
1683893655252@vehicle@0x00cbd2864b7c93822826f80a7c968a2ada1cbaa7@StoreRouteToDestinationSuccess
1683893658390@vehicle@0x00cbd2864b7c93822826f80a7c968a2ada1cbaa7@PassengerPaid
1683893658394@vehicle@0x00cbd2864b7c93822826f80a7c968a2ada1cbaa7@CarReleased
1683893679273@vehicle@0x00cbd2864b7c93822826f80a7c968a2ada1cbaa7@PickUp@0xf5493c66a2f85637127510a53b6cd0b067936b51000000000000000000000000
1683893679275@vehicle@0x00cbd2864b7c93822826f80a7c968a2ada1cbaa7@FinishedAStarToStartingPoint
1683893682159@vehicle@0x00cbd2864b7c93822826f80a7c968a2ada1cbaa7@StoreRouteToStartingPointThroughAStarSuccess
1683893683011@vehicle@0x00cbd2864b7c93822826f80a7c968a2ada1cbaa7@DestinationReady
1683893683012@vehicle@0x00cbd2864b7c93822826f80a7c968a2ada1cbaa7@FinishedAStarToDestination
1683893685641@vehicle@0x00cbd2864b7c93822826f80a7c968a2ada1cbaa7@StoreRouteToDestinationSuccess
1683893690825@vehicle@0x00cbd2864b7c93822826f80a7c968a2ada1cbaa7@PassengerPaid
1683893690828@vehicle@0x00cbd2864b7c93822826f80a7c968a2ada1cbaa7@CarReleased
