1683893471863@vehicle@0x196424dd2bf7c978228ebd7a17b38b993d650696@StartProcessing
1683893471872@vehicle@0x12d0e4381ef94a70a49252e35b9a65fadd3872b9@StartProcessing
1683893471874@vehicle@0x456c4df0610c7611ae8bcaed32dd1d94e88ceca4@StartProcessing
1683893471875@vehicle@0xdedee68f2020c0d3f98d2a8c23b6563f7b97e559@StartProcessing
1683893471877@vehicle@0xc0a3917e5679c0ef9033c41cbe294a212abe55df@StartProcessing
1683893471878@vehicle@0x55577fd620a0b8379846fcb1499e4bdc22538843@StartProcessing
1683893471879@vehicle@0xad8a321e2e8f8f51245f47b8f412979d5740e625@StartProcessing
1683893471880@vehicle@0x91153bad44dcc46187c481d8d36a53e58522d0c4@StartProcessing
1683893471881@vehicle@0xe64e81bc77ee05caaa6b1476de75193607e84d87@StartProcessing
1683893471883@vehicle@0x7a68b86008b0cfc3ae0e8068360271cbb999c97d@StartProcessing
1683893471884@vehicle@0xd5f5ef5ff4c6323c62bdc5ab2061f440aefc511b@StartProcessing
1683893471885@vehicle@0xf4190533e1203597f7cbe83cd76a32192af04ebf@StartProcessing
1683893471886@vehicle@0xfc932e94fed02d65e282e933c8e0cb75f6c4cfd8@StartProcessing
1683893471887@vehicle@0xfdd87ce574fea6b415f3a8f70f4fcc752555b920@StartProcessing
1683893471888@vehicle@0xd05c44f7b7f9d7c76a32f6cd5c612ac9c0f5bfc2@StartProcessing
1683893471889@vehicle@0xbeacf6104014bfafccc307bb7e7b5ef850c1db0d@StartProcessing
1683893489278@vehicle@0x12d0e4381ef94a70a49252e35b9a65fadd3872b9@PickUp@0x3df2c7b1e2c3e8e5e40c6035f6a3a5bb8fdb6b87000000000000000000000000
1683893489287@vehicle@0x12d0e4381ef94a70a49252e35b9a65fadd3872b9@FinishedAStarToStartingPoint
1683893490823@vehicle@0x12d0e4381ef94a70a49252e35b9a65fadd3872b9@StoreRouteToStartingPointThroughAStarSuccess
1683893495539@vehicle@0x196424dd2bf7c978228ebd7a17b38b993d650696@PickUp@0xd402c7301a68c4c65529ab0c597bb8b13e27f607000000000000000000000000
1683893495543@vehicle@0x196424dd2bf7c978228ebd7a17b38b993d650696@FinishedAStarToStartingPoint
1683893495544@vehicle@0x12d0e4381ef94a70a49252e35b9a65fadd3872b9@DestinationReady
1683893495546@vehicle@0x12d0e4381ef94a70a49252e35b9a65fadd3872b9@FinishedAStarToDestination
1683893497943@vehicle@0x196424dd2bf7c978228ebd7a17b38b993d650696@StoreRouteToStartingPointThroughAStarSuccess
1683893497944@vehicle@0x12d0e4381ef94a70a49252e35b9a65fadd3872b9@StoreRouteToDestinationSuccess
1683893501326@vehicle@0x456c4df0610c7611ae8bcaed32dd1d94e88ceca4@PickUp@0xcae58827099cb4557f40dd308f5efc29e9065be8000000000000000000000000
1683893501328@vehicle@0x12d0e4381ef94a70a49252e35b9a65fadd3872b9@PassengerPaid
1683893501331@vehicle@0x456c4df0610c7611ae8bcaed32dd1d94e88ceca4@FinishedAStarToStartingPoint
1683893501333@vehicle@0x196424dd2bf7c978228ebd7a17b38b993d650696@DestinationReady
1683893501336@vehicle@0x12d0e4381ef94a70a49252e35b9a65fadd3872b9@CarReleased
1683893501338@vehicle@0x196424dd2bf7c978228ebd7a17b38b993d650696@FinishedAStarToDestination
1683893503660@vehicle@0x456c4df0610c7611ae8bcaed32dd1d94e88ceca4@StoreRouteToStartingPointThroughAStarSuccess
1683893503661@vehicle@0x196424dd2bf7c978228ebd7a17b38b993d650696@StoreRouteToDestinationSuccess
1683893505260@vehicle@0x55577fd620a0b8379846fcb1499e4bdc22538843@PickUp@0x46dfb062b17f2ef557a64283347653f11ba7c089000000000000000000000000
1683893505265@vehicle@0x55577fd620a0b8379846fcb1499e4bdc22538843@FinishedAStarToStartingPoint
1683893507210@vehicle@0x12d0e4381ef94a70a49252e35b9a65fadd3872b9@PickUp@0x95d2b2a36e6a3d1e7ac8edbf99481c6009a19131000000000000000000000000
1683893507213@vehicle@0x196424dd2bf7c978228ebd7a17b38b993d650696@PassengerPaid
1683893507218@vehicle@0x12d0e4381ef94a70a49252e35b9a65fadd3872b9@FinishedAStarToStartingPoint
1683893507220@vehicle@0x456c4df0610c7611ae8bcaed32dd1d94e88ceca4@DestinationReady
1683893507222@vehicle@0x456c4df0610c7611ae8bcaed32dd1d94e88ceca4@FinishedAStarToDestination
1683893507224@vehicle@0x196424dd2bf7c978228ebd7a17b38b993d650696@CarReleased
1683893507486@vehicle@0x55577fd620a0b8379846fcb1499e4bdc22538843@StoreRouteToStartingPointThroughAStarSuccess
1683893508804@vehicle@0x12d0e4381ef94a70a49252e35b9a65fadd3872b9@StoreRouteToStartingPointThroughAStarSuccess
1683893508806@vehicle@0x456c4df0610c7611ae8bcaed32dd1d94e88ceca4@StoreRouteToDestinationSuccess
1683893509745@vehicle@0x7a68b86008b0cfc3ae0e8068360271cbb999c97d@PickUp@0xd35d112793fe59877302d4064c9ef5a89c0485ba000000000000000000000000
1683893509751@vehicle@0x7a68b86008b0cfc3ae0e8068360271cbb999c97d@FinishedAStarToStartingPoint
1683893509752@vehicle@0x55577fd620a0b8379846fcb1499e4bdc22538843@DestinationReady
1683893509755@vehicle@0x55577fd620a0b8379846fcb1499e4bdc22538843@FinishedAStarToDestination
1683893510099@vehicle@0x456c4df0610c7611ae8bcaed32dd1d94e88ceca4@PassengerPaid
1683893510105@vehicle@0x12d0e4381ef94a70a49252e35b9a65fadd3872b9@DestinationReady
1683893510106@vehicle@0x456c4df0610c7611ae8bcaed32dd1d94e88ceca4@CarReleased
1683893510107@vehicle@0x12d0e4381ef94a70a49252e35b9a65fadd3872b9@FinishedAStarToDestination
1683893510213@vehicle@0x196424dd2bf7c978228ebd7a17b38b993d650696@PickUp@0xac37a0543b6abb8e7add0c00128c9f486e45b0e9000000000000000000000000
1683893510217@vehicle@0x55577fd620a0b8379846fcb1499e4bdc22538843@StoreRouteToDestinationSuccess
1683893510218@vehicle@0x196424dd2bf7c978228ebd7a17b38b993d650696@FinishedAStarToStartingPoint
1683893510219@vehicle@0x7a68b86008b0cfc3ae0e8068360271cbb999c97d@StoreRouteToStartingPointThroughAStarSuccess
1683893513360@vehicle@0x91153bad44dcc46187c481d8d36a53e58522d0c4@PickUp@0x7a5b8a958a74e39ade01f412951fb319ee4fe6d9000000000000000000000000
1683893513361@vehicle@0x55577fd620a0b8379846fcb1499e4bdc22538843@PassengerPaid
1683893513371@vehicle@0x7a68b86008b0cfc3ae0e8068360271cbb999c97d@DestinationReady
1683893513372@vehicle@0x91153bad44dcc46187c481d8d36a53e58522d0c4@FinishedAStarToStartingPoint
1683893513374@vehicle@0x196424dd2bf7c978228ebd7a17b38b993d650696@StoreRouteToStartingPointThroughAStarSuccess
1683893513375@vehicle@0x12d0e4381ef94a70a49252e35b9a65fadd3872b9@StoreRouteToDestinationSuccess
1683893513377@vehicle@0x7a68b86008b0cfc3ae0e8068360271cbb999c97d@FinishedAStarToDestination
1683893513378@vehicle@0x55577fd620a0b8379846fcb1499e4bdc22538843@CarReleased
1683893514964@vehicle@0x12d0e4381ef94a70a49252e35b9a65fadd3872b9@PassengerPaid
1683893514972@vehicle@0x91153bad44dcc46187c481d8d36a53e58522d0c4@StoreRouteToStartingPointThroughAStarSuccess
1683893514973@vehicle@0x7a68b86008b0cfc3ae0e8068360271cbb999c97d@StoreRouteToDestinationSuccess
1683893514974@vehicle@0x196424dd2bf7c978228ebd7a17b38b993d650696@DestinationReady
1683893514975@vehicle@0x12d0e4381ef94a70a49252e35b9a65fadd3872b9@CarReleased
1683893514976@vehicle@0x196424dd2bf7c978228ebd7a17b38b993d650696@FinishedAStarToDestination
1683893518220@vehicle@0x456c4df0610c7611ae8bcaed32dd1d94e88ceca4@PickUp@0x42389309e69a2b32b98f04bc8255ad971797f757000000000000000000000000
1683893518221@vehicle@0x7a68b86008b0cfc3ae0e8068360271cbb999c97d@PassengerPaid
1683893518227@vehicle@0x456c4df0610c7611ae8bcaed32dd1d94e88ceca4@FinishedAStarToStartingPoint
1683893518229@vehicle@0x91153bad44dcc46187c481d8d36a53e58522d0c4@DestinationReady
1683893518231@vehicle@0x196424dd2bf7c978228ebd7a17b38b993d650696@StoreRouteToDestinationSuccess
1683893518232@vehicle@0x7a68b86008b0cfc3ae0e8068360271cbb999c97d@CarReleased
1683893518233@vehicle@0x91153bad44dcc46187c481d8d36a53e58522d0c4@FinishedAStarToDestination
1683893520324@vehicle@0x196424dd2bf7c978228ebd7a17b38b993d650696@PassengerPaid
1683893520326@vehicle@0x456c4df0610c7611ae8bcaed32dd1d94e88ceca4@StoreRouteToStartingPointThroughAStarSuccess
1683893520327@vehicle@0x91153bad44dcc46187c481d8d36a53e58522d0c4@StoreRouteToDestinationSuccess
1683893520328@vehicle@0x196424dd2bf7c978228ebd7a17b38b993d650696@CarReleased
1683893523576@vehicle@0x91153bad44dcc46187c481d8d36a53e58522d0c4@PassengerPaid
1683893523579@vehicle@0x12d0e4381ef94a70a49252e35b9a65fadd3872b9@PickUp@0x4c0ae67f9e2dcabbcaee58afa56c14e427272b6f000000000000000000000000
1683893523586@vehicle@0x12d0e4381ef94a70a49252e35b9a65fadd3872b9@FinishedAStarToStartingPoint
1683893523588@vehicle@0x456c4df0610c7611ae8bcaed32dd1d94e88ceca4@DestinationReady
1683893523590@vehicle@0x91153bad44dcc46187c481d8d36a53e58522d0c4@CarReleased
1683893523591@vehicle@0x456c4df0610c7611ae8bcaed32dd1d94e88ceca4@FinishedAStarToDestination
1683893525496@vehicle@0x196424dd2bf7c978228ebd7a17b38b993d650696@PickUp@0x0d5f26272be5a3b462c3b7a978c7bf4b0d6aadb1000000000000000000000000
1683893525499@vehicle@0x456c4df0610c7611ae8bcaed32dd1d94e88ceca4@StoreRouteToDestinationSuccess
1683893525500@vehicle@0x196424dd2bf7c978228ebd7a17b38b993d650696@FinishedAStarToStartingPoint
1683893525502@vehicle@0x12d0e4381ef94a70a49252e35b9a65fadd3872b9@StoreRouteToStartingPointThroughAStarSuccess
1683893525987@vehicle@0x456c4df0610c7611ae8bcaed32dd1d94e88ceca4@PassengerPaid
1683893525995@vehicle@0x55577fd620a0b8379846fcb1499e4bdc22538843@PickUp@0x0cac0bfe17bd73be78486a51a15db39b10cbafcf000000000000000000000000
1683893526002@vehicle@0x12d0e4381ef94a70a49252e35b9a65fadd3872b9@DestinationReady
1683893526003@vehicle@0x55577fd620a0b8379846fcb1499e4bdc22538843@FinishedAStarToStartingPoint
1683893526007@vehicle@0x196424dd2bf7c978228ebd7a17b38b993d650696@StoreRouteToStartingPointThroughAStarSuccess
1683893526007@vehicle@0x456c4df0610c7611ae8bcaed32dd1d94e88ceca4@CarReleased
1683893526008@vehicle@0x12d0e4381ef94a70a49252e35b9a65fadd3872b9@FinishedAStarToDestination
1683893528157@vehicle@0x7a68b86008b0cfc3ae0e8068360271cbb999c97d@PickUp@0xbf5868b482ace24aa4f339ceb26e32230fc7d3aa000000000000000000000000
1683893528162@vehicle@0x7a68b86008b0cfc3ae0e8068360271cbb999c97d@FinishedAStarToStartingPoint
1683893528163@vehicle@0x55577fd620a0b8379846fcb1499e4bdc22538843@StoreRouteToStartingPointThroughAStarSuccess
1683893528164@vehicle@0x12d0e4381ef94a70a49252e35b9a65fadd3872b9@StoreRouteToDestinationSuccess
1683893528164@vehicle@0x196424dd2bf7c978228ebd7a17b38b993d650696@DestinationReady
1683893528167@vehicle@0x196424dd2bf7c978228ebd7a17b38b993d650696@FinishedAStarToDestination
1683893529380@vehicle@0x12d0e4381ef94a70a49252e35b9a65fadd3872b9@PassengerPaid
1683893529386@vehicle@0x196424dd2bf7c978228ebd7a17b38b993d650696@StoreRouteToDestinationSuccess
1683893529387@vehicle@0x7a68b86008b0cfc3ae0e8068360271cbb999c97d@StoreRouteToStartingPointThroughAStarSuccess
1683893529387@vehicle@0x55577fd620a0b8379846fcb1499e4bdc22538843@DestinationReady
1683893529388@vehicle@0x12d0e4381ef94a70a49252e35b9a65fadd3872b9@CarReleased
1683893529389@vehicle@0x55577fd620a0b8379846fcb1499e4bdc22538843@FinishedAStarToDestination
1683893535136@vehicle@0x196424dd2bf7c978228ebd7a17b38b993d650696@PassengerPaid
1683893535138@vehicle@0x456c4df0610c7611ae8bcaed32dd1d94e88ceca4@PickUp@0xfb1c049ecb1884a77e857bcca8ae6443f0143dbf000000000000000000000000
1683893535143@vehicle@0x456c4df0610c7611ae8bcaed32dd1d94e88ceca4@FinishedAStarToStartingPoint
1683893535145@vehicle@0x7a68b86008b0cfc3ae0e8068360271cbb999c97d@DestinationReady
1683893535146@vehicle@0x55577fd620a0b8379846fcb1499e4bdc22538843@StoreRouteToDestinationSuccess
1683893535147@vehicle@0x196424dd2bf7c978228ebd7a17b38b993d650696@CarReleased
1683893535149@vehicle@0x7a68b86008b0cfc3ae0e8068360271cbb999c97d@FinishedAStarToDestination
1683893537038@vehicle@0x55577fd620a0b8379846fcb1499e4bdc22538843@PassengerPaid
1683893537041@vehicle@0x7a68b86008b0cfc3ae0e8068360271cbb999c97d@StoreRouteToDestinationSuccess
1683893537042@vehicle@0x456c4df0610c7611ae8bcaed32dd1d94e88ceca4@StoreRouteToStartingPointThroughAStarSuccess
1683893537042@vehicle@0x55577fd620a0b8379846fcb1499e4bdc22538843@CarReleased
1683893537710@vehicle@0x7a68b86008b0cfc3ae0e8068360271cbb999c97d@PassengerPaid
1683893537726@vehicle@0x12d0e4381ef94a70a49252e35b9a65fadd3872b9@PickUp@0xedb6f3a4a1ebc511f7fe9bd4f2cd4219ca0a3cf4000000000000000000000000
1683893537735@vehicle@0x12d0e4381ef94a70a49252e35b9a65fadd3872b9@FinishedAStarToStartingPoint
1683893537742@vehicle@0x456c4df0610c7611ae8bcaed32dd1d94e88ceca4@DestinationReady
1683893537744@vehicle@0x7a68b86008b0cfc3ae0e8068360271cbb999c97d@CarReleased
1683893537745@vehicle@0x456c4df0610c7611ae8bcaed32dd1d94e88ceca4@FinishedAStarToDestination
1683893540457@vehicle@0x196424dd2bf7c978228ebd7a17b38b993d650696@PickUp@0xabd6b57b7d198796947bc03e4f5bd911813caada000000000000000000000000
1683893540460@vehicle@0x456c4df0610c7611ae8bcaed32dd1d94e88ceca4@StoreRouteToDestinationSuccess
1683893540461@vehicle@0x12d0e4381ef94a70a49252e35b9a65fadd3872b9@StoreRouteToStartingPointThroughAStarSuccess
1683893540462@vehicle@0x196424dd2bf7c978228ebd7a17b38b993d650696@FinishedAStarToStartingPoint
1683893541041@vehicle@0x456c4df0610c7611ae8bcaed32dd1d94e88ceca4@PassengerPaid
1683893541045@vehicle@0x196424dd2bf7c978228ebd7a17b38b993d650696@StoreRouteToStartingPointThroughAStarSuccess
1683893541045@vehicle@0x12d0e4381ef94a70a49252e35b9a65fadd3872b9@DestinationReady
1683893541047@vehicle@0x12d0e4381ef94a70a49252e35b9a65fadd3872b9@FinishedAStarToDestination
1683893541049@vehicle@0x456c4df0610c7611ae8bcaed32dd1d94e88ceca4@CarReleased
1683893542997@vehicle@0x55577fd620a0b8379846fcb1499e4bdc22538843@PickUp@0x6d1558ef76336d670fb6f2b04ae1f345eab94761000000000000000000000000
1683893543000@vehicle@0x12d0e4381ef94a70a49252e35b9a65fadd3872b9@StoreRouteToDestinationSuccess
1683893543001@vehicle@0x196424dd2bf7c978228ebd7a17b38b993d650696@DestinationReady
1683893543002@vehicle@0x55577fd620a0b8379846fcb1499e4bdc22538843@FinishedAStarToStartingPoint
1683893543003@vehicle@0x196424dd2bf7c978228ebd7a17b38b993d650696@FinishedAStarToDestination
1683893546266@vehicle@0x12d0e4381ef94a70a49252e35b9a65fadd3872b9@PassengerPaid
1683893546268@vehicle@0x55577fd620a0b8379846fcb1499e4bdc22538843@StoreRouteToStartingPointThroughAStarSuccess
1683893546269@vehicle@0x196424dd2bf7c978228ebd7a17b38b993d650696@StoreRouteToDestinationSuccess
1683893546270@vehicle@0x12d0e4381ef94a70a49252e35b9a65fadd3872b9@CarReleased
1683893546845@vehicle@0x196424dd2bf7c978228ebd7a17b38b993d650696@PassengerPaid
1683893546849@vehicle@0x456c4df0610c7611ae8bcaed32dd1d94e88ceca4@PickUp@0xc265c858c1186113b2d830e6f46f6d95142e9750000000000000000000000000
1683893546853@vehicle@0x55577fd620a0b8379846fcb1499e4bdc22538843@DestinationReady
1683893546855@vehicle@0x456c4df0610c7611ae8bcaed32dd1d94e88ceca4@FinishedAStarToStartingPoint
1683893546856@vehicle@0x196424dd2bf7c978228ebd7a17b38b993d650696@CarReleased
1683893546856@vehicle@0x55577fd620a0b8379846fcb1499e4bdc22538843@FinishedAStarToDestination
1683893549430@vehicle@0x12d0e4381ef94a70a49252e35b9a65fadd3872b9@PickUp@0x03875bcc0db199992266825e2c1cf0f5bfc200d2000000000000000000000000
1683893549434@vehicle@0x456c4df0610c7611ae8bcaed32dd1d94e88ceca4@StoreRouteToStartingPointThroughAStarSuccess
1683893549435@vehicle@0x12d0e4381ef94a70a49252e35b9a65fadd3872b9@FinishedAStarToStartingPoint
1683893549437@vehicle@0x55577fd620a0b8379846fcb1499e4bdc22538843@StoreRouteToDestinationSuccess
1683893552174@vehicle@0x55577fd620a0b8379846fcb1499e4bdc22538843@PassengerPaid
1683893552178@vehicle@0x456c4df0610c7611ae8bcaed32dd1d94e88ceca4@DestinationReady
1683893552181@vehicle@0x12d0e4381ef94a70a49252e35b9a65fadd3872b9@StoreRouteToStartingPointThroughAStarSuccess
1683893552181@vehicle@0x456c4df0610c7611ae8bcaed32dd1d94e88ceca4@FinishedAStarToDestination
1683893552183@vehicle@0x55577fd620a0b8379846fcb1499e4bdc22538843@CarReleased
1683893553342@vehicle@0x196424dd2bf7c978228ebd7a17b38b993d650696@PickUp@0xf0ce9fe96ac15405e4fd51a62cbdbdaef2d36372000000000000000000000000
1683893553346@vehicle@0x196424dd2bf7c978228ebd7a17b38b993d650696@FinishedAStarToStartingPoint
1683893553348@vehicle@0x456c4df0610c7611ae8bcaed32dd1d94e88ceca4@StoreRouteToDestinationSuccess
1683893553348@vehicle@0x12d0e4381ef94a70a49252e35b9a65fadd3872b9@DestinationReady
1683893553350@vehicle@0x12d0e4381ef94a70a49252e35b9a65fadd3872b9@FinishedAStarToDestination
1683893556699@vehicle@0x55577fd620a0b8379846fcb1499e4bdc22538843@PickUp@0x1bdf42d9a37b5b5c5a3bc09cadfade23d075791a000000000000000000000000
1683893556706@vehicle@0x456c4df0610c7611ae8bcaed32dd1d94e88ceca4@PassengerPaid
1683893556709@vehicle@0x196424dd2bf7c978228ebd7a17b38b993d650696@StoreRouteToStartingPointThroughAStarSuccess
1683893556710@vehicle@0x12d0e4381ef94a70a49252e35b9a65fadd3872b9@StoreRouteToDestinationSuccess
1683893556710@vehicle@0x55577fd620a0b8379846fcb1499e4bdc22538843@FinishedAStarToStartingPoint
1683893556713@vehicle@0x456c4df0610c7611ae8bcaed32dd1d94e88ceca4@CarReleased
1683893556867@vehicle@0x12d0e4381ef94a70a49252e35b9a65fadd3872b9@PassengerPaid
1683893556873@vehicle@0x55577fd620a0b8379846fcb1499e4bdc22538843@StoreRouteToStartingPointThroughAStarSuccess
1683893556873@vehicle@0x196424dd2bf7c978228ebd7a17b38b993d650696@DestinationReady
1683893556874@vehicle@0x12d0e4381ef94a70a49252e35b9a65fadd3872b9@CarReleased
1683893556875@vehicle@0x196424dd2bf7c978228ebd7a17b38b993d650696@FinishedAStarToDestination
1683893562592@vehicle@0x456c4df0610c7611ae8bcaed32dd1d94e88ceca4@PickUp@0x62119c27e0081b14e6e0c596603d21eaa6d6452b000000000000000000000000
1683893562598@vehicle@0x196424dd2bf7c978228ebd7a17b38b993d650696@StoreRouteToDestinationSuccess
1683893562599@vehicle@0x456c4df0610c7611ae8bcaed32dd1d94e88ceca4@FinishedAStarToStartingPoint
1683893562601@vehicle@0x55577fd620a0b8379846fcb1499e4bdc22538843@DestinationReady
1683893562604@vehicle@0x55577fd620a0b8379846fcb1499e4bdc22538843@FinishedAStarToDestination
1683893570724@vehicle@0x196424dd2bf7c978228ebd7a17b38b993d650696@PassengerPaid
1683893570727@vehicle@0x12d0e4381ef94a70a49252e35b9a65fadd3872b9@PickUp@0xd2ed0cb17fd847c8aa8bc8e9ed3870481ede088b000000000000000000000000
1683893570730@vehicle@0x456c4df0610c7611ae8bcaed32dd1d94e88ceca4@StoreRouteToStartingPointThroughAStarSuccess
1683893570730@vehicle@0x55577fd620a0b8379846fcb1499e4bdc22538843@StoreRouteToDestinationSuccess
1683893570732@vehicle@0x12d0e4381ef94a70a49252e35b9a65fadd3872b9@FinishedAStarToStartingPoint
1683893570733@vehicle@0x196424dd2bf7c978228ebd7a17b38b993d650696@CarReleased
1683893574222@vehicle@0x7a68b86008b0cfc3ae0e8068360271cbb999c97d@PickUp@0x5227daf8db7c57d268979df21ba9ee9c93d26712000000000000000000000000
1683893574227@vehicle@0x55577fd620a0b8379846fcb1499e4bdc22538843@PassengerPaid
1683893574233@vehicle@0x12d0e4381ef94a70a49252e35b9a65fadd3872b9@StoreRouteToStartingPointThroughAStarSuccess
1683893574233@vehicle@0x7a68b86008b0cfc3ae0e8068360271cbb999c97d@FinishedAStarToStartingPoint
1683893574235@vehicle@0x456c4df0610c7611ae8bcaed32dd1d94e88ceca4@DestinationReady
1683893574235@vehicle@0x55577fd620a0b8379846fcb1499e4bdc22538843@CarReleased
1683893574236@vehicle@0x456c4df0610c7611ae8bcaed32dd1d94e88ceca4@FinishedAStarToDestination
1683893578268@vehicle@0x196424dd2bf7c978228ebd7a17b38b993d650696@PickUp@0xbd2f3e025a8f0b0d8bb9f64ef60980ebb27e8d5d000000000000000000000000
1683893578270@vehicle@0x12d0e4381ef94a70a49252e35b9a65fadd3872b9@DestinationReady
1683893578272@vehicle@0x456c4df0610c7611ae8bcaed32dd1d94e88ceca4@StoreRouteToDestinationSuccess
1683893578274@vehicle@0x7a68b86008b0cfc3ae0e8068360271cbb999c97d@StoreRouteToStartingPointThroughAStarSuccess
1683893578275@vehicle@0x196424dd2bf7c978228ebd7a17b38b993d650696@FinishedAStarToStartingPoint
1683893578277@vehicle@0x12d0e4381ef94a70a49252e35b9a65fadd3872b9@FinishedAStarToDestination
1683893585213@vehicle@0x456c4df0610c7611ae8bcaed32dd1d94e88ceca4@PassengerPaid
1683893585217@vehicle@0x55577fd620a0b8379846fcb1499e4bdc22538843@PickUp@0x7906b337632876b8050f55ee5b57228f02972fa3000000000000000000000000
1683893585225@vehicle@0x196424dd2bf7c978228ebd7a17b38b993d650696@StoreRouteToStartingPointThroughAStarSuccess
1683893585226@vehicle@0x12d0e4381ef94a70a49252e35b9a65fadd3872b9@StoreRouteToDestinationSuccess
1683893585227@vehicle@0x7a68b86008b0cfc3ae0e8068360271cbb999c97d@DestinationReady
1683893585228@vehicle@0x55577fd620a0b8379846fcb1499e4bdc22538843@FinishedAStarToStartingPoint
1683893585229@vehicle@0x456c4df0610c7611ae8bcaed32dd1d94e88ceca4@CarReleased
1683893585230@vehicle@0x7a68b86008b0cfc3ae0e8068360271cbb999c97d@FinishedAStarToDestination
1683893588261@vehicle@0x12d0e4381ef94a70a49252e35b9a65fadd3872b9@PassengerPaid
1683893588269@vehicle@0x91153bad44dcc46187c481d8d36a53e58522d0c4@PickUp@0x3b49b8eb1d9d3c28242b97c135379e0e32468fb9000000000000000000000000
1683893588272@vehicle@0x196424dd2bf7c978228ebd7a17b38b993d650696@DestinationReady
1683893588273@vehicle@0x55577fd620a0b8379846fcb1499e4bdc22538843@StoreRouteToStartingPointThroughAStarSuccess
1683893588273@vehicle@0x91153bad44dcc46187c481d8d36a53e58522d0c4@FinishedAStarToStartingPoint
1683893588274@vehicle@0x7a68b86008b0cfc3ae0e8068360271cbb999c97d@StoreRouteToDestinationSuccess
1683893588275@vehicle@0x12d0e4381ef94a70a49252e35b9a65fadd3872b9@CarReleased
1683893588275@vehicle@0x196424dd2bf7c978228ebd7a17b38b993d650696@FinishedAStarToDestination
1683893588668@vehicle@0x7a68b86008b0cfc3ae0e8068360271cbb999c97d@PassengerPaid
1683893588676@vehicle@0x91153bad44dcc46187c481d8d36a53e58522d0c4@StoreRouteToStartingPointThroughAStarSuccess
1683893588677@vehicle@0x196424dd2bf7c978228ebd7a17b38b993d650696@StoreRouteToDestinationSuccess
1683893588678@vehicle@0x55577fd620a0b8379846fcb1499e4bdc22538843@DestinationReady
1683893588678@vehicle@0x7a68b86008b0cfc3ae0e8068360271cbb999c97d@CarReleased
1683893588679@vehicle@0x55577fd620a0b8379846fcb1499e4bdc22538843@FinishedAStarToDestination
1683893591167@vehicle@0x196424dd2bf7c978228ebd7a17b38b993d650696@PassengerPaid
1683893591169@vehicle@0x91153bad44dcc46187c481d8d36a53e58522d0c4@DestinationReady
1683893591171@vehicle@0x55577fd620a0b8379846fcb1499e4bdc22538843@StoreRouteToDestinationSuccess
1683893591172@vehicle@0x91153bad44dcc46187c481d8d36a53e58522d0c4@FinishedAStarToDestination
1683893591173@vehicle@0x196424dd2bf7c978228ebd7a17b38b993d650696@CarReleased
1683893594967@vehicle@0x12d0e4381ef94a70a49252e35b9a65fadd3872b9@PickUp@0xb658cbd857f52f9705fbecf9b30cf827dd8c81a8000000000000000000000000
1683893594969@vehicle@0x55577fd620a0b8379846fcb1499e4bdc22538843@PassengerPaid
1683893594972@vehicle@0x91153bad44dcc46187c481d8d36a53e58522d0c4@StoreRouteToDestinationSuccess
1683893594972@vehicle@0x12d0e4381ef94a70a49252e35b9a65fadd3872b9@FinishedAStarToStartingPoint
1683893594974@vehicle@0x55577fd620a0b8379846fcb1499e4bdc22538843@CarReleased
1683893595745@vehicle@0x91153bad44dcc46187c481d8d36a53e58522d0c4@PassengerPaid
1683893595748@vehicle@0x12d0e4381ef94a70a49252e35b9a65fadd3872b9@StoreRouteToStartingPointThroughAStarSuccess
1683893595749@vehicle@0x91153bad44dcc46187c481d8d36a53e58522d0c4@CarReleased
1683893597839@vehicle@0x12d0e4381ef94a70a49252e35b9a65fadd3872b9@DestinationReady
1683893597841@vehicle@0x12d0e4381ef94a70a49252e35b9a65fadd3872b9@FinishedAStarToDestination
1683893600281@vehicle@0x196424dd2bf7c978228ebd7a17b38b993d650696@PickUp@0x4093777e3bf0a104ef5576011a965c58a206b69b000000000000000000000000
1683893600285@vehicle@0x196424dd2bf7c978228ebd7a17b38b993d650696@FinishedAStarToStartingPoint
1683893600286@vehicle@0x12d0e4381ef94a70a49252e35b9a65fadd3872b9@StoreRouteToDestinationSuccess
1683893603005@vehicle@0x12d0e4381ef94a70a49252e35b9a65fadd3872b9@PassengerPaid
1683893603009@vehicle@0x196424dd2bf7c978228ebd7a17b38b993d650696@StoreRouteToStartingPointThroughAStarSuccess
1683893603009@vehicle@0x12d0e4381ef94a70a49252e35b9a65fadd3872b9@CarReleased
1683893607321@vehicle@0x456c4df0610c7611ae8bcaed32dd1d94e88ceca4@PickUp@0x3449a20e1b4700ffd4dd49f0fc14bcac44fee63c000000000000000000000000
1683893607325@vehicle@0x456c4df0610c7611ae8bcaed32dd1d94e88ceca4@FinishedAStarToStartingPoint
1683893607327@vehicle@0x196424dd2bf7c978228ebd7a17b38b993d650696@DestinationReady
1683893607328@vehicle@0x196424dd2bf7c978228ebd7a17b38b993d650696@FinishedAStarToDestination
1683893607756@vehicle@0x456c4df0610c7611ae8bcaed32dd1d94e88ceca4@StoreRouteToStartingPointThroughAStarSuccess
1683893607756@vehicle@0x196424dd2bf7c978228ebd7a17b38b993d650696@StoreRouteToDestinationSuccess
1683893614414@vehicle@0x12d0e4381ef94a70a49252e35b9a65fadd3872b9@PickUp@0x5895ef03d8c36b9a53b4f961cd1345ed0bd79fa3000000000000000000000000
1683893614420@vehicle@0x196424dd2bf7c978228ebd7a17b38b993d650696@PassengerPaid
1683893614425@vehicle@0x12d0e4381ef94a70a49252e35b9a65fadd3872b9@FinishedAStarToStartingPoint
1683893614426@vehicle@0x456c4df0610c7611ae8bcaed32dd1d94e88ceca4@DestinationReady
1683893614428@vehicle@0x456c4df0610c7611ae8bcaed32dd1d94e88ceca4@FinishedAStarToDestination
1683893614429@vehicle@0x196424dd2bf7c978228ebd7a17b38b993d650696@CarReleased
1683893614608@vehicle@0x12d0e4381ef94a70a49252e35b9a65fadd3872b9@StoreRouteToStartingPointThroughAStarSuccess
1683893614608@vehicle@0x456c4df0610c7611ae8bcaed32dd1d94e88ceca4@StoreRouteToDestinationSuccess
1683893617323@vehicle@0x456c4df0610c7611ae8bcaed32dd1d94e88ceca4@PassengerPaid
1683893617326@vehicle@0x12d0e4381ef94a70a49252e35b9a65fadd3872b9@DestinationReady
1683893617328@vehicle@0x12d0e4381ef94a70a49252e35b9a65fadd3872b9@FinishedAStarToDestination
1683893617329@vehicle@0x456c4df0610c7611ae8bcaed32dd1d94e88ceca4@CarReleased
1683893618304@vehicle@0x12d0e4381ef94a70a49252e35b9a65fadd3872b9@StoreRouteToDestinationSuccess
1683893619653@vehicle@0x12d0e4381ef94a70a49252e35b9a65fadd3872b9@PassengerPaid
1683893619657@vehicle@0x12d0e4381ef94a70a49252e35b9a65fadd3872b9@CarReleased
1683893622124@vehicle@0x196424dd2bf7c978228ebd7a17b38b993d650696@PickUp@0x926f155822d00a9191fe71ec570bcd1f0eb0c300000000000000000000000000
1683893622128@vehicle@0x196424dd2bf7c978228ebd7a17b38b993d650696@FinishedAStarToStartingPoint
1683893628391@vehicle@0x196424dd2bf7c978228ebd7a17b38b993d650696@StoreRouteToStartingPointThroughAStarSuccess
1683893629136@vehicle@0x196424dd2bf7c978228ebd7a17b38b993d650696@DestinationReady
1683893629138@vehicle@0x196424dd2bf7c978228ebd7a17b38b993d650696@FinishedAStarToDestination
1683893632466@vehicle@0x196424dd2bf7c978228ebd7a17b38b993d650696@StoreRouteToDestinationSuccess
1683893636903@vehicle@0x196424dd2bf7c978228ebd7a17b38b993d650696@PassengerPaid
1683893636907@vehicle@0x196424dd2bf7c978228ebd7a17b38b993d650696@CarReleased
