1683893484189@passenger@0x91b40a93fc528a5c5291c3acaa1de939af17548f@StartProcessing
1683893486364@passenger@0x91b40a93fc528a5c5291c3acaa1de939af17548f@StartingPointWrittenToContract
1683893487186@passenger@0x62b4b91e944da60b258acf5a8777a3d61da1e831@StartProcessing
1683893488677@passenger@0x91b40a93fc528a5c5291c3acaa1de939af17548f@DestinationWrittenToContract
1683893488679@passenger@0x62b4b91e944da60b258acf5a8777a3d61da1e831@StartingPointWrittenToContract
1683893488682@passenger@0x91b40a93fc528a5c5291c3acaa1de939af17548f@GettingNearbyRegions
1683893488725@passenger@0x91b40a93fc528a5c5291c3acaa1de939af17548f@FoundTheMostNearbyCar
1683893489497@passenger@0x91b40a93fc528a5c5291c3acaa1de939af17548f@TheMostNearbyCarIsSelected
1683893489499@passenger@0x62b4b91e944da60b258acf5a8777a3d61da1e831@DestinationWrittenToContract
1683893489501@passenger@0x62b4b91e944da60b258acf5a8777a3d61da1e831@GettingNearbyRegions
1683893489543@passenger@0x62b4b91e944da60b258acf5a8777a3d61da1e831@FoundTheMostNearbyCar
1683893490186@passenger@0x8f65ffd51b4cf5ecdccf6e6d08d7b0893ed2e24a@StartProcessing
1683893493026@passenger@0x62b4b91e944da60b258acf5a8777a3d61da1e831@TheMostNearbyCarIsSelected
1683893493028@passenger@0x8f65ffd51b4cf5ecdccf6e6d08d7b0893ed2e24a@StartingPointWrittenToContract
1683893493186@passenger@0xe833f3be862ddfc8c1ac8f6ba52c593e2cdf8198@StartProcessing
1683893493554@passenger@0x8f65ffd51b4cf5ecdccf6e6d08d7b0893ed2e24a@DestinationWrittenToContract
1683893493556@passenger@0xe833f3be862ddfc8c1ac8f6ba52c593e2cdf8198@StartingPointWrittenToContract
1683893493559@passenger@0x91b40a93fc528a5c5291c3acaa1de939af17548f@PassengerOnBoard
1683893493560@passenger@0x8f65ffd51b4cf5ecdccf6e6d08d7b0893ed2e24a@GettingNearbyRegions
1683893493619@passenger@0x8f65ffd51b4cf5ecdccf6e6d08d7b0893ed2e24a@FoundTheMostNearbyCar
1683893496072@passenger@0x91b40a93fc528a5c5291c3acaa1de939af17548f@PassengerArriveAtDestination
1683893496073@passenger@0x62b4b91e944da60b258acf5a8777a3d61da1e831@PassengerOnBoard
1683893496074@passenger@0xe833f3be862ddfc8c1ac8f6ba52c593e2cdf8198@DestinationWrittenToContract
1683893496075@passenger@0x8f65ffd51b4cf5ecdccf6e6d08d7b0893ed2e24a@TheMostNearbyCarIsSelected
1683893496076@passenger@0xe833f3be862ddfc8c1ac8f6ba52c593e2cdf8198@GettingNearbyRegions
1683893496127@passenger@0xe833f3be862ddfc8c1ac8f6ba52c593e2cdf8198@FoundTheMostNearbyCar
1683893496186@passenger@0x395d706a2f6eb62fff9dbb61c42a941e4ebcb112@StartProcessing
1683893498716@passenger@0x62b4b91e944da60b258acf5a8777a3d61da1e831@PassengerArriveAtDestination
1683893498722@passenger@0xe833f3be862ddfc8c1ac8f6ba52c593e2cdf8198@TheMostNearbyCarIsSelected
1683893498724@passenger@0x91b40a93fc528a5c5291c3acaa1de939af17548f@PassengerPaysAndGetsOff
1683893498728@passenger@0x395d706a2f6eb62fff9dbb61c42a941e4ebcb112@StartingPointWrittenToContract
1683893499186@passenger@0x6373f671766369c7d6fd8b4bafab42808c547ac8@StartProcessing
1683893499443@passenger@0x8f65ffd51b4cf5ecdccf6e6d08d7b0893ed2e24a@PassengerOnBoard
1683893499443@passenger@0x6373f671766369c7d6fd8b4bafab42808c547ac8@StartingPointWrittenToContract
1683893499446@passenger@0x62b4b91e944da60b258acf5a8777a3d61da1e831@PassengerPaysAndGetsOff
1683893499447@passenger@0x395d706a2f6eb62fff9dbb61c42a941e4ebcb112@DestinationWrittenToContract
1683893499448@passenger@0x395d706a2f6eb62fff9dbb61c42a941e4ebcb112@GettingNearbyRegions
1683893499496@passenger@0x395d706a2f6eb62fff9dbb61c42a941e4ebcb112@FoundTheMostNearbyCar
1683893501795@passenger@0x8f65ffd51b4cf5ecdccf6e6d08d7b0893ed2e24a@PassengerArriveAtDestination
1683893501797@passenger@0x6373f671766369c7d6fd8b4bafab42808c547ac8@DestinationWrittenToContract
1683893501800@passenger@0x395d706a2f6eb62fff9dbb61c42a941e4ebcb112@TheMostNearbyCarIsSelected
1683893501802@passenger@0xe833f3be862ddfc8c1ac8f6ba52c593e2cdf8198@PassengerOnBoard
1683893501803@passenger@0x6373f671766369c7d6fd8b4bafab42808c547ac8@GettingNearbyRegions
1683893501858@passenger@0x6373f671766369c7d6fd8b4bafab42808c547ac8@FoundTheMostNearbyCar
1683893502186@passenger@0xd1e67dabefd2990196836433a22ea1bb148ffde1@StartProcessing
1683893505187@passenger@0x5482002756a0678a1049988a3effb6ee9f26e6e7@StartProcessing
1683893507923@passenger@0xe833f3be862ddfc8c1ac8f6ba52c593e2cdf8198@PassengerArriveAtDestination
1683893507927@passenger@0x8f65ffd51b4cf5ecdccf6e6d08d7b0893ed2e24a@PassengerPaysAndGetsOff
1683893507928@passenger@0x5482002756a0678a1049988a3effb6ee9f26e6e7@StartingPointWrittenToContract
1683893507930@passenger@0x6373f671766369c7d6fd8b4bafab42808c547ac8@TheMostNearbyCarIsSelected
1683893507932@passenger@0xd1e67dabefd2990196836433a22ea1bb148ffde1@StartingPointWrittenToContract
1683893508186@passenger@0x172f1a41f8e4656571ce152786635b6a3aab4c3c@StartProcessing
1683893511188@passenger@0x6a830145ff4b35a0ecd3cafd0db84ea451361810@StartProcessing
1683893511277@passenger@0xd1e67dabefd2990196836433a22ea1bb148ffde1@DestinationWrittenToContract
1683893511277@passenger@0x5482002756a0678a1049988a3effb6ee9f26e6e7@DestinationWrittenToContract
1683893511278@passenger@0x172f1a41f8e4656571ce152786635b6a3aab4c3c@StartingPointWrittenToContract
1683893511279@passenger@0x395d706a2f6eb62fff9dbb61c42a941e4ebcb112@PassengerOnBoard
1683893511280@passenger@0xe833f3be862ddfc8c1ac8f6ba52c593e2cdf8198@PassengerPaysAndGetsOff
1683893511280@passenger@0xd1e67dabefd2990196836433a22ea1bb148ffde1@GettingNearbyRegions
1683893511282@passenger@0x5482002756a0678a1049988a3effb6ee9f26e6e7@GettingNearbyRegions
1683893511321@passenger@0x5482002756a0678a1049988a3effb6ee9f26e6e7@FoundTheMostNearbyCar
1683893511333@passenger@0xd1e67dabefd2990196836433a22ea1bb148ffde1@FoundTheMostNearbyCar
1683893511898@passenger@0x6a830145ff4b35a0ecd3cafd0db84ea451361810@StartingPointWrittenToContract
1683893511933@passenger@0x395d706a2f6eb62fff9dbb61c42a941e4ebcb112@PassengerArriveAtDestination
1683893511936@passenger@0x172f1a41f8e4656571ce152786635b6a3aab4c3c@DestinationWrittenToContract
1683893511937@passenger@0x6373f671766369c7d6fd8b4bafab42808c547ac8@PassengerOnBoard
1683893511939@passenger@0xd1e67dabefd2990196836433a22ea1bb148ffde1@TheMostNearbyCarIsSelected
1683893511940@passenger@0x5482002756a0678a1049988a3effb6ee9f26e6e7@TheMostNearbyCarConflict
1683893511941@passenger@0x172f1a41f8e4656571ce152786635b6a3aab4c3c@GettingNearbyRegions
1683893511990@passenger@0x172f1a41f8e4656571ce152786635b6a3aab4c3c@FoundTheMostNearbyCar
1683893514188@passenger@0xef03c9f4d5f4b29626dd625852810a353dddfeb3@StartProcessing
1683893517188@passenger@0x703a4bbfcd232c7cd0ce47d7060c387ef9a2436b@StartProcessing
1683893519390@passenger@0x6373f671766369c7d6fd8b4bafab42808c547ac8@PassengerArriveAtDestination
1683893519392@passenger@0x703a4bbfcd232c7cd0ce47d7060c387ef9a2436b@StartingPointWrittenToContract
1683893519394@passenger@0x6a830145ff4b35a0ecd3cafd0db84ea451361810@DestinationWrittenToContract
1683893519396@passenger@0x395d706a2f6eb62fff9dbb61c42a941e4ebcb112@PassengerPaysAndGetsOff
1683893519397@passenger@0x172f1a41f8e4656571ce152786635b6a3aab4c3c@TheMostNearbyCarIsSelected
1683893519398@passenger@0xef03c9f4d5f4b29626dd625852810a353dddfeb3@StartingPointWrittenToContract
1683893519401@passenger@0x6a830145ff4b35a0ecd3cafd0db84ea451361810@GettingNearbyRegions
1683893519458@passenger@0x6a830145ff4b35a0ecd3cafd0db84ea451361810@FoundTheMostNearbyCar
1683893520186@passenger@0x95222fdd3b6bf2c9156e2760369f046b1c61b965@StartProcessing
1683893520688@passenger@0x703a4bbfcd232c7cd0ce47d7060c387ef9a2436b@DestinationWrittenToContract
1683893520690@passenger@0x6a830145ff4b35a0ecd3cafd0db84ea451361810@TheMostNearbyCarIsSelected
1683893520692@passenger@0xd1e67dabefd2990196836433a22ea1bb148ffde1@PassengerOnBoard
1683893520693@passenger@0xef03c9f4d5f4b29626dd625852810a353dddfeb3@DestinationWrittenToContract
1683893520694@passenger@0x6373f671766369c7d6fd8b4bafab42808c547ac8@PassengerPaysAndGetsOff
1683893520695@passenger@0x703a4bbfcd232c7cd0ce47d7060c387ef9a2436b@GettingNearbyRegions
1683893520698@passenger@0xef03c9f4d5f4b29626dd625852810a353dddfeb3@GettingNearbyRegions
1683893520743@passenger@0x703a4bbfcd232c7cd0ce47d7060c387ef9a2436b@FoundTheMostNearbyCar
1683893520750@passenger@0xef03c9f4d5f4b29626dd625852810a353dddfeb3@FoundTheMostNearbyCar
1683893522330@passenger@0x95222fdd3b6bf2c9156e2760369f046b1c61b965@StartingPointWrittenToContract
1683893523186@passenger@0x8c2d065b423c841cffa3375b15e73d1f43ee60d2@StartProcessing
1683893523290@passenger@0xd1e67dabefd2990196836433a22ea1bb148ffde1@PassengerArriveAtDestination
1683893523293@passenger@0x703a4bbfcd232c7cd0ce47d7060c387ef9a2436b@TheMostNearbyCarIsSelected
1683893523294@passenger@0xef03c9f4d5f4b29626dd625852810a353dddfeb3@TheMostNearbyCarConflict
1683893523295@passenger@0x172f1a41f8e4656571ce152786635b6a3aab4c3c@PassengerOnBoard
1683893523398@passenger@0x95222fdd3b6bf2c9156e2760369f046b1c61b965@DestinationWrittenToContract
1683893523400@passenger@0x8c2d065b423c841cffa3375b15e73d1f43ee60d2@StartingPointWrittenToContract
1683893523404@passenger@0x95222fdd3b6bf2c9156e2760369f046b1c61b965@GettingNearbyRegions
1683893523458@passenger@0x95222fdd3b6bf2c9156e2760369f046b1c61b965@FoundTheMostNearbyCar
1683893525296@passenger@0x172f1a41f8e4656571ce152786635b6a3aab4c3c@PassengerArriveAtDestination
1683893525299@passenger@0xd1e67dabefd2990196836433a22ea1bb148ffde1@PassengerPaysAndGetsOff
1683893525300@passenger@0x6a830145ff4b35a0ecd3cafd0db84ea451361810@PassengerOnBoard
1683893525991@passenger@0x5482002756a0678a1049988a3effb6ee9f26e6e7@FoundTheMostNearbyCar
1683893526186@passenger@0xbd2e487a16c3f7f18667b2901a2a2e336dca88c8@StartProcessing
1683893526528@passenger@0x8c2d065b423c841cffa3375b15e73d1f43ee60d2@DestinationWrittenToContract
1683893526529@passenger@0x95222fdd3b6bf2c9156e2760369f046b1c61b965@TheMostNearbyCarIsSelected
1683893526530@passenger@0x8c2d065b423c841cffa3375b15e73d1f43ee60d2@GettingNearbyRegions
1683893526594@passenger@0x8c2d065b423c841cffa3375b15e73d1f43ee60d2@FoundTheMostNearbyCar
1683893528005@passenger@0x6a830145ff4b35a0ecd3cafd0db84ea451361810@PassengerArriveAtDestination
1683893528012@passenger@0x703a4bbfcd232c7cd0ce47d7060c387ef9a2436b@PassengerOnBoard
1683893528012@passenger@0x5482002756a0678a1049988a3effb6ee9f26e6e7@TheMostNearbyCarConflict
1683893528013@passenger@0x172f1a41f8e4656571ce152786635b6a3aab4c3c@PassengerPaysAndGetsOff
1683893528014@passenger@0xbd2e487a16c3f7f18667b2901a2a2e336dca88c8@StartingPointWrittenToContract
1683893529033@passenger@0x8c2d065b423c841cffa3375b15e73d1f43ee60d2@TheMostNearbyCarIsSelected
1683893529186@passenger@0xe86ca8f3a25a90ecf1d02f2ee818ddf8d8ca6a8a@StartProcessing
1683893529976@passenger@0x703a4bbfcd232c7cd0ce47d7060c387ef9a2436b@PassengerArriveAtDestination
1683893529979@passenger@0xbd2e487a16c3f7f18667b2901a2a2e336dca88c8@DestinationWrittenToContract
1683893529980@passenger@0x6a830145ff4b35a0ecd3cafd0db84ea451361810@PassengerPaysAndGetsOff
1683893529981@passenger@0xbd2e487a16c3f7f18667b2901a2a2e336dca88c8@GettingNearbyRegions
1683893530035@passenger@0xbd2e487a16c3f7f18667b2901a2a2e336dca88c8@FoundTheMostNearbyCar
1683893532185@passenger@0x95222fdd3b6bf2c9156e2760369f046b1c61b965@PassengerOnBoard
1683893532185@passenger@0xa7c6f824d33b3f4f6084687971649bcfff20ac72@StartProcessing
1683893532186@passenger@0xe86ca8f3a25a90ecf1d02f2ee818ddf8d8ca6a8a@StartingPointWrittenToContract
1683893533945@passenger@0x703a4bbfcd232c7cd0ce47d7060c387ef9a2436b@PassengerPaysAndGetsOff
1683893533946@passenger@0xbd2e487a16c3f7f18667b2901a2a2e336dca88c8@TheMostNearbyCarIsSelected
1683893535187@passenger@0xac9538cfc801744aad1662af15ac6c25d877cf5b@StartProcessing
1683893536095@passenger@0x95222fdd3b6bf2c9156e2760369f046b1c61b965@PassengerArriveAtDestination
1683893536098@passenger@0xa7c6f824d33b3f4f6084687971649bcfff20ac72@StartingPointWrittenToContract
1683893536099@passenger@0x8c2d065b423c841cffa3375b15e73d1f43ee60d2@PassengerOnBoard
1683893536100@passenger@0xe86ca8f3a25a90ecf1d02f2ee818ddf8d8ca6a8a@DestinationWrittenToContract
1683893536101@passenger@0xe86ca8f3a25a90ecf1d02f2ee818ddf8d8ca6a8a@GettingNearbyRegions
1683893536160@passenger@0xe86ca8f3a25a90ecf1d02f2ee818ddf8d8ca6a8a@FoundTheMostNearbyCar
1683893537349@passenger@0xef03c9f4d5f4b29626dd625852810a353dddfeb3@FoundTheMostNearbyCar
1683893538187@passenger@0xa988e958c9de98957d736d02e5b8a71a6f75dd14@StartProcessing
1683893539511@passenger@0x8c2d065b423c841cffa3375b15e73d1f43ee60d2@PassengerArriveAtDestination
1683893539518@passenger@0xa7c6f824d33b3f4f6084687971649bcfff20ac72@DestinationWrittenToContract
1683893539519@passenger@0xa988e958c9de98957d736d02e5b8a71a6f75dd14@StartingPointWrittenToContract
1683893539522@passenger@0xe86ca8f3a25a90ecf1d02f2ee818ddf8d8ca6a8a@TheMostNearbyCarIsSelected
1683893539522@passenger@0xac9538cfc801744aad1662af15ac6c25d877cf5b@StartingPointWrittenToContract
1683893539524@passenger@0x95222fdd3b6bf2c9156e2760369f046b1c61b965@PassengerPaysAndGetsOff
1683893539524@passenger@0xa7c6f824d33b3f4f6084687971649bcfff20ac72@GettingNearbyRegions
1683893539525@passenger@0xef03c9f4d5f4b29626dd625852810a353dddfeb3@TheMostNearbyCarConflict
1683893539561@passenger@0xa7c6f824d33b3f4f6084687971649bcfff20ac72@FoundTheMostNearbyCar
1683893541188@passenger@0x43a056d660a0c033adcf7aa2c9ee984c2f4fd1e7@StartProcessing
1683893542557@passenger@0xac9538cfc801744aad1662af15ac6c25d877cf5b@DestinationWrittenToContract
1683893542559@passenger@0x8c2d065b423c841cffa3375b15e73d1f43ee60d2@PassengerPaysAndGetsOff
1683893542561@passenger@0xa7c6f824d33b3f4f6084687971649bcfff20ac72@TheMostNearbyCarIsSelected
1683893542562@passenger@0xa988e958c9de98957d736d02e5b8a71a6f75dd14@DestinationWrittenToContract
1683893542564@passenger@0xbd2e487a16c3f7f18667b2901a2a2e336dca88c8@PassengerOnBoard
1683893542565@passenger@0x43a056d660a0c033adcf7aa2c9ee984c2f4fd1e7@StartingPointWrittenToContract
1683893542566@passenger@0xac9538cfc801744aad1662af15ac6c25d877cf5b@GettingNearbyRegions
1683893542568@passenger@0xa988e958c9de98957d736d02e5b8a71a6f75dd14@GettingNearbyRegions
1683893542617@passenger@0xa988e958c9de98957d736d02e5b8a71a6f75dd14@FoundTheMostNearbyCar
1683893542625@passenger@0xac9538cfc801744aad1662af15ac6c25d877cf5b@FoundTheMostNearbyCar
1683893544187@passenger@0xcc34b6ee3e8e077796ce9aadf496d581c1c1172a@StartProcessing
1683893546049@passenger@0xbd2e487a16c3f7f18667b2901a2a2e336dca88c8@PassengerArriveAtDestination
1683893546055@passenger@0x43a056d660a0c033adcf7aa2c9ee984c2f4fd1e7@DestinationWrittenToContract
1683893546057@passenger@0xcc34b6ee3e8e077796ce9aadf496d581c1c1172a@StartingPointWrittenToContract
1683893546059@passenger@0xe86ca8f3a25a90ecf1d02f2ee818ddf8d8ca6a8a@PassengerOnBoard
1683893546059@passenger@0xac9538cfc801744aad1662af15ac6c25d877cf5b@TheMostNearbyCarConflict
1683893546060@passenger@0xa988e958c9de98957d736d02e5b8a71a6f75dd14@TheMostNearbyCarIsSelected
1683893546062@passenger@0x43a056d660a0c033adcf7aa2c9ee984c2f4fd1e7@GettingNearbyRegions
1683893546068@passenger@0x5482002756a0678a1049988a3effb6ee9f26e6e7@FoundTheMostNearbyCar
1683893546115@passenger@0x43a056d660a0c033adcf7aa2c9ee984c2f4fd1e7@FoundTheMostNearbyCar
1683893547187@passenger@0x1cf507a8ff155587e445db4641b2dda6048e5349@StartProcessing
1683893548793@passenger@0xe86ca8f3a25a90ecf1d02f2ee818ddf8d8ca6a8a@PassengerArriveAtDestination
1683893548798@passenger@0xa7c6f824d33b3f4f6084687971649bcfff20ac72@PassengerOnBoard
1683893548798@passenger@0x43a056d660a0c033adcf7aa2c9ee984c2f4fd1e7@TheMostNearbyCarIsSelected
1683893548799@passenger@0xbd2e487a16c3f7f18667b2901a2a2e336dca88c8@PassengerPaysAndGetsOff
1683893548799@passenger@0x1cf507a8ff155587e445db4641b2dda6048e5349@StartingPointWrittenToContract
1683893548800@passenger@0xcc34b6ee3e8e077796ce9aadf496d581c1c1172a@DestinationWrittenToContract
1683893548800@passenger@0x5482002756a0678a1049988a3effb6ee9f26e6e7@TheMostNearbyCarConflict
1683893548801@passenger@0xcc34b6ee3e8e077796ce9aadf496d581c1c1172a@GettingNearbyRegions
1683893548849@passenger@0xcc34b6ee3e8e077796ce9aadf496d581c1c1172a@FoundTheMostNearbyCar
1683893550187@passenger@0x25eca363b1883510982b1343d92762accde5347b@StartProcessing
1683893551512@passenger@0xa7c6f824d33b3f4f6084687971649bcfff20ac72@PassengerArriveAtDestination
1683893551516@passenger@0x25eca363b1883510982b1343d92762accde5347b@StartingPointWrittenToContract
1683893551517@passenger@0x1cf507a8ff155587e445db4641b2dda6048e5349@DestinationWrittenToContract
1683893551519@passenger@0xe86ca8f3a25a90ecf1d02f2ee818ddf8d8ca6a8a@PassengerPaysAndGetsOff
1683893551520@passenger@0xcc34b6ee3e8e077796ce9aadf496d581c1c1172a@TheMostNearbyCarIsSelected
1683893551522@passenger@0xa988e958c9de98957d736d02e5b8a71a6f75dd14@PassengerOnBoard
1683893551523@passenger@0x1cf507a8ff155587e445db4641b2dda6048e5349@GettingNearbyRegions
1683893551581@passenger@0x1cf507a8ff155587e445db4641b2dda6048e5349@FoundTheMostNearbyCar
1683893553159@passenger@0xa988e958c9de98957d736d02e5b8a71a6f75dd14@PassengerArriveAtDestination
1683893553166@passenger@0x1cf507a8ff155587e445db4641b2dda6048e5349@TheMostNearbyCarIsSelected
1683893553167@passenger@0x25eca363b1883510982b1343d92762accde5347b@DestinationWrittenToContract
1683893553168@passenger@0xa7c6f824d33b3f4f6084687971649bcfff20ac72@PassengerPaysAndGetsOff
1683893553169@passenger@0x43a056d660a0c033adcf7aa2c9ee984c2f4fd1e7@PassengerOnBoard
1683893553169@passenger@0x25eca363b1883510982b1343d92762accde5347b@GettingNearbyRegions
1683893553185@passenger@0x32a71253fcbb62f00ceea65c0c680a9a3e80b7d1@StartProcessing
1683893553222@passenger@0x25eca363b1883510982b1343d92762accde5347b@FoundTheMostNearbyCar
1683893554202@passenger@0x43a056d660a0c033adcf7aa2c9ee984c2f4fd1e7@PassengerArriveAtDestination
1683893554209@passenger@0xcc34b6ee3e8e077796ce9aadf496d581c1c1172a@PassengerOnBoard
1683893554210@passenger@0x32a71253fcbb62f00ceea65c0c680a9a3e80b7d1@StartingPointWrittenToContract
1683893554212@passenger@0xa988e958c9de98957d736d02e5b8a71a6f75dd14@PassengerPaysAndGetsOff
1683893554213@passenger@0x25eca363b1883510982b1343d92762accde5347b@TheMostNearbyCarIsSelected
1683893556186@passenger@0x98c53b4ec1bc96a396f41175cf2ca571367820a7@StartProcessing
1683893557529@passenger@0xcc34b6ee3e8e077796ce9aadf496d581c1c1172a@PassengerArriveAtDestination
1683893557535@passenger@0x1cf507a8ff155587e445db4641b2dda6048e5349@PassengerOnBoard
1683893557536@passenger@0x43a056d660a0c033adcf7aa2c9ee984c2f4fd1e7@PassengerPaysAndGetsOff
1683893557536@passenger@0x32a71253fcbb62f00ceea65c0c680a9a3e80b7d1@DestinationWrittenToContract
1683893557538@passenger@0x32a71253fcbb62f00ceea65c0c680a9a3e80b7d1@GettingNearbyRegions
1683893557560@passenger@0xef03c9f4d5f4b29626dd625852810a353dddfeb3@FoundTheMostNearbyCar
1683893557587@passenger@0x32a71253fcbb62f00ceea65c0c680a9a3e80b7d1@FoundTheMostNearbyCar
1683893558546@passenger@0x98c53b4ec1bc96a396f41175cf2ca571367820a7@StartingPointWrittenToContract
1683893559034@passenger@0x1cf507a8ff155587e445db4641b2dda6048e5349@PassengerArriveAtDestination
1683893559037@passenger@0xcc34b6ee3e8e077796ce9aadf496d581c1c1172a@PassengerPaysAndGetsOff
1683893559037@passenger@0x25eca363b1883510982b1343d92762accde5347b@PassengerOnBoard
1683893559038@passenger@0x32a71253fcbb62f00ceea65c0c680a9a3e80b7d1@TheMostNearbyCarIsSelected
1683893559039@passenger@0xef03c9f4d5f4b29626dd625852810a353dddfeb3@TheMostNearbyCarConflict
1683893559186@passenger@0x9c82fd514b0283c75b2439979d863b0459bceb53@StartProcessing
1683893560112@passenger@0xac9538cfc801744aad1662af15ac6c25d877cf5b@FoundTheMostNearbyCar
1683893560377@passenger@0x98c53b4ec1bc96a396f41175cf2ca571367820a7@DestinationWrittenToContract
1683893560379@passenger@0x98c53b4ec1bc96a396f41175cf2ca571367820a7@GettingNearbyRegions
1683893560431@passenger@0x98c53b4ec1bc96a396f41175cf2ca571367820a7@FoundTheMostNearbyCar
1683893561959@passenger@0x25eca363b1883510982b1343d92762accde5347b@PassengerArriveAtDestination
1683893561970@passenger@0x9c82fd514b0283c75b2439979d863b0459bceb53@StartingPointWrittenToContract
1683893561971@passenger@0x1cf507a8ff155587e445db4641b2dda6048e5349@PassengerPaysAndGetsOff
1683893561973@passenger@0xac9538cfc801744aad1662af15ac6c25d877cf5b@TheMostNearbyCarIsSelected
1683893562186@passenger@0x20a87ebe8156e5286084ce99165c02672cb0cb36@StartProcessing
1683893563076@passenger@0x98c53b4ec1bc96a396f41175cf2ca571367820a7@TheMostNearbyCarConflict
1683893564112@passenger@0x20a87ebe8156e5286084ce99165c02672cb0cb36@StartingPointWrittenToContract
1683893564114@passenger@0x9c82fd514b0283c75b2439979d863b0459bceb53@DestinationWrittenToContract
1683893564115@passenger@0x25eca363b1883510982b1343d92762accde5347b@PassengerPaysAndGetsOff
1683893564116@passenger@0x32a71253fcbb62f00ceea65c0c680a9a3e80b7d1@PassengerOnBoard
1683893564117@passenger@0x9c82fd514b0283c75b2439979d863b0459bceb53@GettingNearbyRegions
1683893564179@passenger@0x9c82fd514b0283c75b2439979d863b0459bceb53@FoundTheMostNearbyCar
1683893565187@passenger@0xffbf1271569eea0a9366bacfba3957f7bfddf272@StartProcessing
1683893567904@passenger@0x32a71253fcbb62f00ceea65c0c680a9a3e80b7d1@PassengerArriveAtDestination
1683893567906@passenger@0x9c82fd514b0283c75b2439979d863b0459bceb53@TheMostNearbyCarIsSelected
1683893567907@passenger@0xac9538cfc801744aad1662af15ac6c25d877cf5b@PassengerOnBoard
1683893567908@passenger@0x20a87ebe8156e5286084ce99165c02672cb0cb36@DestinationWrittenToContract
1683893567909@passenger@0xffbf1271569eea0a9366bacfba3957f7bfddf272@StartingPointWrittenToContract
1683893567910@passenger@0x20a87ebe8156e5286084ce99165c02672cb0cb36@GettingNearbyRegions
1683893567964@passenger@0x20a87ebe8156e5286084ce99165c02672cb0cb36@FoundTheMostNearbyCar
1683893568186@passenger@0xd3f0a049b88a3b2c2d3640693c9ef45a4ba0ced5@StartProcessing
1683893570869@passenger@0x5482002756a0678a1049988a3effb6ee9f26e6e7@FoundTheMostNearbyCar
1683893571138@passenger@0xac9538cfc801744aad1662af15ac6c25d877cf5b@PassengerArriveAtDestination
1683893571148@passenger@0x32a71253fcbb62f00ceea65c0c680a9a3e80b7d1@PassengerPaysAndGetsOff
1683893571149@passenger@0xd3f0a049b88a3b2c2d3640693c9ef45a4ba0ced5@StartingPointWrittenToContract
1683893571150@passenger@0x5482002756a0678a1049988a3effb6ee9f26e6e7@TheMostNearbyCarConflict
1683893571151@passenger@0x20a87ebe8156e5286084ce99165c02672cb0cb36@TheMostNearbyCarIsSelected
1683893571153@passenger@0xffbf1271569eea0a9366bacfba3957f7bfddf272@DestinationWrittenToContract
1683893571155@passenger@0xffbf1271569eea0a9366bacfba3957f7bfddf272@GettingNearbyRegions
1683893571186@passenger@0x23618f01f25261d31c3adec02c22b1ee7407e318@StartProcessing
1683893571227@passenger@0xffbf1271569eea0a9366bacfba3957f7bfddf272@FoundTheMostNearbyCar
1683893573253@passenger@0xac9538cfc801744aad1662af15ac6c25d877cf5b@PassengerPaysAndGetsOff
1683893573253@passenger@0xd3f0a049b88a3b2c2d3640693c9ef45a4ba0ced5@DestinationWrittenToContract
1683893573255@passenger@0x9c82fd514b0283c75b2439979d863b0459bceb53@PassengerOnBoard
1683893573256@passenger@0x23618f01f25261d31c3adec02c22b1ee7407e318@StartingPointWrittenToContract
1683893573257@passenger@0xffbf1271569eea0a9366bacfba3957f7bfddf272@TheMostNearbyCarIsSelected
1683893573259@passenger@0xd3f0a049b88a3b2c2d3640693c9ef45a4ba0ced5@GettingNearbyRegions
1683893573313@passenger@0xd3f0a049b88a3b2c2d3640693c9ef45a4ba0ced5@FoundTheMostNearbyCar
1683893574187@passenger@0xa3c55eb2e949ad3ec6844e8f3ac90af0a25c2776@StartProcessing
1683893576210@passenger@0x9c82fd514b0283c75b2439979d863b0459bceb53@PassengerArriveAtDestination
1683893576216@passenger@0x20a87ebe8156e5286084ce99165c02672cb0cb36@PassengerOnBoard
1683893576217@passenger@0xa3c55eb2e949ad3ec6844e8f3ac90af0a25c2776@StartingPointWrittenToContract
1683893576220@passenger@0xd3f0a049b88a3b2c2d3640693c9ef45a4ba0ced5@TheMostNearbyCarIsSelected
1683893576220@passenger@0x23618f01f25261d31c3adec02c22b1ee7407e318@DestinationWrittenToContract
1683893576223@passenger@0x23618f01f25261d31c3adec02c22b1ee7407e318@GettingNearbyRegions
1683893576277@passenger@0x23618f01f25261d31c3adec02c22b1ee7407e318@FoundTheMostNearbyCar
1683893577128@passenger@0x98c53b4ec1bc96a396f41175cf2ca571367820a7@FoundTheMostNearbyCar
1683893577186@passenger@0x0d38502b24c64bfc5b635720bf299384cc2594de@StartProcessing
1683893581094@passenger@0xef03c9f4d5f4b29626dd625852810a353dddfeb3@FoundTheMostNearbyCar
1683893581404@passenger@0x20a87ebe8156e5286084ce99165c02672cb0cb36@PassengerArriveAtDestination
1683893581409@passenger@0xa3c55eb2e949ad3ec6844e8f3ac90af0a25c2776@DestinationWrittenToContract
1683893581411@passenger@0x9c82fd514b0283c75b2439979d863b0459bceb53@PassengerPaysAndGetsOff
1683893581411@passenger@0x23618f01f25261d31c3adec02c22b1ee7407e318@TheMostNearbyCarConflict
1683893581413@passenger@0x98c53b4ec1bc96a396f41175cf2ca571367820a7@TheMostNearbyCarIsSelected
1683893581414@passenger@0x0d38502b24c64bfc5b635720bf299384cc2594de@StartingPointWrittenToContract
1683893581416@passenger@0xffbf1271569eea0a9366bacfba3957f7bfddf272@PassengerOnBoard
1683893581417@passenger@0xa3c55eb2e949ad3ec6844e8f3ac90af0a25c2776@GettingNearbyRegions
1683893581479@passenger@0xa3c55eb2e949ad3ec6844e8f3ac90af0a25c2776@FoundTheMostNearbyCar
1683893587151@passenger@0xffbf1271569eea0a9366bacfba3957f7bfddf272@PassengerArriveAtDestination
1683893587157@passenger@0x0d38502b24c64bfc5b635720bf299384cc2594de@DestinationWrittenToContract
1683893587157@passenger@0xa3c55eb2e949ad3ec6844e8f3ac90af0a25c2776@TheMostNearbyCarIsSelected
1683893587158@passenger@0x20a87ebe8156e5286084ce99165c02672cb0cb36@PassengerPaysAndGetsOff
1683893587159@passenger@0xd3f0a049b88a3b2c2d3640693c9ef45a4ba0ced5@PassengerOnBoard
1683893587160@passenger@0xef03c9f4d5f4b29626dd625852810a353dddfeb3@TheMostNearbyCarConflict
1683893587161@passenger@0x0d38502b24c64bfc5b635720bf299384cc2594de@GettingNearbyRegions
1683893587220@passenger@0x0d38502b24c64bfc5b635720bf299384cc2594de@FoundTheMostNearbyCar
1683893592183@passenger@0xd3f0a049b88a3b2c2d3640693c9ef45a4ba0ced5@PassengerArriveAtDestination
1683893592191@passenger@0x98c53b4ec1bc96a396f41175cf2ca571367820a7@PassengerOnBoard
1683893592191@passenger@0xffbf1271569eea0a9366bacfba3957f7bfddf272@PassengerPaysAndGetsOff
1683893592192@passenger@0x0d38502b24c64bfc5b635720bf299384cc2594de@TheMostNearbyCarIsSelected
1683893594601@passenger@0x98c53b4ec1bc96a396f41175cf2ca571367820a7@PassengerArriveAtDestination
1683893594610@passenger@0xd3f0a049b88a3b2c2d3640693c9ef45a4ba0ced5@PassengerPaysAndGetsOff
1683893594611@passenger@0xa3c55eb2e949ad3ec6844e8f3ac90af0a25c2776@PassengerOnBoard
1683893595460@passenger@0x23618f01f25261d31c3adec02c22b1ee7407e318@FoundTheMostNearbyCar
1683893597195@passenger@0x5482002756a0678a1049988a3effb6ee9f26e6e7@FoundTheMostNearbyCar
1683893601339@passenger@0xa3c55eb2e949ad3ec6844e8f3ac90af0a25c2776@PassengerArriveAtDestination
1683893601343@passenger@0x98c53b4ec1bc96a396f41175cf2ca571367820a7@PassengerPaysAndGetsOff
1683893601344@passenger@0x0d38502b24c64bfc5b635720bf299384cc2594de@PassengerOnBoard
1683893601344@passenger@0x23618f01f25261d31c3adec02c22b1ee7407e318@TheMostNearbyCarIsSelected
1683893601345@passenger@0x5482002756a0678a1049988a3effb6ee9f26e6e7@TheMostNearbyCarConflict
1683893601416@passenger@0x0d38502b24c64bfc5b635720bf299384cc2594de@PassengerArriveAtDestination
1683893601434@passenger@0xa3c55eb2e949ad3ec6844e8f3ac90af0a25c2776@PassengerPaysAndGetsOff
1683893603721@passenger@0x23618f01f25261d31c3adec02c22b1ee7407e318@PassengerOnBoard
1683893603722@passenger@0x0d38502b24c64bfc5b635720bf299384cc2594de@PassengerPaysAndGetsOff
1683893604862@passenger@0x23618f01f25261d31c3adec02c22b1ee7407e318@PassengerArriveAtDestination
1683893607207@passenger@0x23618f01f25261d31c3adec02c22b1ee7407e318@PassengerPaysAndGetsOff
1683893613213@passenger@0xef03c9f4d5f4b29626dd625852810a353dddfeb3@FoundTheMostNearbyCar
1683893613827@passenger@0xef03c9f4d5f4b29626dd625852810a353dddfeb3@TheMostNearbyCarIsSelected
1683893619159@passenger@0xef03c9f4d5f4b29626dd625852810a353dddfeb3@PassengerOnBoard
1683893624578@passenger@0xef03c9f4d5f4b29626dd625852810a353dddfeb3@PassengerArriveAtDestination
1683893625952@passenger@0xef03c9f4d5f4b29626dd625852810a353dddfeb3@PassengerPaysAndGetsOff
1683893631391@passenger@0x5482002756a0678a1049988a3effb6ee9f26e6e7@FoundTheMostNearbyCar
1683893633246@passenger@0x5482002756a0678a1049988a3effb6ee9f26e6e7@TheMostNearbyCarIsSelected
1683893637611@passenger@0x5482002756a0678a1049988a3effb6ee9f26e6e7@PassengerOnBoard
1683893642874@passenger@0x5482002756a0678a1049988a3effb6ee9f26e6e7@PassengerArriveAtDestination
1683893647480@passenger@0x5482002756a0678a1049988a3effb6ee9f26e6e7@PassengerPaysAndGetsOff
