1683893482600@passenger@0x086ba65affc894f226e87f8d16f20a35d4f60b4d@StartProcessing
1683893484507@passenger@0x086ba65affc894f226e87f8d16f20a35d4f60b4d@StartingPointWrittenToContract
1683893485597@passenger@0x2702ee5633daab4d277f5660f1c29d3e5454f7b3@StartProcessing
1683893488598@passenger@0x2888bd343cbbc9cb5469c7a3c52d51dff4350d97@StartProcessing
1683893491182@passenger@0x086ba65affc894f226e87f8d16f20a35d4f60b4d@DestinationWrittenToContract
1683893491183@passenger@0x2702ee5633daab4d277f5660f1c29d3e5454f7b3@StartingPointWrittenToContract
1683893491186@passenger@0x2888bd343cbbc9cb5469c7a3c52d51dff4350d97@StartingPointWrittenToContract
1683893491190@passenger@0x086ba65affc894f226e87f8d16f20a35d4f60b4d@GettingNearbyRegions
1683893491220@passenger@0x086ba65affc894f226e87f8d16f20a35d4f60b4d@FoundTheMostNearbyCar
1683893491596@passenger@0x7a594ef9f871e4ef17c8d659aa58b3b09e090cf3@StartProcessing
1683893493404@passenger@0x2702ee5633daab4d277f5660f1c29d3e5454f7b3@DestinationWrittenToContract
1683893493407@passenger@0x086ba65affc894f226e87f8d16f20a35d4f60b4d@TheMostNearbyCarIsSelected
1683893493408@passenger@0x2888bd343cbbc9cb5469c7a3c52d51dff4350d97@DestinationWrittenToContract
1683893493409@passenger@0x7a594ef9f871e4ef17c8d659aa58b3b09e090cf3@StartingPointWrittenToContract
1683893493411@passenger@0x2702ee5633daab4d277f5660f1c29d3e5454f7b3@GettingNearbyRegions
1683893493414@passenger@0x2888bd343cbbc9cb5469c7a3c52d51dff4350d97@GettingNearbyRegions
1683893493459@passenger@0x2702ee5633daab4d277f5660f1c29d3e5454f7b3@FoundTheMostNearbyCar
1683893493461@passenger@0x2888bd343cbbc9cb5469c7a3c52d51dff4350d97@FoundTheMostNearbyCar
1683893494596@passenger@0xb2e192f38247113c0a695a4da975771bfd32d68e@StartProcessing
1683893495968@passenger@0x2702ee5633daab4d277f5660f1c29d3e5454f7b3@TheMostNearbyCarIsSelected
1683893495970@passenger@0x7a594ef9f871e4ef17c8d659aa58b3b09e090cf3@DestinationWrittenToContract
1683893495974@passenger@0x2888bd343cbbc9cb5469c7a3c52d51dff4350d97@TheMostNearbyCarConflict
1683893495975@passenger@0x7a594ef9f871e4ef17c8d659aa58b3b09e090cf3@GettingNearbyRegions
1683893496023@passenger@0x7a594ef9f871e4ef17c8d659aa58b3b09e090cf3@FoundTheMostNearbyCar
1683893497597@passenger@0xe3cfc7fd117fa5762bfb5390acbdf48557a18ac2@StartProcessing
1683893498469@passenger@0xb2e192f38247113c0a695a4da975771bfd32d68e@StartingPointWrittenToContract
1683893500140@passenger@0x7a594ef9f871e4ef17c8d659aa58b3b09e090cf3@TheMostNearbyCarIsSelected
1683893500141@passenger@0x086ba65affc894f226e87f8d16f20a35d4f60b4d@PassengerOnBoard
1683893500141@passenger@0xe3cfc7fd117fa5762bfb5390acbdf48557a18ac2@StartingPointWrittenToContract
1683893500596@passenger@0xa97253e4fe217e80b5f2e995bd54904f63726719@StartProcessing
1683893500691@passenger@0xb2e192f38247113c0a695a4da975771bfd32d68e@DestinationWrittenToContract
1683893500691@passenger@0xb2e192f38247113c0a695a4da975771bfd32d68e@GettingNearbyRegions
1683893500735@passenger@0xb2e192f38247113c0a695a4da975771bfd32d68e@FoundTheMostNearbyCar
1683893501180@passenger@0x086ba65affc894f226e87f8d16f20a35d4f60b4d@PassengerArriveAtDestination
1683893501181@passenger@0xe3cfc7fd117fa5762bfb5390acbdf48557a18ac2@DestinationWrittenToContract
1683893501182@passenger@0xa97253e4fe217e80b5f2e995bd54904f63726719@StartingPointWrittenToContract
1683893501182@passenger@0x2702ee5633daab4d277f5660f1c29d3e5454f7b3@PassengerOnBoard
1683893501183@passenger@0xe3cfc7fd117fa5762bfb5390acbdf48557a18ac2@GettingNearbyRegions
1683893501233@passenger@0xe3cfc7fd117fa5762bfb5390acbdf48557a18ac2@FoundTheMostNearbyCar
1683893502067@passenger@0xb2e192f38247113c0a695a4da975771bfd32d68e@TheMostNearbyCarIsSelected
1683893502274@passenger@0x2702ee5633daab4d277f5660f1c29d3e5454f7b3@PassengerArriveAtDestination
1683893502278@passenger@0x7a594ef9f871e4ef17c8d659aa58b3b09e090cf3@PassengerOnBoard
1683893502279@passenger@0xa97253e4fe217e80b5f2e995bd54904f63726719@DestinationWrittenToContract
1683893502284@passenger@0x086ba65affc894f226e87f8d16f20a35d4f60b4d@PassengerPaysAndGetsOff
1683893502285@passenger@0xe3cfc7fd117fa5762bfb5390acbdf48557a18ac2@TheMostNearbyCarConflict
1683893502287@passenger@0xa97253e4fe217e80b5f2e995bd54904f63726719@GettingNearbyRegions
1683893502334@passenger@0xa97253e4fe217e80b5f2e995bd54904f63726719@FoundTheMostNearbyCar
1683893503597@passenger@0xce2897c392e16c5762131a56686733e035a4aa30@StartProcessing
1683893504951@passenger@0x7a594ef9f871e4ef17c8d659aa58b3b09e090cf3@PassengerArriveAtDestination
1683893504953@passenger@0xa97253e4fe217e80b5f2e995bd54904f63726719@TheMostNearbyCarIsSelected
1683893504954@passenger@0x2702ee5633daab4d277f5660f1c29d3e5454f7b3@PassengerPaysAndGetsOff
1683893504955@passenger@0xce2897c392e16c5762131a56686733e035a4aa30@StartingPointWrittenToContract
1683893506596@passenger@0x441d24425b99411edd0ecf95501cb0db988e2f13@StartProcessing
1683893509598@passenger@0xf5493c66a2f85637127510a53b6cd0b067936b51@StartProcessing
1683893510001@passenger@0x2888bd343cbbc9cb5469c7a3c52d51dff4350d97@FoundTheMostNearbyCar
1683893510673@passenger@0x441d24425b99411edd0ecf95501cb0db988e2f13@StartingPointWrittenToContract
1683893510674@passenger@0x7a594ef9f871e4ef17c8d659aa58b3b09e090cf3@PassengerPaysAndGetsOff
1683893510674@passenger@0xb2e192f38247113c0a695a4da975771bfd32d68e@PassengerOnBoard
1683893510674@passenger@0xce2897c392e16c5762131a56686733e035a4aa30@DestinationWrittenToContract
1683893510675@passenger@0xce2897c392e16c5762131a56686733e035a4aa30@GettingNearbyRegions
1683893510709@passenger@0xce2897c392e16c5762131a56686733e035a4aa30@FoundTheMostNearbyCar
1683893512597@passenger@0xcd924d3e8e043bb9579a4033ab08f8c1404840f0@StartProcessing
1683893512675@passenger@0xf5493c66a2f85637127510a53b6cd0b067936b51@StartingPointWrittenToContract
1683893512676@passenger@0x2888bd343cbbc9cb5469c7a3c52d51dff4350d97@TheMostNearbyCarIsSelected
1683893513043@passenger@0xb2e192f38247113c0a695a4da975771bfd32d68e@PassengerArriveAtDestination
1683893513045@passenger@0xcd924d3e8e043bb9579a4033ab08f8c1404840f0@StartingPointWrittenToContract
1683893513047@passenger@0xa97253e4fe217e80b5f2e995bd54904f63726719@PassengerOnBoard
1683893513048@passenger@0x441d24425b99411edd0ecf95501cb0db988e2f13@DestinationWrittenToContract
1683893513050@passenger@0xce2897c392e16c5762131a56686733e035a4aa30@TheMostNearbyCarConflict
1683893513051@passenger@0x441d24425b99411edd0ecf95501cb0db988e2f13@GettingNearbyRegions
1683893513093@passenger@0x441d24425b99411edd0ecf95501cb0db988e2f13@FoundTheMostNearbyCar
1683893514103@passenger@0xf5493c66a2f85637127510a53b6cd0b067936b51@DestinationWrittenToContract
1683893514105@passenger@0xf5493c66a2f85637127510a53b6cd0b067936b51@GettingNearbyRegions
1683893514141@passenger@0xf5493c66a2f85637127510a53b6cd0b067936b51@FoundTheMostNearbyCar
1683893515302@passenger@0xa97253e4fe217e80b5f2e995bd54904f63726719@PassengerArriveAtDestination
1683893515307@passenger@0x441d24425b99411edd0ecf95501cb0db988e2f13@TheMostNearbyCarIsSelected
1683893515308@passenger@0xb2e192f38247113c0a695a4da975771bfd32d68e@PassengerPaysAndGetsOff
1683893515309@passenger@0xcd924d3e8e043bb9579a4033ab08f8c1404840f0@DestinationWrittenToContract
1683893515310@passenger@0xcd924d3e8e043bb9579a4033ab08f8c1404840f0@GettingNearbyRegions
1683893515361@passenger@0xcd924d3e8e043bb9579a4033ab08f8c1404840f0@FoundTheMostNearbyCar
1683893515597@passenger@0xf85378de486a9514f26f3118450ff6409aaf2bfb@StartProcessing
1683893516331@passenger@0xe3cfc7fd117fa5762bfb5390acbdf48557a18ac2@FoundTheMostNearbyCar
1683893516541@passenger@0x2888bd343cbbc9cb5469c7a3c52d51dff4350d97@PassengerOnBoard
1683893516543@passenger@0xf5493c66a2f85637127510a53b6cd0b067936b51@TheMostNearbyCarConflict
1683893517363@passenger@0xa97253e4fe217e80b5f2e995bd54904f63726719@PassengerPaysAndGetsOff
1683893517364@passenger@0xf85378de486a9514f26f3118450ff6409aaf2bfb@StartingPointWrittenToContract
1683893517366@passenger@0xcd924d3e8e043bb9579a4033ab08f8c1404840f0@TheMostNearbyCarConflict
1683893517367@passenger@0xe3cfc7fd117fa5762bfb5390acbdf48557a18ac2@TheMostNearbyCarIsSelected
1683893517482@passenger@0x2888bd343cbbc9cb5469c7a3c52d51dff4350d97@PassengerArriveAtDestination
1683893517743@passenger@0xf85378de486a9514f26f3118450ff6409aaf2bfb@DestinationWrittenToContract
1683893517744@passenger@0x441d24425b99411edd0ecf95501cb0db988e2f13@PassengerOnBoard
1683893517745@passenger@0xf85378de486a9514f26f3118450ff6409aaf2bfb@GettingNearbyRegions
1683893517791@passenger@0xf85378de486a9514f26f3118450ff6409aaf2bfb@FoundTheMostNearbyCar
1683893518597@passenger@0x2a52bc09f527f500c7fc62c63f681d24dad62a77@StartProcessing
1683893520949@passenger@0x441d24425b99411edd0ecf95501cb0db988e2f13@PassengerArriveAtDestination
1683893520953@passenger@0x2a52bc09f527f500c7fc62c63f681d24dad62a77@StartingPointWrittenToContract
1683893520956@passenger@0x2888bd343cbbc9cb5469c7a3c52d51dff4350d97@PassengerPaysAndGetsOff
1683893520957@passenger@0xe3cfc7fd117fa5762bfb5390acbdf48557a18ac2@PassengerOnBoard
1683893520958@passenger@0xf85378de486a9514f26f3118450ff6409aaf2bfb@TheMostNearbyCarIsSelected
1683893521598@passenger@0x0c05c7ae6e3a58c23e5d27fc1d121ed1aec0f738@StartProcessing
1683893524600@passenger@0x7776ed3449f97157630b06035e11bc7759e4f0db@StartProcessing
1683893525133@passenger@0xe3cfc7fd117fa5762bfb5390acbdf48557a18ac2@PassengerArriveAtDestination
1683893525141@passenger@0x7776ed3449f97157630b06035e11bc7759e4f0db@StartingPointWrittenToContract
1683893525143@passenger@0x2a52bc09f527f500c7fc62c63f681d24dad62a77@DestinationWrittenToContract
1683893525145@passenger@0x0c05c7ae6e3a58c23e5d27fc1d121ed1aec0f738@StartingPointWrittenToContract
1683893525147@passenger@0x441d24425b99411edd0ecf95501cb0db988e2f13@PassengerPaysAndGetsOff
1683893525150@passenger@0x2a52bc09f527f500c7fc62c63f681d24dad62a77@GettingNearbyRegions
1683893525181@passenger@0x2a52bc09f527f500c7fc62c63f681d24dad62a77@FoundTheMostNearbyCar
1683893527072@passenger@0xce2897c392e16c5762131a56686733e035a4aa30@FoundTheMostNearbyCar
1683893527598@passenger@0xd30d093abb9d34fb14917d07121ed6a61cb1f99e@StartProcessing
1683893528256@passenger@0x2a52bc09f527f500c7fc62c63f681d24dad62a77@TheMostNearbyCarIsSelected
1683893528260@passenger@0x0c05c7ae6e3a58c23e5d27fc1d121ed1aec0f738@DestinationWrittenToContract
1683893528263@passenger@0xe3cfc7fd117fa5762bfb5390acbdf48557a18ac2@PassengerPaysAndGetsOff
1683893528264@passenger@0x7776ed3449f97157630b06035e11bc7759e4f0db@DestinationWrittenToContract
1683893528265@passenger@0xf85378de486a9514f26f3118450ff6409aaf2bfb@PassengerOnBoard
1683893528266@passenger@0x0c05c7ae6e3a58c23e5d27fc1d121ed1aec0f738@GettingNearbyRegions
1683893528268@passenger@0x7776ed3449f97157630b06035e11bc7759e4f0db@GettingNearbyRegions
1683893528312@passenger@0x0c05c7ae6e3a58c23e5d27fc1d121ed1aec0f738@FoundTheMostNearbyCar
1683893528313@passenger@0x7776ed3449f97157630b06035e11bc7759e4f0db@FoundTheMostNearbyCar
1683893530578@passenger@0xf5493c66a2f85637127510a53b6cd0b067936b51@FoundTheMostNearbyCar
1683893530596@passenger@0x7b11919cd9db9a817c8f9d2e9477f410273a3ceb@StartProcessing
1683893531132@passenger@0xd30d093abb9d34fb14917d07121ed6a61cb1f99e@StartingPointWrittenToContract
1683893531133@passenger@0xce2897c392e16c5762131a56686733e035a4aa30@TheMostNearbyCarConflict
1683893531397@passenger@0xcd924d3e8e043bb9579a4033ab08f8c1404840f0@FoundTheMostNearbyCar
1683893532006@passenger@0xf85378de486a9514f26f3118450ff6409aaf2bfb@PassengerArriveAtDestination
1683893532008@passenger@0x7b11919cd9db9a817c8f9d2e9477f410273a3ceb@StartingPointWrittenToContract
1683893532010@passenger@0x0c05c7ae6e3a58c23e5d27fc1d121ed1aec0f738@TheMostNearbyCarConflict
1683893532011@passenger@0x7776ed3449f97157630b06035e11bc7759e4f0db@TheMostNearbyCarIsSelected
1683893532013@passenger@0xf5493c66a2f85637127510a53b6cd0b067936b51@TheMostNearbyCarConflict
1683893532427@passenger@0xd30d093abb9d34fb14917d07121ed6a61cb1f99e@DestinationWrittenToContract
1683893532429@passenger@0xd30d093abb9d34fb14917d07121ed6a61cb1f99e@GettingNearbyRegions
1683893532431@passenger@0xcd924d3e8e043bb9579a4033ab08f8c1404840f0@TheMostNearbyCarConflict
1683893532471@passenger@0xd30d093abb9d34fb14917d07121ed6a61cb1f99e@FoundTheMostNearbyCar
1683893533081@passenger@0x2a52bc09f527f500c7fc62c63f681d24dad62a77@PassengerOnBoard
1683893533081@passenger@0xf85378de486a9514f26f3118450ff6409aaf2bfb@PassengerPaysAndGetsOff
1683893533082@passenger@0x7b11919cd9db9a817c8f9d2e9477f410273a3ceb@DestinationWrittenToContract
1683893533083@passenger@0x7b11919cd9db9a817c8f9d2e9477f410273a3ceb@GettingNearbyRegions
1683893533128@passenger@0x7b11919cd9db9a817c8f9d2e9477f410273a3ceb@FoundTheMostNearbyCar
1683893533408@passenger@0xd30d093abb9d34fb14917d07121ed6a61cb1f99e@TheMostNearbyCarIsSelected
1683893533597@passenger@0x3c28dc70332560ed17d1002704780df9df497abb@StartProcessing
1683893535676@passenger@0x2a52bc09f527f500c7fc62c63f681d24dad62a77@PassengerArriveAtDestination
1683893535685@passenger@0x3c28dc70332560ed17d1002704780df9df497abb@StartingPointWrittenToContract
1683893535687@passenger@0x7776ed3449f97157630b06035e11bc7759e4f0db@PassengerOnBoard
1683893535688@passenger@0x7b11919cd9db9a817c8f9d2e9477f410273a3ceb@TheMostNearbyCarConflict
1683893536598@passenger@0xeef75753e18f97f0ee8a61119d84cdba23d22a7f@StartProcessing
1683893539074@passenger@0x7776ed3449f97157630b06035e11bc7759e4f0db@PassengerArriveAtDestination
1683893539077@passenger@0x2a52bc09f527f500c7fc62c63f681d24dad62a77@PassengerPaysAndGetsOff
1683893539078@passenger@0xd30d093abb9d34fb14917d07121ed6a61cb1f99e@PassengerOnBoard
1683893539079@passenger@0xeef75753e18f97f0ee8a61119d84cdba23d22a7f@StartingPointWrittenToContract
1683893539080@passenger@0x3c28dc70332560ed17d1002704780df9df497abb@DestinationWrittenToContract
1683893539082@passenger@0x3c28dc70332560ed17d1002704780df9df497abb@GettingNearbyRegions
1683893539124@passenger@0x3c28dc70332560ed17d1002704780df9df497abb@FoundTheMostNearbyCar
1683893539597@passenger@0x2a772e261792d208c40d685b31673a85ad18eb90@StartProcessing
1683893541927@passenger@0xd30d093abb9d34fb14917d07121ed6a61cb1f99e@PassengerArriveAtDestination
1683893541934@passenger@0xeef75753e18f97f0ee8a61119d84cdba23d22a7f@DestinationWrittenToContract
1683893541934@passenger@0x2a772e261792d208c40d685b31673a85ad18eb90@StartingPointWrittenToContract
1683893541935@passenger@0x3c28dc70332560ed17d1002704780df9df497abb@TheMostNearbyCarIsSelected
1683893541936@passenger@0x7776ed3449f97157630b06035e11bc7759e4f0db@PassengerPaysAndGetsOff
1683893541936@passenger@0xeef75753e18f97f0ee8a61119d84cdba23d22a7f@GettingNearbyRegions
1683893541965@passenger@0xeef75753e18f97f0ee8a61119d84cdba23d22a7f@FoundTheMostNearbyCar
1683893542597@passenger@0x495b77d80ccb1d3d1476db06dd522292555b2e23@StartProcessing
1683893545442@passenger@0x495b77d80ccb1d3d1476db06dd522292555b2e23@StartingPointWrittenToContract
1683893545444@passenger@0xd30d093abb9d34fb14917d07121ed6a61cb1f99e@PassengerPaysAndGetsOff
1683893545444@passenger@0xeef75753e18f97f0ee8a61119d84cdba23d22a7f@TheMostNearbyCarIsSelected
1683893545445@passenger@0x2a772e261792d208c40d685b31673a85ad18eb90@DestinationWrittenToContract
1683893545446@passenger@0x2a772e261792d208c40d685b31673a85ad18eb90@GettingNearbyRegions
1683893545492@passenger@0x2a772e261792d208c40d685b31673a85ad18eb90@FoundTheMostNearbyCar
1683893545597@passenger@0xa95e44270fc15576da490955d8e6698e2a95f610@StartProcessing
1683893546052@passenger@0x0c05c7ae6e3a58c23e5d27fc1d121ed1aec0f738@FoundTheMostNearbyCar
1683893548347@passenger@0x495b77d80ccb1d3d1476db06dd522292555b2e23@DestinationWrittenToContract
1683893548348@passenger@0x3c28dc70332560ed17d1002704780df9df497abb@PassengerOnBoard
1683893548349@passenger@0xa95e44270fc15576da490955d8e6698e2a95f610@StartingPointWrittenToContract
1683893548350@passenger@0x0c05c7ae6e3a58c23e5d27fc1d121ed1aec0f738@TheMostNearbyCarIsSelected
1683893548350@passenger@0x2a772e261792d208c40d685b31673a85ad18eb90@TheMostNearbyCarConflict
1683893548352@passenger@0x495b77d80ccb1d3d1476db06dd522292555b2e23@GettingNearbyRegions
1683893548393@passenger@0x495b77d80ccb1d3d1476db06dd522292555b2e23@FoundTheMostNearbyCar
1683893548400@passenger@0x3c28dc70332560ed17d1002704780df9df497abb@PassengerArriveAtDestination
1683893548410@passenger@0xeef75753e18f97f0ee8a61119d84cdba23d22a7f@PassengerOnBoard
1683893548410@passenger@0xa95e44270fc15576da490955d8e6698e2a95f610@DestinationWrittenToContract
1683893548412@passenger@0xa95e44270fc15576da490955d8e6698e2a95f610@GettingNearbyRegions
1683893548451@passenger@0xa95e44270fc15576da490955d8e6698e2a95f610@FoundTheMostNearbyCar
1683893548597@passenger@0xa330923b96f26c88a2681112bfe26d4d9186131a@StartProcessing
1683893549169@passenger@0xce2897c392e16c5762131a56686733e035a4aa30@FoundTheMostNearbyCar
1683893549729@passenger@0x7b11919cd9db9a817c8f9d2e9477f410273a3ceb@FoundTheMostNearbyCar
1683893550048@passenger@0xf5493c66a2f85637127510a53b6cd0b067936b51@FoundTheMostNearbyCar
1683893550476@passenger@0xcd924d3e8e043bb9579a4033ab08f8c1404840f0@FoundTheMostNearbyCar
1683893551598@passenger@0x814d66fc3f60ca8b257b21f1b89faeecd31475af@StartProcessing
1683893554598@passenger@0x17164c34807aa124363d80a604efd4560d8cea0e@StartProcessing
1683893557600@passenger@0x9edfe6721d18361bf2b6d83b5cc22c0bf4db6314@StartProcessing
1683893558225@passenger@0xeef75753e18f97f0ee8a61119d84cdba23d22a7f@PassengerArriveAtDestination
1683893558229@passenger@0xa330923b96f26c88a2681112bfe26d4d9186131a@StartingPointWrittenToContract
1683893558229@passenger@0x3c28dc70332560ed17d1002704780df9df497abb@PassengerPaysAndGetsOff
1683893558231@passenger@0x7b11919cd9db9a817c8f9d2e9477f410273a3ceb@TheMostNearbyCarIsSelected
1683893558232@passenger@0x814d66fc3f60ca8b257b21f1b89faeecd31475af@StartingPointWrittenToContract
1683893558234@passenger@0x495b77d80ccb1d3d1476db06dd522292555b2e23@TheMostNearbyCarConflict
1683893558234@passenger@0xa95e44270fc15576da490955d8e6698e2a95f610@TheMostNearbyCarConflict
1683893558235@passenger@0x0c05c7ae6e3a58c23e5d27fc1d121ed1aec0f738@PassengerOnBoard
1683893558236@passenger@0x17164c34807aa124363d80a604efd4560d8cea0e@StartingPointWrittenToContract
1683893558238@passenger@0xcd924d3e8e043bb9579a4033ab08f8c1404840f0@TheMostNearbyCarConflict
1683893558239@passenger@0xf5493c66a2f85637127510a53b6cd0b067936b51@TheMostNearbyCarConflict
1683893558239@passenger@0xce2897c392e16c5762131a56686733e035a4aa30@TheMostNearbyCarConflict
1683893560598@passenger@0x08346710bfb71d0fea0b4a9a3d31107df5fe287a@StartProcessing
1683893562400@passenger@0x2a772e261792d208c40d685b31673a85ad18eb90@FoundTheMostNearbyCar
1683893562521@passenger@0x0c05c7ae6e3a58c23e5d27fc1d121ed1aec0f738@PassengerArriveAtDestination
1683893562534@passenger@0xa330923b96f26c88a2681112bfe26d4d9186131a@DestinationWrittenToContract
1683893562536@passenger@0xeef75753e18f97f0ee8a61119d84cdba23d22a7f@PassengerPaysAndGetsOff
1683893562537@passenger@0x814d66fc3f60ca8b257b21f1b89faeecd31475af@DestinationWrittenToContract
1683893562538@passenger@0x08346710bfb71d0fea0b4a9a3d31107df5fe287a@StartingPointWrittenToContract
1683893562540@passenger@0x9edfe6721d18361bf2b6d83b5cc22c0bf4db6314@StartingPointWrittenToContract
1683893562541@passenger@0x17164c34807aa124363d80a604efd4560d8cea0e@DestinationWrittenToContract
1683893562543@passenger@0xa330923b96f26c88a2681112bfe26d4d9186131a@GettingNearbyRegions
1683893562545@passenger@0x814d66fc3f60ca8b257b21f1b89faeecd31475af@GettingNearbyRegions
1683893562547@passenger@0x17164c34807aa124363d80a604efd4560d8cea0e@GettingNearbyRegions
1683893562595@passenger@0xa330923b96f26c88a2681112bfe26d4d9186131a@FoundTheMostNearbyCar
1683893562596@passenger@0x17164c34807aa124363d80a604efd4560d8cea0e@FoundTheMostNearbyCar
1683893562599@passenger@0x814d66fc3f60ca8b257b21f1b89faeecd31475af@FoundTheMostNearbyCar
1683893563157@passenger@0x2a772e261792d208c40d685b31673a85ad18eb90@TheMostNearbyCarIsSelected
1683893563597@passenger@0x28a3f726b61a49da7ae14fd456b80e44e4974d1d@StartProcessing
1683893564331@passenger@0x7b11919cd9db9a817c8f9d2e9477f410273a3ceb@PassengerOnBoard
1683893564331@passenger@0x17164c34807aa124363d80a604efd4560d8cea0e@TheMostNearbyCarIsSelected
1683893564332@passenger@0x08346710bfb71d0fea0b4a9a3d31107df5fe287a@DestinationWrittenToContract
1683893564333@passenger@0x0c05c7ae6e3a58c23e5d27fc1d121ed1aec0f738@PassengerPaysAndGetsOff
1683893564333@passenger@0x9edfe6721d18361bf2b6d83b5cc22c0bf4db6314@DestinationWrittenToContract
1683893564335@passenger@0x814d66fc3f60ca8b257b21f1b89faeecd31475af@TheMostNearbyCarConflict
1683893564335@passenger@0xa330923b96f26c88a2681112bfe26d4d9186131a@TheMostNearbyCarConflict
1683893564336@passenger@0x08346710bfb71d0fea0b4a9a3d31107df5fe287a@GettingNearbyRegions
1683893564338@passenger@0x9edfe6721d18361bf2b6d83b5cc22c0bf4db6314@GettingNearbyRegions
1683893564378@passenger@0x08346710bfb71d0fea0b4a9a3d31107df5fe287a@FoundTheMostNearbyCar
1683893564381@passenger@0x9edfe6721d18361bf2b6d83b5cc22c0bf4db6314@FoundTheMostNearbyCar
1683893565271@passenger@0x28a3f726b61a49da7ae14fd456b80e44e4974d1d@StartingPointWrittenToContract
1683893566598@passenger@0xb08c2456169491982bb3ab852eae8ee3300b9261@StartProcessing
1683893566782@passenger@0x7b11919cd9db9a817c8f9d2e9477f410273a3ceb@PassengerArriveAtDestination
1683893566785@passenger@0x9edfe6721d18361bf2b6d83b5cc22c0bf4db6314@TheMostNearbyCarIsSelected
1683893566786@passenger@0x08346710bfb71d0fea0b4a9a3d31107df5fe287a@TheMostNearbyCarConflict
1683893567335@passenger@0x2a772e261792d208c40d685b31673a85ad18eb90@PassengerOnBoard
1683893567335@passenger@0xb08c2456169491982bb3ab852eae8ee3300b9261@StartingPointWrittenToContract
1683893567337@passenger@0x28a3f726b61a49da7ae14fd456b80e44e4974d1d@DestinationWrittenToContract
1683893567341@passenger@0x28a3f726b61a49da7ae14fd456b80e44e4974d1d@GettingNearbyRegions
1683893567372@passenger@0x28a3f726b61a49da7ae14fd456b80e44e4974d1d@FoundTheMostNearbyCar
1683893568633@passenger@0x17164c34807aa124363d80a604efd4560d8cea0e@PassengerOnBoard
1683893568634@passenger@0x7b11919cd9db9a817c8f9d2e9477f410273a3ceb@PassengerPaysAndGetsOff
1683893568889@passenger@0x2a772e261792d208c40d685b31673a85ad18eb90@PassengerArriveAtDestination
1683893568892@passenger@0xb08c2456169491982bb3ab852eae8ee3300b9261@DestinationWrittenToContract
1683893568894@passenger@0x28a3f726b61a49da7ae14fd456b80e44e4974d1d@TheMostNearbyCarIsSelected
1683893568895@passenger@0xb08c2456169491982bb3ab852eae8ee3300b9261@GettingNearbyRegions
1683893568952@passenger@0xb08c2456169491982bb3ab852eae8ee3300b9261@FoundTheMostNearbyCar
1683893569470@passenger@0x17164c34807aa124363d80a604efd4560d8cea0e@PassengerArriveAtDestination
1683893569472@passenger@0x9edfe6721d18361bf2b6d83b5cc22c0bf4db6314@PassengerOnBoard
1683893569597@passenger@0x073ad6ab89e9097b5405da6d46e1b0db47ec632e@StartProcessing
1683893570014@passenger@0x2a772e261792d208c40d685b31673a85ad18eb90@PassengerPaysAndGetsOff
1683893570015@passenger@0xb08c2456169491982bb3ab852eae8ee3300b9261@TheMostNearbyCarIsSelected
1683893571401@passenger@0x9edfe6721d18361bf2b6d83b5cc22c0bf4db6314@PassengerArriveAtDestination
1683893571405@passenger@0x073ad6ab89e9097b5405da6d46e1b0db47ec632e@StartingPointWrittenToContract
1683893571406@passenger@0x17164c34807aa124363d80a604efd4560d8cea0e@PassengerPaysAndGetsOff
1683893572278@passenger@0xa95e44270fc15576da490955d8e6698e2a95f610@FoundTheMostNearbyCar
1683893572279@passenger@0x495b77d80ccb1d3d1476db06dd522292555b2e23@FoundTheMostNearbyCar
1683893572598@passenger@0x3007e2b9de5a7a57c84cd64609441bef2d29a9d0@StartProcessing
1683893573031@passenger@0x28a3f726b61a49da7ae14fd456b80e44e4974d1d@PassengerOnBoard
1683893573392@passenger@0x073ad6ab89e9097b5405da6d46e1b0db47ec632e@DestinationWrittenToContract
1683893573393@passenger@0x3007e2b9de5a7a57c84cd64609441bef2d29a9d0@StartingPointWrittenToContract
1683893573396@passenger@0xa95e44270fc15576da490955d8e6698e2a95f610@TheMostNearbyCarIsSelected
1683893573399@passenger@0x9edfe6721d18361bf2b6d83b5cc22c0bf4db6314@PassengerPaysAndGetsOff
1683893573400@passenger@0x495b77d80ccb1d3d1476db06dd522292555b2e23@TheMostNearbyCarConflict
1683893573401@passenger@0x073ad6ab89e9097b5405da6d46e1b0db47ec632e@GettingNearbyRegions
1683893573455@passenger@0x073ad6ab89e9097b5405da6d46e1b0db47ec632e@FoundTheMostNearbyCar
1683893575598@passenger@0xea9453d9095bf11acba9728c471703e9af4c31af@StartProcessing
1683893578383@passenger@0xa330923b96f26c88a2681112bfe26d4d9186131a@FoundTheMostNearbyCar
1683893578391@passenger@0x814d66fc3f60ca8b257b21f1b89faeecd31475af@FoundTheMostNearbyCar
1683893579670@passenger@0x28a3f726b61a49da7ae14fd456b80e44e4974d1d@PassengerArriveAtDestination
1683893579674@passenger@0x3007e2b9de5a7a57c84cd64609441bef2d29a9d0@DestinationWrittenToContract
1683893579676@passenger@0xb08c2456169491982bb3ab852eae8ee3300b9261@PassengerOnBoard
1683893579678@passenger@0x814d66fc3f60ca8b257b21f1b89faeecd31475af@TheMostNearbyCarIsSelected
1683893579679@passenger@0xea9453d9095bf11acba9728c471703e9af4c31af@StartingPointWrittenToContract
1683893579680@passenger@0xa330923b96f26c88a2681112bfe26d4d9186131a@TheMostNearbyCarConflict
1683893579680@passenger@0x073ad6ab89e9097b5405da6d46e1b0db47ec632e@TheMostNearbyCarConflict
1683893579681@passenger@0x3007e2b9de5a7a57c84cd64609441bef2d29a9d0@GettingNearbyRegions
1683893579710@passenger@0x3007e2b9de5a7a57c84cd64609441bef2d29a9d0@FoundTheMostNearbyCar
1683893580278@passenger@0xcd924d3e8e043bb9579a4033ab08f8c1404840f0@FoundTheMostNearbyCar
1683893580280@passenger@0xce2897c392e16c5762131a56686733e035a4aa30@FoundTheMostNearbyCar
1683893580281@passenger@0xf5493c66a2f85637127510a53b6cd0b067936b51@FoundTheMostNearbyCar
1683893580811@passenger@0x08346710bfb71d0fea0b4a9a3d31107df5fe287a@FoundTheMostNearbyCar
1683893582225@passenger@0xb08c2456169491982bb3ab852eae8ee3300b9261@PassengerArriveAtDestination
1683893582228@passenger@0xea9453d9095bf11acba9728c471703e9af4c31af@DestinationWrittenToContract
1683893582230@passenger@0x28a3f726b61a49da7ae14fd456b80e44e4974d1d@PassengerPaysAndGetsOff
1683893582231@passenger@0x3007e2b9de5a7a57c84cd64609441bef2d29a9d0@TheMostNearbyCarIsSelected
1683893582235@passenger@0xa95e44270fc15576da490955d8e6698e2a95f610@PassengerOnBoard
1683893582235@passenger@0xea9453d9095bf11acba9728c471703e9af4c31af@GettingNearbyRegions
1683893582290@passenger@0xea9453d9095bf11acba9728c471703e9af4c31af@FoundTheMostNearbyCar
1683893583291@passenger@0x08346710bfb71d0fea0b4a9a3d31107df5fe287a@TheMostNearbyCarConflict
1683893583291@passenger@0xce2897c392e16c5762131a56686733e035a4aa30@TheMostNearbyCarConflict
1683893583291@passenger@0xcd924d3e8e043bb9579a4033ab08f8c1404840f0@TheMostNearbyCarConflict
1683893583291@passenger@0xf5493c66a2f85637127510a53b6cd0b067936b51@TheMostNearbyCarConflict
1683893584946@passenger@0xa95e44270fc15576da490955d8e6698e2a95f610@PassengerArriveAtDestination
1683893584947@passenger@0xea9453d9095bf11acba9728c471703e9af4c31af@TheMostNearbyCarIsSelected
1683893584949@passenger@0xb08c2456169491982bb3ab852eae8ee3300b9261@PassengerPaysAndGetsOff
1683893584949@passenger@0x814d66fc3f60ca8b257b21f1b89faeecd31475af@PassengerOnBoard
1683893585217@passenger@0x814d66fc3f60ca8b257b21f1b89faeecd31475af@PassengerArriveAtDestination
1683893585221@passenger@0x3007e2b9de5a7a57c84cd64609441bef2d29a9d0@PassengerOnBoard
1683893585222@passenger@0xa95e44270fc15576da490955d8e6698e2a95f610@PassengerPaysAndGetsOff
1683893588936@passenger@0x3007e2b9de5a7a57c84cd64609441bef2d29a9d0@PassengerArriveAtDestination
1683893588940@passenger@0xea9453d9095bf11acba9728c471703e9af4c31af@PassengerOnBoard
1683893588941@passenger@0x814d66fc3f60ca8b257b21f1b89faeecd31475af@PassengerPaysAndGetsOff
1683893591438@passenger@0x495b77d80ccb1d3d1476db06dd522292555b2e23@FoundTheMostNearbyCar
1683893591763@passenger@0xea9453d9095bf11acba9728c471703e9af4c31af@PassengerArriveAtDestination
1683893591769@passenger@0x3007e2b9de5a7a57c84cd64609441bef2d29a9d0@PassengerPaysAndGetsOff
1683893593716@passenger@0x073ad6ab89e9097b5405da6d46e1b0db47ec632e@FoundTheMostNearbyCar
1683893595175@passenger@0xea9453d9095bf11acba9728c471703e9af4c31af@PassengerPaysAndGetsOff
1683893595175@passenger@0x495b77d80ccb1d3d1476db06dd522292555b2e23@TheMostNearbyCarConflict
1683893595176@passenger@0x073ad6ab89e9097b5405da6d46e1b0db47ec632e@TheMostNearbyCarIsSelected
1683893597716@passenger@0xa330923b96f26c88a2681112bfe26d4d9186131a@FoundTheMostNearbyCar
1683893598612@passenger@0x073ad6ab89e9097b5405da6d46e1b0db47ec632e@PassengerOnBoard
1683893601330@passenger@0x08346710bfb71d0fea0b4a9a3d31107df5fe287a@FoundTheMostNearbyCar
1683893602848@passenger@0x073ad6ab89e9097b5405da6d46e1b0db47ec632e@PassengerArriveAtDestination
1683893602850@passenger@0xa330923b96f26c88a2681112bfe26d4d9186131a@TheMostNearbyCarIsSelected
1683893602852@passenger@0x08346710bfb71d0fea0b4a9a3d31107df5fe287a@TheMostNearbyCarConflict
1683893605665@passenger@0x073ad6ab89e9097b5405da6d46e1b0db47ec632e@PassengerPaysAndGetsOff
1683893606669@passenger@0xa330923b96f26c88a2681112bfe26d4d9186131a@PassengerOnBoard
1683893608774@passenger@0xa330923b96f26c88a2681112bfe26d4d9186131a@PassengerArriveAtDestination
1683893609318@passenger@0xcd924d3e8e043bb9579a4033ab08f8c1404840f0@FoundTheMostNearbyCar
1683893609323@passenger@0xce2897c392e16c5762131a56686733e035a4aa30@FoundTheMostNearbyCar
1683893609327@passenger@0xf5493c66a2f85637127510a53b6cd0b067936b51@FoundTheMostNearbyCar
1683893612738@passenger@0xce2897c392e16c5762131a56686733e035a4aa30@TheMostNearbyCarIsSelected
1683893612740@passenger@0xa330923b96f26c88a2681112bfe26d4d9186131a@PassengerPaysAndGetsOff
1683893612740@passenger@0xf5493c66a2f85637127510a53b6cd0b067936b51@TheMostNearbyCarConflict
1683893612740@passenger@0xcd924d3e8e043bb9579a4033ab08f8c1404840f0@TheMostNearbyCarConflict
1683893616306@passenger@0xce2897c392e16c5762131a56686733e035a4aa30@PassengerOnBoard
1683893617203@passenger@0x495b77d80ccb1d3d1476db06dd522292555b2e23@FoundTheMostNearbyCar
1683893619691@passenger@0xce2897c392e16c5762131a56686733e035a4aa30@PassengerArriveAtDestination
1683893619695@passenger@0x495b77d80ccb1d3d1476db06dd522292555b2e23@TheMostNearbyCarIsSelected
1683893622318@passenger@0xce2897c392e16c5762131a56686733e035a4aa30@PassengerPaysAndGetsOff
1683893624611@passenger@0x495b77d80ccb1d3d1476db06dd522292555b2e23@PassengerOnBoard
1683893624883@passenger@0x08346710bfb71d0fea0b4a9a3d31107df5fe287a@FoundTheMostNearbyCar
1683893627073@passenger@0x495b77d80ccb1d3d1476db06dd522292555b2e23@PassengerArriveAtDestination
1683893627074@passenger@0x08346710bfb71d0fea0b4a9a3d31107df5fe287a@TheMostNearbyCarIsSelected
1683893629846@passenger@0x495b77d80ccb1d3d1476db06dd522292555b2e23@PassengerPaysAndGetsOff
1683893634061@passenger@0x08346710bfb71d0fea0b4a9a3d31107df5fe287a@PassengerOnBoard
1683893637292@passenger@0x08346710bfb71d0fea0b4a9a3d31107df5fe287a@PassengerArriveAtDestination
1683893638565@passenger@0x08346710bfb71d0fea0b4a9a3d31107df5fe287a@PassengerPaysAndGetsOff
1683893642772@passenger@0xf5493c66a2f85637127510a53b6cd0b067936b51@FoundTheMostNearbyCar
1683893642781@passenger@0xcd924d3e8e043bb9579a4033ab08f8c1404840f0@FoundTheMostNearbyCar
1683893644314@passenger@0xcd924d3e8e043bb9579a4033ab08f8c1404840f0@TheMostNearbyCarIsSelected
1683893644315@passenger@0xf5493c66a2f85637127510a53b6cd0b067936b51@TheMostNearbyCarConflict
1683893649614@passenger@0xcd924d3e8e043bb9579a4033ab08f8c1404840f0@PassengerOnBoard
1683893655251@passenger@0xcd924d3e8e043bb9579a4033ab08f8c1404840f0@PassengerArriveAtDestination
1683893658389@passenger@0xcd924d3e8e043bb9579a4033ab08f8c1404840f0@PassengerPaysAndGetsOff
1683893678355@passenger@0xf5493c66a2f85637127510a53b6cd0b067936b51@FoundTheMostNearbyCar
1683893679272@passenger@0xf5493c66a2f85637127510a53b6cd0b067936b51@TheMostNearbyCarIsSelected
1683893683009@passenger@0xf5493c66a2f85637127510a53b6cd0b067936b51@PassengerOnBoard
1683893685640@passenger@0xf5493c66a2f85637127510a53b6cd0b067936b51@PassengerArriveAtDestination
1683893690825@passenger@0xf5493c66a2f85637127510a53b6cd0b067936b51@PassengerPaysAndGetsOff
