1683893483439@passenger@0x989bd3f4b8def49a869eee53fc2f8c31559dad10@StartProcessing
1683893486438@passenger@0x3daa27591a675fceb7fe25f39a2aa575730a6a1a@StartProcessing
1683893487874@passenger@0x989bd3f4b8def49a869eee53fc2f8c31559dad10@StartingPointWrittenToContract
1683893489438@passenger@0x170d67b04d990cfa4326549efeafb86f4b95b9dc@StartProcessing
1683893489649@passenger@0x3daa27591a675fceb7fe25f39a2aa575730a6a1a@StartingPointWrittenToContract
1683893492437@passenger@0x16941e3fe553ea1fec94de08aa5d0522b2fd5df1@StartProcessing
1683893494407@passenger@0x16941e3fe553ea1fec94de08aa5d0522b2fd5df1@StartingPointWrittenToContract
1683893494408@passenger@0x170d67b04d990cfa4326549efeafb86f4b95b9dc@StartingPointWrittenToContract
1683893494410@passenger@0x989bd3f4b8def49a869eee53fc2f8c31559dad10@DestinationWrittenToContract
1683893494410@passenger@0x3daa27591a675fceb7fe25f39a2aa575730a6a1a@DestinationWrittenToContract
1683893494412@passenger@0x989bd3f4b8def49a869eee53fc2f8c31559dad10@GettingNearbyRegions
1683893494415@passenger@0x3daa27591a675fceb7fe25f39a2aa575730a6a1a@GettingNearbyRegions
1683893494458@passenger@0x3daa27591a675fceb7fe25f39a2aa575730a6a1a@FoundTheMostNearbyCar
1683893494462@passenger@0x989bd3f4b8def49a869eee53fc2f8c31559dad10@FoundTheMostNearbyCar
1683893495438@passenger@0x092f0e6aeaaad8f6308c54ad7c97a7120d8ef8b5@StartProcessing
1683893498438@passenger@0x524ced5b4382264574313760c481d131e49cea06@StartProcessing
1683893499214@passenger@0x524ced5b4382264574313760c481d131e49cea06@StartingPointWrittenToContract
1683893499215@passenger@0x170d67b04d990cfa4326549efeafb86f4b95b9dc@DestinationWrittenToContract
1683893499218@passenger@0x16941e3fe553ea1fec94de08aa5d0522b2fd5df1@DestinationWrittenToContract
1683893499219@passenger@0x3daa27591a675fceb7fe25f39a2aa575730a6a1a@TheMostNearbyCarConflict
1683893499221@passenger@0x989bd3f4b8def49a869eee53fc2f8c31559dad10@TheMostNearbyCarIsSelected
1683893499224@passenger@0x092f0e6aeaaad8f6308c54ad7c97a7120d8ef8b5@StartingPointWrittenToContract
1683893499226@passenger@0x170d67b04d990cfa4326549efeafb86f4b95b9dc@GettingNearbyRegions
1683893499229@passenger@0x16941e3fe553ea1fec94de08aa5d0522b2fd5df1@GettingNearbyRegions
1683893499280@passenger@0x170d67b04d990cfa4326549efeafb86f4b95b9dc@FoundTheMostNearbyCar
1683893499283@passenger@0x16941e3fe553ea1fec94de08aa5d0522b2fd5df1@FoundTheMostNearbyCar
1683893499412@passenger@0x16941e3fe553ea1fec94de08aa5d0522b2fd5df1@TheMostNearbyCarIsSelected
1683893499413@passenger@0x170d67b04d990cfa4326549efeafb86f4b95b9dc@TheMostNearbyCarConflict
1683893499414@passenger@0x524ced5b4382264574313760c481d131e49cea06@DestinationWrittenToContract
1683893499415@passenger@0x092f0e6aeaaad8f6308c54ad7c97a7120d8ef8b5@DestinationWrittenToContract
1683893499418@passenger@0x524ced5b4382264574313760c481d131e49cea06@GettingNearbyRegions
1683893499420@passenger@0x092f0e6aeaaad8f6308c54ad7c97a7120d8ef8b5@GettingNearbyRegions
1683893499470@passenger@0x524ced5b4382264574313760c481d131e49cea06@FoundTheMostNearbyCar
1683893499474@passenger@0x092f0e6aeaaad8f6308c54ad7c97a7120d8ef8b5@FoundTheMostNearbyCar
1683893501438@passenger@0x7aedbd17c7198de1a60bbf73e77840baeab2315a@StartProcessing
1683893502195@passenger@0x989bd3f4b8def49a869eee53fc2f8c31559dad10@PassengerOnBoard
1683893502196@passenger@0x524ced5b4382264574313760c481d131e49cea06@TheMostNearbyCarIsSelected
1683893502197@passenger@0x092f0e6aeaaad8f6308c54ad7c97a7120d8ef8b5@TheMostNearbyCarConflict
1683893502310@passenger@0x7aedbd17c7198de1a60bbf73e77840baeab2315a@StartingPointWrittenToContract
1683893503469@passenger@0x989bd3f4b8def49a869eee53fc2f8c31559dad10@PassengerArriveAtDestination
1683893503473@passenger@0x16941e3fe553ea1fec94de08aa5d0522b2fd5df1@PassengerOnBoard
1683893503795@passenger@0x7aedbd17c7198de1a60bbf73e77840baeab2315a@DestinationWrittenToContract
1683893503795@passenger@0x7aedbd17c7198de1a60bbf73e77840baeab2315a@GettingNearbyRegions
1683893503832@passenger@0x7aedbd17c7198de1a60bbf73e77840baeab2315a@FoundTheMostNearbyCar
1683893504437@passenger@0xd1dea501c85b53e90c881515eccd4280db615287@StartProcessing
1683893507438@passenger@0x06a1ee74591def94efcdbd9a13c1b7df2350d160@StartProcessing
1683893509048@passenger@0x16941e3fe553ea1fec94de08aa5d0522b2fd5df1@PassengerArriveAtDestination
1683893509050@passenger@0xd1dea501c85b53e90c881515eccd4280db615287@StartingPointWrittenToContract
1683893509052@passenger@0x989bd3f4b8def49a869eee53fc2f8c31559dad10@PassengerPaysAndGetsOff
1683893509053@passenger@0x7aedbd17c7198de1a60bbf73e77840baeab2315a@TheMostNearbyCarIsSelected
1683893509054@passenger@0x524ced5b4382264574313760c481d131e49cea06@PassengerOnBoard
1683893509214@passenger@0x06a1ee74591def94efcdbd9a13c1b7df2350d160@StartingPointWrittenToContract
1683893509571@passenger@0x524ced5b4382264574313760c481d131e49cea06@PassengerArriveAtDestination
1683893509575@passenger@0xd1dea501c85b53e90c881515eccd4280db615287@DestinationWrittenToContract
1683893509577@passenger@0x16941e3fe553ea1fec94de08aa5d0522b2fd5df1@PassengerPaysAndGetsOff
1683893509579@passenger@0xd1dea501c85b53e90c881515eccd4280db615287@GettingNearbyRegions
1683893509626@passenger@0xd1dea501c85b53e90c881515eccd4280db615287@FoundTheMostNearbyCar
1683893510438@passenger@0x99f859fba99facf38c0f6263b9794f672147f4aa@StartProcessing
1683893512922@passenger@0x7aedbd17c7198de1a60bbf73e77840baeab2315a@PassengerOnBoard
1683893512922@passenger@0x06a1ee74591def94efcdbd9a13c1b7df2350d160@DestinationWrittenToContract
1683893512923@passenger@0x99f859fba99facf38c0f6263b9794f672147f4aa@StartingPointWrittenToContract
1683893512924@passenger@0x524ced5b4382264574313760c481d131e49cea06@PassengerPaysAndGetsOff
1683893512924@passenger@0xd1dea501c85b53e90c881515eccd4280db615287@TheMostNearbyCarIsSelected
1683893512925@passenger@0x06a1ee74591def94efcdbd9a13c1b7df2350d160@GettingNearbyRegions
1683893512968@passenger@0x06a1ee74591def94efcdbd9a13c1b7df2350d160@FoundTheMostNearbyCar
1683893513258@passenger@0x3daa27591a675fceb7fe25f39a2aa575730a6a1a@FoundTheMostNearbyCar
1683893513437@passenger@0x0dca32fa900933ab3e9fe1f4527ec95d07bf772b@StartProcessing
1683893513462@passenger@0x170d67b04d990cfa4326549efeafb86f4b95b9dc@FoundTheMostNearbyCar
1683893516243@passenger@0x092f0e6aeaaad8f6308c54ad7c97a7120d8ef8b5@FoundTheMostNearbyCar
1683893516437@passenger@0x7cefd545055114e6b058ed0d110d4ac012a99cd7@StartProcessing
1683893516850@passenger@0x7aedbd17c7198de1a60bbf73e77840baeab2315a@PassengerArriveAtDestination
1683893516866@passenger@0x0dca32fa900933ab3e9fe1f4527ec95d07bf772b@StartingPointWrittenToContract
1683893516868@passenger@0x99f859fba99facf38c0f6263b9794f672147f4aa@DestinationWrittenToContract
1683893516871@passenger@0x06a1ee74591def94efcdbd9a13c1b7df2350d160@TheMostNearbyCarIsSelected
1683893516872@passenger@0x3daa27591a675fceb7fe25f39a2aa575730a6a1a@TheMostNearbyCarConflict
1683893516872@passenger@0x170d67b04d990cfa4326549efeafb86f4b95b9dc@TheMostNearbyCarConflict
1683893516873@passenger@0x99f859fba99facf38c0f6263b9794f672147f4aa@GettingNearbyRegions
1683893516929@passenger@0x99f859fba99facf38c0f6263b9794f672147f4aa@FoundTheMostNearbyCar
1683893518894@passenger@0x7cefd545055114e6b058ed0d110d4ac012a99cd7@StartingPointWrittenToContract
1683893518896@passenger@0x092f0e6aeaaad8f6308c54ad7c97a7120d8ef8b5@TheMostNearbyCarConflict
1683893519437@passenger@0x156a54e7c951fa985e77e8bc827fdfed8905b4c1@StartProcessing
1683893521350@passenger@0xd1dea501c85b53e90c881515eccd4280db615287@PassengerOnBoard
1683893521351@passenger@0x0dca32fa900933ab3e9fe1f4527ec95d07bf772b@DestinationWrittenToContract
1683893521351@passenger@0x99f859fba99facf38c0f6263b9794f672147f4aa@TheMostNearbyCarIsSelected
1683893521353@passenger@0x7aedbd17c7198de1a60bbf73e77840baeab2315a@PassengerPaysAndGetsOff
1683893521353@passenger@0x0dca32fa900933ab3e9fe1f4527ec95d07bf772b@GettingNearbyRegions
1683893521420@passenger@0x0dca32fa900933ab3e9fe1f4527ec95d07bf772b@FoundTheMostNearbyCar
1683893522438@passenger@0x9d854e759b2cce86dd08080d3ac043b4c79d2d9a@StartProcessing
1683893522690@passenger@0x7cefd545055114e6b058ed0d110d4ac012a99cd7@DestinationWrittenToContract
1683893522690@passenger@0x156a54e7c951fa985e77e8bc827fdfed8905b4c1@StartingPointWrittenToContract
1683893522691@passenger@0x7cefd545055114e6b058ed0d110d4ac012a99cd7@GettingNearbyRegions
1683893522748@passenger@0x7cefd545055114e6b058ed0d110d4ac012a99cd7@FoundTheMostNearbyCar
1683893524828@passenger@0xd1dea501c85b53e90c881515eccd4280db615287@PassengerArriveAtDestination
1683893524832@passenger@0x0dca32fa900933ab3e9fe1f4527ec95d07bf772b@TheMostNearbyCarIsSelected
1683893524835@passenger@0x06a1ee74591def94efcdbd9a13c1b7df2350d160@PassengerOnBoard
1683893524835@passenger@0x9d854e759b2cce86dd08080d3ac043b4c79d2d9a@StartingPointWrittenToContract
1683893525437@passenger@0x499c7e13c1303502e55fe72b120312c0e0131884@StartProcessing
1683893527239@passenger@0x156a54e7c951fa985e77e8bc827fdfed8905b4c1@DestinationWrittenToContract
1683893527240@passenger@0x7cefd545055114e6b058ed0d110d4ac012a99cd7@TheMostNearbyCarConflict
1683893527241@passenger@0x156a54e7c951fa985e77e8bc827fdfed8905b4c1@GettingNearbyRegions
1683893527291@passenger@0x156a54e7c951fa985e77e8bc827fdfed8905b4c1@FoundTheMostNearbyCar
1683893528438@passenger@0xddfc8e76b2bd61e9359ea5a2ed639d73e74ded71@StartProcessing
1683893528650@passenger@0x06a1ee74591def94efcdbd9a13c1b7df2350d160@PassengerArriveAtDestination
1683893528655@passenger@0x9d854e759b2cce86dd08080d3ac043b4c79d2d9a@DestinationWrittenToContract
1683893528657@passenger@0x499c7e13c1303502e55fe72b120312c0e0131884@StartingPointWrittenToContract
1683893528658@passenger@0x99f859fba99facf38c0f6263b9794f672147f4aa@PassengerOnBoard
1683893528659@passenger@0xd1dea501c85b53e90c881515eccd4280db615287@PassengerPaysAndGetsOff
1683893528661@passenger@0x9d854e759b2cce86dd08080d3ac043b4c79d2d9a@GettingNearbyRegions
1683893528703@passenger@0x9d854e759b2cce86dd08080d3ac043b4c79d2d9a@FoundTheMostNearbyCar
1683893529779@passenger@0xddfc8e76b2bd61e9359ea5a2ed639d73e74ded71@StartingPointWrittenToContract
1683893529780@passenger@0x156a54e7c951fa985e77e8bc827fdfed8905b4c1@TheMostNearbyCarIsSelected
1683893531439@passenger@0x08f7cc636acfed10206a64c661dcb6f00606c26c@StartProcessing
1683893531960@passenger@0x99f859fba99facf38c0f6263b9794f672147f4aa@PassengerArriveAtDestination
1683893531963@passenger@0x499c7e13c1303502e55fe72b120312c0e0131884@DestinationWrittenToContract
1683893531966@passenger@0x06a1ee74591def94efcdbd9a13c1b7df2350d160@PassengerPaysAndGetsOff
1683893531966@passenger@0x9d854e759b2cce86dd08080d3ac043b4c79d2d9a@TheMostNearbyCarConflict
1683893531967@passenger@0x0dca32fa900933ab3e9fe1f4527ec95d07bf772b@PassengerOnBoard
1683893531968@passenger@0x499c7e13c1303502e55fe72b120312c0e0131884@GettingNearbyRegions
1683893532020@passenger@0x499c7e13c1303502e55fe72b120312c0e0131884@FoundTheMostNearbyCar
1683893534439@passenger@0x98f3af9a9d129dd78041b588c36cff0afefddc05@StartProcessing
1683893534639@passenger@0xddfc8e76b2bd61e9359ea5a2ed639d73e74ded71@DestinationWrittenToContract
1683893534639@passenger@0x08f7cc636acfed10206a64c661dcb6f00606c26c@StartingPointWrittenToContract
1683893534640@passenger@0xddfc8e76b2bd61e9359ea5a2ed639d73e74ded71@GettingNearbyRegions
1683893534694@passenger@0xddfc8e76b2bd61e9359ea5a2ed639d73e74ded71@FoundTheMostNearbyCar
1683893534915@passenger@0x3daa27591a675fceb7fe25f39a2aa575730a6a1a@FoundTheMostNearbyCar
1683893534920@passenger@0x170d67b04d990cfa4326549efeafb86f4b95b9dc@FoundTheMostNearbyCar
1683893536501@passenger@0x0dca32fa900933ab3e9fe1f4527ec95d07bf772b@PassengerArriveAtDestination
1683893536508@passenger@0x499c7e13c1303502e55fe72b120312c0e0131884@TheMostNearbyCarIsSelected
1683893536509@passenger@0x98f3af9a9d129dd78041b588c36cff0afefddc05@StartingPointWrittenToContract
1683893536511@passenger@0x99f859fba99facf38c0f6263b9794f672147f4aa@PassengerPaysAndGetsOff
1683893536941@passenger@0x092f0e6aeaaad8f6308c54ad7c97a7120d8ef8b5@FoundTheMostNearbyCar
1683893537437@passenger@0x397e94a4cd9fad4c4a472d6a92122d6ed9ec71d6@StartProcessing
1683893540438@passenger@0xee6e220d86366845afbdb1213c122c8a7424a03e@StartProcessing
1683893541229@passenger@0x092f0e6aeaaad8f6308c54ad7c97a7120d8ef8b5@TheMostNearbyCarIsSelected
1683893541230@passenger@0x98f3af9a9d129dd78041b588c36cff0afefddc05@DestinationWrittenToContract
1683893541232@passenger@0x156a54e7c951fa985e77e8bc827fdfed8905b4c1@PassengerOnBoard
1683893541234@passenger@0x0dca32fa900933ab3e9fe1f4527ec95d07bf772b@PassengerPaysAndGetsOff
1683893541235@passenger@0x397e94a4cd9fad4c4a472d6a92122d6ed9ec71d6@StartingPointWrittenToContract
1683893541241@passenger@0x08f7cc636acfed10206a64c661dcb6f00606c26c@DestinationWrittenToContract
1683893541242@passenger@0x3daa27591a675fceb7fe25f39a2aa575730a6a1a@TheMostNearbyCarConflict
1683893541242@passenger@0xddfc8e76b2bd61e9359ea5a2ed639d73e74ded71@TheMostNearbyCarConflict
1683893541244@passenger@0x170d67b04d990cfa4326549efeafb86f4b95b9dc@TheMostNearbyCarConflict
1683893541244@passenger@0x98f3af9a9d129dd78041b588c36cff0afefddc05@GettingNearbyRegions
1683893541246@passenger@0x08f7cc636acfed10206a64c661dcb6f00606c26c@GettingNearbyRegions
1683893541304@passenger@0x7cefd545055114e6b058ed0d110d4ac012a99cd7@FoundTheMostNearbyCar
1683893541310@passenger@0x98f3af9a9d129dd78041b588c36cff0afefddc05@FoundTheMostNearbyCar
1683893541321@passenger@0x08f7cc636acfed10206a64c661dcb6f00606c26c@FoundTheMostNearbyCar
1683893543439@passenger@0x49c7f84ca89d2ffb5dc35eba1d88b731fe1c53df@StartProcessing
1683893543530@passenger@0xee6e220d86366845afbdb1213c122c8a7424a03e@StartingPointWrittenToContract
1683893543562@passenger@0x156a54e7c951fa985e77e8bc827fdfed8905b4c1@PassengerArriveAtDestination
1683893543566@passenger@0x499c7e13c1303502e55fe72b120312c0e0131884@PassengerOnBoard
1683893543567@passenger@0x7cefd545055114e6b058ed0d110d4ac012a99cd7@TheMostNearbyCarIsSelected
1683893543568@passenger@0x397e94a4cd9fad4c4a472d6a92122d6ed9ec71d6@DestinationWrittenToContract
1683893543570@passenger@0x49c7f84ca89d2ffb5dc35eba1d88b731fe1c53df@StartingPointWrittenToContract
1683893543572@passenger@0x98f3af9a9d129dd78041b588c36cff0afefddc05@TheMostNearbyCarConflict
1683893543573@passenger@0x397e94a4cd9fad4c4a472d6a92122d6ed9ec71d6@GettingNearbyRegions
1683893543575@passenger@0x08f7cc636acfed10206a64c661dcb6f00606c26c@TheMostNearbyCarConflict
1683893543633@passenger@0x397e94a4cd9fad4c4a472d6a92122d6ed9ec71d6@FoundTheMostNearbyCar
1683893546027@passenger@0x9d854e759b2cce86dd08080d3ac043b4c79d2d9a@FoundTheMostNearbyCar
1683893546439@passenger@0xe5c2e3eaf8883a9d5ed7089e0484cfa6b027d816@StartProcessing
1683893546622@passenger@0x499c7e13c1303502e55fe72b120312c0e0131884@PassengerArriveAtDestination
1683893546626@passenger@0x156a54e7c951fa985e77e8bc827fdfed8905b4c1@PassengerPaysAndGetsOff
1683893546626@passenger@0x9d854e759b2cce86dd08080d3ac043b4c79d2d9a@TheMostNearbyCarIsSelected
1683893546628@passenger@0xee6e220d86366845afbdb1213c122c8a7424a03e@DestinationWrittenToContract
1683893546628@passenger@0x49c7f84ca89d2ffb5dc35eba1d88b731fe1c53df@DestinationWrittenToContract
1683893546629@passenger@0xe5c2e3eaf8883a9d5ed7089e0484cfa6b027d816@StartingPointWrittenToContract
1683893546631@passenger@0x092f0e6aeaaad8f6308c54ad7c97a7120d8ef8b5@PassengerOnBoard
1683893546631@passenger@0x397e94a4cd9fad4c4a472d6a92122d6ed9ec71d6@TheMostNearbyCarConflict
1683893546633@passenger@0xee6e220d86366845afbdb1213c122c8a7424a03e@GettingNearbyRegions
1683893546635@passenger@0x49c7f84ca89d2ffb5dc35eba1d88b731fe1c53df@GettingNearbyRegions
1683893546701@passenger@0xee6e220d86366845afbdb1213c122c8a7424a03e@FoundTheMostNearbyCar
1683893546703@passenger@0x49c7f84ca89d2ffb5dc35eba1d88b731fe1c53df@FoundTheMostNearbyCar
1683893548168@passenger@0x092f0e6aeaaad8f6308c54ad7c97a7120d8ef8b5@PassengerArriveAtDestination
1683893548177@passenger@0x49c7f84ca89d2ffb5dc35eba1d88b731fe1c53df@TheMostNearbyCarConflict
1683893548178@passenger@0xee6e220d86366845afbdb1213c122c8a7424a03e@TheMostNearbyCarIsSelected
1683893548180@passenger@0x499c7e13c1303502e55fe72b120312c0e0131884@PassengerPaysAndGetsOff
1683893548180@passenger@0xe5c2e3eaf8883a9d5ed7089e0484cfa6b027d816@DestinationWrittenToContract
1683893548182@passenger@0x7cefd545055114e6b058ed0d110d4ac012a99cd7@PassengerOnBoard
1683893548183@passenger@0xe5c2e3eaf8883a9d5ed7089e0484cfa6b027d816@GettingNearbyRegions
1683893548238@passenger@0xe5c2e3eaf8883a9d5ed7089e0484cfa6b027d816@FoundTheMostNearbyCar
1683893549438@passenger@0xd6c18c15ee56beeaf9a94322f0fcc958b611a323@StartProcessing
1683893550141@passenger@0x7cefd545055114e6b058ed0d110d4ac012a99cd7@PassengerArriveAtDestination
1683893550143@passenger@0x9d854e759b2cce86dd08080d3ac043b4c79d2d9a@PassengerOnBoard
1683893550143@passenger@0xe5c2e3eaf8883a9d5ed7089e0484cfa6b027d816@TheMostNearbyCarIsSelected
1683893550145@passenger@0xd6c18c15ee56beeaf9a94322f0fcc958b611a323@StartingPointWrittenToContract
1683893550146@passenger@0x092f0e6aeaaad8f6308c54ad7c97a7120d8ef8b5@PassengerPaysAndGetsOff
1683893552439@passenger@0xdd5e69139ec63cef0c137048bb0a6c7760721937@StartProcessing
1683893555282@passenger@0xddfc8e76b2bd61e9359ea5a2ed639d73e74ded71@FoundTheMostNearbyCar
1683893555438@passenger@0x0de4d33bb26cb0107ac34844054f6f975c587554@StartProcessing
1683893557203@passenger@0x9d854e759b2cce86dd08080d3ac043b4c79d2d9a@PassengerArriveAtDestination
1683893557206@passenger@0xdd5e69139ec63cef0c137048bb0a6c7760721937@StartingPointWrittenToContract
1683893557206@passenger@0x7cefd545055114e6b058ed0d110d4ac012a99cd7@PassengerPaysAndGetsOff
1683893557207@passenger@0xd6c18c15ee56beeaf9a94322f0fcc958b611a323@DestinationWrittenToContract
1683893557208@passenger@0xee6e220d86366845afbdb1213c122c8a7424a03e@PassengerOnBoard
1683893557209@passenger@0xd6c18c15ee56beeaf9a94322f0fcc958b611a323@GettingNearbyRegions
1683893557257@passenger@0xd6c18c15ee56beeaf9a94322f0fcc958b611a323@FoundTheMostNearbyCar
1683893557627@passenger@0x08f7cc636acfed10206a64c661dcb6f00606c26c@FoundTheMostNearbyCar
1683893557629@passenger@0x98f3af9a9d129dd78041b588c36cff0afefddc05@FoundTheMostNearbyCar
1683893558439@passenger@0xc64efbfcb752a3822f6b8d7c96b0502e81ce2882@StartProcessing
1683893558649@passenger@0x0de4d33bb26cb0107ac34844054f6f975c587554@StartingPointWrittenToContract
1683893558651@passenger@0xddfc8e76b2bd61e9359ea5a2ed639d73e74ded71@TheMostNearbyCarIsSelected
1683893558660@passenger@0xee6e220d86366845afbdb1213c122c8a7424a03e@PassengerArriveAtDestination
1683893558667@passenger@0xc64efbfcb752a3822f6b8d7c96b0502e81ce2882@StartingPointWrittenToContract
1683893558669@passenger@0xd6c18c15ee56beeaf9a94322f0fcc958b611a323@TheMostNearbyCarConflict
1683893558669@passenger@0x08f7cc636acfed10206a64c661dcb6f00606c26c@TheMostNearbyCarConflict
1683893558670@passenger@0xe5c2e3eaf8883a9d5ed7089e0484cfa6b027d816@PassengerOnBoard
1683893558671@passenger@0xdd5e69139ec63cef0c137048bb0a6c7760721937@DestinationWrittenToContract
1683893558671@passenger@0x9d854e759b2cce86dd08080d3ac043b4c79d2d9a@PassengerPaysAndGetsOff
1683893558672@passenger@0x98f3af9a9d129dd78041b588c36cff0afefddc05@TheMostNearbyCarConflict
1683893558673@passenger@0xdd5e69139ec63cef0c137048bb0a6c7760721937@GettingNearbyRegions
1683893558723@passenger@0xdd5e69139ec63cef0c137048bb0a6c7760721937@FoundTheMostNearbyCar
1683893560390@passenger@0x0de4d33bb26cb0107ac34844054f6f975c587554@DestinationWrittenToContract
1683893560392@passenger@0x0de4d33bb26cb0107ac34844054f6f975c587554@GettingNearbyRegions
1683893560451@passenger@0x0de4d33bb26cb0107ac34844054f6f975c587554@FoundTheMostNearbyCar
1683893560684@passenger@0x397e94a4cd9fad4c4a472d6a92122d6ed9ec71d6@FoundTheMostNearbyCar
1683893561094@passenger@0xe5c2e3eaf8883a9d5ed7089e0484cfa6b027d816@PassengerArriveAtDestination
1683893561102@passenger@0xc64efbfcb752a3822f6b8d7c96b0502e81ce2882@DestinationWrittenToContract
1683893561104@passenger@0xee6e220d86366845afbdb1213c122c8a7424a03e@PassengerPaysAndGetsOff
1683893561105@passenger@0xdd5e69139ec63cef0c137048bb0a6c7760721937@TheMostNearbyCarIsSelected
1683893561106@passenger@0xc64efbfcb752a3822f6b8d7c96b0502e81ce2882@GettingNearbyRegions
1683893561149@passenger@0xc64efbfcb752a3822f6b8d7c96b0502e81ce2882@FoundTheMostNearbyCar
1683893561180@passenger@0x0de4d33bb26cb0107ac34844054f6f975c587554@TheMostNearbyCarConflict
1683893561180@passenger@0x397e94a4cd9fad4c4a472d6a92122d6ed9ec71d6@TheMostNearbyCarConflict
1683893561181@passenger@0xddfc8e76b2bd61e9359ea5a2ed639d73e74ded71@PassengerOnBoard
1683893561438@passenger@0x16b22e2402a183dcaf5b1fb73f64689b7700a2a0@StartProcessing
1683893562227@passenger@0x49c7f84ca89d2ffb5dc35eba1d88b731fe1c53df@FoundTheMostNearbyCar
1683893563013@passenger@0xc64efbfcb752a3822f6b8d7c96b0502e81ce2882@TheMostNearbyCarIsSelected
1683893563014@passenger@0xe5c2e3eaf8883a9d5ed7089e0484cfa6b027d816@PassengerPaysAndGetsOff
1683893563292@passenger@0x3daa27591a675fceb7fe25f39a2aa575730a6a1a@FoundTheMostNearbyCar
1683893563306@passenger@0x170d67b04d990cfa4326549efeafb86f4b95b9dc@FoundTheMostNearbyCar
1683893564438@passenger@0x747d046d0c8a5d1bb1764517dd1984d0732c96bc@StartProcessing
1683893565146@passenger@0xddfc8e76b2bd61e9359ea5a2ed639d73e74ded71@PassengerArriveAtDestination
1683893565149@passenger@0x16b22e2402a183dcaf5b1fb73f64689b7700a2a0@StartingPointWrittenToContract
1683893565150@passenger@0x49c7f84ca89d2ffb5dc35eba1d88b731fe1c53df@TheMostNearbyCarConflict
1683893566557@passenger@0x747d046d0c8a5d1bb1764517dd1984d0732c96bc@StartingPointWrittenToContract
1683893566559@passenger@0xdd5e69139ec63cef0c137048bb0a6c7760721937@PassengerOnBoard
1683893566561@passenger@0x170d67b04d990cfa4326549efeafb86f4b95b9dc@TheMostNearbyCarIsSelected
1683893566561@passenger@0x3daa27591a675fceb7fe25f39a2aa575730a6a1a@TheMostNearbyCarConflict
1683893567439@passenger@0x27ff8a06ca69b16c194a5132a1925d358c89ff39@StartProcessing
1683893570441@passenger@0xef0d03069e88fb45575f66aa4345b5448408dcfc@StartProcessing
1683893571636@passenger@0xdd5e69139ec63cef0c137048bb0a6c7760721937@PassengerArriveAtDestination
1683893571649@passenger@0x747d046d0c8a5d1bb1764517dd1984d0732c96bc@DestinationWrittenToContract
1683893571650@passenger@0x16b22e2402a183dcaf5b1fb73f64689b7700a2a0@DestinationWrittenToContract
1683893571651@passenger@0x27ff8a06ca69b16c194a5132a1925d358c89ff39@StartingPointWrittenToContract
1683893571652@passenger@0xddfc8e76b2bd61e9359ea5a2ed639d73e74ded71@PassengerPaysAndGetsOff
1683893571654@passenger@0xc64efbfcb752a3822f6b8d7c96b0502e81ce2882@PassengerOnBoard
1683893571655@passenger@0x747d046d0c8a5d1bb1764517dd1984d0732c96bc@GettingNearbyRegions
1683893571657@passenger@0x16b22e2402a183dcaf5b1fb73f64689b7700a2a0@GettingNearbyRegions
1683893571715@passenger@0x16b22e2402a183dcaf5b1fb73f64689b7700a2a0@FoundTheMostNearbyCar
1683893571717@passenger@0x747d046d0c8a5d1bb1764517dd1984d0732c96bc@FoundTheMostNearbyCar
1683893572725@passenger@0xd6c18c15ee56beeaf9a94322f0fcc958b611a323@FoundTheMostNearbyCar
1683893573365@passenger@0xef0d03069e88fb45575f66aa4345b5448408dcfc@StartingPointWrittenToContract
1683893573438@passenger@0x07f4d74e86c2501a96b032f05daf6d9603f1a596@StartProcessing
1683893574606@passenger@0xc64efbfcb752a3822f6b8d7c96b0502e81ce2882@PassengerArriveAtDestination
1683893574616@passenger@0xd6c18c15ee56beeaf9a94322f0fcc958b611a323@TheMostNearbyCarIsSelected
1683893574617@passenger@0x27ff8a06ca69b16c194a5132a1925d358c89ff39@DestinationWrittenToContract
1683893574619@passenger@0x170d67b04d990cfa4326549efeafb86f4b95b9dc@PassengerOnBoard
1683893574620@passenger@0x16b22e2402a183dcaf5b1fb73f64689b7700a2a0@TheMostNearbyCarConflict
1683893574620@passenger@0x747d046d0c8a5d1bb1764517dd1984d0732c96bc@TheMostNearbyCarConflict
1683893574622@passenger@0xdd5e69139ec63cef0c137048bb0a6c7760721937@PassengerPaysAndGetsOff
1683893574622@passenger@0x27ff8a06ca69b16c194a5132a1925d358c89ff39@GettingNearbyRegions
1683893574668@passenger@0x27ff8a06ca69b16c194a5132a1925d358c89ff39@FoundTheMostNearbyCar
1683893574956@passenger@0xef0d03069e88fb45575f66aa4345b5448408dcfc@DestinationWrittenToContract
1683893574957@passenger@0x07f4d74e86c2501a96b032f05daf6d9603f1a596@StartingPointWrittenToContract
1683893574958@passenger@0xef0d03069e88fb45575f66aa4345b5448408dcfc@GettingNearbyRegions
1683893575003@passenger@0xef0d03069e88fb45575f66aa4345b5448408dcfc@FoundTheMostNearbyCar
1683893575225@passenger@0x0de4d33bb26cb0107ac34844054f6f975c587554@FoundTheMostNearbyCar
1683893576439@passenger@0xb560b30b372dae7df40f67cd542730f5de15cefa@StartProcessing
1683893576711@passenger@0x08f7cc636acfed10206a64c661dcb6f00606c26c@FoundTheMostNearbyCar
1683893576718@passenger@0x98f3af9a9d129dd78041b588c36cff0afefddc05@FoundTheMostNearbyCar
1683893579114@passenger@0x170d67b04d990cfa4326549efeafb86f4b95b9dc@PassengerArriveAtDestination
1683893579121@passenger@0x08f7cc636acfed10206a64c661dcb6f00606c26c@TheMostNearbyCarConflict
1683893579121@passenger@0xc64efbfcb752a3822f6b8d7c96b0502e81ce2882@PassengerPaysAndGetsOff
1683893579122@passenger@0xb560b30b372dae7df40f67cd542730f5de15cefa@StartingPointWrittenToContract
1683893579123@passenger@0x07f4d74e86c2501a96b032f05daf6d9603f1a596@DestinationWrittenToContract
1683893579123@passenger@0xef0d03069e88fb45575f66aa4345b5448408dcfc@TheMostNearbyCarIsSelected
1683893579124@passenger@0x98f3af9a9d129dd78041b588c36cff0afefddc05@TheMostNearbyCarConflict
1683893579125@passenger@0x0de4d33bb26cb0107ac34844054f6f975c587554@TheMostNearbyCarConflict
1683893579125@passenger@0x27ff8a06ca69b16c194a5132a1925d358c89ff39@TheMostNearbyCarConflict
1683893579126@passenger@0x07f4d74e86c2501a96b032f05daf6d9603f1a596@GettingNearbyRegions
1683893579166@passenger@0x07f4d74e86c2501a96b032f05daf6d9603f1a596@FoundTheMostNearbyCar
1683893579230@passenger@0x397e94a4cd9fad4c4a472d6a92122d6ed9ec71d6@FoundTheMostNearbyCar
1683893583195@passenger@0x49c7f84ca89d2ffb5dc35eba1d88b731fe1c53df@FoundTheMostNearbyCar
1683893583512@passenger@0xd6c18c15ee56beeaf9a94322f0fcc958b611a323@PassengerOnBoard
1683893583513@passenger@0x07f4d74e86c2501a96b032f05daf6d9603f1a596@TheMostNearbyCarIsSelected
1683893583514@passenger@0x170d67b04d990cfa4326549efeafb86f4b95b9dc@PassengerPaysAndGetsOff
1683893583515@passenger@0xb560b30b372dae7df40f67cd542730f5de15cefa@DestinationWrittenToContract
1683893583516@passenger@0x397e94a4cd9fad4c4a472d6a92122d6ed9ec71d6@TheMostNearbyCarConflict
1683893583517@passenger@0xb560b30b372dae7df40f67cd542730f5de15cefa@GettingNearbyRegions
1683893583568@passenger@0xb560b30b372dae7df40f67cd542730f5de15cefa@FoundTheMostNearbyCar
1683893584131@passenger@0x49c7f84ca89d2ffb5dc35eba1d88b731fe1c53df@TheMostNearbyCarConflict
1683893584425@passenger@0xd6c18c15ee56beeaf9a94322f0fcc958b611a323@PassengerArriveAtDestination
1683893584433@passenger@0xb560b30b372dae7df40f67cd542730f5de15cefa@TheMostNearbyCarIsSelected
1683893584434@passenger@0xef0d03069e88fb45575f66aa4345b5448408dcfc@PassengerOnBoard
1683893588131@passenger@0xef0d03069e88fb45575f66aa4345b5448408dcfc@PassengerArriveAtDestination
1683893588139@passenger@0xd6c18c15ee56beeaf9a94322f0fcc958b611a323@PassengerPaysAndGetsOff
1683893588140@passenger@0x07f4d74e86c2501a96b032f05daf6d9603f1a596@PassengerOnBoard
1683893588676@passenger@0x16b22e2402a183dcaf5b1fb73f64689b7700a2a0@FoundTheMostNearbyCar
1683893588680@passenger@0x747d046d0c8a5d1bb1764517dd1984d0732c96bc@FoundTheMostNearbyCar
1683893589892@passenger@0x07f4d74e86c2501a96b032f05daf6d9603f1a596@PassengerArriveAtDestination
1683893589896@passenger@0xef0d03069e88fb45575f66aa4345b5448408dcfc@PassengerPaysAndGetsOff
1683893589897@passenger@0xb560b30b372dae7df40f67cd542730f5de15cefa@PassengerOnBoard
1683893590349@passenger@0x16b22e2402a183dcaf5b1fb73f64689b7700a2a0@TheMostNearbyCarIsSelected
1683893590350@passenger@0x747d046d0c8a5d1bb1764517dd1984d0732c96bc@TheMostNearbyCarConflict
1683893591353@passenger@0xb560b30b372dae7df40f67cd542730f5de15cefa@PassengerArriveAtDestination
1683893591355@passenger@0x07f4d74e86c2501a96b032f05daf6d9603f1a596@PassengerPaysAndGetsOff
1683893592606@passenger@0x3daa27591a675fceb7fe25f39a2aa575730a6a1a@FoundTheMostNearbyCar
1683893593173@passenger@0x27ff8a06ca69b16c194a5132a1925d358c89ff39@FoundTheMostNearbyCar
1683893593446@passenger@0x3daa27591a675fceb7fe25f39a2aa575730a6a1a@TheMostNearbyCarIsSelected
1683893593448@passenger@0xb560b30b372dae7df40f67cd542730f5de15cefa@PassengerPaysAndGetsOff
1683893594297@passenger@0x16b22e2402a183dcaf5b1fb73f64689b7700a2a0@PassengerOnBoard
1683893594298@passenger@0x27ff8a06ca69b16c194a5132a1925d358c89ff39@TheMostNearbyCarConflict
1683893597173@passenger@0x0de4d33bb26cb0107ac34844054f6f975c587554@FoundTheMostNearbyCar
1683893597242@passenger@0x16b22e2402a183dcaf5b1fb73f64689b7700a2a0@PassengerArriveAtDestination
1683893597250@passenger@0x3daa27591a675fceb7fe25f39a2aa575730a6a1a@PassengerOnBoard
1683893597356@passenger@0x0de4d33bb26cb0107ac34844054f6f975c587554@TheMostNearbyCarIsSelected
1683893599429@passenger@0x3daa27591a675fceb7fe25f39a2aa575730a6a1a@PassengerArriveAtDestination
1683893599435@passenger@0x16b22e2402a183dcaf5b1fb73f64689b7700a2a0@PassengerPaysAndGetsOff
1683893601174@passenger@0x08f7cc636acfed10206a64c661dcb6f00606c26c@FoundTheMostNearbyCar
1683893601181@passenger@0x98f3af9a9d129dd78041b588c36cff0afefddc05@FoundTheMostNearbyCar
1683893602368@passenger@0x3daa27591a675fceb7fe25f39a2aa575730a6a1a@PassengerPaysAndGetsOff
1683893602369@passenger@0x98f3af9a9d129dd78041b588c36cff0afefddc05@TheMostNearbyCarIsSelected
1683893602369@passenger@0x08f7cc636acfed10206a64c661dcb6f00606c26c@TheMostNearbyCarConflict
1683893603765@passenger@0x0de4d33bb26cb0107ac34844054f6f975c587554@PassengerOnBoard
1683893604377@passenger@0x0de4d33bb26cb0107ac34844054f6f975c587554@PassengerArriveAtDestination
1683893605563@passenger@0x397e94a4cd9fad4c4a472d6a92122d6ed9ec71d6@FoundTheMostNearbyCar
1683893605638@passenger@0x98f3af9a9d129dd78041b588c36cff0afefddc05@PassengerOnBoard
1683893606059@passenger@0x0de4d33bb26cb0107ac34844054f6f975c587554@PassengerPaysAndGetsOff
1683893606060@passenger@0x397e94a4cd9fad4c4a472d6a92122d6ed9ec71d6@TheMostNearbyCarIsSelected
1683893606130@passenger@0x98f3af9a9d129dd78041b588c36cff0afefddc05@PassengerArriveAtDestination
1683893606165@passenger@0x49c7f84ca89d2ffb5dc35eba1d88b731fe1c53df@FoundTheMostNearbyCar
1683893608138@passenger@0x49c7f84ca89d2ffb5dc35eba1d88b731fe1c53df@TheMostNearbyCarIsSelected
1683893608139@passenger@0x98f3af9a9d129dd78041b588c36cff0afefddc05@PassengerPaysAndGetsOff
1683893608377@passenger@0x747d046d0c8a5d1bb1764517dd1984d0732c96bc@FoundTheMostNearbyCar
1683893611255@passenger@0x397e94a4cd9fad4c4a472d6a92122d6ed9ec71d6@PassengerOnBoard
1683893611256@passenger@0x747d046d0c8a5d1bb1764517dd1984d0732c96bc@TheMostNearbyCarIsSelected
1683893612341@passenger@0x27ff8a06ca69b16c194a5132a1925d358c89ff39@FoundTheMostNearbyCar
1683893613972@passenger@0x397e94a4cd9fad4c4a472d6a92122d6ed9ec71d6@PassengerArriveAtDestination
1683893613975@passenger@0x49c7f84ca89d2ffb5dc35eba1d88b731fe1c53df@PassengerOnBoard
1683893613976@passenger@0x27ff8a06ca69b16c194a5132a1925d358c89ff39@TheMostNearbyCarIsSelected
1683893615589@passenger@0x49c7f84ca89d2ffb5dc35eba1d88b731fe1c53df@PassengerArriveAtDestination
1683893615601@passenger@0x747d046d0c8a5d1bb1764517dd1984d0732c96bc@PassengerOnBoard
1683893615602@passenger@0x397e94a4cd9fad4c4a472d6a92122d6ed9ec71d6@PassengerPaysAndGetsOff
1683893621854@passenger@0x747d046d0c8a5d1bb1764517dd1984d0732c96bc@PassengerArriveAtDestination
1683893621856@passenger@0x27ff8a06ca69b16c194a5132a1925d358c89ff39@PassengerOnBoard
1683893621857@passenger@0x49c7f84ca89d2ffb5dc35eba1d88b731fe1c53df@PassengerPaysAndGetsOff
1683893625542@passenger@0x27ff8a06ca69b16c194a5132a1925d358c89ff39@PassengerArriveAtDestination
1683893625547@passenger@0x747d046d0c8a5d1bb1764517dd1984d0732c96bc@PassengerPaysAndGetsOff
1683893625841@passenger@0x27ff8a06ca69b16c194a5132a1925d358c89ff39@PassengerPaysAndGetsOff
1683893628422@passenger@0x08f7cc636acfed10206a64c661dcb6f00606c26c@FoundTheMostNearbyCar
1683893629401@passenger@0x08f7cc636acfed10206a64c661dcb6f00606c26c@TheMostNearbyCarIsSelected
1683893632462@passenger@0x08f7cc636acfed10206a64c661dcb6f00606c26c@PassengerOnBoard
1683893635421@passenger@0x08f7cc636acfed10206a64c661dcb6f00606c26c@PassengerArriveAtDestination
1683893638354@passenger@0x08f7cc636acfed10206a64c661dcb6f00606c26c@PassengerPaysAndGetsOff
