1683966930739@vehicle@0xec8700ed3a446b2e5f4858a1a01e8bcf963630c9@StartProcessing
1683966930744@vehicle@0x7b61b596cb5db5eec79ed1305598ac80d564021f@StartProcessing
1683966930745@vehicle@0xd5002d8a92e63add0ecd66848dbcf00647ab0f68@StartProcessing
1683966930746@vehicle@0x1588548bb0da1db5ee57a6c4c2030a4303c3ed49@StartProcessing
1683966930747@vehicle@0x8288337bd12a1339bb0e7727cb0a0e22617d1126@StartProcessing
1683966930748@vehicle@0x1bfa47b71d0c99399ef664cc69ca8244ef6ecee3@StartProcessing
1683966930749@vehicle@0x8b4e00d6a438de53ec39377525cd9b685b359c0e@StartProcessing
1683966930749@vehicle@0xa3e05a915c8b8a4bf1629155dc25bec81dc88309@StartProcessing
1683966930750@vehicle@0x132f6c4c40f72942599c46aa16653e0405168a07@StartProcessing
1683966930750@vehicle@0x5f7447288ab038843e6b4a5f95b0683ac2ba9cd2@StartProcessing
1683966930751@vehicle@0x15efe26bbeb031ac0f0cca28376e3ed946fe7aae@StartProcessing
1683966930751@vehicle@0x1b15d8085fbf79d34751861f333fefeee25a5cd7@StartProcessing
1683966930752@vehicle@0x25d791be668aa0577373409958e917770b17aefc@StartProcessing
1683966930752@vehicle@0xeaaa89915602bb36c32074f92b1b9dff18b2dfbd@StartProcessing
1683966930753@vehicle@0xa1210fc988be0611b1df47ad17b87034ae065743@StartProcessing
1683966930753@vehicle@0x4d37b7ac15cc2d24095a196fd927be2daa6acf0f@StartProcessing
1683966937809@vehicle@0x132f6c4c40f72942599c46aa16653e0405168a07@PickUp@0x91b40a93fc528a5c5291c3acaa1de939af17548f000000000000000000000000
1683966937811@vehicle@0x132f6c4c40f72942599c46aa16653e0405168a07@FinishedAStarToStartingPoint
1683966939930@vehicle@0x1588548bb0da1db5ee57a6c4c2030a4303c3ed49@PickUp@0x62b4b91e944da60b258acf5a8777a3d61da1e831000000000000000000000000
1683966939932@vehicle@0x132f6c4c40f72942599c46aa16653e0405168a07@StoreRouteToStartingPointThroughAStarSuccess
1683966939933@vehicle@0x1588548bb0da1db5ee57a6c4c2030a4303c3ed49@FinishedAStarToStartingPoint
1683966940709@vehicle@0x132f6c4c40f72942599c46aa16653e0405168a07@DestinationReady
1683966940710@vehicle@0x1588548bb0da1db5ee57a6c4c2030a4303c3ed49@StoreRouteToStartingPointThroughAStarSuccess
1683966940710@vehicle@0x132f6c4c40f72942599c46aa16653e0405168a07@FinishedAStarToDestination
1683966943224@vehicle@0x15efe26bbeb031ac0f0cca28376e3ed946fe7aae@PickUp@0x8f65ffd51b4cf5ecdccf6e6d08d7b0893ed2e24a000000000000000000000000
1683966943226@vehicle@0x1588548bb0da1db5ee57a6c4c2030a4303c3ed49@DestinationReady
1683966943227@vehicle@0x15efe26bbeb031ac0f0cca28376e3ed946fe7aae@FinishedAStarToStartingPoint
1683966943227@vehicle@0x132f6c4c40f72942599c46aa16653e0405168a07@StoreRouteToDestinationSuccess
1683966943228@vehicle@0x1588548bb0da1db5ee57a6c4c2030a4303c3ed49@FinishedAStarToDestination
1683966945338@vehicle@0x132f6c4c40f72942599c46aa16653e0405168a07@PassengerPaid
1683966945341@vehicle@0x15efe26bbeb031ac0f0cca28376e3ed946fe7aae@StoreRouteToStartingPointThroughAStarSuccess
1683966945341@vehicle@0x1588548bb0da1db5ee57a6c4c2030a4303c3ed49@StoreRouteToDestinationSuccess
1683966945342@vehicle@0x132f6c4c40f72942599c46aa16653e0405168a07@CarReleased
1683966946185@vehicle@0x1588548bb0da1db5ee57a6c4c2030a4303c3ed49@PassengerPaid
1683966946187@vehicle@0x1b15d8085fbf79d34751861f333fefeee25a5cd7@PickUp@0xe833f3be862ddfc8c1ac8f6ba52c593e2cdf8198000000000000000000000000
1683966946190@vehicle@0x15efe26bbeb031ac0f0cca28376e3ed946fe7aae@DestinationReady
1683966946190@vehicle@0x1b15d8085fbf79d34751861f333fefeee25a5cd7@FinishedAStarToStartingPoint
1683966946191@vehicle@0x1588548bb0da1db5ee57a6c4c2030a4303c3ed49@CarReleased
1683966946191@vehicle@0x15efe26bbeb031ac0f0cca28376e3ed946fe7aae@FinishedAStarToDestination
1683966949494@vehicle@0x132f6c4c40f72942599c46aa16653e0405168a07@PickUp@0x395d706a2f6eb62fff9dbb61c42a941e4ebcb112000000000000000000000000
1683966949496@vehicle@0x15efe26bbeb031ac0f0cca28376e3ed946fe7aae@StoreRouteToDestinationSuccess
1683966949496@vehicle@0x132f6c4c40f72942599c46aa16653e0405168a07@FinishedAStarToStartingPoint
1683966949497@vehicle@0x1b15d8085fbf79d34751861f333fefeee25a5cd7@StoreRouteToStartingPointThroughAStarSuccess
1683966949868@vehicle@0x15efe26bbeb031ac0f0cca28376e3ed946fe7aae@PassengerPaid
1683966949868@vehicle@0x1b15d8085fbf79d34751861f333fefeee25a5cd7@DestinationReady
1683966949869@vehicle@0x132f6c4c40f72942599c46aa16653e0405168a07@StoreRouteToStartingPointThroughAStarSuccess
1683966949869@vehicle@0x1b15d8085fbf79d34751861f333fefeee25a5cd7@FinishedAStarToDestination
1683966949870@vehicle@0x15efe26bbeb031ac0f0cca28376e3ed946fe7aae@CarReleased
1683966952465@vehicle@0x1588548bb0da1db5ee57a6c4c2030a4303c3ed49@PickUp@0x6373f671766369c7d6fd8b4bafab42808c547ac8000000000000000000000000
1683966952468@vehicle@0x1b15d8085fbf79d34751861f333fefeee25a5cd7@StoreRouteToDestinationSuccess
1683966952468@vehicle@0x1588548bb0da1db5ee57a6c4c2030a4303c3ed49@FinishedAStarToStartingPoint
1683966952468@vehicle@0x132f6c4c40f72942599c46aa16653e0405168a07@DestinationReady
1683966952470@vehicle@0x132f6c4c40f72942599c46aa16653e0405168a07@FinishedAStarToDestination
1683966953169@vehicle@0x1b15d8085fbf79d34751861f333fefeee25a5cd7@PassengerPaid
1683966953172@vehicle@0x132f6c4c40f72942599c46aa16653e0405168a07@StoreRouteToDestinationSuccess
1683966953172@vehicle@0x1588548bb0da1db5ee57a6c4c2030a4303c3ed49@StoreRouteToStartingPointThroughAStarSuccess
1683966953173@vehicle@0x1b15d8085fbf79d34751861f333fefeee25a5cd7@CarReleased
1683966956321@vehicle@0x132f6c4c40f72942599c46aa16653e0405168a07@PassengerPaid
1683966956325@vehicle@0x15efe26bbeb031ac0f0cca28376e3ed946fe7aae@PickUp@0xd1e67dabefd2990196836433a22ea1bb148ffde1000000000000000000000000
1683966956327@vehicle@0x1588548bb0da1db5ee57a6c4c2030a4303c3ed49@DestinationReady
1683966956328@vehicle@0x15efe26bbeb031ac0f0cca28376e3ed946fe7aae@FinishedAStarToStartingPoint
1683966956328@vehicle@0x132f6c4c40f72942599c46aa16653e0405168a07@CarReleased
1683966956328@vehicle@0x1588548bb0da1db5ee57a6c4c2030a4303c3ed49@FinishedAStarToDestination
1683966958118@vehicle@0x1588548bb0da1db5ee57a6c4c2030a4303c3ed49@StoreRouteToDestinationSuccess
1683966958119@vehicle@0x15efe26bbeb031ac0f0cca28376e3ed946fe7aae@StoreRouteToStartingPointThroughAStarSuccess
1683966960913@vehicle@0x1588548bb0da1db5ee57a6c4c2030a4303c3ed49@PassengerPaid
1683966960914@vehicle@0x132f6c4c40f72942599c46aa16653e0405168a07@PickUp@0x5482002756a0678a1049988a3effb6ee9f26e6e7000000000000000000000000
1683966960919@vehicle@0x132f6c4c40f72942599c46aa16653e0405168a07@FinishedAStarToStartingPoint
1683966960919@vehicle@0x15efe26bbeb031ac0f0cca28376e3ed946fe7aae@DestinationReady
1683966960920@vehicle@0x1588548bb0da1db5ee57a6c4c2030a4303c3ed49@CarReleased
1683966960921@vehicle@0x15efe26bbeb031ac0f0cca28376e3ed946fe7aae@FinishedAStarToDestination
1683966965052@vehicle@0x1b15d8085fbf79d34751861f333fefeee25a5cd7@PickUp@0x172f1a41f8e4656571ce152786635b6a3aab4c3c000000000000000000000000
1683966965055@vehicle@0x1b15d8085fbf79d34751861f333fefeee25a5cd7@FinishedAStarToStartingPoint
1683966965056@vehicle@0x132f6c4c40f72942599c46aa16653e0405168a07@StoreRouteToStartingPointThroughAStarSuccess
1683966965057@vehicle@0x15efe26bbeb031ac0f0cca28376e3ed946fe7aae@StoreRouteToDestinationSuccess
1683966966449@vehicle@0x15efe26bbeb031ac0f0cca28376e3ed946fe7aae@PassengerPaid
1683966966451@vehicle@0x1588548bb0da1db5ee57a6c4c2030a4303c3ed49@PickUp@0x6a830145ff4b35a0ecd3cafd0db84ea451361810000000000000000000000000
1683966966454@vehicle@0x1b15d8085fbf79d34751861f333fefeee25a5cd7@StoreRouteToStartingPointThroughAStarSuccess
1683966966454@vehicle@0x1588548bb0da1db5ee57a6c4c2030a4303c3ed49@FinishedAStarToStartingPoint
1683966966455@vehicle@0x132f6c4c40f72942599c46aa16653e0405168a07@DestinationReady
1683966966455@vehicle@0x15efe26bbeb031ac0f0cca28376e3ed946fe7aae@CarReleased
1683966966456@vehicle@0x132f6c4c40f72942599c46aa16653e0405168a07@FinishedAStarToDestination
1683966967311@vehicle@0x1bfa47b71d0c99399ef664cc69ca8244ef6ecee3@PickUp@0xef03c9f4d5f4b29626dd625852810a353dddfeb3000000000000000000000000
1683966967314@vehicle@0x1588548bb0da1db5ee57a6c4c2030a4303c3ed49@StoreRouteToStartingPointThroughAStarSuccess
1683966967314@vehicle@0x1bfa47b71d0c99399ef664cc69ca8244ef6ecee3@FinishedAStarToStartingPoint
1683966967315@vehicle@0x1b15d8085fbf79d34751861f333fefeee25a5cd7@DestinationReady
1683966967316@vehicle@0x132f6c4c40f72942599c46aa16653e0405168a07@StoreRouteToDestinationSuccess
1683966967316@vehicle@0x1b15d8085fbf79d34751861f333fefeee25a5cd7@FinishedAStarToDestination
1683966970066@vehicle@0x132f6c4c40f72942599c46aa16653e0405168a07@PassengerPaid
1683966970067@vehicle@0x1b15d8085fbf79d34751861f333fefeee25a5cd7@StoreRouteToDestinationSuccess
1683966970067@vehicle@0x1bfa47b71d0c99399ef664cc69ca8244ef6ecee3@StoreRouteToStartingPointThroughAStarSuccess
1683966970067@vehicle@0x1588548bb0da1db5ee57a6c4c2030a4303c3ed49@DestinationReady
1683966970069@vehicle@0x1588548bb0da1db5ee57a6c4c2030a4303c3ed49@FinishedAStarToDestination
1683966970070@vehicle@0x132f6c4c40f72942599c46aa16653e0405168a07@CarReleased
1683966970257@vehicle@0x15efe26bbeb031ac0f0cca28376e3ed946fe7aae@PickUp@0x703a4bbfcd232c7cd0ce47d7060c387ef9a2436b000000000000000000000000
1683966970262@vehicle@0x1b15d8085fbf79d34751861f333fefeee25a5cd7@PassengerPaid
1683966970262@vehicle@0x15efe26bbeb031ac0f0cca28376e3ed946fe7aae@FinishedAStarToStartingPoint
1683966970263@vehicle@0x1bfa47b71d0c99399ef664cc69ca8244ef6ecee3@DestinationReady
1683966970263@vehicle@0x1588548bb0da1db5ee57a6c4c2030a4303c3ed49@StoreRouteToDestinationSuccess
1683966970264@vehicle@0x1bfa47b71d0c99399ef664cc69ca8244ef6ecee3@FinishedAStarToDestination
1683966970264@vehicle@0x1b15d8085fbf79d34751861f333fefeee25a5cd7@CarReleased
1683966972298@vehicle@0x1588548bb0da1db5ee57a6c4c2030a4303c3ed49@PassengerPaid
1683966972299@vehicle@0x132f6c4c40f72942599c46aa16653e0405168a07@PickUp@0x95222fdd3b6bf2c9156e2760369f046b1c61b965000000000000000000000000
1683966972302@vehicle@0x132f6c4c40f72942599c46aa16653e0405168a07@FinishedAStarToStartingPoint
1683966972303@vehicle@0x1bfa47b71d0c99399ef664cc69ca8244ef6ecee3@StoreRouteToDestinationSuccess
1683966972303@vehicle@0x15efe26bbeb031ac0f0cca28376e3ed946fe7aae@StoreRouteToStartingPointThroughAStarSuccess
1683966972304@vehicle@0x1588548bb0da1db5ee57a6c4c2030a4303c3ed49@CarReleased
1683966975184@vehicle@0x1bfa47b71d0c99399ef664cc69ca8244ef6ecee3@PassengerPaid
1683966975187@vehicle@0x132f6c4c40f72942599c46aa16653e0405168a07@StoreRouteToStartingPointThroughAStarSuccess
1683966975187@vehicle@0x15efe26bbeb031ac0f0cca28376e3ed946fe7aae@DestinationReady
1683966975188@vehicle@0x15efe26bbeb031ac0f0cca28376e3ed946fe7aae@FinishedAStarToDestination
1683966975188@vehicle@0x1bfa47b71d0c99399ef664cc69ca8244ef6ecee3@CarReleased
1683966977468@vehicle@0x1588548bb0da1db5ee57a6c4c2030a4303c3ed49@PickUp@0x8c2d065b423c841cffa3375b15e73d1f43ee60d2000000000000000000000000
1683966977470@vehicle@0x15efe26bbeb031ac0f0cca28376e3ed946fe7aae@StoreRouteToDestinationSuccess
1683966977470@vehicle@0x1588548bb0da1db5ee57a6c4c2030a4303c3ed49@FinishedAStarToStartingPoint
1683966977471@vehicle@0x132f6c4c40f72942599c46aa16653e0405168a07@DestinationReady
1683966977472@vehicle@0x132f6c4c40f72942599c46aa16653e0405168a07@FinishedAStarToDestination
1683966978392@vehicle@0x15efe26bbeb031ac0f0cca28376e3ed946fe7aae@PassengerPaid
1683966978393@vehicle@0x1b15d8085fbf79d34751861f333fefeee25a5cd7@PickUp@0xbd2e487a16c3f7f18667b2901a2a2e336dca88c8000000000000000000000000
1683966978396@vehicle@0x1588548bb0da1db5ee57a6c4c2030a4303c3ed49@StoreRouteToStartingPointThroughAStarSuccess
1683966978397@vehicle@0x132f6c4c40f72942599c46aa16653e0405168a07@StoreRouteToDestinationSuccess
1683966978397@vehicle@0x1b15d8085fbf79d34751861f333fefeee25a5cd7@FinishedAStarToStartingPoint
1683966978398@vehicle@0x15efe26bbeb031ac0f0cca28376e3ed946fe7aae@CarReleased
1683966980901@vehicle@0x132f6c4c40f72942599c46aa16653e0405168a07@PassengerPaid
1683966980904@vehicle@0x1588548bb0da1db5ee57a6c4c2030a4303c3ed49@DestinationReady
1683966980905@vehicle@0x1b15d8085fbf79d34751861f333fefeee25a5cd7@StoreRouteToStartingPointThroughAStarSuccess
1683966980905@vehicle@0x132f6c4c40f72942599c46aa16653e0405168a07@CarReleased
1683966980906@vehicle@0x1588548bb0da1db5ee57a6c4c2030a4303c3ed49@FinishedAStarToDestination
1683966983239@vehicle@0x15efe26bbeb031ac0f0cca28376e3ed946fe7aae@PickUp@0xe86ca8f3a25a90ecf1d02f2ee818ddf8d8ca6a8a000000000000000000000000
1683966983243@vehicle@0x1588548bb0da1db5ee57a6c4c2030a4303c3ed49@StoreRouteToDestinationSuccess
1683966983243@vehicle@0x15efe26bbeb031ac0f0cca28376e3ed946fe7aae@FinishedAStarToStartingPoint
1683966983244@vehicle@0x1b15d8085fbf79d34751861f333fefeee25a5cd7@DestinationReady
1683966983245@vehicle@0x1b15d8085fbf79d34751861f333fefeee25a5cd7@FinishedAStarToDestination
1683966987642@vehicle@0x1588548bb0da1db5ee57a6c4c2030a4303c3ed49@PassengerPaid
1683966987643@vehicle@0x1b15d8085fbf79d34751861f333fefeee25a5cd7@StoreRouteToDestinationSuccess
1683966987644@vehicle@0x15efe26bbeb031ac0f0cca28376e3ed946fe7aae@StoreRouteToStartingPointThroughAStarSuccess
1683966987645@vehicle@0x1588548bb0da1db5ee57a6c4c2030a4303c3ed49@CarReleased
1683966989401@vehicle@0x1b15d8085fbf79d34751861f333fefeee25a5cd7@PassengerPaid
1683966989402@vehicle@0x132f6c4c40f72942599c46aa16653e0405168a07@PickUp@0xa7c6f824d33b3f4f6084687971649bcfff20ac72000000000000000000000000
1683966989405@vehicle@0x15efe26bbeb031ac0f0cca28376e3ed946fe7aae@DestinationReady
1683966989405@vehicle@0x132f6c4c40f72942599c46aa16653e0405168a07@FinishedAStarToStartingPoint
1683966989406@vehicle@0x1b15d8085fbf79d34751861f333fefeee25a5cd7@CarReleased
1683966989406@vehicle@0x15efe26bbeb031ac0f0cca28376e3ed946fe7aae@FinishedAStarToDestination
1683966992075@vehicle@0x1588548bb0da1db5ee57a6c4c2030a4303c3ed49@PickUp@0xac9538cfc801744aad1662af15ac6c25d877cf5b000000000000000000000000
1683966992076@vehicle@0x15efe26bbeb031ac0f0cca28376e3ed946fe7aae@StoreRouteToDestinationSuccess
1683966992076@vehicle@0x132f6c4c40f72942599c46aa16653e0405168a07@StoreRouteToStartingPointThroughAStarSuccess
1683966992076@vehicle@0x1588548bb0da1db5ee57a6c4c2030a4303c3ed49@FinishedAStarToStartingPoint
1683966994085@vehicle@0x15efe26bbeb031ac0f0cca28376e3ed946fe7aae@PassengerPaid
1683966994086@vehicle@0x132f6c4c40f72942599c46aa16653e0405168a07@DestinationReady
1683966994086@vehicle@0x1588548bb0da1db5ee57a6c4c2030a4303c3ed49@StoreRouteToStartingPointThroughAStarSuccess
1683966994087@vehicle@0x132f6c4c40f72942599c46aa16653e0405168a07@FinishedAStarToDestination
1683966994087@vehicle@0x15efe26bbeb031ac0f0cca28376e3ed946fe7aae@CarReleased
1683966996516@vehicle@0x1b15d8085fbf79d34751861f333fefeee25a5cd7@PickUp@0x43a056d660a0c033adcf7aa2c9ee984c2f4fd1e7000000000000000000000000
1683966996518@vehicle@0x132f6c4c40f72942599c46aa16653e0405168a07@StoreRouteToDestinationSuccess
1683966996519@vehicle@0x1b15d8085fbf79d34751861f333fefeee25a5cd7@FinishedAStarToStartingPoint
1683966996519@vehicle@0x1588548bb0da1db5ee57a6c4c2030a4303c3ed49@DestinationReady
1683966996520@vehicle@0x1588548bb0da1db5ee57a6c4c2030a4303c3ed49@FinishedAStarToDestination
1683966999525@vehicle@0x132f6c4c40f72942599c46aa16653e0405168a07@PassengerPaid
1683966999534@vehicle@0x15efe26bbeb031ac0f0cca28376e3ed946fe7aae@PickUp@0xcc34b6ee3e8e077796ce9aadf496d581c1c1172a000000000000000000000000
1683966999535@vehicle@0x1b15d8085fbf79d34751861f333fefeee25a5cd7@StoreRouteToStartingPointThroughAStarSuccess
1683966999536@vehicle@0x1588548bb0da1db5ee57a6c4c2030a4303c3ed49@StoreRouteToDestinationSuccess
1683966999536@vehicle@0x15efe26bbeb031ac0f0cca28376e3ed946fe7aae@FinishedAStarToStartingPoint
1683966999536@vehicle@0x132f6c4c40f72942599c46aa16653e0405168a07@CarReleased
1683967000406@vehicle@0x1bfa47b71d0c99399ef664cc69ca8244ef6ecee3@PickUp@0x1cf507a8ff155587e445db4641b2dda6048e5349000000000000000000000000
1683967000410@vehicle@0x1588548bb0da1db5ee57a6c4c2030a4303c3ed49@PassengerPaid
1683967000414@vehicle@0x15efe26bbeb031ac0f0cca28376e3ed946fe7aae@StoreRouteToStartingPointThroughAStarSuccess
1683967000414@vehicle@0x1bfa47b71d0c99399ef664cc69ca8244ef6ecee3@FinishedAStarToStartingPoint
1683967000415@vehicle@0x1b15d8085fbf79d34751861f333fefeee25a5cd7@DestinationReady
1683967000415@vehicle@0x1588548bb0da1db5ee57a6c4c2030a4303c3ed49@CarReleased
1683967000416@vehicle@0x1b15d8085fbf79d34751861f333fefeee25a5cd7@FinishedAStarToDestination
1683967003778@vehicle@0x1bfa47b71d0c99399ef664cc69ca8244ef6ecee3@StoreRouteToStartingPointThroughAStarSuccess
1683967003778@vehicle@0x15efe26bbeb031ac0f0cca28376e3ed946fe7aae@DestinationReady
1683967003778@vehicle@0x1b15d8085fbf79d34751861f333fefeee25a5cd7@StoreRouteToDestinationSuccess
1683967003779@vehicle@0x15efe26bbeb031ac0f0cca28376e3ed946fe7aae@FinishedAStarToDestination
1683967005014@vehicle@0x132f6c4c40f72942599c46aa16653e0405168a07@PickUp@0x25eca363b1883510982b1343d92762accde5347b000000000000000000000000
1683967005017@vehicle@0x1b15d8085fbf79d34751861f333fefeee25a5cd7@PassengerPaid
1683967005018@vehicle@0x1bfa47b71d0c99399ef664cc69ca8244ef6ecee3@DestinationReady
1683967005018@vehicle@0x15efe26bbeb031ac0f0cca28376e3ed946fe7aae@StoreRouteToDestinationSuccess
1683967005018@vehicle@0x132f6c4c40f72942599c46aa16653e0405168a07@FinishedAStarToStartingPoint
1683967005019@vehicle@0x1bfa47b71d0c99399ef664cc69ca8244ef6ecee3@FinishedAStarToDestination
1683967005020@vehicle@0x1b15d8085fbf79d34751861f333fefeee25a5cd7@CarReleased
1683967008178@vehicle@0x15efe26bbeb031ac0f0cca28376e3ed946fe7aae@PassengerPaid
1683967008179@vehicle@0x1588548bb0da1db5ee57a6c4c2030a4303c3ed49@PickUp@0x32a71253fcbb62f00ceea65c0c680a9a3e80b7d1000000000000000000000000
1683967008182@vehicle@0x1588548bb0da1db5ee57a6c4c2030a4303c3ed49@FinishedAStarToStartingPoint
1683967008183@vehicle@0x132f6c4c40f72942599c46aa16653e0405168a07@StoreRouteToStartingPointThroughAStarSuccess
1683967008183@vehicle@0x1bfa47b71d0c99399ef664cc69ca8244ef6ecee3@StoreRouteToDestinationSuccess
1683967008183@vehicle@0x15efe26bbeb031ac0f0cca28376e3ed946fe7aae@CarReleased
1683967008883@vehicle@0x1bfa47b71d0c99399ef664cc69ca8244ef6ecee3@PassengerPaid
1683967008886@vehicle@0x1588548bb0da1db5ee57a6c4c2030a4303c3ed49@StoreRouteToStartingPointThroughAStarSuccess
1683967008886@vehicle@0x132f6c4c40f72942599c46aa16653e0405168a07@DestinationReady
1683967008886@vehicle@0x1bfa47b71d0c99399ef664cc69ca8244ef6ecee3@CarReleased
1683967008887@vehicle@0x132f6c4c40f72942599c46aa16653e0405168a07@FinishedAStarToDestination
1683967012090@vehicle@0x1b15d8085fbf79d34751861f333fefeee25a5cd7@PickUp@0x98c53b4ec1bc96a396f41175cf2ca571367820a7000000000000000000000000
1683967012093@vehicle@0x132f6c4c40f72942599c46aa16653e0405168a07@StoreRouteToDestinationSuccess
1683967012093@vehicle@0x1b15d8085fbf79d34751861f333fefeee25a5cd7@FinishedAStarToStartingPoint
1683967012094@vehicle@0x1588548bb0da1db5ee57a6c4c2030a4303c3ed49@DestinationReady
1683967012095@vehicle@0x1588548bb0da1db5ee57a6c4c2030a4303c3ed49@FinishedAStarToDestination
1683967016044@vehicle@0x132f6c4c40f72942599c46aa16653e0405168a07@PassengerPaid
1683967016048@vehicle@0x15efe26bbeb031ac0f0cca28376e3ed946fe7aae@PickUp@0x9c82fd514b0283c75b2439979d863b0459bceb53000000000000000000000000
1683967016052@vehicle@0x1b15d8085fbf79d34751861f333fefeee25a5cd7@StoreRouteToStartingPointThroughAStarSuccess
1683967016052@vehicle@0x15efe26bbeb031ac0f0cca28376e3ed946fe7aae@FinishedAStarToStartingPoint
1683967016053@vehicle@0x1588548bb0da1db5ee57a6c4c2030a4303c3ed49@StoreRouteToDestinationSuccess
1683967016053@vehicle@0x132f6c4c40f72942599c46aa16653e0405168a07@CarReleased
1683967016153@vehicle@0x1588548bb0da1db5ee57a6c4c2030a4303c3ed49@PassengerPaid
1683967016155@vehicle@0x15efe26bbeb031ac0f0cca28376e3ed946fe7aae@StoreRouteToStartingPointThroughAStarSuccess
1683967016156@vehicle@0x1b15d8085fbf79d34751861f333fefeee25a5cd7@DestinationReady
1683967016156@vehicle@0x1b15d8085fbf79d34751861f333fefeee25a5cd7@FinishedAStarToDestination
1683967016157@vehicle@0x1588548bb0da1db5ee57a6c4c2030a4303c3ed49@CarReleased
1683967018790@vehicle@0x132f6c4c40f72942599c46aa16653e0405168a07@PickUp@0xffbf1271569eea0a9366bacfba3957f7bfddf272000000000000000000000000
1683967018790@vehicle@0x1bfa47b71d0c99399ef664cc69ca8244ef6ecee3@PickUp@0x20a87ebe8156e5286084ce99165c02672cb0cb36000000000000000000000000
1683967018792@vehicle@0x1b15d8085fbf79d34751861f333fefeee25a5cd7@StoreRouteToDestinationSuccess
1683967018792@vehicle@0x132f6c4c40f72942599c46aa16653e0405168a07@FinishedAStarToStartingPoint
1683967018793@vehicle@0x1bfa47b71d0c99399ef664cc69ca8244ef6ecee3@FinishedAStarToStartingPoint
1683967018793@vehicle@0x15efe26bbeb031ac0f0cca28376e3ed946fe7aae@DestinationReady
1683967018794@vehicle@0x15efe26bbeb031ac0f0cca28376e3ed946fe7aae@FinishedAStarToDestination
1683967020875@vehicle@0x15efe26bbeb031ac0f0cca28376e3ed946fe7aae@StoreRouteToDestinationSuccess
1683967020875@vehicle@0x1bfa47b71d0c99399ef664cc69ca8244ef6ecee3@StoreRouteToStartingPointThroughAStarSuccess
1683967020875@vehicle@0x1b15d8085fbf79d34751861f333fefeee25a5cd7@PassengerPaid
1683967020876@vehicle@0x132f6c4c40f72942599c46aa16653e0405168a07@StoreRouteToStartingPointThroughAStarSuccess
1683967020877@vehicle@0x1b15d8085fbf79d34751861f333fefeee25a5cd7@CarReleased
1683967021913@vehicle@0x15efe26bbeb031ac0f0cca28376e3ed946fe7aae@PassengerPaid
1683967021918@vehicle@0x1588548bb0da1db5ee57a6c4c2030a4303c3ed49@PickUp@0xd3f0a049b88a3b2c2d3640693c9ef45a4ba0ced5000000000000000000000000
1683967021919@vehicle@0x1bfa47b71d0c99399ef664cc69ca8244ef6ecee3@DestinationReady
1683967021919@vehicle@0x132f6c4c40f72942599c46aa16653e0405168a07@DestinationReady
1683967021920@vehicle@0x1588548bb0da1db5ee57a6c4c2030a4303c3ed49@FinishedAStarToStartingPoint
1683967021920@vehicle@0x15efe26bbeb031ac0f0cca28376e3ed946fe7aae@CarReleased
1683967021920@vehicle@0x1bfa47b71d0c99399ef664cc69ca8244ef6ecee3@FinishedAStarToDestination
1683967021921@vehicle@0x132f6c4c40f72942599c46aa16653e0405168a07@FinishedAStarToDestination
1683967024281@vehicle@0x1b15d8085fbf79d34751861f333fefeee25a5cd7@PickUp@0x23618f01f25261d31c3adec02c22b1ee7407e318000000000000000000000000
1683967024284@vehicle@0x1bfa47b71d0c99399ef664cc69ca8244ef6ecee3@StoreRouteToDestinationSuccess
1683967024285@vehicle@0x1b15d8085fbf79d34751861f333fefeee25a5cd7@FinishedAStarToStartingPoint
1683967024285@vehicle@0x132f6c4c40f72942599c46aa16653e0405168a07@StoreRouteToDestinationSuccess
1683967024286@vehicle@0x1588548bb0da1db5ee57a6c4c2030a4303c3ed49@StoreRouteToStartingPointThroughAStarSuccess
1683967024662@vehicle@0x1bfa47b71d0c99399ef664cc69ca8244ef6ecee3@PassengerPaid
1683967024664@vehicle@0x132f6c4c40f72942599c46aa16653e0405168a07@PassengerPaid
1683967024667@vehicle@0x1b15d8085fbf79d34751861f333fefeee25a5cd7@StoreRouteToStartingPointThroughAStarSuccess
1683967024668@vehicle@0x1588548bb0da1db5ee57a6c4c2030a4303c3ed49@DestinationReady
1683967024668@vehicle@0x132f6c4c40f72942599c46aa16653e0405168a07@CarReleased
1683967024668@vehicle@0x1bfa47b71d0c99399ef664cc69ca8244ef6ecee3@CarReleased
1683967024668@vehicle@0x1588548bb0da1db5ee57a6c4c2030a4303c3ed49@FinishedAStarToDestination
1683967027561@vehicle@0x15efe26bbeb031ac0f0cca28376e3ed946fe7aae@PickUp@0xa988e958c9de98957d736d02e5b8a71a6f75dd14000000000000000000000000
1683967027562@vehicle@0x1588548bb0da1db5ee57a6c4c2030a4303c3ed49@StoreRouteToDestinationSuccess
1683967027563@vehicle@0x15efe26bbeb031ac0f0cca28376e3ed946fe7aae@FinishedAStarToStartingPoint
1683967027563@vehicle@0x1b15d8085fbf79d34751861f333fefeee25a5cd7@DestinationReady
1683967027565@vehicle@0x1b15d8085fbf79d34751861f333fefeee25a5cd7@FinishedAStarToDestination
1683967028594@vehicle@0x1588548bb0da1db5ee57a6c4c2030a4303c3ed49@PassengerPaid
1683967028595@vehicle@0x1b15d8085fbf79d34751861f333fefeee25a5cd7@StoreRouteToDestinationSuccess
1683967028595@vehicle@0x15efe26bbeb031ac0f0cca28376e3ed946fe7aae@StoreRouteToStartingPointThroughAStarSuccess
1683967028597@vehicle@0x1588548bb0da1db5ee57a6c4c2030a4303c3ed49@CarReleased
1683967032482@vehicle@0x1b15d8085fbf79d34751861f333fefeee25a5cd7@PassengerPaid
1683967032483@vehicle@0x132f6c4c40f72942599c46aa16653e0405168a07@PickUp@0x0d38502b24c64bfc5b635720bf299384cc2594de000000000000000000000000
1683967032486@vehicle@0x15efe26bbeb031ac0f0cca28376e3ed946fe7aae@DestinationReady
1683967032486@vehicle@0x132f6c4c40f72942599c46aa16653e0405168a07@FinishedAStarToStartingPoint
1683967032487@vehicle@0x15efe26bbeb031ac0f0cca28376e3ed946fe7aae@FinishedAStarToDestination
1683967032488@vehicle@0x1b15d8085fbf79d34751861f333fefeee25a5cd7@CarReleased
1683967034185@vehicle@0x132f6c4c40f72942599c46aa16653e0405168a07@StoreRouteToStartingPointThroughAStarSuccess
1683967034185@vehicle@0x15efe26bbeb031ac0f0cca28376e3ed946fe7aae@StoreRouteToDestinationSuccess
1683967034895@vehicle@0x15efe26bbeb031ac0f0cca28376e3ed946fe7aae@PassengerPaid
1683967034896@vehicle@0x132f6c4c40f72942599c46aa16653e0405168a07@DestinationReady
1683967034897@vehicle@0x132f6c4c40f72942599c46aa16653e0405168a07@FinishedAStarToDestination
1683967034897@vehicle@0x15efe26bbeb031ac0f0cca28376e3ed946fe7aae@CarReleased
1683967037732@vehicle@0x132f6c4c40f72942599c46aa16653e0405168a07@StoreRouteToDestinationSuccess
1683967039187@vehicle@0x132f6c4c40f72942599c46aa16653e0405168a07@PassengerPaid
1683967039189@vehicle@0x132f6c4c40f72942599c46aa16653e0405168a07@CarReleased
1683967042181@vehicle@0x132f6c4c40f72942599c46aa16653e0405168a07@PickUp@0xa3c55eb2e949ad3ec6844e8f3ac90af0a25c2776000000000000000000000000
1683967042182@vehicle@0x132f6c4c40f72942599c46aa16653e0405168a07@FinishedAStarToStartingPoint
1683967044222@vehicle@0x132f6c4c40f72942599c46aa16653e0405168a07@StoreRouteToStartingPointThroughAStarSuccess
1683967045265@vehicle@0x132f6c4c40f72942599c46aa16653e0405168a07@DestinationReady
1683967045266@vehicle@0x132f6c4c40f72942599c46aa16653e0405168a07@FinishedAStarToDestination
1683967047669@vehicle@0x132f6c4c40f72942599c46aa16653e0405168a07@StoreRouteToDestinationSuccess
1683967048480@vehicle@0x132f6c4c40f72942599c46aa16653e0405168a07@PassengerPaid
1683967048481@vehicle@0x132f6c4c40f72942599c46aa16653e0405168a07@CarReleased
