1683893473986@vehicle@0xec8700ed3a446b2e5f4858a1a01e8bcf963630c9@StartProcessing
1683893473995@vehicle@0x7b61b596cb5db5eec79ed1305598ac80d564021f@StartProcessing
1683893473997@vehicle@0xd5002d8a92e63add0ecd66848dbcf00647ab0f68@StartProcessing
1683893473998@vehicle@0x1588548bb0da1db5ee57a6c4c2030a4303c3ed49@StartProcessing
1683893473999@vehicle@0x8288337bd12a1339bb0e7727cb0a0e22617d1126@StartProcessing
1683893474000@vehicle@0x1bfa47b71d0c99399ef664cc69ca8244ef6ecee3@StartProcessing
1683893474001@vehicle@0x8b4e00d6a438de53ec39377525cd9b685b359c0e@StartProcessing
1683893474002@vehicle@0xa3e05a915c8b8a4bf1629155dc25bec81dc88309@StartProcessing
1683893474003@vehicle@0x132f6c4c40f72942599c46aa16653e0405168a07@StartProcessing
1683893474005@vehicle@0x5f7447288ab038843e6b4a5f95b0683ac2ba9cd2@StartProcessing
1683893474006@vehicle@0x15efe26bbeb031ac0f0cca28376e3ed946fe7aae@StartProcessing
1683893474006@vehicle@0x1b15d8085fbf79d34751861f333fefeee25a5cd7@StartProcessing
1683893474007@vehicle@0x25d791be668aa0577373409958e917770b17aefc@StartProcessing
1683893474007@vehicle@0xeaaa89915602bb36c32074f92b1b9dff18b2dfbd@StartProcessing
1683893474008@vehicle@0xa1210fc988be0611b1df47ad17b87034ae065743@StartProcessing
1683893474008@vehicle@0x4d37b7ac15cc2d24095a196fd927be2daa6acf0f@StartProcessing
1683893489499@vehicle@0x132f6c4c40f72942599c46aa16653e0405168a07@PickUp@0x91b40a93fc528a5c5291c3acaa1de939af17548f000000000000000000000000
1683893489503@vehicle@0x132f6c4c40f72942599c46aa16653e0405168a07@FinishedAStarToStartingPoint
1683893493023@vehicle@0x1588548bb0da1db5ee57a6c4c2030a4303c3ed49@PickUp@0x62b4b91e944da60b258acf5a8777a3d61da1e831000000000000000000000000
1683893493027@vehicle@0x1588548bb0da1db5ee57a6c4c2030a4303c3ed49@FinishedAStarToStartingPoint
1683893493029@vehicle@0x132f6c4c40f72942599c46aa16653e0405168a07@StoreRouteToStartingPointThroughAStarSuccess
1683893493555@vehicle@0x1588548bb0da1db5ee57a6c4c2030a4303c3ed49@StoreRouteToStartingPointThroughAStarSuccess
1683893493555@vehicle@0x132f6c4c40f72942599c46aa16653e0405168a07@DestinationReady
1683893493557@vehicle@0x132f6c4c40f72942599c46aa16653e0405168a07@FinishedAStarToDestination
1683893496072@vehicle@0x15efe26bbeb031ac0f0cca28376e3ed946fe7aae@PickUp@0x8f65ffd51b4cf5ecdccf6e6d08d7b0893ed2e24a000000000000000000000000
1683893496079@vehicle@0x15efe26bbeb031ac0f0cca28376e3ed946fe7aae@FinishedAStarToStartingPoint
1683893496083@vehicle@0x132f6c4c40f72942599c46aa16653e0405168a07@StoreRouteToDestinationSuccess
1683893496083@vehicle@0x1588548bb0da1db5ee57a6c4c2030a4303c3ed49@DestinationReady
1683893496086@vehicle@0x1588548bb0da1db5ee57a6c4c2030a4303c3ed49@FinishedAStarToDestination
1683893498723@vehicle@0x132f6c4c40f72942599c46aa16653e0405168a07@PassengerPaid
1683893498729@vehicle@0x1b15d8085fbf79d34751861f333fefeee25a5cd7@PickUp@0xe833f3be862ddfc8c1ac8f6ba52c593e2cdf8198000000000000000000000000
1683893498732@vehicle@0x1588548bb0da1db5ee57a6c4c2030a4303c3ed49@StoreRouteToDestinationSuccess
1683893498733@vehicle@0x15efe26bbeb031ac0f0cca28376e3ed946fe7aae@StoreRouteToStartingPointThroughAStarSuccess
1683893498734@vehicle@0x1b15d8085fbf79d34751861f333fefeee25a5cd7@FinishedAStarToStartingPoint
1683893498736@vehicle@0x132f6c4c40f72942599c46aa16653e0405168a07@CarReleased
1683893499441@vehicle@0x1588548bb0da1db5ee57a6c4c2030a4303c3ed49@PassengerPaid
1683893499451@vehicle@0x1b15d8085fbf79d34751861f333fefeee25a5cd7@StoreRouteToStartingPointThroughAStarSuccess
1683893499451@vehicle@0x15efe26bbeb031ac0f0cca28376e3ed946fe7aae@DestinationReady
1683893499453@vehicle@0x1588548bb0da1db5ee57a6c4c2030a4303c3ed49@CarReleased
1683893499455@vehicle@0x15efe26bbeb031ac0f0cca28376e3ed946fe7aae@FinishedAStarToDestination
1683893501800@vehicle@0x132f6c4c40f72942599c46aa16653e0405168a07@PickUp@0x395d706a2f6eb62fff9dbb61c42a941e4ebcb112000000000000000000000000
1683893501803@vehicle@0x1b15d8085fbf79d34751861f333fefeee25a5cd7@DestinationReady
1683893501804@vehicle@0x15efe26bbeb031ac0f0cca28376e3ed946fe7aae@StoreRouteToDestinationSuccess
1683893501805@vehicle@0x132f6c4c40f72942599c46aa16653e0405168a07@FinishedAStarToStartingPoint
1683893501806@vehicle@0x1b15d8085fbf79d34751861f333fefeee25a5cd7@FinishedAStarToDestination
1683893507920@vehicle@0x1588548bb0da1db5ee57a6c4c2030a4303c3ed49@PickUp@0x6373f671766369c7d6fd8b4bafab42808c547ac8000000000000000000000000
1683893507928@vehicle@0x15efe26bbeb031ac0f0cca28376e3ed946fe7aae@PassengerPaid
1683893507934@vehicle@0x1588548bb0da1db5ee57a6c4c2030a4303c3ed49@FinishedAStarToStartingPoint
1683893507936@vehicle@0x132f6c4c40f72942599c46aa16653e0405168a07@StoreRouteToStartingPointThroughAStarSuccess
1683893507937@vehicle@0x1b15d8085fbf79d34751861f333fefeee25a5cd7@StoreRouteToDestinationSuccess
1683893507938@vehicle@0x15efe26bbeb031ac0f0cca28376e3ed946fe7aae@CarReleased
1683893511275@vehicle@0x1b15d8085fbf79d34751861f333fefeee25a5cd7@PassengerPaid
1683893511283@vehicle@0x132f6c4c40f72942599c46aa16653e0405168a07@DestinationReady
1683893511285@vehicle@0x1588548bb0da1db5ee57a6c4c2030a4303c3ed49@StoreRouteToStartingPointThroughAStarSuccess
1683893511285@vehicle@0x1b15d8085fbf79d34751861f333fefeee25a5cd7@CarReleased
1683893511286@vehicle@0x132f6c4c40f72942599c46aa16653e0405168a07@FinishedAStarToDestination
1683893511942@vehicle@0x15efe26bbeb031ac0f0cca28376e3ed946fe7aae@PickUp@0xd1e67dabefd2990196836433a22ea1bb148ffde1000000000000000000000000
1683893511945@vehicle@0x132f6c4c40f72942599c46aa16653e0405168a07@StoreRouteToDestinationSuccess
1683893511946@vehicle@0x1588548bb0da1db5ee57a6c4c2030a4303c3ed49@DestinationReady
1683893511947@vehicle@0x15efe26bbeb031ac0f0cca28376e3ed946fe7aae@FinishedAStarToStartingPoint
1683893511950@vehicle@0x1588548bb0da1db5ee57a6c4c2030a4303c3ed49@FinishedAStarToDestination
1683893519385@vehicle@0x132f6c4c40f72942599c46aa16653e0405168a07@PassengerPaid
1683893519387@vehicle@0x1b15d8085fbf79d34751861f333fefeee25a5cd7@PickUp@0x172f1a41f8e4656571ce152786635b6a3aab4c3c000000000000000000000000
1683893519391@vehicle@0x1588548bb0da1db5ee57a6c4c2030a4303c3ed49@StoreRouteToDestinationSuccess
1683893519391@vehicle@0x1b15d8085fbf79d34751861f333fefeee25a5cd7@FinishedAStarToStartingPoint
1683893519393@vehicle@0x15efe26bbeb031ac0f0cca28376e3ed946fe7aae@StoreRouteToStartingPointThroughAStarSuccess
1683893519393@vehicle@0x132f6c4c40f72942599c46aa16653e0405168a07@CarReleased
1683893520684@vehicle@0x1588548bb0da1db5ee57a6c4c2030a4303c3ed49@PassengerPaid
1683893520692@vehicle@0x1bfa47b71d0c99399ef664cc69ca8244ef6ecee3@PickUp@0x6a830145ff4b35a0ecd3cafd0db84ea451361810000000000000000000000000
1683893520696@vehicle@0x15efe26bbeb031ac0f0cca28376e3ed946fe7aae@DestinationReady
1683893520697@vehicle@0x1bfa47b71d0c99399ef664cc69ca8244ef6ecee3@FinishedAStarToStartingPoint
1683893520699@vehicle@0x1b15d8085fbf79d34751861f333fefeee25a5cd7@StoreRouteToStartingPointThroughAStarSuccess
1683893520699@vehicle@0x1588548bb0da1db5ee57a6c4c2030a4303c3ed49@CarReleased
1683893520700@vehicle@0x15efe26bbeb031ac0f0cca28376e3ed946fe7aae@FinishedAStarToDestination
1683893523288@vehicle@0x132f6c4c40f72942599c46aa16653e0405168a07@PickUp@0x703a4bbfcd232c7cd0ce47d7060c387ef9a2436b000000000000000000000000
1683893523294@vehicle@0x1bfa47b71d0c99399ef664cc69ca8244ef6ecee3@StoreRouteToStartingPointThroughAStarSuccess
1683893523295@vehicle@0x15efe26bbeb031ac0f0cca28376e3ed946fe7aae@StoreRouteToDestinationSuccess
1683893523296@vehicle@0x1b15d8085fbf79d34751861f333fefeee25a5cd7@DestinationReady
1683893523297@vehicle@0x132f6c4c40f72942599c46aa16653e0405168a07@FinishedAStarToStartingPoint
1683893523298@vehicle@0x1b15d8085fbf79d34751861f333fefeee25a5cd7@FinishedAStarToDestination
1683893525289@vehicle@0x15efe26bbeb031ac0f0cca28376e3ed946fe7aae@PassengerPaid
1683893525301@vehicle@0x1b15d8085fbf79d34751861f333fefeee25a5cd7@StoreRouteToDestinationSuccess
1683893525301@vehicle@0x1bfa47b71d0c99399ef664cc69ca8244ef6ecee3@DestinationReady
1683893525303@vehicle@0x132f6c4c40f72942599c46aa16653e0405168a07@StoreRouteToStartingPointThroughAStarSuccess
1683893525304@vehicle@0x15efe26bbeb031ac0f0cca28376e3ed946fe7aae@CarReleased
1683893525305@vehicle@0x1bfa47b71d0c99399ef664cc69ca8244ef6ecee3@FinishedAStarToDestination
1683893526526@vehicle@0x1588548bb0da1db5ee57a6c4c2030a4303c3ed49@PickUp@0x95222fdd3b6bf2c9156e2760369f046b1c61b965000000000000000000000000
1683893526528@vehicle@0x1588548bb0da1db5ee57a6c4c2030a4303c3ed49@FinishedAStarToStartingPoint
1683893528004@vehicle@0x1b15d8085fbf79d34751861f333fefeee25a5cd7@PassengerPaid
1683893528012@vehicle@0x132f6c4c40f72942599c46aa16653e0405168a07@DestinationReady
1683893528013@vehicle@0x1bfa47b71d0c99399ef664cc69ca8244ef6ecee3@StoreRouteToDestinationSuccess
1683893528014@vehicle@0x1b15d8085fbf79d34751861f333fefeee25a5cd7@CarReleased
1683893528015@vehicle@0x132f6c4c40f72942599c46aa16653e0405168a07@FinishedAStarToDestination
1683893529034@vehicle@0x25d791be668aa0577373409958e917770b17aefc@PickUp@0x8c2d065b423c841cffa3375b15e73d1f43ee60d2000000000000000000000000
1683893529035@vehicle@0x1588548bb0da1db5ee57a6c4c2030a4303c3ed49@StoreRouteToStartingPointThroughAStarSuccess
1683893529036@vehicle@0x25d791be668aa0577373409958e917770b17aefc@FinishedAStarToStartingPoint
1683893529974@vehicle@0x1bfa47b71d0c99399ef664cc69ca8244ef6ecee3@PassengerPaid
1683893529978@vehicle@0x132f6c4c40f72942599c46aa16653e0405168a07@StoreRouteToDestinationSuccess
1683893529979@vehicle@0x1bfa47b71d0c99399ef664cc69ca8244ef6ecee3@CarReleased
1683893532184@vehicle@0x25d791be668aa0577373409958e917770b17aefc@StoreRouteToStartingPointThroughAStarSuccess
1683893532184@vehicle@0x1588548bb0da1db5ee57a6c4c2030a4303c3ed49@DestinationReady
1683893532186@vehicle@0x1588548bb0da1db5ee57a6c4c2030a4303c3ed49@FinishedAStarToDestination
1683893533945@vehicle@0x15efe26bbeb031ac0f0cca28376e3ed946fe7aae@PickUp@0xbd2e487a16c3f7f18667b2901a2a2e336dca88c8000000000000000000000000
1683893533948@vehicle@0x132f6c4c40f72942599c46aa16653e0405168a07@PassengerPaid
1683893533949@vehicle@0x15efe26bbeb031ac0f0cca28376e3ed946fe7aae@FinishedAStarToStartingPoint
1683893533951@vehicle@0x132f6c4c40f72942599c46aa16653e0405168a07@CarReleased
1683893536097@vehicle@0x25d791be668aa0577373409958e917770b17aefc@DestinationReady
1683893536098@vehicle@0x1588548bb0da1db5ee57a6c4c2030a4303c3ed49@StoreRouteToDestinationSuccess
1683893536098@vehicle@0x25d791be668aa0577373409958e917770b17aefc@FinishedAStarToDestination
1683893539508@vehicle@0x1588548bb0da1db5ee57a6c4c2030a4303c3ed49@PassengerPaid
1683893539512@vehicle@0x1b15d8085fbf79d34751861f333fefeee25a5cd7@PickUp@0xe86ca8f3a25a90ecf1d02f2ee818ddf8d8ca6a8a000000000000000000000000
1683893539514@vehicle@0x15efe26bbeb031ac0f0cca28376e3ed946fe7aae@StoreRouteToStartingPointThroughAStarSuccess
1683893539516@vehicle@0x25d791be668aa0577373409958e917770b17aefc@StoreRouteToDestinationSuccess
1683893539517@vehicle@0x1b15d8085fbf79d34751861f333fefeee25a5cd7@FinishedAStarToStartingPoint
1683893539518@vehicle@0x1588548bb0da1db5ee57a6c4c2030a4303c3ed49@CarReleased
1683893542555@vehicle@0x132f6c4c40f72942599c46aa16653e0405168a07@PickUp@0xa7c6f824d33b3f4f6084687971649bcfff20ac72000000000000000000000000
1683893542557@vehicle@0x25d791be668aa0577373409958e917770b17aefc@PassengerPaid
1683893542568@vehicle@0x1b15d8085fbf79d34751861f333fefeee25a5cd7@StoreRouteToStartingPointThroughAStarSuccess
1683893542569@vehicle@0x15efe26bbeb031ac0f0cca28376e3ed946fe7aae@DestinationReady
1683893542570@vehicle@0x132f6c4c40f72942599c46aa16653e0405168a07@FinishedAStarToStartingPoint
1683893542573@vehicle@0x25d791be668aa0577373409958e917770b17aefc@CarReleased
1683893542575@vehicle@0x15efe26bbeb031ac0f0cca28376e3ed946fe7aae@FinishedAStarToDestination
1683893546048@vehicle@0x1588548bb0da1db5ee57a6c4c2030a4303c3ed49@PickUp@0xa988e958c9de98957d736d02e5b8a71a6f75dd14000000000000000000000000
1683893546050@vehicle@0x132f6c4c40f72942599c46aa16653e0405168a07@StoreRouteToStartingPointThroughAStarSuccess
1683893546051@vehicle@0x15efe26bbeb031ac0f0cca28376e3ed946fe7aae@StoreRouteToDestinationSuccess
1683893546052@vehicle@0x1588548bb0da1db5ee57a6c4c2030a4303c3ed49@FinishedAStarToStartingPoint
1683893546053@vehicle@0x1b15d8085fbf79d34751861f333fefeee25a5cd7@DestinationReady
1683893546054@vehicle@0x1b15d8085fbf79d34751861f333fefeee25a5cd7@FinishedAStarToDestination
1683893548793@vehicle@0x15efe26bbeb031ac0f0cca28376e3ed946fe7aae@PassengerPaid
1683893548799@vehicle@0x1bfa47b71d0c99399ef664cc69ca8244ef6ecee3@PickUp@0x43a056d660a0c033adcf7aa2c9ee984c2f4fd1e7000000000000000000000000
1683893548803@vehicle@0x1b15d8085fbf79d34751861f333fefeee25a5cd7@StoreRouteToDestinationSuccess
1683893548804@vehicle@0x1588548bb0da1db5ee57a6c4c2030a4303c3ed49@StoreRouteToStartingPointThroughAStarSuccess
1683893548805@vehicle@0x1bfa47b71d0c99399ef664cc69ca8244ef6ecee3@FinishedAStarToStartingPoint
1683893548806@vehicle@0x132f6c4c40f72942599c46aa16653e0405168a07@DestinationReady
1683893548806@vehicle@0x15efe26bbeb031ac0f0cca28376e3ed946fe7aae@CarReleased
1683893548807@vehicle@0x132f6c4c40f72942599c46aa16653e0405168a07@FinishedAStarToDestination
1683893551507@vehicle@0x1b15d8085fbf79d34751861f333fefeee25a5cd7@PassengerPaid
1683893551510@vehicle@0x25d791be668aa0577373409958e917770b17aefc@PickUp@0xcc34b6ee3e8e077796ce9aadf496d581c1c1172a000000000000000000000000
1683893551519@vehicle@0x25d791be668aa0577373409958e917770b17aefc@FinishedAStarToStartingPoint
1683893551520@vehicle@0x1bfa47b71d0c99399ef664cc69ca8244ef6ecee3@StoreRouteToStartingPointThroughAStarSuccess
1683893551521@vehicle@0x132f6c4c40f72942599c46aa16653e0405168a07@StoreRouteToDestinationSuccess
1683893551522@vehicle@0x1588548bb0da1db5ee57a6c4c2030a4303c3ed49@DestinationReady
1683893551522@vehicle@0x1b15d8085fbf79d34751861f333fefeee25a5cd7@CarReleased
1683893551523@vehicle@0x1588548bb0da1db5ee57a6c4c2030a4303c3ed49@FinishedAStarToDestination
1683893553161@vehicle@0x15efe26bbeb031ac0f0cca28376e3ed946fe7aae@PickUp@0x1cf507a8ff155587e445db4641b2dda6048e5349000000000000000000000000
1683893553165@vehicle@0x132f6c4c40f72942599c46aa16653e0405168a07@PassengerPaid
1683893553172@vehicle@0x1588548bb0da1db5ee57a6c4c2030a4303c3ed49@StoreRouteToDestinationSuccess
1683893553172@vehicle@0x15efe26bbeb031ac0f0cca28376e3ed946fe7aae@FinishedAStarToStartingPoint
1683893553175@vehicle@0x25d791be668aa0577373409958e917770b17aefc@StoreRouteToStartingPointThroughAStarSuccess
1683893553176@vehicle@0x1bfa47b71d0c99399ef664cc69ca8244ef6ecee3@DestinationReady
1683893553177@vehicle@0x132f6c4c40f72942599c46aa16653e0405168a07@CarReleased
1683893553178@vehicle@0x1bfa47b71d0c99399ef664cc69ca8244ef6ecee3@FinishedAStarToDestination
1683893554204@vehicle@0x1b15d8085fbf79d34751861f333fefeee25a5cd7@PickUp@0x25eca363b1883510982b1343d92762accde5347b000000000000000000000000
1683893554211@vehicle@0x1588548bb0da1db5ee57a6c4c2030a4303c3ed49@PassengerPaid
1683893554213@vehicle@0x1bfa47b71d0c99399ef664cc69ca8244ef6ecee3@StoreRouteToDestinationSuccess
1683893554214@vehicle@0x15efe26bbeb031ac0f0cca28376e3ed946fe7aae@StoreRouteToStartingPointThroughAStarSuccess
1683893554215@vehicle@0x1b15d8085fbf79d34751861f333fefeee25a5cd7@FinishedAStarToStartingPoint
1683893554215@vehicle@0x25d791be668aa0577373409958e917770b17aefc@DestinationReady
1683893554217@vehicle@0x25d791be668aa0577373409958e917770b17aefc@FinishedAStarToDestination
1683893554218@vehicle@0x1588548bb0da1db5ee57a6c4c2030a4303c3ed49@CarReleased
1683893557527@vehicle@0x1bfa47b71d0c99399ef664cc69ca8244ef6ecee3@PassengerPaid
1683893557529@vehicle@0x25d791be668aa0577373409958e917770b17aefc@StoreRouteToDestinationSuccess
1683893557530@vehicle@0x1b15d8085fbf79d34751861f333fefeee25a5cd7@StoreRouteToStartingPointThroughAStarSuccess
1683893557530@vehicle@0x15efe26bbeb031ac0f0cca28376e3ed946fe7aae@DestinationReady
1683893557531@vehicle@0x15efe26bbeb031ac0f0cca28376e3ed946fe7aae@FinishedAStarToDestination
1683893557532@vehicle@0x1bfa47b71d0c99399ef664cc69ca8244ef6ecee3@CarReleased
1683893559033@vehicle@0x132f6c4c40f72942599c46aa16653e0405168a07@PickUp@0x32a71253fcbb62f00ceea65c0c680a9a3e80b7d1000000000000000000000000
1683893559039@vehicle@0x25d791be668aa0577373409958e917770b17aefc@PassengerPaid
1683893559044@vehicle@0x15efe26bbeb031ac0f0cca28376e3ed946fe7aae@StoreRouteToDestinationSuccess
1683893559045@vehicle@0x132f6c4c40f72942599c46aa16653e0405168a07@FinishedAStarToStartingPoint
1683893559046@vehicle@0x1b15d8085fbf79d34751861f333fefeee25a5cd7@DestinationReady
1683893559048@vehicle@0x1b15d8085fbf79d34751861f333fefeee25a5cd7@FinishedAStarToDestination
1683893559049@vehicle@0x25d791be668aa0577373409958e917770b17aefc@CarReleased
1683893561957@vehicle@0x1588548bb0da1db5ee57a6c4c2030a4303c3ed49@PickUp@0xac9538cfc801744aad1662af15ac6c25d877cf5b000000000000000000000000
1683893561960@vehicle@0x15efe26bbeb031ac0f0cca28376e3ed946fe7aae@PassengerPaid
1683893561966@vehicle@0x1588548bb0da1db5ee57a6c4c2030a4303c3ed49@FinishedAStarToStartingPoint
1683893561968@vehicle@0x132f6c4c40f72942599c46aa16653e0405168a07@StoreRouteToStartingPointThroughAStarSuccess
1683893561968@vehicle@0x1b15d8085fbf79d34751861f333fefeee25a5cd7@StoreRouteToDestinationSuccess
1683893561971@vehicle@0x15efe26bbeb031ac0f0cca28376e3ed946fe7aae@CarReleased
1683893564111@vehicle@0x1b15d8085fbf79d34751861f333fefeee25a5cd7@PassengerPaid
1683893564113@vehicle@0x1588548bb0da1db5ee57a6c4c2030a4303c3ed49@StoreRouteToStartingPointThroughAStarSuccess
1683893564113@vehicle@0x132f6c4c40f72942599c46aa16653e0405168a07@DestinationReady
1683893564115@vehicle@0x132f6c4c40f72942599c46aa16653e0405168a07@FinishedAStarToDestination
1683893564116@vehicle@0x1b15d8085fbf79d34751861f333fefeee25a5cd7@CarReleased
1683893567907@vehicle@0x15efe26bbeb031ac0f0cca28376e3ed946fe7aae@PickUp@0x9c82fd514b0283c75b2439979d863b0459bceb53000000000000000000000000
1683893567912@vehicle@0x132f6c4c40f72942599c46aa16653e0405168a07@StoreRouteToDestinationSuccess
1683893567913@vehicle@0x1588548bb0da1db5ee57a6c4c2030a4303c3ed49@DestinationReady
1683893567914@vehicle@0x15efe26bbeb031ac0f0cca28376e3ed946fe7aae@FinishedAStarToStartingPoint
1683893567915@vehicle@0x1588548bb0da1db5ee57a6c4c2030a4303c3ed49@FinishedAStarToDestination
1683893571138@vehicle@0x132f6c4c40f72942599c46aa16653e0405168a07@PassengerPaid
1683893571141@vehicle@0x1b15d8085fbf79d34751861f333fefeee25a5cd7@PickUp@0x20a87ebe8156e5286084ce99165c02672cb0cb36000000000000000000000000
1683893571147@vehicle@0x1588548bb0da1db5ee57a6c4c2030a4303c3ed49@StoreRouteToDestinationSuccess
1683893571148@vehicle@0x15efe26bbeb031ac0f0cca28376e3ed946fe7aae@StoreRouteToStartingPointThroughAStarSuccess
1683893571149@vehicle@0x1b15d8085fbf79d34751861f333fefeee25a5cd7@FinishedAStarToStartingPoint
1683893571151@vehicle@0x132f6c4c40f72942599c46aa16653e0405168a07@CarReleased
1683893573245@vehicle@0x1bfa47b71d0c99399ef664cc69ca8244ef6ecee3@PickUp@0xffbf1271569eea0a9366bacfba3957f7bfddf272000000000000000000000000
1683893573247@vehicle@0x1588548bb0da1db5ee57a6c4c2030a4303c3ed49@PassengerPaid
1683893573260@vehicle@0x1bfa47b71d0c99399ef664cc69ca8244ef6ecee3@FinishedAStarToStartingPoint
1683893573262@vehicle@0x1b15d8085fbf79d34751861f333fefeee25a5cd7@StoreRouteToStartingPointThroughAStarSuccess
1683893573263@vehicle@0x15efe26bbeb031ac0f0cca28376e3ed946fe7aae@DestinationReady
1683893573264@vehicle@0x1588548bb0da1db5ee57a6c4c2030a4303c3ed49@CarReleased
1683893573265@vehicle@0x15efe26bbeb031ac0f0cca28376e3ed946fe7aae@FinishedAStarToDestination
1683893576213@vehicle@0x132f6c4c40f72942599c46aa16653e0405168a07@PickUp@0xd3f0a049b88a3b2c2d3640693c9ef45a4ba0ced5000000000000000000000000
1683893576214@vehicle@0x1b15d8085fbf79d34751861f333fefeee25a5cd7@DestinationReady
1683893576216@vehicle@0x132f6c4c40f72942599c46aa16653e0405168a07@FinishedAStarToStartingPoint
1683893576218@vehicle@0x1bfa47b71d0c99399ef664cc69ca8244ef6ecee3@StoreRouteToStartingPointThroughAStarSuccess
1683893576219@vehicle@0x15efe26bbeb031ac0f0cca28376e3ed946fe7aae@StoreRouteToDestinationSuccess
1683893576220@vehicle@0x1b15d8085fbf79d34751861f333fefeee25a5cd7@FinishedAStarToDestination
1683893581397@vehicle@0x1588548bb0da1db5ee57a6c4c2030a4303c3ed49@PickUp@0x98c53b4ec1bc96a396f41175cf2ca571367820a7000000000000000000000000
1683893581403@vehicle@0x15efe26bbeb031ac0f0cca28376e3ed946fe7aae@PassengerPaid
1683893581406@vehicle@0x1588548bb0da1db5ee57a6c4c2030a4303c3ed49@FinishedAStarToStartingPoint
1683893581407@vehicle@0x1bfa47b71d0c99399ef664cc69ca8244ef6ecee3@DestinationReady
1683893581408@vehicle@0x132f6c4c40f72942599c46aa16653e0405168a07@StoreRouteToStartingPointThroughAStarSuccess
1683893581409@vehicle@0x1b15d8085fbf79d34751861f333fefeee25a5cd7@StoreRouteToDestinationSuccess
1683893581409@vehicle@0x1bfa47b71d0c99399ef664cc69ca8244ef6ecee3@FinishedAStarToDestination
1683893581410@vehicle@0x15efe26bbeb031ac0f0cca28376e3ed946fe7aae@CarReleased
1683893587147@vehicle@0x1b15d8085fbf79d34751861f333fefeee25a5cd7@PassengerPaid
1683893587156@vehicle@0x25d791be668aa0577373409958e917770b17aefc@PickUp@0xa3c55eb2e949ad3ec6844e8f3ac90af0a25c2776000000000000000000000000
1683893587158@vehicle@0x1588548bb0da1db5ee57a6c4c2030a4303c3ed49@StoreRouteToStartingPointThroughAStarSuccess
1683893587159@vehicle@0x1bfa47b71d0c99399ef664cc69ca8244ef6ecee3@StoreRouteToDestinationSuccess
1683893587160@vehicle@0x25d791be668aa0577373409958e917770b17aefc@FinishedAStarToStartingPoint
1683893587161@vehicle@0x132f6c4c40f72942599c46aa16653e0405168a07@DestinationReady
1683893587163@vehicle@0x1b15d8085fbf79d34751861f333fefeee25a5cd7@CarReleased
1683893587163@vehicle@0x132f6c4c40f72942599c46aa16653e0405168a07@FinishedAStarToDestination
1683893592181@vehicle@0x1bfa47b71d0c99399ef664cc69ca8244ef6ecee3@PassengerPaid
1683893592183@vehicle@0x15efe26bbeb031ac0f0cca28376e3ed946fe7aae@PickUp@0x0d38502b24c64bfc5b635720bf299384cc2594de000000000000000000000000
1683893592192@vehicle@0x25d791be668aa0577373409958e917770b17aefc@StoreRouteToStartingPointThroughAStarSuccess
1683893592192@vehicle@0x132f6c4c40f72942599c46aa16653e0405168a07@StoreRouteToDestinationSuccess
1683893592193@vehicle@0x15efe26bbeb031ac0f0cca28376e3ed946fe7aae@FinishedAStarToStartingPoint
1683893592194@vehicle@0x1588548bb0da1db5ee57a6c4c2030a4303c3ed49@DestinationReady
1683893592195@vehicle@0x1bfa47b71d0c99399ef664cc69ca8244ef6ecee3@CarReleased
1683893592196@vehicle@0x1588548bb0da1db5ee57a6c4c2030a4303c3ed49@FinishedAStarToDestination
1683893594603@vehicle@0x132f6c4c40f72942599c46aa16653e0405168a07@PassengerPaid
1683893594611@vehicle@0x1588548bb0da1db5ee57a6c4c2030a4303c3ed49@StoreRouteToDestinationSuccess
1683893594613@vehicle@0x15efe26bbeb031ac0f0cca28376e3ed946fe7aae@StoreRouteToStartingPointThroughAStarSuccess
1683893594614@vehicle@0x25d791be668aa0577373409958e917770b17aefc@DestinationReady
1683893594615@vehicle@0x132f6c4c40f72942599c46aa16653e0405168a07@CarReleased
1683893594616@vehicle@0x25d791be668aa0577373409958e917770b17aefc@FinishedAStarToDestination
1683893601339@vehicle@0x1588548bb0da1db5ee57a6c4c2030a4303c3ed49@PassengerPaid
1683893601349@vehicle@0x1b15d8085fbf79d34751861f333fefeee25a5cd7@PickUp@0x23618f01f25261d31c3adec02c22b1ee7407e318000000000000000000000000
1683893601356@vehicle@0x25d791be668aa0577373409958e917770b17aefc@StoreRouteToDestinationSuccess
1683893601357@vehicle@0x15efe26bbeb031ac0f0cca28376e3ed946fe7aae@DestinationReady
1683893601358@vehicle@0x1b15d8085fbf79d34751861f333fefeee25a5cd7@FinishedAStarToStartingPoint
1683893601360@vehicle@0x1588548bb0da1db5ee57a6c4c2030a4303c3ed49@CarReleased
1683893601361@vehicle@0x15efe26bbeb031ac0f0cca28376e3ed946fe7aae@FinishedAStarToDestination
1683893601419@vehicle@0x25d791be668aa0577373409958e917770b17aefc@PassengerPaid
1683893601425@vehicle@0x1b15d8085fbf79d34751861f333fefeee25a5cd7@StoreRouteToStartingPointThroughAStarSuccess
1683893601426@vehicle@0x15efe26bbeb031ac0f0cca28376e3ed946fe7aae@StoreRouteToDestinationSuccess
1683893601426@vehicle@0x25d791be668aa0577373409958e917770b17aefc@CarReleased
1683893603720@vehicle@0x15efe26bbeb031ac0f0cca28376e3ed946fe7aae@PassengerPaid
1683893603730@vehicle@0x1b15d8085fbf79d34751861f333fefeee25a5cd7@DestinationReady
1683893603731@vehicle@0x15efe26bbeb031ac0f0cca28376e3ed946fe7aae@CarReleased
1683893603732@vehicle@0x1b15d8085fbf79d34751861f333fefeee25a5cd7@FinishedAStarToDestination
1683893604862@vehicle@0x1b15d8085fbf79d34751861f333fefeee25a5cd7@StoreRouteToDestinationSuccess
1683893607207@vehicle@0x1b15d8085fbf79d34751861f333fefeee25a5cd7@PassengerPaid
1683893607209@vehicle@0x1b15d8085fbf79d34751861f333fefeee25a5cd7@CarReleased
1683893613829@vehicle@0x132f6c4c40f72942599c46aa16653e0405168a07@PickUp@0xef03c9f4d5f4b29626dd625852810a353dddfeb3000000000000000000000000
1683893613830@vehicle@0x132f6c4c40f72942599c46aa16653e0405168a07@FinishedAStarToStartingPoint
1683893616164@vehicle@0x132f6c4c40f72942599c46aa16653e0405168a07@StoreRouteToStartingPointThroughAStarSuccess
1683893619159@vehicle@0x132f6c4c40f72942599c46aa16653e0405168a07@DestinationReady
1683893619161@vehicle@0x132f6c4c40f72942599c46aa16653e0405168a07@FinishedAStarToDestination
1683893624576@vehicle@0x132f6c4c40f72942599c46aa16653e0405168a07@StoreRouteToDestinationSuccess
1683893625952@vehicle@0x132f6c4c40f72942599c46aa16653e0405168a07@PassengerPaid
1683893625954@vehicle@0x132f6c4c40f72942599c46aa16653e0405168a07@CarReleased
1683893633248@vehicle@0x132f6c4c40f72942599c46aa16653e0405168a07@PickUp@0x5482002756a0678a1049988a3effb6ee9f26e6e7000000000000000000000000
1683893633249@vehicle@0x132f6c4c40f72942599c46aa16653e0405168a07@FinishedAStarToStartingPoint
1683893636827@vehicle@0x132f6c4c40f72942599c46aa16653e0405168a07@StoreRouteToStartingPointThroughAStarSuccess
1683893637613@vehicle@0x132f6c4c40f72942599c46aa16653e0405168a07@DestinationReady
1683893637615@vehicle@0x132f6c4c40f72942599c46aa16653e0405168a07@FinishedAStarToDestination
1683893642872@vehicle@0x132f6c4c40f72942599c46aa16653e0405168a07@StoreRouteToDestinationSuccess
1683893647479@vehicle@0x132f6c4c40f72942599c46aa16653e0405168a07@PassengerPaid
1683893647484@vehicle@0x132f6c4c40f72942599c46aa16653e0405168a07@CarReleased
