1683893481798@passenger@0x3df2c7b1e2c3e8e5e40c6035f6a3a5bb8fdb6b87@StartProcessing
1683893484798@passenger@0x46dfb062b17f2ef557a64283347653f11ba7c089@StartProcessing
1683893485246@passenger@0x3df2c7b1e2c3e8e5e40c6035f6a3a5bb8fdb6b87@StartingPointWrittenToContract
1683893486748@passenger@0x46dfb062b17f2ef557a64283347653f11ba7c089@StartingPointWrittenToContract
1683893486927@passenger@0x3df2c7b1e2c3e8e5e40c6035f6a3a5bb8fdb6b87@DestinationWrittenToContract
1683893486929@passenger@0x3df2c7b1e2c3e8e5e40c6035f6a3a5bb8fdb6b87@GettingNearbyRegions
1683893486977@passenger@0x3df2c7b1e2c3e8e5e40c6035f6a3a5bb8fdb6b87@FoundTheMostNearbyCar
1683893487797@passenger@0xd402c7301a68c4c65529ab0c597bb8b13e27f607@StartProcessing
1683893488509@passenger@0x46dfb062b17f2ef557a64283347653f11ba7c089@DestinationWrittenToContract
1683893488510@passenger@0x46dfb062b17f2ef557a64283347653f11ba7c089@GettingNearbyRegions
1683893488556@passenger@0x46dfb062b17f2ef557a64283347653f11ba7c089@FoundTheMostNearbyCar
1683893489276@passenger@0xd402c7301a68c4c65529ab0c597bb8b13e27f607@StartingPointWrittenToContract
1683893489278@passenger@0x3df2c7b1e2c3e8e5e40c6035f6a3a5bb8fdb6b87@TheMostNearbyCarIsSelected
1683893489419@passenger@0x46dfb062b17f2ef557a64283347653f11ba7c089@TheMostNearbyCarConflict
1683893490795@passenger@0x42389309e69a2b32b98f04bc8255ad971797f757@StartProcessing
1683893490821@passenger@0xd402c7301a68c4c65529ab0c597bb8b13e27f607@DestinationWrittenToContract
1683893490824@passenger@0xd402c7301a68c4c65529ab0c597bb8b13e27f607@GettingNearbyRegions
1683893490862@passenger@0xd402c7301a68c4c65529ab0c597bb8b13e27f607@FoundTheMostNearbyCar
1683893493798@passenger@0xcae58827099cb4557f40dd308f5efc29e9065be8@StartProcessing
1683893495539@passenger@0x3df2c7b1e2c3e8e5e40c6035f6a3a5bb8fdb6b87@PassengerOnBoard
1683893495540@passenger@0xcae58827099cb4557f40dd308f5efc29e9065be8@StartingPointWrittenToContract
1683893495541@passenger@0x42389309e69a2b32b98f04bc8255ad971797f757@StartingPointWrittenToContract
1683893495543@passenger@0xd402c7301a68c4c65529ab0c597bb8b13e27f607@TheMostNearbyCarIsSelected
1683893496796@passenger@0x6d1558ef76336d670fb6f2b04ae1f345eab94761@StartProcessing
1683893497944@passenger@0x3df2c7b1e2c3e8e5e40c6035f6a3a5bb8fdb6b87@PassengerArriveAtDestination
1683893497946@passenger@0xcae58827099cb4557f40dd308f5efc29e9065be8@DestinationWrittenToContract
1683893497948@passenger@0x42389309e69a2b32b98f04bc8255ad971797f757@DestinationWrittenToContract
1683893497952@passenger@0xcae58827099cb4557f40dd308f5efc29e9065be8@GettingNearbyRegions
1683893497955@passenger@0x42389309e69a2b32b98f04bc8255ad971797f757@GettingNearbyRegions
1683893498000@passenger@0x42389309e69a2b32b98f04bc8255ad971797f757@FoundTheMostNearbyCar
1683893498007@passenger@0xcae58827099cb4557f40dd308f5efc29e9065be8@FoundTheMostNearbyCar
1683893499798@passenger@0x95d2b2a36e6a3d1e7ac8edbf99481c6009a19131@StartProcessing
1683893501323@passenger@0x6d1558ef76336d670fb6f2b04ae1f345eab94761@StartingPointWrittenToContract
1683893501324@passenger@0xd402c7301a68c4c65529ab0c597bb8b13e27f607@PassengerOnBoard
1683893501324@passenger@0x95d2b2a36e6a3d1e7ac8edbf99481c6009a19131@StartingPointWrittenToContract
1683893501326@passenger@0x3df2c7b1e2c3e8e5e40c6035f6a3a5bb8fdb6b87@PassengerPaysAndGetsOff
1683893501326@passenger@0xcae58827099cb4557f40dd308f5efc29e9065be8@TheMostNearbyCarIsSelected
1683893501328@passenger@0x42389309e69a2b32b98f04bc8255ad971797f757@TheMostNearbyCarConflict
1683893502796@passenger@0xd35d112793fe59877302d4064c9ef5a89c0485ba@StartProcessing
1683893503471@passenger@0x46dfb062b17f2ef557a64283347653f11ba7c089@FoundTheMostNearbyCar
1683893503658@passenger@0xd402c7301a68c4c65529ab0c597bb8b13e27f607@PassengerArriveAtDestination
1683893503661@passenger@0x6d1558ef76336d670fb6f2b04ae1f345eab94761@DestinationWrittenToContract
1683893503662@passenger@0x95d2b2a36e6a3d1e7ac8edbf99481c6009a19131@DestinationWrittenToContract
1683893503663@passenger@0x6d1558ef76336d670fb6f2b04ae1f345eab94761@GettingNearbyRegions
1683893503665@passenger@0x95d2b2a36e6a3d1e7ac8edbf99481c6009a19131@GettingNearbyRegions
1683893503705@passenger@0x95d2b2a36e6a3d1e7ac8edbf99481c6009a19131@FoundTheMostNearbyCar
1683893503712@passenger@0x6d1558ef76336d670fb6f2b04ae1f345eab94761@FoundTheMostNearbyCar
1683893505262@passenger@0xd35d112793fe59877302d4064c9ef5a89c0485ba@StartingPointWrittenToContract
1683893505263@passenger@0x46dfb062b17f2ef557a64283347653f11ba7c089@TheMostNearbyCarIsSelected
1683893505796@passenger@0xac37a0543b6abb8e7add0c00128c9f486e45b0e9@StartProcessing
1683893507206@passenger@0x95d2b2a36e6a3d1e7ac8edbf99481c6009a19131@TheMostNearbyCarIsSelected
1683893507207@passenger@0xd402c7301a68c4c65529ab0c597bb8b13e27f607@PassengerPaysAndGetsOff
1683893507208@passenger@0xcae58827099cb4557f40dd308f5efc29e9065be8@PassengerOnBoard
1683893507209@passenger@0x6d1558ef76336d670fb6f2b04ae1f345eab94761@TheMostNearbyCarConflict
1683893507485@passenger@0xd35d112793fe59877302d4064c9ef5a89c0485ba@DestinationWrittenToContract
1683893507485@passenger@0xac37a0543b6abb8e7add0c00128c9f486e45b0e9@StartingPointWrittenToContract
1683893507488@passenger@0xd35d112793fe59877302d4064c9ef5a89c0485ba@GettingNearbyRegions
1683893507551@passenger@0xd35d112793fe59877302d4064c9ef5a89c0485ba@FoundTheMostNearbyCar
1683893508797@passenger@0x7a5b8a958a74e39ade01f412951fb319ee4fe6d9@StartProcessing
1683893508805@passenger@0xcae58827099cb4557f40dd308f5efc29e9065be8@PassengerArriveAtDestination
1683893509745@passenger@0xd35d112793fe59877302d4064c9ef5a89c0485ba@TheMostNearbyCarIsSelected
1683893509746@passenger@0xac37a0543b6abb8e7add0c00128c9f486e45b0e9@DestinationWrittenToContract
1683893509747@passenger@0x7a5b8a958a74e39ade01f412951fb319ee4fe6d9@StartingPointWrittenToContract
1683893509748@passenger@0x46dfb062b17f2ef557a64283347653f11ba7c089@PassengerOnBoard
1683893509748@passenger@0xac37a0543b6abb8e7add0c00128c9f486e45b0e9@GettingNearbyRegions
1683893509791@passenger@0xac37a0543b6abb8e7add0c00128c9f486e45b0e9@FoundTheMostNearbyCar
1683893510098@passenger@0xcae58827099cb4557f40dd308f5efc29e9065be8@PassengerPaysAndGetsOff
1683893510099@passenger@0x95d2b2a36e6a3d1e7ac8edbf99481c6009a19131@PassengerOnBoard
1683893510213@passenger@0x46dfb062b17f2ef557a64283347653f11ba7c089@PassengerArriveAtDestination
1683893510215@passenger@0x7a5b8a958a74e39ade01f412951fb319ee4fe6d9@DestinationWrittenToContract
1683893510217@passenger@0xac37a0543b6abb8e7add0c00128c9f486e45b0e9@TheMostNearbyCarIsSelected
1683893510218@passenger@0x7a5b8a958a74e39ade01f412951fb319ee4fe6d9@GettingNearbyRegions
1683893510261@passenger@0x7a5b8a958a74e39ade01f412951fb319ee4fe6d9@FoundTheMostNearbyCar
1683893511797@passenger@0xfb1c049ecb1884a77e857bcca8ae6443f0143dbf@StartProcessing
1683893513357@passenger@0x95d2b2a36e6a3d1e7ac8edbf99481c6009a19131@PassengerArriveAtDestination
1683893513364@passenger@0xd35d112793fe59877302d4064c9ef5a89c0485ba@PassengerOnBoard
1683893513365@passenger@0xfb1c049ecb1884a77e857bcca8ae6443f0143dbf@StartingPointWrittenToContract
1683893513365@passenger@0x7a5b8a958a74e39ade01f412951fb319ee4fe6d9@TheMostNearbyCarIsSelected
1683893513366@passenger@0x46dfb062b17f2ef557a64283347653f11ba7c089@PassengerPaysAndGetsOff
1683893514796@passenger@0x4c0ae67f9e2dcabbcaee58afa56c14e427272b6f@StartProcessing
1683893514970@passenger@0xd35d112793fe59877302d4064c9ef5a89c0485ba@PassengerArriveAtDestination
1683893514972@passenger@0xfb1c049ecb1884a77e857bcca8ae6443f0143dbf@DestinationWrittenToContract
1683893514974@passenger@0x95d2b2a36e6a3d1e7ac8edbf99481c6009a19131@PassengerPaysAndGetsOff
1683893514975@passenger@0xac37a0543b6abb8e7add0c00128c9f486e45b0e9@PassengerOnBoard
1683893514976@passenger@0xfb1c049ecb1884a77e857bcca8ae6443f0143dbf@GettingNearbyRegions
1683893515026@passenger@0xfb1c049ecb1884a77e857bcca8ae6443f0143dbf@FoundTheMostNearbyCar
1683893515389@passenger@0x42389309e69a2b32b98f04bc8255ad971797f757@FoundTheMostNearbyCar
1683893517128@passenger@0x4c0ae67f9e2dcabbcaee58afa56c14e427272b6f@StartingPointWrittenToContract
1683893517797@passenger@0x0d5f26272be5a3b462c3b7a978c7bf4b0d6aadb1@StartProcessing
1683893518220@passenger@0xac37a0543b6abb8e7add0c00128c9f486e45b0e9@PassengerArriveAtDestination
1683893518224@passenger@0xd35d112793fe59877302d4064c9ef5a89c0485ba@PassengerPaysAndGetsOff
1683893518225@passenger@0x42389309e69a2b32b98f04bc8255ad971797f757@TheMostNearbyCarIsSelected
1683893518227@passenger@0x7a5b8a958a74e39ade01f412951fb319ee4fe6d9@PassengerOnBoard
1683893518228@passenger@0xfb1c049ecb1884a77e857bcca8ae6443f0143dbf@TheMostNearbyCarConflict
1683893520086@passenger@0x0d5f26272be5a3b462c3b7a978c7bf4b0d6aadb1@StartingPointWrittenToContract
1683893520087@passenger@0x4c0ae67f9e2dcabbcaee58afa56c14e427272b6f@DestinationWrittenToContract
1683893520088@passenger@0x4c0ae67f9e2dcabbcaee58afa56c14e427272b6f@GettingNearbyRegions
1683893520137@passenger@0x4c0ae67f9e2dcabbcaee58afa56c14e427272b6f@FoundTheMostNearbyCar
1683893520320@passenger@0x7a5b8a958a74e39ade01f412951fb319ee4fe6d9@PassengerArriveAtDestination
1683893520326@passenger@0xac37a0543b6abb8e7add0c00128c9f486e45b0e9@PassengerPaysAndGetsOff
1683893520796@passenger@0x0cac0bfe17bd73be78486a51a15db39b10cbafcf@StartProcessing
1683893521253@passenger@0x6d1558ef76336d670fb6f2b04ae1f345eab94761@FoundTheMostNearbyCar
1683893523573@passenger@0x0cac0bfe17bd73be78486a51a15db39b10cbafcf@StartingPointWrittenToContract
1683893523576@passenger@0x4c0ae67f9e2dcabbcaee58afa56c14e427272b6f@TheMostNearbyCarIsSelected
1683893523577@passenger@0x6d1558ef76336d670fb6f2b04ae1f345eab94761@TheMostNearbyCarConflict
1683893523577@passenger@0x0d5f26272be5a3b462c3b7a978c7bf4b0d6aadb1@DestinationWrittenToContract
1683893523579@passenger@0x42389309e69a2b32b98f04bc8255ad971797f757@PassengerOnBoard
1683893523580@passenger@0x7a5b8a958a74e39ade01f412951fb319ee4fe6d9@PassengerPaysAndGetsOff
1683893523582@passenger@0x0d5f26272be5a3b462c3b7a978c7bf4b0d6aadb1@GettingNearbyRegions
1683893523639@passenger@0x0d5f26272be5a3b462c3b7a978c7bf4b0d6aadb1@FoundTheMostNearbyCar
1683893523796@passenger@0xbf5868b482ace24aa4f339ceb26e32230fc7d3aa@StartProcessing
1683893525501@passenger@0x42389309e69a2b32b98f04bc8255ad971797f757@PassengerArriveAtDestination
1683893525502@passenger@0xbf5868b482ace24aa4f339ceb26e32230fc7d3aa@StartingPointWrittenToContract
1683893525504@passenger@0x0cac0bfe17bd73be78486a51a15db39b10cbafcf@DestinationWrittenToContract
1683893525506@passenger@0x0d5f26272be5a3b462c3b7a978c7bf4b0d6aadb1@TheMostNearbyCarIsSelected
1683893525510@passenger@0x0cac0bfe17bd73be78486a51a15db39b10cbafcf@GettingNearbyRegions
1683893525568@passenger@0x0cac0bfe17bd73be78486a51a15db39b10cbafcf@FoundTheMostNearbyCar
1683893525992@passenger@0x42389309e69a2b32b98f04bc8255ad971797f757@PassengerPaysAndGetsOff
1683893525993@passenger@0x4c0ae67f9e2dcabbcaee58afa56c14e427272b6f@PassengerOnBoard
1683893525994@passenger@0x0cac0bfe17bd73be78486a51a15db39b10cbafcf@TheMostNearbyCarIsSelected
1683893525995@passenger@0xbf5868b482ace24aa4f339ceb26e32230fc7d3aa@DestinationWrittenToContract
1683893525998@passenger@0xbf5868b482ace24aa4f339ceb26e32230fc7d3aa@GettingNearbyRegions
1683893526057@passenger@0xbf5868b482ace24aa4f339ceb26e32230fc7d3aa@FoundTheMostNearbyCar
1683893526796@passenger@0x926f155822d00a9191fe71ec570bcd1f0eb0c300@StartProcessing
1683893528155@passenger@0x4c0ae67f9e2dcabbcaee58afa56c14e427272b6f@PassengerArriveAtDestination
1683893528162@passenger@0x926f155822d00a9191fe71ec570bcd1f0eb0c300@StartingPointWrittenToContract
1683893528164@passenger@0x0d5f26272be5a3b462c3b7a978c7bf4b0d6aadb1@PassengerOnBoard
1683893528164@passenger@0xbf5868b482ace24aa4f339ceb26e32230fc7d3aa@TheMostNearbyCarIsSelected
1683893529382@passenger@0x0d5f26272be5a3b462c3b7a978c7bf4b0d6aadb1@PassengerArriveAtDestination
1683893529392@passenger@0x0cac0bfe17bd73be78486a51a15db39b10cbafcf@PassengerOnBoard
1683893529394@passenger@0x4c0ae67f9e2dcabbcaee58afa56c14e427272b6f@PassengerPaysAndGetsOff
1683893529395@passenger@0x926f155822d00a9191fe71ec570bcd1f0eb0c300@DestinationWrittenToContract
1683893529397@passenger@0x926f155822d00a9191fe71ec570bcd1f0eb0c300@GettingNearbyRegions
1683893529453@passenger@0x926f155822d00a9191fe71ec570bcd1f0eb0c300@FoundTheMostNearbyCar
1683893529796@passenger@0xedb6f3a4a1ebc511f7fe9bd4f2cd4219ca0a3cf4@StartProcessing
1683893532280@passenger@0xfb1c049ecb1884a77e857bcca8ae6443f0143dbf@FoundTheMostNearbyCar
1683893532796@passenger@0xbd2f3e025a8f0b0d8bb9f64ef60980ebb27e8d5d@StartProcessing
1683893535136@passenger@0x0cac0bfe17bd73be78486a51a15db39b10cbafcf@PassengerArriveAtDestination
1683893535138@passenger@0xbf5868b482ace24aa4f339ceb26e32230fc7d3aa@PassengerOnBoard
1683893535138@passenger@0xedb6f3a4a1ebc511f7fe9bd4f2cd4219ca0a3cf4@StartingPointWrittenToContract
1683893535139@passenger@0xfb1c049ecb1884a77e857bcca8ae6443f0143dbf@TheMostNearbyCarIsSelected
1683893535140@passenger@0x0d5f26272be5a3b462c3b7a978c7bf4b0d6aadb1@PassengerPaysAndGetsOff
1683893535140@passenger@0x926f155822d00a9191fe71ec570bcd1f0eb0c300@TheMostNearbyCarConflict
1683893535797@passenger@0xabd6b57b7d198796947bc03e4f5bd911813caada@StartProcessing
1683893536208@passenger@0xbd2f3e025a8f0b0d8bb9f64ef60980ebb27e8d5d@StartingPointWrittenToContract
1683893537037@passenger@0xbf5868b482ace24aa4f339ceb26e32230fc7d3aa@PassengerArriveAtDestination
1683893537044@passenger@0xabd6b57b7d198796947bc03e4f5bd911813caada@StartingPointWrittenToContract
1683893537046@passenger@0x0cac0bfe17bd73be78486a51a15db39b10cbafcf@PassengerPaysAndGetsOff
1683893537046@passenger@0xedb6f3a4a1ebc511f7fe9bd4f2cd4219ca0a3cf4@DestinationWrittenToContract
1683893537048@passenger@0xedb6f3a4a1ebc511f7fe9bd4f2cd4219ca0a3cf4@GettingNearbyRegions
1683893537101@passenger@0xedb6f3a4a1ebc511f7fe9bd4f2cd4219ca0a3cf4@FoundTheMostNearbyCar
1683893537615@passenger@0xbd2f3e025a8f0b0d8bb9f64ef60980ebb27e8d5d@DestinationWrittenToContract
1683893537617@passenger@0xbd2f3e025a8f0b0d8bb9f64ef60980ebb27e8d5d@GettingNearbyRegions
1683893537660@passenger@0xbd2f3e025a8f0b0d8bb9f64ef60980ebb27e8d5d@FoundTheMostNearbyCar
1683893537709@passenger@0xbf5868b482ace24aa4f339ceb26e32230fc7d3aa@PassengerPaysAndGetsOff
1683893537710@passenger@0xfb1c049ecb1884a77e857bcca8ae6443f0143dbf@PassengerOnBoard
1683893537710@passenger@0xabd6b57b7d198796947bc03e4f5bd911813caada@DestinationWrittenToContract
1683893537712@passenger@0xedb6f3a4a1ebc511f7fe9bd4f2cd4219ca0a3cf4@TheMostNearbyCarIsSelected
1683893537717@passenger@0xabd6b57b7d198796947bc03e4f5bd911813caada@GettingNearbyRegions
1683893537765@passenger@0xabd6b57b7d198796947bc03e4f5bd911813caada@FoundTheMostNearbyCar
1683893538797@passenger@0x62119c27e0081b14e6e0c596603d21eaa6d6452b@StartProcessing
1683893540450@passenger@0xfb1c049ecb1884a77e857bcca8ae6443f0143dbf@PassengerArriveAtDestination
1683893540459@passenger@0x62119c27e0081b14e6e0c596603d21eaa6d6452b@StartingPointWrittenToContract
1683893540461@passenger@0xabd6b57b7d198796947bc03e4f5bd911813caada@TheMostNearbyCarIsSelected
1683893540463@passenger@0xbd2f3e025a8f0b0d8bb9f64ef60980ebb27e8d5d@TheMostNearbyCarConflict
1683893541039@passenger@0xedb6f3a4a1ebc511f7fe9bd4f2cd4219ca0a3cf4@PassengerOnBoard
1683893541039@passenger@0x62119c27e0081b14e6e0c596603d21eaa6d6452b@DestinationWrittenToContract
1683893541040@passenger@0xfb1c049ecb1884a77e857bcca8ae6443f0143dbf@PassengerPaysAndGetsOff
1683893541041@passenger@0x62119c27e0081b14e6e0c596603d21eaa6d6452b@GettingNearbyRegions
1683893541097@passenger@0x62119c27e0081b14e6e0c596603d21eaa6d6452b@FoundTheMostNearbyCar
1683893541637@passenger@0x6d1558ef76336d670fb6f2b04ae1f345eab94761@FoundTheMostNearbyCar
1683893541795@passenger@0xc265c858c1186113b2d830e6f46f6d95142e9750@StartProcessing
1683893542999@passenger@0xedb6f3a4a1ebc511f7fe9bd4f2cd4219ca0a3cf4@PassengerArriveAtDestination
1683893543001@passenger@0xc265c858c1186113b2d830e6f46f6d95142e9750@StartingPointWrittenToContract
1683893543003@passenger@0x6d1558ef76336d670fb6f2b04ae1f345eab94761@TheMostNearbyCarIsSelected
1683893543004@passenger@0xabd6b57b7d198796947bc03e4f5bd911813caada@PassengerOnBoard
1683893543005@passenger@0x62119c27e0081b14e6e0c596603d21eaa6d6452b@TheMostNearbyCarConflict
1683893544798@passenger@0x03875bcc0db199992266825e2c1cf0f5bfc200d2@StartProcessing
1683893546272@passenger@0xabd6b57b7d198796947bc03e4f5bd911813caada@PassengerArriveAtDestination
1683893546273@passenger@0xc265c858c1186113b2d830e6f46f6d95142e9750@DestinationWrittenToContract
1683893546275@passenger@0xedb6f3a4a1ebc511f7fe9bd4f2cd4219ca0a3cf4@PassengerPaysAndGetsOff
1683893546275@passenger@0x03875bcc0db199992266825e2c1cf0f5bfc200d2@StartingPointWrittenToContract
1683893546278@passenger@0xc265c858c1186113b2d830e6f46f6d95142e9750@GettingNearbyRegions
1683893546323@passenger@0xc265c858c1186113b2d830e6f46f6d95142e9750@FoundTheMostNearbyCar
1683893546844@passenger@0x6d1558ef76336d670fb6f2b04ae1f345eab94761@PassengerOnBoard
1683893546844@passenger@0xc265c858c1186113b2d830e6f46f6d95142e9750@TheMostNearbyCarIsSelected
1683893546845@passenger@0xabd6b57b7d198796947bc03e4f5bd911813caada@PassengerPaysAndGetsOff
1683893546846@passenger@0x03875bcc0db199992266825e2c1cf0f5bfc200d2@DestinationWrittenToContract
1683893546847@passenger@0x03875bcc0db199992266825e2c1cf0f5bfc200d2@GettingNearbyRegions
1683893546893@passenger@0x03875bcc0db199992266825e2c1cf0f5bfc200d2@FoundTheMostNearbyCar
1683893547796@passenger@0xf0ce9fe96ac15405e4fd51a62cbdbdaef2d36372@StartProcessing
1683893549180@passenger@0x926f155822d00a9191fe71ec570bcd1f0eb0c300@FoundTheMostNearbyCar
1683893549438@passenger@0x6d1558ef76336d670fb6f2b04ae1f345eab94761@PassengerArriveAtDestination
1683893549441@passenger@0xf0ce9fe96ac15405e4fd51a62cbdbdaef2d36372@StartingPointWrittenToContract
1683893549443@passenger@0x03875bcc0db199992266825e2c1cf0f5bfc200d2@TheMostNearbyCarIsSelected
1683893550797@passenger@0x1bdf42d9a37b5b5c5a3bc09cadfade23d075791a@StartProcessing
1683893551616@passenger@0x926f155822d00a9191fe71ec570bcd1f0eb0c300@TheMostNearbyCarConflict
1683893552172@passenger@0xc265c858c1186113b2d830e6f46f6d95142e9750@PassengerOnBoard
1683893552173@passenger@0x6d1558ef76336d670fb6f2b04ae1f345eab94761@PassengerPaysAndGetsOff
1683893552174@passenger@0xf0ce9fe96ac15405e4fd51a62cbdbdaef2d36372@DestinationWrittenToContract
1683893552174@passenger@0x1bdf42d9a37b5b5c5a3bc09cadfade23d075791a@StartingPointWrittenToContract
1683893552176@passenger@0xf0ce9fe96ac15405e4fd51a62cbdbdaef2d36372@GettingNearbyRegions
1683893552229@passenger@0xf0ce9fe96ac15405e4fd51a62cbdbdaef2d36372@FoundTheMostNearbyCar
1683893553340@passenger@0xc265c858c1186113b2d830e6f46f6d95142e9750@PassengerArriveAtDestination
1683893553347@passenger@0x03875bcc0db199992266825e2c1cf0f5bfc200d2@PassengerOnBoard
1683893553348@passenger@0xf0ce9fe96ac15405e4fd51a62cbdbdaef2d36372@TheMostNearbyCarIsSelected
1683893553349@passenger@0x1bdf42d9a37b5b5c5a3bc09cadfade23d075791a@DestinationWrittenToContract
1683893553351@passenger@0x1bdf42d9a37b5b5c5a3bc09cadfade23d075791a@GettingNearbyRegions
1683893553409@passenger@0x1bdf42d9a37b5b5c5a3bc09cadfade23d075791a@FoundTheMostNearbyCar
1683893553797@passenger@0x3449a20e1b4700ffd4dd49f0fc14bcac44fee63c@StartProcessing
1683893554511@passenger@0xbd2f3e025a8f0b0d8bb9f64ef60980ebb27e8d5d@FoundTheMostNearbyCar
1683893556700@passenger@0x03875bcc0db199992266825e2c1cf0f5bfc200d2@PassengerArriveAtDestination
1683893556704@passenger@0x3449a20e1b4700ffd4dd49f0fc14bcac44fee63c@StartingPointWrittenToContract
1683893556706@passenger@0x1bdf42d9a37b5b5c5a3bc09cadfade23d075791a@TheMostNearbyCarIsSelected
1683893556708@passenger@0xc265c858c1186113b2d830e6f46f6d95142e9750@PassengerPaysAndGetsOff
1683893556709@passenger@0xbd2f3e025a8f0b0d8bb9f64ef60980ebb27e8d5d@TheMostNearbyCarConflict
1683893556796@passenger@0xd2ed0cb17fd847c8aa8bc8e9ed3870481ede088b@StartProcessing
1683893556871@passenger@0xf0ce9fe96ac15405e4fd51a62cbdbdaef2d36372@PassengerOnBoard
1683893556872@passenger@0x03875bcc0db199992266825e2c1cf0f5bfc200d2@PassengerPaysAndGetsOff
1683893556872@passenger@0x3449a20e1b4700ffd4dd49f0fc14bcac44fee63c@DestinationWrittenToContract
1683893556873@passenger@0xd2ed0cb17fd847c8aa8bc8e9ed3870481ede088b@StartingPointWrittenToContract
1683893556876@passenger@0x3449a20e1b4700ffd4dd49f0fc14bcac44fee63c@GettingNearbyRegions
1683893556927@passenger@0x3449a20e1b4700ffd4dd49f0fc14bcac44fee63c@FoundTheMostNearbyCar
1683893557038@passenger@0x62119c27e0081b14e6e0c596603d21eaa6d6452b@FoundTheMostNearbyCar
1683893559798@passenger@0x5227daf8db7c57d268979df21ba9ee9c93d26712@StartProcessing
1683893562596@passenger@0xf0ce9fe96ac15405e4fd51a62cbdbdaef2d36372@PassengerArriveAtDestination
1683893562598@passenger@0x62119c27e0081b14e6e0c596603d21eaa6d6452b@TheMostNearbyCarIsSelected
1683893562599@passenger@0x5227daf8db7c57d268979df21ba9ee9c93d26712@StartingPointWrittenToContract
1683893562601@passenger@0xd2ed0cb17fd847c8aa8bc8e9ed3870481ede088b@DestinationWrittenToContract
1683893562602@passenger@0x1bdf42d9a37b5b5c5a3bc09cadfade23d075791a@PassengerOnBoard
1683893562602@passenger@0x3449a20e1b4700ffd4dd49f0fc14bcac44fee63c@TheMostNearbyCarConflict
1683893562604@passenger@0xd2ed0cb17fd847c8aa8bc8e9ed3870481ede088b@GettingNearbyRegions
1683893562656@passenger@0xd2ed0cb17fd847c8aa8bc8e9ed3870481ede088b@FoundTheMostNearbyCar
1683893562795@passenger@0xb658cbd857f52f9705fbecf9b30cf827dd8c81a8@StartProcessing
1683893565799@passenger@0x5895ef03d8c36b9a53b4f961cd1345ed0bd79fa3@StartProcessing
1683893568799@passenger@0x4093777e3bf0a104ef5576011a965c58a206b69b@StartProcessing
1683893569665@passenger@0x926f155822d00a9191fe71ec570bcd1f0eb0c300@FoundTheMostNearbyCar
1683893570722@passenger@0x1bdf42d9a37b5b5c5a3bc09cadfade23d075791a@PassengerArriveAtDestination
1683893570729@passenger@0xf0ce9fe96ac15405e4fd51a62cbdbdaef2d36372@PassengerPaysAndGetsOff
1683893570729@passenger@0x5895ef03d8c36b9a53b4f961cd1345ed0bd79fa3@StartingPointWrittenToContract
1683893570731@passenger@0xd2ed0cb17fd847c8aa8bc8e9ed3870481ede088b@TheMostNearbyCarIsSelected
1683893570732@passenger@0x5227daf8db7c57d268979df21ba9ee9c93d26712@DestinationWrittenToContract
1683893570732@passenger@0xb658cbd857f52f9705fbecf9b30cf827dd8c81a8@StartingPointWrittenToContract
1683893570734@passenger@0x5227daf8db7c57d268979df21ba9ee9c93d26712@GettingNearbyRegions
1683893570800@passenger@0x5227daf8db7c57d268979df21ba9ee9c93d26712@FoundTheMostNearbyCar
1683893571797@passenger@0x7906b337632876b8050f55ee5b57228f02972fa3@StartProcessing
1683893572535@passenger@0x4093777e3bf0a104ef5576011a965c58a206b69b@StartingPointWrittenToContract
1683893572538@passenger@0x926f155822d00a9191fe71ec570bcd1f0eb0c300@TheMostNearbyCarConflict
1683893574225@passenger@0xb658cbd857f52f9705fbecf9b30cf827dd8c81a8@DestinationWrittenToContract
1683893574227@passenger@0x5227daf8db7c57d268979df21ba9ee9c93d26712@TheMostNearbyCarIsSelected
1683893574228@passenger@0x1bdf42d9a37b5b5c5a3bc09cadfade23d075791a@PassengerPaysAndGetsOff
1683893574228@passenger@0x5895ef03d8c36b9a53b4f961cd1345ed0bd79fa3@DestinationWrittenToContract
1683893574229@passenger@0x7906b337632876b8050f55ee5b57228f02972fa3@StartingPointWrittenToContract
1683893574231@passenger@0x62119c27e0081b14e6e0c596603d21eaa6d6452b@PassengerOnBoard
1683893574232@passenger@0xb658cbd857f52f9705fbecf9b30cf827dd8c81a8@GettingNearbyRegions
1683893574234@passenger@0x5895ef03d8c36b9a53b4f961cd1345ed0bd79fa3@GettingNearbyRegions
1683893574281@passenger@0xb658cbd857f52f9705fbecf9b30cf827dd8c81a8@FoundTheMostNearbyCar
1683893574282@passenger@0x5895ef03d8c36b9a53b4f961cd1345ed0bd79fa3@FoundTheMostNearbyCar
1683893574766@passenger@0xbd2f3e025a8f0b0d8bb9f64ef60980ebb27e8d5d@FoundTheMostNearbyCar
1683893574796@passenger@0x3b49b8eb1d9d3c28242b97c135379e0e32468fb9@StartProcessing
1683893576593@passenger@0x4093777e3bf0a104ef5576011a965c58a206b69b@DestinationWrittenToContract
1683893576594@passenger@0x4093777e3bf0a104ef5576011a965c58a206b69b@GettingNearbyRegions
1683893576651@passenger@0x4093777e3bf0a104ef5576011a965c58a206b69b@FoundTheMostNearbyCar
1683893576657@passenger@0x3449a20e1b4700ffd4dd49f0fc14bcac44fee63c@FoundTheMostNearbyCar
1683893578264@passenger@0x62119c27e0081b14e6e0c596603d21eaa6d6452b@PassengerArriveAtDestination
1683893578274@passenger@0xd2ed0cb17fd847c8aa8bc8e9ed3870481ede088b@PassengerOnBoard
1683893578275@passenger@0x7906b337632876b8050f55ee5b57228f02972fa3@DestinationWrittenToContract
1683893578277@passenger@0xbd2f3e025a8f0b0d8bb9f64ef60980ebb27e8d5d@TheMostNearbyCarIsSelected
1683893578278@passenger@0x3b49b8eb1d9d3c28242b97c135379e0e32468fb9@StartingPointWrittenToContract
1683893578280@passenger@0xb658cbd857f52f9705fbecf9b30cf827dd8c81a8@TheMostNearbyCarConflict
1683893578281@passenger@0x5895ef03d8c36b9a53b4f961cd1345ed0bd79fa3@TheMostNearbyCarConflict
1683893578282@passenger@0x7906b337632876b8050f55ee5b57228f02972fa3@GettingNearbyRegions
1683893578332@passenger@0x7906b337632876b8050f55ee5b57228f02972fa3@FoundTheMostNearbyCar
1683893585213@passenger@0xd2ed0cb17fd847c8aa8bc8e9ed3870481ede088b@PassengerArriveAtDestination
1683893585222@passenger@0x62119c27e0081b14e6e0c596603d21eaa6d6452b@PassengerPaysAndGetsOff
1683893585222@passenger@0x3b49b8eb1d9d3c28242b97c135379e0e32468fb9@DestinationWrittenToContract
1683893585225@passenger@0x5227daf8db7c57d268979df21ba9ee9c93d26712@PassengerOnBoard
1683893585227@passenger@0x7906b337632876b8050f55ee5b57228f02972fa3@TheMostNearbyCarIsSelected
1683893585229@passenger@0x4093777e3bf0a104ef5576011a965c58a206b69b@TheMostNearbyCarConflict
1683893585230@passenger@0x3449a20e1b4700ffd4dd49f0fc14bcac44fee63c@TheMostNearbyCarConflict
1683893585230@passenger@0x3b49b8eb1d9d3c28242b97c135379e0e32468fb9@GettingNearbyRegions
1683893585303@passenger@0x3b49b8eb1d9d3c28242b97c135379e0e32468fb9@FoundTheMostNearbyCar
1683893588268@passenger@0x5227daf8db7c57d268979df21ba9ee9c93d26712@PassengerArriveAtDestination
1683893588274@passenger@0xd2ed0cb17fd847c8aa8bc8e9ed3870481ede088b@PassengerPaysAndGetsOff
1683893588275@passenger@0xbd2f3e025a8f0b0d8bb9f64ef60980ebb27e8d5d@PassengerOnBoard
1683893588276@passenger@0x3b49b8eb1d9d3c28242b97c135379e0e32468fb9@TheMostNearbyCarIsSelected
1683893588674@passenger@0xbd2f3e025a8f0b0d8bb9f64ef60980ebb27e8d5d@PassengerArriveAtDestination
1683893588677@passenger@0x7906b337632876b8050f55ee5b57228f02972fa3@PassengerOnBoard
1683893588678@passenger@0x5227daf8db7c57d268979df21ba9ee9c93d26712@PassengerPaysAndGetsOff
1683893591159@passenger@0x7906b337632876b8050f55ee5b57228f02972fa3@PassengerArriveAtDestination
1683893591163@passenger@0x3b49b8eb1d9d3c28242b97c135379e0e32468fb9@PassengerOnBoard
1683893591164@passenger@0xbd2f3e025a8f0b0d8bb9f64ef60980ebb27e8d5d@PassengerPaysAndGetsOff
1683893592320@passenger@0x5895ef03d8c36b9a53b4f961cd1345ed0bd79fa3@FoundTheMostNearbyCar
1683893592324@passenger@0xb658cbd857f52f9705fbecf9b30cf827dd8c81a8@FoundTheMostNearbyCar
1683893594575@passenger@0x926f155822d00a9191fe71ec570bcd1f0eb0c300@FoundTheMostNearbyCar
1683893594966@passenger@0x3b49b8eb1d9d3c28242b97c135379e0e32468fb9@PassengerArriveAtDestination
1683893594973@passenger@0xb658cbd857f52f9705fbecf9b30cf827dd8c81a8@TheMostNearbyCarIsSelected
1683893594974@passenger@0x7906b337632876b8050f55ee5b57228f02972fa3@PassengerPaysAndGetsOff
1683893594975@passenger@0x5895ef03d8c36b9a53b4f961cd1345ed0bd79fa3@TheMostNearbyCarConflict
1683893595071@passenger@0x926f155822d00a9191fe71ec570bcd1f0eb0c300@TheMostNearbyCarConflict
1683893595746@passenger@0x3b49b8eb1d9d3c28242b97c135379e0e32468fb9@PassengerPaysAndGetsOff
1683893597835@passenger@0xb658cbd857f52f9705fbecf9b30cf827dd8c81a8@PassengerOnBoard
1683893599282@passenger@0x4093777e3bf0a104ef5576011a965c58a206b69b@FoundTheMostNearbyCar
1683893600283@passenger@0xb658cbd857f52f9705fbecf9b30cf827dd8c81a8@PassengerArriveAtDestination
1683893600293@passenger@0x4093777e3bf0a104ef5576011a965c58a206b69b@TheMostNearbyCarIsSelected
1683893603006@passenger@0xb658cbd857f52f9705fbecf9b30cf827dd8c81a8@PassengerPaysAndGetsOff
1683893603269@passenger@0x3449a20e1b4700ffd4dd49f0fc14bcac44fee63c@FoundTheMostNearbyCar
1683893607319@passenger@0x3449a20e1b4700ffd4dd49f0fc14bcac44fee63c@TheMostNearbyCarIsSelected
1683893607320@passenger@0x4093777e3bf0a104ef5576011a965c58a206b69b@PassengerOnBoard
1683893607756@passenger@0x4093777e3bf0a104ef5576011a965c58a206b69b@PassengerArriveAtDestination
1683893613016@passenger@0x5895ef03d8c36b9a53b4f961cd1345ed0bd79fa3@FoundTheMostNearbyCar
1683893614413@passenger@0x4093777e3bf0a104ef5576011a965c58a206b69b@PassengerPaysAndGetsOff
1683893614413@passenger@0x5895ef03d8c36b9a53b4f961cd1345ed0bd79fa3@TheMostNearbyCarIsSelected
1683893614414@passenger@0x3449a20e1b4700ffd4dd49f0fc14bcac44fee63c@PassengerOnBoard
1683893614607@passenger@0x3449a20e1b4700ffd4dd49f0fc14bcac44fee63c@PassengerArriveAtDestination
1683893617318@passenger@0x3449a20e1b4700ffd4dd49f0fc14bcac44fee63c@PassengerPaysAndGetsOff
1683893617319@passenger@0x5895ef03d8c36b9a53b4f961cd1345ed0bd79fa3@PassengerOnBoard
1683893618307@passenger@0x5895ef03d8c36b9a53b4f961cd1345ed0bd79fa3@PassengerArriveAtDestination
1683893619652@passenger@0x5895ef03d8c36b9a53b4f961cd1345ed0bd79fa3@PassengerPaysAndGetsOff
1683893621115@passenger@0x926f155822d00a9191fe71ec570bcd1f0eb0c300@FoundTheMostNearbyCar
1683893622125@passenger@0x926f155822d00a9191fe71ec570bcd1f0eb0c300@TheMostNearbyCarIsSelected
1683893629135@passenger@0x926f155822d00a9191fe71ec570bcd1f0eb0c300@PassengerOnBoard
1683893632467@passenger@0x926f155822d00a9191fe71ec570bcd1f0eb0c300@PassengerArriveAtDestination
1683893636902@passenger@0x926f155822d00a9191fe71ec570bcd1f0eb0c300@PassengerPaysAndGetsOff
