1683967766278@passenger@0x989bd3f4b8def49a869eee53fc2f8c31559dad10@StartProcessing
1683967769278@passenger@0x3daa27591a675fceb7fe25f39a2aa575730a6a1a@StartProcessing
1683967769501@passenger@0x989bd3f4b8def49a869eee53fc2f8c31559dad10@StartingPointWrittenToContract
1683967769828@passenger@0x3daa27591a675fceb7fe25f39a2aa575730a6a1a@StartingPointWrittenToContract
1683967771036@passenger@0x989bd3f4b8def49a869eee53fc2f8c31559dad10@DestinationWrittenToContract
1683967771037@passenger@0x989bd3f4b8def49a869eee53fc2f8c31559dad10@GettingNearbyRegions
1683967771064@passenger@0x989bd3f4b8def49a869eee53fc2f8c31559dad10@FoundTheMostNearbyCar
1683967771884@passenger@0x3daa27591a675fceb7fe25f39a2aa575730a6a1a@DestinationWrittenToContract
1683967771885@passenger@0x3daa27591a675fceb7fe25f39a2aa575730a6a1a@GettingNearbyRegions
1683967771910@passenger@0x3daa27591a675fceb7fe25f39a2aa575730a6a1a@FoundTheMostNearbyCar
1683967772277@passenger@0x170d67b04d990cfa4326549efeafb86f4b95b9dc@StartProcessing
1683967773152@passenger@0x989bd3f4b8def49a869eee53fc2f8c31559dad10@TheMostNearbyCarIsSelected
1683967773394@passenger@0x170d67b04d990cfa4326549efeafb86f4b95b9dc@StartingPointWrittenToContract
1683967773396@passenger@0x3daa27591a675fceb7fe25f39a2aa575730a6a1a@TheMostNearbyCarConflict
1683967775276@passenger@0x16941e3fe553ea1fec94de08aa5d0522b2fd5df1@StartProcessing
1683967776233@passenger@0x170d67b04d990cfa4326549efeafb86f4b95b9dc@DestinationWrittenToContract
1683967776234@passenger@0x989bd3f4b8def49a869eee53fc2f8c31559dad10@PassengerOnBoard
1683967776234@passenger@0x16941e3fe553ea1fec94de08aa5d0522b2fd5df1@StartingPointWrittenToContract
1683967776235@passenger@0x170d67b04d990cfa4326549efeafb86f4b95b9dc@GettingNearbyRegions
1683967776262@passenger@0x170d67b04d990cfa4326549efeafb86f4b95b9dc@FoundTheMostNearbyCar
1683967778277@passenger@0x092f0e6aeaaad8f6308c54ad7c97a7120d8ef8b5@StartProcessing
1683967779196@passenger@0x989bd3f4b8def49a869eee53fc2f8c31559dad10@PassengerArriveAtDestination
1683967779199@passenger@0x170d67b04d990cfa4326549efeafb86f4b95b9dc@TheMostNearbyCarIsSelected
1683967779199@passenger@0x16941e3fe553ea1fec94de08aa5d0522b2fd5df1@DestinationWrittenToContract
1683967779200@passenger@0x16941e3fe553ea1fec94de08aa5d0522b2fd5df1@GettingNearbyRegions
1683967779229@passenger@0x16941e3fe553ea1fec94de08aa5d0522b2fd5df1@FoundTheMostNearbyCar
1683967779391@passenger@0x092f0e6aeaaad8f6308c54ad7c97a7120d8ef8b5@StartingPointWrittenToContract
1683967780938@passenger@0x16941e3fe553ea1fec94de08aa5d0522b2fd5df1@TheMostNearbyCarIsSelected
1683967780939@passenger@0x989bd3f4b8def49a869eee53fc2f8c31559dad10@PassengerPaysAndGetsOff
1683967781058@passenger@0x092f0e6aeaaad8f6308c54ad7c97a7120d8ef8b5@DestinationWrittenToContract
1683967781060@passenger@0x092f0e6aeaaad8f6308c54ad7c97a7120d8ef8b5@GettingNearbyRegions
1683967781090@passenger@0x092f0e6aeaaad8f6308c54ad7c97a7120d8ef8b5@FoundTheMostNearbyCar
1683967781276@passenger@0x524ced5b4382264574313760c481d131e49cea06@StartProcessing
1683967782275@passenger@0x170d67b04d990cfa4326549efeafb86f4b95b9dc@PassengerOnBoard
1683967784278@passenger@0x7aedbd17c7198de1a60bbf73e77840baeab2315a@StartProcessing
1683967785933@passenger@0x170d67b04d990cfa4326549efeafb86f4b95b9dc@PassengerArriveAtDestination
1683967785934@passenger@0x092f0e6aeaaad8f6308c54ad7c97a7120d8ef8b5@TheMostNearbyCarIsSelected
1683967785935@passenger@0x16941e3fe553ea1fec94de08aa5d0522b2fd5df1@PassengerOnBoard
1683967785936@passenger@0x524ced5b4382264574313760c481d131e49cea06@StartingPointWrittenToContract
1683967785937@passenger@0x7aedbd17c7198de1a60bbf73e77840baeab2315a@StartingPointWrittenToContract
1683967787277@passenger@0xd1dea501c85b53e90c881515eccd4280db615287@StartProcessing
1683967787422@passenger@0x3daa27591a675fceb7fe25f39a2aa575730a6a1a@FoundTheMostNearbyCar
1683967788059@passenger@0x16941e3fe553ea1fec94de08aa5d0522b2fd5df1@PassengerArriveAtDestination
1683967788062@passenger@0x3daa27591a675fceb7fe25f39a2aa575730a6a1a@TheMostNearbyCarIsSelected
1683967788062@passenger@0x7aedbd17c7198de1a60bbf73e77840baeab2315a@DestinationWrittenToContract
1683967788062@passenger@0xd1dea501c85b53e90c881515eccd4280db615287@StartingPointWrittenToContract
1683967788063@passenger@0x524ced5b4382264574313760c481d131e49cea06@DestinationWrittenToContract
1683967788064@passenger@0x170d67b04d990cfa4326549efeafb86f4b95b9dc@PassengerPaysAndGetsOff
1683967788064@passenger@0x7aedbd17c7198de1a60bbf73e77840baeab2315a@GettingNearbyRegions
1683967788066@passenger@0x524ced5b4382264574313760c481d131e49cea06@GettingNearbyRegions
1683967788103@passenger@0x7aedbd17c7198de1a60bbf73e77840baeab2315a@FoundTheMostNearbyCar
1683967788106@passenger@0x524ced5b4382264574313760c481d131e49cea06@FoundTheMostNearbyCar
1683967789243@passenger@0x524ced5b4382264574313760c481d131e49cea06@TheMostNearbyCarIsSelected
1683967789243@passenger@0xd1dea501c85b53e90c881515eccd4280db615287@DestinationWrittenToContract
1683967789243@passenger@0x092f0e6aeaaad8f6308c54ad7c97a7120d8ef8b5@PassengerOnBoard
1683967789244@passenger@0x16941e3fe553ea1fec94de08aa5d0522b2fd5df1@PassengerPaysAndGetsOff
1683967789244@passenger@0xd1dea501c85b53e90c881515eccd4280db615287@GettingNearbyRegions
1683967789245@passenger@0x7aedbd17c7198de1a60bbf73e77840baeab2315a@TheMostNearbyCarConflict
1683967789272@passenger@0xd1dea501c85b53e90c881515eccd4280db615287@FoundTheMostNearbyCar
1683967790277@passenger@0x06a1ee74591def94efcdbd9a13c1b7df2350d160@StartProcessing
1683967792360@passenger@0x092f0e6aeaaad8f6308c54ad7c97a7120d8ef8b5@PassengerArriveAtDestination
1683967792362@passenger@0x06a1ee74591def94efcdbd9a13c1b7df2350d160@StartingPointWrittenToContract
1683967792364@passenger@0x3daa27591a675fceb7fe25f39a2aa575730a6a1a@PassengerOnBoard
1683967792366@passenger@0xd1dea501c85b53e90c881515eccd4280db615287@TheMostNearbyCarIsSelected
1683967792943@passenger@0x3daa27591a675fceb7fe25f39a2aa575730a6a1a@PassengerArriveAtDestination
1683967792944@passenger@0x092f0e6aeaaad8f6308c54ad7c97a7120d8ef8b5@PassengerPaysAndGetsOff
1683967792944@passenger@0x524ced5b4382264574313760c481d131e49cea06@PassengerOnBoard
1683967792944@passenger@0x06a1ee74591def94efcdbd9a13c1b7df2350d160@DestinationWrittenToContract
1683967792945@passenger@0x06a1ee74591def94efcdbd9a13c1b7df2350d160@GettingNearbyRegions
1683967792972@passenger@0x06a1ee74591def94efcdbd9a13c1b7df2350d160@FoundTheMostNearbyCar
1683967793277@passenger@0x99f859fba99facf38c0f6263b9794f672147f4aa@StartProcessing
1683967795797@passenger@0x524ced5b4382264574313760c481d131e49cea06@PassengerArriveAtDestination
1683967795799@passenger@0x3daa27591a675fceb7fe25f39a2aa575730a6a1a@PassengerPaysAndGetsOff
1683967795800@passenger@0x06a1ee74591def94efcdbd9a13c1b7df2350d160@TheMostNearbyCarIsSelected
1683967795800@passenger@0xd1dea501c85b53e90c881515eccd4280db615287@PassengerOnBoard
1683967795800@passenger@0x99f859fba99facf38c0f6263b9794f672147f4aa@StartingPointWrittenToContract
1683967796240@passenger@0xd1dea501c85b53e90c881515eccd4280db615287@PassengerArriveAtDestination
1683967796243@passenger@0x524ced5b4382264574313760c481d131e49cea06@PassengerPaysAndGetsOff
1683967796243@passenger@0x99f859fba99facf38c0f6263b9794f672147f4aa@DestinationWrittenToContract
1683967796244@passenger@0x99f859fba99facf38c0f6263b9794f672147f4aa@GettingNearbyRegions
1683967796269@passenger@0x99f859fba99facf38c0f6263b9794f672147f4aa@FoundTheMostNearbyCar
1683967796276@passenger@0x0dca32fa900933ab3e9fe1f4527ec95d07bf772b@StartProcessing
1683967799277@passenger@0x7cefd545055114e6b058ed0d110d4ac012a99cd7@StartProcessing
1683967799292@passenger@0x99f859fba99facf38c0f6263b9794f672147f4aa@TheMostNearbyCarIsSelected
1683967799292@passenger@0xd1dea501c85b53e90c881515eccd4280db615287@PassengerPaysAndGetsOff
1683967799293@passenger@0x0dca32fa900933ab3e9fe1f4527ec95d07bf772b@StartingPointWrittenToContract
1683967799293@passenger@0x06a1ee74591def94efcdbd9a13c1b7df2350d160@PassengerOnBoard
1683967799721@passenger@0x7cefd545055114e6b058ed0d110d4ac012a99cd7@StartingPointWrittenToContract
1683967799903@passenger@0x06a1ee74591def94efcdbd9a13c1b7df2350d160@PassengerArriveAtDestination
1683967799905@passenger@0x0dca32fa900933ab3e9fe1f4527ec95d07bf772b@DestinationWrittenToContract
1683967799906@passenger@0x0dca32fa900933ab3e9fe1f4527ec95d07bf772b@GettingNearbyRegions
1683967799932@passenger@0x0dca32fa900933ab3e9fe1f4527ec95d07bf772b@FoundTheMostNearbyCar
1683967802278@passenger@0x156a54e7c951fa985e77e8bc827fdfed8905b4c1@StartProcessing
1683967802661@passenger@0x99f859fba99facf38c0f6263b9794f672147f4aa@PassengerOnBoard
1683967802661@passenger@0x7cefd545055114e6b058ed0d110d4ac012a99cd7@DestinationWrittenToContract
1683967802662@passenger@0x06a1ee74591def94efcdbd9a13c1b7df2350d160@PassengerPaysAndGetsOff
1683967802663@passenger@0x0dca32fa900933ab3e9fe1f4527ec95d07bf772b@TheMostNearbyCarIsSelected
1683967802663@passenger@0x7cefd545055114e6b058ed0d110d4ac012a99cd7@GettingNearbyRegions
1683967802694@passenger@0x7cefd545055114e6b058ed0d110d4ac012a99cd7@FoundTheMostNearbyCar
1683967803222@passenger@0x156a54e7c951fa985e77e8bc827fdfed8905b4c1@StartingPointWrittenToContract
1683967803278@passenger@0x7aedbd17c7198de1a60bbf73e77840baeab2315a@FoundTheMostNearbyCar
1683967805278@passenger@0x9d854e759b2cce86dd08080d3ac043b4c79d2d9a@StartProcessing
1683967807102@passenger@0x99f859fba99facf38c0f6263b9794f672147f4aa@PassengerArriveAtDestination
1683967807107@passenger@0x7aedbd17c7198de1a60bbf73e77840baeab2315a@TheMostNearbyCarConflict
1683967807107@passenger@0x9d854e759b2cce86dd08080d3ac043b4c79d2d9a@StartingPointWrittenToContract
1683967807108@passenger@0x7cefd545055114e6b058ed0d110d4ac012a99cd7@TheMostNearbyCarIsSelected
1683967807108@passenger@0x156a54e7c951fa985e77e8bc827fdfed8905b4c1@DestinationWrittenToContract
1683967807109@passenger@0x156a54e7c951fa985e77e8bc827fdfed8905b4c1@GettingNearbyRegions
1683967807138@passenger@0x156a54e7c951fa985e77e8bc827fdfed8905b4c1@FoundTheMostNearbyCar
1683967808277@passenger@0x499c7e13c1303502e55fe72b120312c0e0131884@StartProcessing
1683967809047@passenger@0x0dca32fa900933ab3e9fe1f4527ec95d07bf772b@PassengerOnBoard
1683967809047@passenger@0x99f859fba99facf38c0f6263b9794f672147f4aa@PassengerPaysAndGetsOff
1683967809048@passenger@0x156a54e7c951fa985e77e8bc827fdfed8905b4c1@TheMostNearbyCarIsSelected
1683967809048@passenger@0x9d854e759b2cce86dd08080d3ac043b4c79d2d9a@DestinationWrittenToContract
1683967809049@passenger@0x499c7e13c1303502e55fe72b120312c0e0131884@StartingPointWrittenToContract
1683967809050@passenger@0x9d854e759b2cce86dd08080d3ac043b4c79d2d9a@GettingNearbyRegions
1683967809086@passenger@0x9d854e759b2cce86dd08080d3ac043b4c79d2d9a@FoundTheMostNearbyCar
1683967811279@passenger@0xddfc8e76b2bd61e9359ea5a2ed639d73e74ded71@StartProcessing
1683967814279@passenger@0x08f7cc636acfed10206a64c661dcb6f00606c26c@StartProcessing
1683967814983@passenger@0x0dca32fa900933ab3e9fe1f4527ec95d07bf772b@PassengerArriveAtDestination
1683967814984@passenger@0x7cefd545055114e6b058ed0d110d4ac012a99cd7@PassengerOnBoard
1683967814984@passenger@0x9d854e759b2cce86dd08080d3ac043b4c79d2d9a@TheMostNearbyCarIsSelected
1683967814985@passenger@0x499c7e13c1303502e55fe72b120312c0e0131884@DestinationWrittenToContract
1683967814985@passenger@0xddfc8e76b2bd61e9359ea5a2ed639d73e74ded71@StartingPointWrittenToContract
1683967814987@passenger@0x499c7e13c1303502e55fe72b120312c0e0131884@GettingNearbyRegions
1683967815012@passenger@0x499c7e13c1303502e55fe72b120312c0e0131884@FoundTheMostNearbyCar
1683967815474@passenger@0x08f7cc636acfed10206a64c661dcb6f00606c26c@StartingPointWrittenToContract
1683967815684@passenger@0x7cefd545055114e6b058ed0d110d4ac012a99cd7@PassengerArriveAtDestination
1683967815687@passenger@0x156a54e7c951fa985e77e8bc827fdfed8905b4c1@PassengerOnBoard
1683967815688@passenger@0x499c7e13c1303502e55fe72b120312c0e0131884@TheMostNearbyCarIsSelected
1683967815688@passenger@0x0dca32fa900933ab3e9fe1f4527ec95d07bf772b@PassengerPaysAndGetsOff
1683967815689@passenger@0xddfc8e76b2bd61e9359ea5a2ed639d73e74ded71@DestinationWrittenToContract
1683967815689@passenger@0xddfc8e76b2bd61e9359ea5a2ed639d73e74ded71@GettingNearbyRegions
1683967815725@passenger@0xddfc8e76b2bd61e9359ea5a2ed639d73e74ded71@FoundTheMostNearbyCar
1683967816710@passenger@0x08f7cc636acfed10206a64c661dcb6f00606c26c@DestinationWrittenToContract
1683967816711@passenger@0x08f7cc636acfed10206a64c661dcb6f00606c26c@GettingNearbyRegions
1683967816745@passenger@0x08f7cc636acfed10206a64c661dcb6f00606c26c@FoundTheMostNearbyCar
1683967817277@passenger@0x98f3af9a9d129dd78041b588c36cff0afefddc05@StartProcessing
1683967817868@passenger@0x156a54e7c951fa985e77e8bc827fdfed8905b4c1@PassengerArriveAtDestination
1683967817871@passenger@0x9d854e759b2cce86dd08080d3ac043b4c79d2d9a@PassengerOnBoard
1683967817871@passenger@0x7cefd545055114e6b058ed0d110d4ac012a99cd7@PassengerPaysAndGetsOff
1683967817872@passenger@0xddfc8e76b2bd61e9359ea5a2ed639d73e74ded71@TheMostNearbyCarIsSelected
1683967818371@passenger@0x98f3af9a9d129dd78041b588c36cff0afefddc05@StartingPointWrittenToContract
1683967818372@passenger@0x08f7cc636acfed10206a64c661dcb6f00606c26c@TheMostNearbyCarConflict
1683967819370@passenger@0x9d854e759b2cce86dd08080d3ac043b4c79d2d9a@PassengerArriveAtDestination
1683967819371@passenger@0x499c7e13c1303502e55fe72b120312c0e0131884@PassengerOnBoard
1683967819371@passenger@0x156a54e7c951fa985e77e8bc827fdfed8905b4c1@PassengerPaysAndGetsOff
1683967820277@passenger@0x397e94a4cd9fad4c4a472d6a92122d6ed9ec71d6@StartProcessing
1683967821231@passenger@0x98f3af9a9d129dd78041b588c36cff0afefddc05@DestinationWrittenToContract
1683967821231@passenger@0x98f3af9a9d129dd78041b588c36cff0afefddc05@GettingNearbyRegions
1683967821260@passenger@0x98f3af9a9d129dd78041b588c36cff0afefddc05@FoundTheMostNearbyCar
1683967822516@passenger@0x499c7e13c1303502e55fe72b120312c0e0131884@PassengerArriveAtDestination
1683967822518@passenger@0x9d854e759b2cce86dd08080d3ac043b4c79d2d9a@PassengerPaysAndGetsOff
1683967822518@passenger@0xddfc8e76b2bd61e9359ea5a2ed639d73e74ded71@PassengerOnBoard
1683967822518@passenger@0x397e94a4cd9fad4c4a472d6a92122d6ed9ec71d6@StartingPointWrittenToContract
1683967823277@passenger@0xee6e220d86366845afbdb1213c122c8a7424a03e@StartProcessing
1683967824423@passenger@0x98f3af9a9d129dd78041b588c36cff0afefddc05@TheMostNearbyCarIsSelected
1683967824870@passenger@0xddfc8e76b2bd61e9359ea5a2ed639d73e74ded71@PassengerArriveAtDestination
1683967824872@passenger@0xee6e220d86366845afbdb1213c122c8a7424a03e@StartingPointWrittenToContract
1683967824873@passenger@0x397e94a4cd9fad4c4a472d6a92122d6ed9ec71d6@DestinationWrittenToContract
1683967824873@passenger@0x499c7e13c1303502e55fe72b120312c0e0131884@PassengerPaysAndGetsOff
1683967824874@passenger@0x397e94a4cd9fad4c4a472d6a92122d6ed9ec71d6@GettingNearbyRegions
1683967824902@passenger@0x397e94a4cd9fad4c4a472d6a92122d6ed9ec71d6@FoundTheMostNearbyCar
1683967825137@passenger@0x7aedbd17c7198de1a60bbf73e77840baeab2315a@FoundTheMostNearbyCar
1683967826277@passenger@0x49c7f84ca89d2ffb5dc35eba1d88b731fe1c53df@StartProcessing
1683967826670@passenger@0x397e94a4cd9fad4c4a472d6a92122d6ed9ec71d6@TheMostNearbyCarIsSelected
1683967826670@passenger@0xddfc8e76b2bd61e9359ea5a2ed639d73e74ded71@PassengerPaysAndGetsOff
1683967826670@passenger@0xee6e220d86366845afbdb1213c122c8a7424a03e@DestinationWrittenToContract
1683967826671@passenger@0x49c7f84ca89d2ffb5dc35eba1d88b731fe1c53df@StartingPointWrittenToContract
1683967826671@passenger@0x7aedbd17c7198de1a60bbf73e77840baeab2315a@TheMostNearbyCarConflict
1683967826672@passenger@0xee6e220d86366845afbdb1213c122c8a7424a03e@GettingNearbyRegions
1683967826698@passenger@0xee6e220d86366845afbdb1213c122c8a7424a03e@FoundTheMostNearbyCar
1683967827326@passenger@0x98f3af9a9d129dd78041b588c36cff0afefddc05@PassengerOnBoard
1683967827905@passenger@0xee6e220d86366845afbdb1213c122c8a7424a03e@TheMostNearbyCarIsSelected
1683967827905@passenger@0x49c7f84ca89d2ffb5dc35eba1d88b731fe1c53df@DestinationWrittenToContract
1683967827906@passenger@0x49c7f84ca89d2ffb5dc35eba1d88b731fe1c53df@GettingNearbyRegions
1683967827935@passenger@0x49c7f84ca89d2ffb5dc35eba1d88b731fe1c53df@FoundTheMostNearbyCar
1683967829279@passenger@0xe5c2e3eaf8883a9d5ed7089e0484cfa6b027d816@StartProcessing
1683967831097@passenger@0x98f3af9a9d129dd78041b588c36cff0afefddc05@PassengerArriveAtDestination
1683967831099@passenger@0x49c7f84ca89d2ffb5dc35eba1d88b731fe1c53df@TheMostNearbyCarIsSelected
1683967831100@passenger@0xe5c2e3eaf8883a9d5ed7089e0484cfa6b027d816@StartingPointWrittenToContract
1683967831100@passenger@0x397e94a4cd9fad4c4a472d6a92122d6ed9ec71d6@PassengerOnBoard
1683967832278@passenger@0xd6c18c15ee56beeaf9a94322f0fcc958b611a323@StartProcessing
1683967832404@passenger@0x08f7cc636acfed10206a64c661dcb6f00606c26c@FoundTheMostNearbyCar
1683967832661@passenger@0x397e94a4cd9fad4c4a472d6a92122d6ed9ec71d6@PassengerArriveAtDestination
1683967832663@passenger@0x98f3af9a9d129dd78041b588c36cff0afefddc05@PassengerPaysAndGetsOff
1683967832663@passenger@0xee6e220d86366845afbdb1213c122c8a7424a03e@PassengerOnBoard
1683967832664@passenger@0xe5c2e3eaf8883a9d5ed7089e0484cfa6b027d816@DestinationWrittenToContract
1683967832664@passenger@0xe5c2e3eaf8883a9d5ed7089e0484cfa6b027d816@GettingNearbyRegions
1683967832697@passenger@0xe5c2e3eaf8883a9d5ed7089e0484cfa6b027d816@FoundTheMostNearbyCar
1683967832849@passenger@0xd6c18c15ee56beeaf9a94322f0fcc958b611a323@StartingPointWrittenToContract
1683967832849@passenger@0x08f7cc636acfed10206a64c661dcb6f00606c26c@TheMostNearbyCarIsSelected
1683967835148@passenger@0xee6e220d86366845afbdb1213c122c8a7424a03e@PassengerArriveAtDestination
1683967835150@passenger@0xd6c18c15ee56beeaf9a94322f0fcc958b611a323@DestinationWrittenToContract
1683967835151@passenger@0x49c7f84ca89d2ffb5dc35eba1d88b731fe1c53df@PassengerOnBoard
1683967835151@passenger@0x397e94a4cd9fad4c4a472d6a92122d6ed9ec71d6@PassengerPaysAndGetsOff
1683967835151@passenger@0xd6c18c15ee56beeaf9a94322f0fcc958b611a323@GettingNearbyRegions
1683967835152@passenger@0xe5c2e3eaf8883a9d5ed7089e0484cfa6b027d816@TheMostNearbyCarConflict
1683967835178@passenger@0xd6c18c15ee56beeaf9a94322f0fcc958b611a323@FoundTheMostNearbyCar
1683967835277@passenger@0xdd5e69139ec63cef0c137048bb0a6c7760721937@StartProcessing
1683967836045@passenger@0x49c7f84ca89d2ffb5dc35eba1d88b731fe1c53df@PassengerArriveAtDestination
1683967836047@passenger@0x08f7cc636acfed10206a64c661dcb6f00606c26c@PassengerOnBoard
1683967836047@passenger@0xdd5e69139ec63cef0c137048bb0a6c7760721937@StartingPointWrittenToContract
1683967836047@passenger@0xd6c18c15ee56beeaf9a94322f0fcc958b611a323@TheMostNearbyCarIsSelected
1683967836048@passenger@0xee6e220d86366845afbdb1213c122c8a7424a03e@PassengerPaysAndGetsOff
1683967838135@passenger@0x08f7cc636acfed10206a64c661dcb6f00606c26c@PassengerArriveAtDestination
1683967838141@passenger@0x49c7f84ca89d2ffb5dc35eba1d88b731fe1c53df@PassengerPaysAndGetsOff
1683967838142@passenger@0xdd5e69139ec63cef0c137048bb0a6c7760721937@DestinationWrittenToContract
1683967838142@passenger@0xdd5e69139ec63cef0c137048bb0a6c7760721937@GettingNearbyRegions
1683967838170@passenger@0xdd5e69139ec63cef0c137048bb0a6c7760721937@FoundTheMostNearbyCar
1683967838277@passenger@0x0de4d33bb26cb0107ac34844054f6f975c587554@StartProcessing
1683967840909@passenger@0x08f7cc636acfed10206a64c661dcb6f00606c26c@PassengerPaysAndGetsOff
1683967840909@passenger@0xdd5e69139ec63cef0c137048bb0a6c7760721937@TheMostNearbyCarIsSelected
1683967840910@passenger@0xd6c18c15ee56beeaf9a94322f0fcc958b611a323@PassengerOnBoard
1683967840910@passenger@0x0de4d33bb26cb0107ac34844054f6f975c587554@StartingPointWrittenToContract
1683967841277@passenger@0xc64efbfcb752a3822f6b8d7c96b0502e81ce2882@StartProcessing
1683967844024@passenger@0xd6c18c15ee56beeaf9a94322f0fcc958b611a323@PassengerArriveAtDestination
1683967844027@passenger@0x0de4d33bb26cb0107ac34844054f6f975c587554@DestinationWrittenToContract
1683967844028@passenger@0xc64efbfcb752a3822f6b8d7c96b0502e81ce2882@StartingPointWrittenToContract
1683967844029@passenger@0x0de4d33bb26cb0107ac34844054f6f975c587554@GettingNearbyRegions
1683967844058@passenger@0x0de4d33bb26cb0107ac34844054f6f975c587554@FoundTheMostNearbyCar
1683967844277@passenger@0x16b22e2402a183dcaf5b1fb73f64689b7700a2a0@StartProcessing
1683967845388@passenger@0xd6c18c15ee56beeaf9a94322f0fcc958b611a323@PassengerPaysAndGetsOff
1683967845388@passenger@0x16b22e2402a183dcaf5b1fb73f64689b7700a2a0@StartingPointWrittenToContract
1683967845389@passenger@0xc64efbfcb752a3822f6b8d7c96b0502e81ce2882@DestinationWrittenToContract
1683967845389@passenger@0x0de4d33bb26cb0107ac34844054f6f975c587554@TheMostNearbyCarIsSelected
1683967845390@passenger@0xdd5e69139ec63cef0c137048bb0a6c7760721937@PassengerOnBoard
1683967845391@passenger@0xc64efbfcb752a3822f6b8d7c96b0502e81ce2882@GettingNearbyRegions
1683967845423@passenger@0xc64efbfcb752a3822f6b8d7c96b0502e81ce2882@FoundTheMostNearbyCar
1683967847279@passenger@0x747d046d0c8a5d1bb1764517dd1984d0732c96bc@StartProcessing
1683967848703@passenger@0x7aedbd17c7198de1a60bbf73e77840baeab2315a@FoundTheMostNearbyCar
1683967849172@passenger@0xdd5e69139ec63cef0c137048bb0a6c7760721937@PassengerArriveAtDestination
1683967849174@passenger@0x747d046d0c8a5d1bb1764517dd1984d0732c96bc@StartingPointWrittenToContract
1683967849174@passenger@0x16b22e2402a183dcaf5b1fb73f64689b7700a2a0@DestinationWrittenToContract
1683967849175@passenger@0xc64efbfcb752a3822f6b8d7c96b0502e81ce2882@TheMostNearbyCarIsSelected
1683967849175@passenger@0x16b22e2402a183dcaf5b1fb73f64689b7700a2a0@GettingNearbyRegions
1683967849186@passenger@0xe5c2e3eaf8883a9d5ed7089e0484cfa6b027d816@FoundTheMostNearbyCar
1683967849205@passenger@0x16b22e2402a183dcaf5b1fb73f64689b7700a2a0@FoundTheMostNearbyCar
1683967849430@passenger@0x7aedbd17c7198de1a60bbf73e77840baeab2315a@TheMostNearbyCarConflict
1683967849459@passenger@0x16b22e2402a183dcaf5b1fb73f64689b7700a2a0@TheMostNearbyCarIsSelected
1683967849460@passenger@0x747d046d0c8a5d1bb1764517dd1984d0732c96bc@DestinationWrittenToContract
1683967849460@passenger@0x0de4d33bb26cb0107ac34844054f6f975c587554@PassengerOnBoard
1683967849460@passenger@0xdd5e69139ec63cef0c137048bb0a6c7760721937@PassengerPaysAndGetsOff
1683967849461@passenger@0xe5c2e3eaf8883a9d5ed7089e0484cfa6b027d816@TheMostNearbyCarConflict
1683967849461@passenger@0x747d046d0c8a5d1bb1764517dd1984d0732c96bc@GettingNearbyRegions
1683967849496@passenger@0x747d046d0c8a5d1bb1764517dd1984d0732c96bc@FoundTheMostNearbyCar
1683967850277@passenger@0x27ff8a06ca69b16c194a5132a1925d358c89ff39@StartProcessing
1683967851835@passenger@0x0de4d33bb26cb0107ac34844054f6f975c587554@PassengerArriveAtDestination
1683967851835@passenger@0xc64efbfcb752a3822f6b8d7c96b0502e81ce2882@PassengerOnBoard
1683967851835@passenger@0x27ff8a06ca69b16c194a5132a1925d358c89ff39@StartingPointWrittenToContract
1683967851836@passenger@0x747d046d0c8a5d1bb1764517dd1984d0732c96bc@TheMostNearbyCarIsSelected
1683967852515@passenger@0xc64efbfcb752a3822f6b8d7c96b0502e81ce2882@PassengerArriveAtDestination
1683967852517@passenger@0x27ff8a06ca69b16c194a5132a1925d358c89ff39@DestinationWrittenToContract
1683967852517@passenger@0x16b22e2402a183dcaf5b1fb73f64689b7700a2a0@PassengerOnBoard
1683967852518@passenger@0x0de4d33bb26cb0107ac34844054f6f975c587554@PassengerPaysAndGetsOff
1683967852518@passenger@0x27ff8a06ca69b16c194a5132a1925d358c89ff39@GettingNearbyRegions
1683967852542@passenger@0x27ff8a06ca69b16c194a5132a1925d358c89ff39@FoundTheMostNearbyCar
1683967853277@passenger@0xef0d03069e88fb45575f66aa4345b5448408dcfc@StartProcessing
1683967855434@passenger@0x747d046d0c8a5d1bb1764517dd1984d0732c96bc@PassengerOnBoard
1683967855436@passenger@0x27ff8a06ca69b16c194a5132a1925d358c89ff39@TheMostNearbyCarIsSelected
1683967855438@passenger@0xc64efbfcb752a3822f6b8d7c96b0502e81ce2882@PassengerPaysAndGetsOff
1683967855438@passenger@0x16b22e2402a183dcaf5b1fb73f64689b7700a2a0@PassengerArriveAtDestination
1683967855438@passenger@0xef0d03069e88fb45575f66aa4345b5448408dcfc@StartingPointWrittenToContract
1683967856056@passenger@0x747d046d0c8a5d1bb1764517dd1984d0732c96bc@PassengerArriveAtDestination
1683967856058@passenger@0xef0d03069e88fb45575f66aa4345b5448408dcfc@DestinationWrittenToContract
1683967856058@passenger@0x16b22e2402a183dcaf5b1fb73f64689b7700a2a0@PassengerPaysAndGetsOff
1683967856059@passenger@0xef0d03069e88fb45575f66aa4345b5448408dcfc@GettingNearbyRegions
1683967856089@passenger@0xef0d03069e88fb45575f66aa4345b5448408dcfc@FoundTheMostNearbyCar
1683967856278@passenger@0x07f4d74e86c2501a96b032f05daf6d9603f1a596@StartProcessing
1683967859280@passenger@0xb560b30b372dae7df40f67cd542730f5de15cefa@StartProcessing
1683967861357@passenger@0xef0d03069e88fb45575f66aa4345b5448408dcfc@TheMostNearbyCarIsSelected
1683967861358@passenger@0x747d046d0c8a5d1bb1764517dd1984d0732c96bc@PassengerPaysAndGetsOff
1683967861358@passenger@0xb560b30b372dae7df40f67cd542730f5de15cefa@StartingPointWrittenToContract
1683967861358@passenger@0x07f4d74e86c2501a96b032f05daf6d9603f1a596@StartingPointWrittenToContract
1683967861359@passenger@0x27ff8a06ca69b16c194a5132a1925d358c89ff39@PassengerOnBoard
1683967863561@passenger@0x27ff8a06ca69b16c194a5132a1925d358c89ff39@PassengerArriveAtDestination
1683967863562@passenger@0xb560b30b372dae7df40f67cd542730f5de15cefa@DestinationWrittenToContract
1683967863562@passenger@0x07f4d74e86c2501a96b032f05daf6d9603f1a596@DestinationWrittenToContract
1683967863563@passenger@0xb560b30b372dae7df40f67cd542730f5de15cefa@GettingNearbyRegions
1683967863563@passenger@0x07f4d74e86c2501a96b032f05daf6d9603f1a596@GettingNearbyRegions
1683967863592@passenger@0xb560b30b372dae7df40f67cd542730f5de15cefa@FoundTheMostNearbyCar
1683967863593@passenger@0x07f4d74e86c2501a96b032f05daf6d9603f1a596@FoundTheMostNearbyCar
1683967863867@passenger@0x27ff8a06ca69b16c194a5132a1925d358c89ff39@PassengerPaysAndGetsOff
1683967863867@passenger@0xef0d03069e88fb45575f66aa4345b5448408dcfc@PassengerOnBoard
1683967863867@passenger@0x07f4d74e86c2501a96b032f05daf6d9603f1a596@TheMostNearbyCarIsSelected
1683967863868@passenger@0xb560b30b372dae7df40f67cd542730f5de15cefa@TheMostNearbyCarConflict
1683967865888@passenger@0xef0d03069e88fb45575f66aa4345b5448408dcfc@PassengerArriveAtDestination
1683967867487@passenger@0xe5c2e3eaf8883a9d5ed7089e0484cfa6b027d816@FoundTheMostNearbyCar
1683967867628@passenger@0xef0d03069e88fb45575f66aa4345b5448408dcfc@PassengerPaysAndGetsOff
1683967867628@passenger@0x07f4d74e86c2501a96b032f05daf6d9603f1a596@PassengerOnBoard
1683967868561@passenger@0xe5c2e3eaf8883a9d5ed7089e0484cfa6b027d816@TheMostNearbyCarIsSelected
1683967869013@passenger@0x07f4d74e86c2501a96b032f05daf6d9603f1a596@PassengerArriveAtDestination
1683967871760@passenger@0x07f4d74e86c2501a96b032f05daf6d9603f1a596@PassengerPaysAndGetsOff
1683967871760@passenger@0xe5c2e3eaf8883a9d5ed7089e0484cfa6b027d816@PassengerOnBoard
1683967873831@passenger@0xe5c2e3eaf8883a9d5ed7089e0484cfa6b027d816@PassengerArriveAtDestination
1683967875458@passenger@0x7aedbd17c7198de1a60bbf73e77840baeab2315a@FoundTheMostNearbyCar
1683967876650@passenger@0x7aedbd17c7198de1a60bbf73e77840baeab2315a@TheMostNearbyCarIsSelected
1683967876650@passenger@0xe5c2e3eaf8883a9d5ed7089e0484cfa6b027d816@PassengerPaysAndGetsOff
1683967877891@passenger@0xb560b30b372dae7df40f67cd542730f5de15cefa@FoundTheMostNearbyCar
1683967880687@passenger@0xb560b30b372dae7df40f67cd542730f5de15cefa@TheMostNearbyCarIsSelected
1683967880689@passenger@0x7aedbd17c7198de1a60bbf73e77840baeab2315a@PassengerOnBoard
1683967883598@passenger@0x7aedbd17c7198de1a60bbf73e77840baeab2315a@PassengerArriveAtDestination
1683967885910@passenger@0x7aedbd17c7198de1a60bbf73e77840baeab2315a@PassengerPaysAndGetsOff
1683967885911@passenger@0xb560b30b372dae7df40f67cd542730f5de15cefa@PassengerOnBoard
1683967886158@passenger@0xb560b30b372dae7df40f67cd542730f5de15cefa@PassengerArriveAtDestination
1683967888330@passenger@0xb560b30b372dae7df40f67cd542730f5de15cefa@PassengerPaysAndGetsOff
