1683964455149@vehicle@0x196424dd2bf7c978228ebd7a17b38b993d650696@StartProcessing
1683964455155@vehicle@0x12d0e4381ef94a70a49252e35b9a65fadd3872b9@StartProcessing
1683964455156@vehicle@0x456c4df0610c7611ae8bcaed32dd1d94e88ceca4@StartProcessing
1683964455157@vehicle@0xdedee68f2020c0d3f98d2a8c23b6563f7b97e559@StartProcessing
1683964455157@vehicle@0xc0a3917e5679c0ef9033c41cbe294a212abe55df@StartProcessing
1683964455158@vehicle@0x55577fd620a0b8379846fcb1499e4bdc22538843@StartProcessing
1683964455158@vehicle@0xad8a321e2e8f8f51245f47b8f412979d5740e625@StartProcessing
1683964455158@vehicle@0x91153bad44dcc46187c481d8d36a53e58522d0c4@StartProcessing
1683964455159@vehicle@0xe64e81bc77ee05caaa6b1476de75193607e84d87@StartProcessing
1683964455159@vehicle@0x7a68b86008b0cfc3ae0e8068360271cbb999c97d@StartProcessing
1683964455160@vehicle@0xd5f5ef5ff4c6323c62bdc5ab2061f440aefc511b@StartProcessing
1683964455160@vehicle@0xf4190533e1203597f7cbe83cd76a32192af04ebf@StartProcessing
1683964455161@vehicle@0xfc932e94fed02d65e282e933c8e0cb75f6c4cfd8@StartProcessing
1683964455161@vehicle@0xfdd87ce574fea6b415f3a8f70f4fcc752555b920@StartProcessing
1683964455161@vehicle@0xd05c44f7b7f9d7c76a32f6cd5c612ac9c0f5bfc2@StartProcessing
1683964455162@vehicle@0xbeacf6104014bfafccc307bb7e7b5ef850c1db0d@StartProcessing
1683964462459@vehicle@0x12d0e4381ef94a70a49252e35b9a65fadd3872b9@PickUp@0x3df2c7b1e2c3e8e5e40c6035f6a3a5bb8fdb6b87000000000000000000000000
1683964462462@vehicle@0x12d0e4381ef94a70a49252e35b9a65fadd3872b9@FinishedAStarToStartingPoint
1683964464646@vehicle@0x196424dd2bf7c978228ebd7a17b38b993d650696@PickUp@0x46dfb062b17f2ef557a64283347653f11ba7c089000000000000000000000000
1683964464649@vehicle@0x12d0e4381ef94a70a49252e35b9a65fadd3872b9@StoreRouteToStartingPointThroughAStarSuccess
1683964464649@vehicle@0x196424dd2bf7c978228ebd7a17b38b993d650696@FinishedAStarToStartingPoint
1683964466211@vehicle@0x196424dd2bf7c978228ebd7a17b38b993d650696@StoreRouteToStartingPointThroughAStarSuccess
1683964466211@vehicle@0x12d0e4381ef94a70a49252e35b9a65fadd3872b9@DestinationReady
1683964466212@vehicle@0x12d0e4381ef94a70a49252e35b9a65fadd3872b9@FinishedAStarToDestination
1683964467900@vehicle@0x456c4df0610c7611ae8bcaed32dd1d94e88ceca4@PickUp@0xd402c7301a68c4c65529ab0c597bb8b13e27f607000000000000000000000000
1683964467901@vehicle@0x12d0e4381ef94a70a49252e35b9a65fadd3872b9@StoreRouteToDestinationSuccess
1683964467901@vehicle@0x196424dd2bf7c978228ebd7a17b38b993d650696@DestinationReady
1683964467901@vehicle@0x456c4df0610c7611ae8bcaed32dd1d94e88ceca4@FinishedAStarToStartingPoint
1683964467902@vehicle@0x196424dd2bf7c978228ebd7a17b38b993d650696@FinishedAStarToDestination
1683964470178@vehicle@0x12d0e4381ef94a70a49252e35b9a65fadd3872b9@PassengerPaid
1683964470181@vehicle@0x196424dd2bf7c978228ebd7a17b38b993d650696@StoreRouteToDestinationSuccess
1683964470182@vehicle@0x456c4df0610c7611ae8bcaed32dd1d94e88ceca4@StoreRouteToStartingPointThroughAStarSuccess
1683964470182@vehicle@0x12d0e4381ef94a70a49252e35b9a65fadd3872b9@CarReleased
1683964474835@vehicle@0x196424dd2bf7c978228ebd7a17b38b993d650696@PassengerPaid
1683964474842@vehicle@0x456c4df0610c7611ae8bcaed32dd1d94e88ceca4@DestinationReady
1683964474842@vehicle@0x196424dd2bf7c978228ebd7a17b38b993d650696@CarReleased
1683964474842@vehicle@0x456c4df0610c7611ae8bcaed32dd1d94e88ceca4@FinishedAStarToDestination
1683964476232@vehicle@0x12d0e4381ef94a70a49252e35b9a65fadd3872b9@PickUp@0x42389309e69a2b32b98f04bc8255ad971797f757000000000000000000000000
1683964476234@vehicle@0x12d0e4381ef94a70a49252e35b9a65fadd3872b9@FinishedAStarToStartingPoint
1683964476236@vehicle@0x456c4df0610c7611ae8bcaed32dd1d94e88ceca4@StoreRouteToDestinationSuccess
1683964479357@vehicle@0x196424dd2bf7c978228ebd7a17b38b993d650696@PickUp@0xcae58827099cb4557f40dd308f5efc29e9065be8000000000000000000000000
1683964479360@vehicle@0x456c4df0610c7611ae8bcaed32dd1d94e88ceca4@PassengerPaid
1683964479361@vehicle@0x12d0e4381ef94a70a49252e35b9a65fadd3872b9@StoreRouteToStartingPointThroughAStarSuccess
1683964479361@vehicle@0x196424dd2bf7c978228ebd7a17b38b993d650696@FinishedAStarToStartingPoint
1683964479362@vehicle@0x456c4df0610c7611ae8bcaed32dd1d94e88ceca4@CarReleased
1683964482621@vehicle@0x12d0e4381ef94a70a49252e35b9a65fadd3872b9@DestinationReady
1683964482621@vehicle@0x196424dd2bf7c978228ebd7a17b38b993d650696@StoreRouteToStartingPointThroughAStarSuccess
1683964482621@vehicle@0x12d0e4381ef94a70a49252e35b9a65fadd3872b9@FinishedAStarToDestination
1683964484214@vehicle@0x456c4df0610c7611ae8bcaed32dd1d94e88ceca4@PickUp@0x95d2b2a36e6a3d1e7ac8edbf99481c6009a19131000000000000000000000000
1683964484216@vehicle@0x12d0e4381ef94a70a49252e35b9a65fadd3872b9@StoreRouteToDestinationSuccess
1683964484216@vehicle@0x196424dd2bf7c978228ebd7a17b38b993d650696@DestinationReady
1683964484216@vehicle@0x456c4df0610c7611ae8bcaed32dd1d94e88ceca4@FinishedAStarToStartingPoint
1683964484217@vehicle@0x196424dd2bf7c978228ebd7a17b38b993d650696@FinishedAStarToDestination
1683964485694@vehicle@0x12d0e4381ef94a70a49252e35b9a65fadd3872b9@PassengerPaid
1683964485697@vehicle@0x456c4df0610c7611ae8bcaed32dd1d94e88ceca4@StoreRouteToStartingPointThroughAStarSuccess
1683964485697@vehicle@0x196424dd2bf7c978228ebd7a17b38b993d650696@StoreRouteToDestinationSuccess
1683964485697@vehicle@0x12d0e4381ef94a70a49252e35b9a65fadd3872b9@CarReleased
1683964486725@vehicle@0x55577fd620a0b8379846fcb1499e4bdc22538843@PickUp@0xac37a0543b6abb8e7add0c00128c9f486e45b0e9000000000000000000000000
1683964486728@vehicle@0x55577fd620a0b8379846fcb1499e4bdc22538843@FinishedAStarToStartingPoint
1683964487143@vehicle@0x196424dd2bf7c978228ebd7a17b38b993d650696@PassengerPaid
1683964487145@vehicle@0x456c4df0610c7611ae8bcaed32dd1d94e88ceca4@DestinationReady
1683964487145@vehicle@0x196424dd2bf7c978228ebd7a17b38b993d650696@CarReleased
1683964487146@vehicle@0x456c4df0610c7611ae8bcaed32dd1d94e88ceca4@FinishedAStarToDestination
1683964487705@vehicle@0x55577fd620a0b8379846fcb1499e4bdc22538843@StoreRouteToStartingPointThroughAStarSuccess
1683964489918@vehicle@0x12d0e4381ef94a70a49252e35b9a65fadd3872b9@PickUp@0x7a5b8a958a74e39ade01f412951fb319ee4fe6d9000000000000000000000000
1683964489919@vehicle@0x55577fd620a0b8379846fcb1499e4bdc22538843@DestinationReady
1683964489920@vehicle@0x456c4df0610c7611ae8bcaed32dd1d94e88ceca4@StoreRouteToDestinationSuccess
1683964489920@vehicle@0x12d0e4381ef94a70a49252e35b9a65fadd3872b9@FinishedAStarToStartingPoint
1683964489921@vehicle@0x55577fd620a0b8379846fcb1499e4bdc22538843@FinishedAStarToDestination
1683964492179@vehicle@0x456c4df0610c7611ae8bcaed32dd1d94e88ceca4@PassengerPaid
1683964492181@vehicle@0x12d0e4381ef94a70a49252e35b9a65fadd3872b9@StoreRouteToStartingPointThroughAStarSuccess
1683964492182@vehicle@0x55577fd620a0b8379846fcb1499e4bdc22538843@StoreRouteToDestinationSuccess
1683964492182@vehicle@0x456c4df0610c7611ae8bcaed32dd1d94e88ceca4@CarReleased
1683964492822@vehicle@0x196424dd2bf7c978228ebd7a17b38b993d650696@PickUp@0xfb1c049ecb1884a77e857bcca8ae6443f0143dbf000000000000000000000000
1683964492826@vehicle@0x55577fd620a0b8379846fcb1499e4bdc22538843@PassengerPaid
1683964492829@vehicle@0x196424dd2bf7c978228ebd7a17b38b993d650696@FinishedAStarToStartingPoint
1683964492831@vehicle@0x12d0e4381ef94a70a49252e35b9a65fadd3872b9@DestinationReady
1683964492833@vehicle@0x55577fd620a0b8379846fcb1499e4bdc22538843@CarReleased
1683964492833@vehicle@0x12d0e4381ef94a70a49252e35b9a65fadd3872b9@FinishedAStarToDestination
1683964495129@vehicle@0x456c4df0610c7611ae8bcaed32dd1d94e88ceca4@PickUp@0x6d1558ef76336d670fb6f2b04ae1f345eab94761000000000000000000000000
1683964495131@vehicle@0x456c4df0610c7611ae8bcaed32dd1d94e88ceca4@FinishedAStarToStartingPoint
1683964495132@vehicle@0x196424dd2bf7c978228ebd7a17b38b993d650696@StoreRouteToStartingPointThroughAStarSuccess
1683964495132@vehicle@0x12d0e4381ef94a70a49252e35b9a65fadd3872b9@StoreRouteToDestinationSuccess
1683964496904@vehicle@0x12d0e4381ef94a70a49252e35b9a65fadd3872b9@PassengerPaid
1683964496905@vehicle@0x55577fd620a0b8379846fcb1499e4bdc22538843@PickUp@0x4c0ae67f9e2dcabbcaee58afa56c14e427272b6f000000000000000000000000
1683964496908@vehicle@0x456c4df0610c7611ae8bcaed32dd1d94e88ceca4@StoreRouteToStartingPointThroughAStarSuccess
1683964496909@vehicle@0x55577fd620a0b8379846fcb1499e4bdc22538843@FinishedAStarToStartingPoint
1683964496909@vehicle@0x196424dd2bf7c978228ebd7a17b38b993d650696@DestinationReady
1683964496910@vehicle@0x12d0e4381ef94a70a49252e35b9a65fadd3872b9@CarReleased
1683964496910@vehicle@0x196424dd2bf7c978228ebd7a17b38b993d650696@FinishedAStarToDestination
1683964497323@vehicle@0x7a68b86008b0cfc3ae0e8068360271cbb999c97d@PickUp@0x0d5f26272be5a3b462c3b7a978c7bf4b0d6aadb1000000000000000000000000
1683964497326@vehicle@0x7a68b86008b0cfc3ae0e8068360271cbb999c97d@FinishedAStarToStartingPoint
1683964497327@vehicle@0x55577fd620a0b8379846fcb1499e4bdc22538843@StoreRouteToStartingPointThroughAStarSuccess
1683964497327@vehicle@0x196424dd2bf7c978228ebd7a17b38b993d650696@StoreRouteToDestinationSuccess
1683964497327@vehicle@0x456c4df0610c7611ae8bcaed32dd1d94e88ceca4@DestinationReady
1683964497328@vehicle@0x456c4df0610c7611ae8bcaed32dd1d94e88ceca4@FinishedAStarToDestination
1683964499498@vehicle@0x12d0e4381ef94a70a49252e35b9a65fadd3872b9@PickUp@0xd35d112793fe59877302d4064c9ef5a89c0485ba000000000000000000000000
1683964499502@vehicle@0x196424dd2bf7c978228ebd7a17b38b993d650696@PassengerPaid
1683964499505@vehicle@0x12d0e4381ef94a70a49252e35b9a65fadd3872b9@FinishedAStarToStartingPoint
1683964499506@vehicle@0x55577fd620a0b8379846fcb1499e4bdc22538843@DestinationReady
1683964499506@vehicle@0x456c4df0610c7611ae8bcaed32dd1d94e88ceca4@StoreRouteToDestinationSuccess
1683964499506@vehicle@0x7a68b86008b0cfc3ae0e8068360271cbb999c97d@StoreRouteToStartingPointThroughAStarSuccess
1683964499507@vehicle@0x196424dd2bf7c978228ebd7a17b38b993d650696@CarReleased
1683964499507@vehicle@0x55577fd620a0b8379846fcb1499e4bdc22538843@FinishedAStarToDestination
1683964501554@vehicle@0x456c4df0610c7611ae8bcaed32dd1d94e88ceca4@PassengerPaid
1683964501557@vehicle@0x12d0e4381ef94a70a49252e35b9a65fadd3872b9@StoreRouteToStartingPointThroughAStarSuccess
1683964501557@vehicle@0x7a68b86008b0cfc3ae0e8068360271cbb999c97d@DestinationReady
1683964501558@vehicle@0x55577fd620a0b8379846fcb1499e4bdc22538843@StoreRouteToDestinationSuccess
1683964501559@vehicle@0x7a68b86008b0cfc3ae0e8068360271cbb999c97d@FinishedAStarToDestination
1683964501559@vehicle@0x456c4df0610c7611ae8bcaed32dd1d94e88ceca4@CarReleased
1683964504519@vehicle@0x55577fd620a0b8379846fcb1499e4bdc22538843@PassengerPaid
1683964504523@vehicle@0x196424dd2bf7c978228ebd7a17b38b993d650696@PickUp@0x0cac0bfe17bd73be78486a51a15db39b10cbafcf000000000000000000000000
1683964504525@vehicle@0x7a68b86008b0cfc3ae0e8068360271cbb999c97d@StoreRouteToDestinationSuccess
1683964504525@vehicle@0x12d0e4381ef94a70a49252e35b9a65fadd3872b9@DestinationReady
1683964504526@vehicle@0x196424dd2bf7c978228ebd7a17b38b993d650696@FinishedAStarToStartingPoint
1683964504526@vehicle@0x55577fd620a0b8379846fcb1499e4bdc22538843@CarReleased
1683964504526@vehicle@0x12d0e4381ef94a70a49252e35b9a65fadd3872b9@FinishedAStarToDestination
1683964504888@vehicle@0x7a68b86008b0cfc3ae0e8068360271cbb999c97d@PassengerPaid
1683964504890@vehicle@0x196424dd2bf7c978228ebd7a17b38b993d650696@StoreRouteToStartingPointThroughAStarSuccess
1683964504890@vehicle@0x12d0e4381ef94a70a49252e35b9a65fadd3872b9@StoreRouteToDestinationSuccess
1683964504890@vehicle@0x7a68b86008b0cfc3ae0e8068360271cbb999c97d@CarReleased
1683964508282@vehicle@0x456c4df0610c7611ae8bcaed32dd1d94e88ceca4@PickUp@0xbf5868b482ace24aa4f339ceb26e32230fc7d3aa000000000000000000000000
1683964508283@vehicle@0x12d0e4381ef94a70a49252e35b9a65fadd3872b9@PassengerPaid
1683964508286@vehicle@0x456c4df0610c7611ae8bcaed32dd1d94e88ceca4@FinishedAStarToStartingPoint
1683964508287@vehicle@0x196424dd2bf7c978228ebd7a17b38b993d650696@DestinationReady
1683964508287@vehicle@0x196424dd2bf7c978228ebd7a17b38b993d650696@FinishedAStarToDestination
1683964508288@vehicle@0x12d0e4381ef94a70a49252e35b9a65fadd3872b9@CarReleased
1683964509493@vehicle@0x456c4df0610c7611ae8bcaed32dd1d94e88ceca4@StoreRouteToStartingPointThroughAStarSuccess
1683964509493@vehicle@0x196424dd2bf7c978228ebd7a17b38b993d650696@StoreRouteToDestinationSuccess
1683964514000@vehicle@0x12d0e4381ef94a70a49252e35b9a65fadd3872b9@PickUp@0xedb6f3a4a1ebc511f7fe9bd4f2cd4219ca0a3cf4000000000000000000000000
1683964514003@vehicle@0x196424dd2bf7c978228ebd7a17b38b993d650696@PassengerPaid
1683964514005@vehicle@0x12d0e4381ef94a70a49252e35b9a65fadd3872b9@FinishedAStarToStartingPoint
1683964514006@vehicle@0x456c4df0610c7611ae8bcaed32dd1d94e88ceca4@DestinationReady
1683964514006@vehicle@0x456c4df0610c7611ae8bcaed32dd1d94e88ceca4@FinishedAStarToDestination
1683964514007@vehicle@0x196424dd2bf7c978228ebd7a17b38b993d650696@CarReleased
1683964515249@vehicle@0x55577fd620a0b8379846fcb1499e4bdc22538843@PickUp@0xbd2f3e025a8f0b0d8bb9f64ef60980ebb27e8d5d000000000000000000000000
1683964515251@vehicle@0x456c4df0610c7611ae8bcaed32dd1d94e88ceca4@StoreRouteToDestinationSuccess
1683964515251@vehicle@0x55577fd620a0b8379846fcb1499e4bdc22538843@FinishedAStarToStartingPoint
1683964515252@vehicle@0x12d0e4381ef94a70a49252e35b9a65fadd3872b9@StoreRouteToStartingPointThroughAStarSuccess
1683964517647@vehicle@0x196424dd2bf7c978228ebd7a17b38b993d650696@PickUp@0xabd6b57b7d198796947bc03e4f5bd911813caada000000000000000000000000
1683964517649@vehicle@0x456c4df0610c7611ae8bcaed32dd1d94e88ceca4@PassengerPaid
1683964517651@vehicle@0x196424dd2bf7c978228ebd7a17b38b993d650696@FinishedAStarToStartingPoint
1683964517652@vehicle@0x12d0e4381ef94a70a49252e35b9a65fadd3872b9@DestinationReady
1683964517653@vehicle@0x55577fd620a0b8379846fcb1499e4bdc22538843@StoreRouteToStartingPointThroughAStarSuccess
1683964517654@vehicle@0x12d0e4381ef94a70a49252e35b9a65fadd3872b9@FinishedAStarToDestination
1683964517654@vehicle@0x456c4df0610c7611ae8bcaed32dd1d94e88ceca4@CarReleased
1683964519496@vehicle@0x12d0e4381ef94a70a49252e35b9a65fadd3872b9@StoreRouteToDestinationSuccess
1683964519496@vehicle@0x196424dd2bf7c978228ebd7a17b38b993d650696@StoreRouteToStartingPointThroughAStarSuccess
1683964519496@vehicle@0x55577fd620a0b8379846fcb1499e4bdc22538843@DestinationReady
1683964519497@vehicle@0x55577fd620a0b8379846fcb1499e4bdc22538843@FinishedAStarToDestination
1683964521897@vehicle@0x456c4df0610c7611ae8bcaed32dd1d94e88ceca4@PickUp@0x62119c27e0081b14e6e0c596603d21eaa6d6452b000000000000000000000000
1683964521899@vehicle@0x12d0e4381ef94a70a49252e35b9a65fadd3872b9@PassengerPaid
1683964521906@vehicle@0x55577fd620a0b8379846fcb1499e4bdc22538843@StoreRouteToDestinationSuccess
1683964521906@vehicle@0x456c4df0610c7611ae8bcaed32dd1d94e88ceca4@FinishedAStarToStartingPoint
1683964521907@vehicle@0x196424dd2bf7c978228ebd7a17b38b993d650696@DestinationReady
1683964521908@vehicle@0x12d0e4381ef94a70a49252e35b9a65fadd3872b9@CarReleased
1683964521909@vehicle@0x196424dd2bf7c978228ebd7a17b38b993d650696@FinishedAStarToDestination
1683964523060@vehicle@0x55577fd620a0b8379846fcb1499e4bdc22538843@PassengerPaid
1683964523061@vehicle@0x7a68b86008b0cfc3ae0e8068360271cbb999c97d@PickUp@0x926f155822d00a9191fe71ec570bcd1f0eb0c300000000000000000000000000
1683964523063@vehicle@0x196424dd2bf7c978228ebd7a17b38b993d650696@StoreRouteToDestinationSuccess
1683964523063@vehicle@0x456c4df0610c7611ae8bcaed32dd1d94e88ceca4@StoreRouteToStartingPointThroughAStarSuccess
1683964523063@vehicle@0x7a68b86008b0cfc3ae0e8068360271cbb999c97d@FinishedAStarToStartingPoint
1683964523064@vehicle@0x55577fd620a0b8379846fcb1499e4bdc22538843@CarReleased
1683964525818@vehicle@0x12d0e4381ef94a70a49252e35b9a65fadd3872b9@PickUp@0x03875bcc0db199992266825e2c1cf0f5bfc200d2000000000000000000000000
1683964525825@vehicle@0x196424dd2bf7c978228ebd7a17b38b993d650696@PassengerPaid
1683964525826@vehicle@0x7a68b86008b0cfc3ae0e8068360271cbb999c97d@StoreRouteToStartingPointThroughAStarSuccess
1683964525826@vehicle@0x12d0e4381ef94a70a49252e35b9a65fadd3872b9@FinishedAStarToStartingPoint
1683964525826@vehicle@0x456c4df0610c7611ae8bcaed32dd1d94e88ceca4@DestinationReady
1683964525827@vehicle@0x456c4df0610c7611ae8bcaed32dd1d94e88ceca4@FinishedAStarToDestination
1683964525828@vehicle@0x196424dd2bf7c978228ebd7a17b38b993d650696@CarReleased
1683964528138@vehicle@0x456c4df0610c7611ae8bcaed32dd1d94e88ceca4@StoreRouteToDestinationSuccess
1683964528138@vehicle@0x12d0e4381ef94a70a49252e35b9a65fadd3872b9@StoreRouteToStartingPointThroughAStarSuccess
1683964528138@vehicle@0x7a68b86008b0cfc3ae0e8068360271cbb999c97d@DestinationReady
1683964528139@vehicle@0x7a68b86008b0cfc3ae0e8068360271cbb999c97d@FinishedAStarToDestination
1683964530214@vehicle@0x456c4df0610c7611ae8bcaed32dd1d94e88ceca4@PassengerPaid
1683964530215@vehicle@0x196424dd2bf7c978228ebd7a17b38b993d650696@PickUp@0xf0ce9fe96ac15405e4fd51a62cbdbdaef2d36372000000000000000000000000
1683964530219@vehicle@0x7a68b86008b0cfc3ae0e8068360271cbb999c97d@StoreRouteToDestinationSuccess
1683964530219@vehicle@0x196424dd2bf7c978228ebd7a17b38b993d650696@FinishedAStarToStartingPoint
1683964530220@vehicle@0x12d0e4381ef94a70a49252e35b9a65fadd3872b9@DestinationReady
1683964530220@vehicle@0x456c4df0610c7611ae8bcaed32dd1d94e88ceca4@CarReleased
1683964530221@vehicle@0x12d0e4381ef94a70a49252e35b9a65fadd3872b9@FinishedAStarToDestination
1683964530758@vehicle@0x7a68b86008b0cfc3ae0e8068360271cbb999c97d@PassengerPaid
1683964530760@vehicle@0x12d0e4381ef94a70a49252e35b9a65fadd3872b9@StoreRouteToDestinationSuccess
1683964530760@vehicle@0x196424dd2bf7c978228ebd7a17b38b993d650696@StoreRouteToStartingPointThroughAStarSuccess
1683964530761@vehicle@0x7a68b86008b0cfc3ae0e8068360271cbb999c97d@CarReleased
1683964532782@vehicle@0x55577fd620a0b8379846fcb1499e4bdc22538843@PickUp@0x1bdf42d9a37b5b5c5a3bc09cadfade23d075791a000000000000000000000000
1683964532786@vehicle@0x12d0e4381ef94a70a49252e35b9a65fadd3872b9@PassengerPaid
1683964532787@vehicle@0x55577fd620a0b8379846fcb1499e4bdc22538843@FinishedAStarToStartingPoint
1683964532788@vehicle@0x196424dd2bf7c978228ebd7a17b38b993d650696@DestinationReady
1683964532788@vehicle@0x196424dd2bf7c978228ebd7a17b38b993d650696@FinishedAStarToDestination
1683964532789@vehicle@0x12d0e4381ef94a70a49252e35b9a65fadd3872b9@CarReleased
1683964533209@vehicle@0x456c4df0610c7611ae8bcaed32dd1d94e88ceca4@PickUp@0x3449a20e1b4700ffd4dd49f0fc14bcac44fee63c000000000000000000000000
1683964533211@vehicle@0x456c4df0610c7611ae8bcaed32dd1d94e88ceca4@FinishedAStarToStartingPoint
1683964533211@vehicle@0x55577fd620a0b8379846fcb1499e4bdc22538843@StoreRouteToStartingPointThroughAStarSuccess
1683964533212@vehicle@0x196424dd2bf7c978228ebd7a17b38b993d650696@StoreRouteToDestinationSuccess
1683964536041@vehicle@0x196424dd2bf7c978228ebd7a17b38b993d650696@PassengerPaid
1683964536042@vehicle@0x55577fd620a0b8379846fcb1499e4bdc22538843@DestinationReady
1683964536042@vehicle@0x456c4df0610c7611ae8bcaed32dd1d94e88ceca4@StoreRouteToStartingPointThroughAStarSuccess
1683964536043@vehicle@0x55577fd620a0b8379846fcb1499e4bdc22538843@FinishedAStarToDestination
1683964536043@vehicle@0x196424dd2bf7c978228ebd7a17b38b993d650696@CarReleased
1683964537504@vehicle@0x12d0e4381ef94a70a49252e35b9a65fadd3872b9@PickUp@0xc265c858c1186113b2d830e6f46f6d95142e9750000000000000000000000000
1683964537510@vehicle@0x12d0e4381ef94a70a49252e35b9a65fadd3872b9@FinishedAStarToStartingPoint
1683964537511@vehicle@0x456c4df0610c7611ae8bcaed32dd1d94e88ceca4@DestinationReady
1683964537511@vehicle@0x55577fd620a0b8379846fcb1499e4bdc22538843@StoreRouteToDestinationSuccess
1683964537512@vehicle@0x456c4df0610c7611ae8bcaed32dd1d94e88ceca4@FinishedAStarToDestination
1683964541255@vehicle@0x196424dd2bf7c978228ebd7a17b38b993d650696@PickUp@0xd2ed0cb17fd847c8aa8bc8e9ed3870481ede088b000000000000000000000000
1683964541257@vehicle@0x55577fd620a0b8379846fcb1499e4bdc22538843@PassengerPaid
1683964541259@vehicle@0x456c4df0610c7611ae8bcaed32dd1d94e88ceca4@StoreRouteToDestinationSuccess
1683964541259@vehicle@0x12d0e4381ef94a70a49252e35b9a65fadd3872b9@StoreRouteToStartingPointThroughAStarSuccess
1683964541259@vehicle@0x196424dd2bf7c978228ebd7a17b38b993d650696@FinishedAStarToStartingPoint
1683964541260@vehicle@0x55577fd620a0b8379846fcb1499e4bdc22538843@CarReleased
1683964543885@vehicle@0x456c4df0610c7611ae8bcaed32dd1d94e88ceca4@PassengerPaid
1683964543887@vehicle@0x7a68b86008b0cfc3ae0e8068360271cbb999c97d@PickUp@0x5227daf8db7c57d268979df21ba9ee9c93d26712000000000000000000000000
1683964543887@vehicle@0x196424dd2bf7c978228ebd7a17b38b993d650696@StoreRouteToStartingPointThroughAStarSuccess
1683964543888@vehicle@0x12d0e4381ef94a70a49252e35b9a65fadd3872b9@DestinationReady
1683964543888@vehicle@0x7a68b86008b0cfc3ae0e8068360271cbb999c97d@FinishedAStarToStartingPoint
1683964543888@vehicle@0x456c4df0610c7611ae8bcaed32dd1d94e88ceca4@CarReleased
1683964543888@vehicle@0x12d0e4381ef94a70a49252e35b9a65fadd3872b9@FinishedAStarToDestination
1683964545274@vehicle@0x55577fd620a0b8379846fcb1499e4bdc22538843@PickUp@0xb658cbd857f52f9705fbecf9b30cf827dd8c81a8000000000000000000000000
1683964545279@vehicle@0x196424dd2bf7c978228ebd7a17b38b993d650696@DestinationReady
1683964545279@vehicle@0x55577fd620a0b8379846fcb1499e4bdc22538843@FinishedAStarToStartingPoint
1683964545280@vehicle@0x12d0e4381ef94a70a49252e35b9a65fadd3872b9@StoreRouteToDestinationSuccess
1683964545280@vehicle@0x7a68b86008b0cfc3ae0e8068360271cbb999c97d@StoreRouteToStartingPointThroughAStarSuccess
1683964545281@vehicle@0x196424dd2bf7c978228ebd7a17b38b993d650696@FinishedAStarToDestination
1683964546837@vehicle@0x12d0e4381ef94a70a49252e35b9a65fadd3872b9@PassengerPaid
1683964546840@vehicle@0x456c4df0610c7611ae8bcaed32dd1d94e88ceca4@PickUp@0x5895ef03d8c36b9a53b4f961cd1345ed0bd79fa3000000000000000000000000
1683964546840@vehicle@0x55577fd620a0b8379846fcb1499e4bdc22538843@StoreRouteToStartingPointThroughAStarSuccess
1683964546840@vehicle@0x196424dd2bf7c978228ebd7a17b38b993d650696@StoreRouteToDestinationSuccess
1683964546841@vehicle@0x7a68b86008b0cfc3ae0e8068360271cbb999c97d@DestinationReady
1683964546841@vehicle@0x456c4df0610c7611ae8bcaed32dd1d94e88ceca4@FinishedAStarToStartingPoint
1683964546841@vehicle@0x12d0e4381ef94a70a49252e35b9a65fadd3872b9@CarReleased
1683964546841@vehicle@0x7a68b86008b0cfc3ae0e8068360271cbb999c97d@FinishedAStarToDestination
1683964550887@vehicle@0x196424dd2bf7c978228ebd7a17b38b993d650696@PassengerPaid
1683964550890@vehicle@0x456c4df0610c7611ae8bcaed32dd1d94e88ceca4@StoreRouteToStartingPointThroughAStarSuccess
1683964550890@vehicle@0x7a68b86008b0cfc3ae0e8068360271cbb999c97d@StoreRouteToDestinationSuccess
1683964550891@vehicle@0x55577fd620a0b8379846fcb1499e4bdc22538843@DestinationReady
1683964550892@vehicle@0x55577fd620a0b8379846fcb1499e4bdc22538843@FinishedAStarToDestination
1683964550892@vehicle@0x196424dd2bf7c978228ebd7a17b38b993d650696@CarReleased
1683964552486@vehicle@0x12d0e4381ef94a70a49252e35b9a65fadd3872b9@PickUp@0x4093777e3bf0a104ef5576011a965c58a206b69b000000000000000000000000
1683964552487@vehicle@0x7a68b86008b0cfc3ae0e8068360271cbb999c97d@PassengerPaid
1683964552492@vehicle@0x55577fd620a0b8379846fcb1499e4bdc22538843@StoreRouteToDestinationSuccess
1683964552493@vehicle@0x456c4df0610c7611ae8bcaed32dd1d94e88ceca4@DestinationReady
1683964552494@vehicle@0x12d0e4381ef94a70a49252e35b9a65fadd3872b9@FinishedAStarToStartingPoint
1683964552495@vehicle@0x456c4df0610c7611ae8bcaed32dd1d94e88ceca4@FinishedAStarToDestination
1683964552496@vehicle@0x7a68b86008b0cfc3ae0e8068360271cbb999c97d@CarReleased
1683964554952@vehicle@0x55577fd620a0b8379846fcb1499e4bdc22538843@PassengerPaid
1683964554953@vehicle@0x196424dd2bf7c978228ebd7a17b38b993d650696@PickUp@0x7906b337632876b8050f55ee5b57228f02972fa3000000000000000000000000
1683964554955@vehicle@0x456c4df0610c7611ae8bcaed32dd1d94e88ceca4@StoreRouteToDestinationSuccess
1683964554955@vehicle@0x12d0e4381ef94a70a49252e35b9a65fadd3872b9@StoreRouteToStartingPointThroughAStarSuccess
1683964554956@vehicle@0x196424dd2bf7c978228ebd7a17b38b993d650696@FinishedAStarToStartingPoint
1683964554956@vehicle@0x55577fd620a0b8379846fcb1499e4bdc22538843@CarReleased
1683964556211@vehicle@0x456c4df0610c7611ae8bcaed32dd1d94e88ceca4@PassengerPaid
1683964556214@vehicle@0x196424dd2bf7c978228ebd7a17b38b993d650696@StoreRouteToStartingPointThroughAStarSuccess
1683964556214@vehicle@0x12d0e4381ef94a70a49252e35b9a65fadd3872b9@DestinationReady
1683964556215@vehicle@0x12d0e4381ef94a70a49252e35b9a65fadd3872b9@FinishedAStarToDestination
1683964556215@vehicle@0x456c4df0610c7611ae8bcaed32dd1d94e88ceca4@CarReleased
1683964557109@vehicle@0x7a68b86008b0cfc3ae0e8068360271cbb999c97d@PickUp@0x3b49b8eb1d9d3c28242b97c135379e0e32468fb9000000000000000000000000
1683964557112@vehicle@0x7a68b86008b0cfc3ae0e8068360271cbb999c97d@FinishedAStarToStartingPoint
1683964557212@vehicle@0x12d0e4381ef94a70a49252e35b9a65fadd3872b9@StoreRouteToDestinationSuccess
1683964557212@vehicle@0x196424dd2bf7c978228ebd7a17b38b993d650696@DestinationReady
1683964557213@vehicle@0x196424dd2bf7c978228ebd7a17b38b993d650696@FinishedAStarToDestination
1683964557817@vehicle@0x7a68b86008b0cfc3ae0e8068360271cbb999c97d@StoreRouteToStartingPointThroughAStarSuccess
1683964560128@vehicle@0x12d0e4381ef94a70a49252e35b9a65fadd3872b9@PassengerPaid
1683964560130@vehicle@0x7a68b86008b0cfc3ae0e8068360271cbb999c97d@DestinationReady
1683964560131@vehicle@0x196424dd2bf7c978228ebd7a17b38b993d650696@StoreRouteToDestinationSuccess
1683964560131@vehicle@0x7a68b86008b0cfc3ae0e8068360271cbb999c97d@FinishedAStarToDestination
1683964560132@vehicle@0x12d0e4381ef94a70a49252e35b9a65fadd3872b9@CarReleased
1683964560825@vehicle@0x196424dd2bf7c978228ebd7a17b38b993d650696@PassengerPaid
1683964560828@vehicle@0x7a68b86008b0cfc3ae0e8068360271cbb999c97d@StoreRouteToDestinationSuccess
1683964560829@vehicle@0x196424dd2bf7c978228ebd7a17b38b993d650696@CarReleased
1683964563469@vehicle@0x7a68b86008b0cfc3ae0e8068360271cbb999c97d@PassengerPaid
1683964563471@vehicle@0x7a68b86008b0cfc3ae0e8068360271cbb999c97d@CarReleased
