1683967763535@vehicle@0x9cad1fb7a50f91c03c3e2106c6b6233890aed062@StartProcessing
1683967763540@vehicle@0x9777d55e8415ebc17864734b6f04c3ec0ca69141@StartProcessing
1683967763541@vehicle@0x390c7d4dd2ebf9ed632175776adf09d19ed3da4c@StartProcessing
1683967763541@vehicle@0x20e74d6701f55d1c9b937f28499fbed7b8559c0f@StartProcessing
1683967763542@vehicle@0xd8cec029b27a3871bf3c48bc9f3eeb43281c1f30@StartProcessing
1683967763542@vehicle@0x4ef62208d75cb0803742cec9a4b087e2b536e2e8@StartProcessing
1683967763543@vehicle@0x327c19b8686de592ab2e6c182f1b00c3c9f80026@StartProcessing
1683967763543@vehicle@0xf21086ccc317c160b7bb8f9e85e08af539231b08@StartProcessing
1683967763544@vehicle@0xda99f0885ae36fed601faba4f4aa0d38c3469e05@StartProcessing
1683967763544@vehicle@0xc4111e0ae27ad5509bd9617367018a89a93d9075@StartProcessing
1683967763544@vehicle@0x43349b16295abd084a1dbae5f04383de7b7db5d5@StartProcessing
1683967763545@vehicle@0xe027d082ea533aafad1b96a8fe059e7420959749@StartProcessing
1683967763545@vehicle@0xf1bb7e0195ac79f4c44d964a4d733139be0b63eb@StartProcessing
1683967763546@vehicle@0xa7dff9eaf76e6ee1579ce841aa47bbcfaae739e7@StartProcessing
1683967763546@vehicle@0xbdce7a12f98bd5460688aaa1d8c352245ecb787d@StartProcessing
1683967763546@vehicle@0x377d27404b760a49b3d3254e5781869d6a8aaea2@StartProcessing
1683967773152@vehicle@0x20e74d6701f55d1c9b937f28499fbed7b8559c0f@PickUp@0x989bd3f4b8def49a869eee53fc2f8c31559dad10000000000000000000000000
1683967773155@vehicle@0x20e74d6701f55d1c9b937f28499fbed7b8559c0f@FinishedAStarToStartingPoint
1683967773594@vehicle@0x20e74d6701f55d1c9b937f28499fbed7b8559c0f@StoreRouteToStartingPointThroughAStarSuccess
1683967776234@vehicle@0x20e74d6701f55d1c9b937f28499fbed7b8559c0f@DestinationReady
1683967776235@vehicle@0x20e74d6701f55d1c9b937f28499fbed7b8559c0f@FinishedAStarToDestination
1683967779198@vehicle@0x327c19b8686de592ab2e6c182f1b00c3c9f80026@PickUp@0x170d67b04d990cfa4326549efeafb86f4b95b9dc000000000000000000000000
1683967779199@vehicle@0x327c19b8686de592ab2e6c182f1b00c3c9f80026@FinishedAStarToStartingPoint
1683967779200@vehicle@0x20e74d6701f55d1c9b937f28499fbed7b8559c0f@StoreRouteToDestinationSuccess
1683967780938@vehicle@0x377d27404b760a49b3d3254e5781869d6a8aaea2@PickUp@0x16941e3fe553ea1fec94de08aa5d0522b2fd5df1000000000000000000000000
1683967780939@vehicle@0x20e74d6701f55d1c9b937f28499fbed7b8559c0f@PassengerPaid
1683967780942@vehicle@0x327c19b8686de592ab2e6c182f1b00c3c9f80026@StoreRouteToStartingPointThroughAStarSuccess
1683967780943@vehicle@0x377d27404b760a49b3d3254e5781869d6a8aaea2@FinishedAStarToStartingPoint
1683967780944@vehicle@0x20e74d6701f55d1c9b937f28499fbed7b8559c0f@CarReleased
1683967782277@vehicle@0x327c19b8686de592ab2e6c182f1b00c3c9f80026@DestinationReady
1683967782278@vehicle@0x377d27404b760a49b3d3254e5781869d6a8aaea2@StoreRouteToStartingPointThroughAStarSuccess
1683967782278@vehicle@0x327c19b8686de592ab2e6c182f1b00c3c9f80026@FinishedAStarToDestination
1683967785936@vehicle@0x390c7d4dd2ebf9ed632175776adf09d19ed3da4c@PickUp@0x092f0e6aeaaad8f6308c54ad7c97a7120d8ef8b5000000000000000000000000
1683967785937@vehicle@0x327c19b8686de592ab2e6c182f1b00c3c9f80026@StoreRouteToDestinationSuccess
1683967785938@vehicle@0x377d27404b760a49b3d3254e5781869d6a8aaea2@DestinationReady
1683967785938@vehicle@0x390c7d4dd2ebf9ed632175776adf09d19ed3da4c@FinishedAStarToStartingPoint
1683967785939@vehicle@0x377d27404b760a49b3d3254e5781869d6a8aaea2@FinishedAStarToDestination
1683967788055@vehicle@0x327c19b8686de592ab2e6c182f1b00c3c9f80026@PassengerPaid
1683967788059@vehicle@0x20e74d6701f55d1c9b937f28499fbed7b8559c0f@PickUp@0x3daa27591a675fceb7fe25f39a2aa575730a6a1a000000000000000000000000
1683967788062@vehicle@0x390c7d4dd2ebf9ed632175776adf09d19ed3da4c@StoreRouteToStartingPointThroughAStarSuccess
1683967788062@vehicle@0x377d27404b760a49b3d3254e5781869d6a8aaea2@StoreRouteToDestinationSuccess
1683967788063@vehicle@0x20e74d6701f55d1c9b937f28499fbed7b8559c0f@FinishedAStarToStartingPoint
1683967788064@vehicle@0x327c19b8686de592ab2e6c182f1b00c3c9f80026@CarReleased
1683967789239@vehicle@0x377d27404b760a49b3d3254e5781869d6a8aaea2@PassengerPaid
1683967789243@vehicle@0x43349b16295abd084a1dbae5f04383de7b7db5d5@PickUp@0x524ced5b4382264574313760c481d131e49cea06000000000000000000000000
1683967789246@vehicle@0x390c7d4dd2ebf9ed632175776adf09d19ed3da4c@DestinationReady
1683967789247@vehicle@0x20e74d6701f55d1c9b937f28499fbed7b8559c0f@StoreRouteToStartingPointThroughAStarSuccess
1683967789247@vehicle@0x43349b16295abd084a1dbae5f04383de7b7db5d5@FinishedAStarToStartingPoint
1683967789249@vehicle@0x390c7d4dd2ebf9ed632175776adf09d19ed3da4c@FinishedAStarToDestination
1683967789250@vehicle@0x377d27404b760a49b3d3254e5781869d6a8aaea2@CarReleased
1683967792359@vehicle@0x327c19b8686de592ab2e6c182f1b00c3c9f80026@PickUp@0xd1dea501c85b53e90c881515eccd4280db615287000000000000000000000000
1683967792361@vehicle@0x390c7d4dd2ebf9ed632175776adf09d19ed3da4c@StoreRouteToDestinationSuccess
1683967792363@vehicle@0x43349b16295abd084a1dbae5f04383de7b7db5d5@StoreRouteToStartingPointThroughAStarSuccess
1683967792363@vehicle@0x20e74d6701f55d1c9b937f28499fbed7b8559c0f@DestinationReady
1683967792364@vehicle@0x327c19b8686de592ab2e6c182f1b00c3c9f80026@FinishedAStarToStartingPoint
1683967792365@vehicle@0x20e74d6701f55d1c9b937f28499fbed7b8559c0f@FinishedAStarToDestination
1683967792943@vehicle@0x390c7d4dd2ebf9ed632175776adf09d19ed3da4c@PassengerPaid
1683967792945@vehicle@0x43349b16295abd084a1dbae5f04383de7b7db5d5@DestinationReady
1683967792946@vehicle@0x327c19b8686de592ab2e6c182f1b00c3c9f80026@StoreRouteToStartingPointThroughAStarSuccess
1683967792946@vehicle@0x20e74d6701f55d1c9b937f28499fbed7b8559c0f@StoreRouteToDestinationSuccess
1683967792947@vehicle@0x43349b16295abd084a1dbae5f04383de7b7db5d5@FinishedAStarToDestination
1683967792947@vehicle@0x390c7d4dd2ebf9ed632175776adf09d19ed3da4c@CarReleased
1683967795797@vehicle@0x377d27404b760a49b3d3254e5781869d6a8aaea2@PickUp@0x06a1ee74591def94efcdbd9a13c1b7df2350d160000000000000000000000000
1683967795800@vehicle@0x20e74d6701f55d1c9b937f28499fbed7b8559c0f@PassengerPaid
1683967795802@vehicle@0x377d27404b760a49b3d3254e5781869d6a8aaea2@FinishedAStarToStartingPoint
1683967795803@vehicle@0x327c19b8686de592ab2e6c182f1b00c3c9f80026@DestinationReady
1683967795803@vehicle@0x43349b16295abd084a1dbae5f04383de7b7db5d5@StoreRouteToDestinationSuccess
1683967795804@vehicle@0x327c19b8686de592ab2e6c182f1b00c3c9f80026@FinishedAStarToDestination
1683967795804@vehicle@0x20e74d6701f55d1c9b937f28499fbed7b8559c0f@CarReleased
1683967796240@vehicle@0x43349b16295abd084a1dbae5f04383de7b7db5d5@PassengerPaid
1683967796242@vehicle@0x377d27404b760a49b3d3254e5781869d6a8aaea2@StoreRouteToStartingPointThroughAStarSuccess
1683967796243@vehicle@0x327c19b8686de592ab2e6c182f1b00c3c9f80026@StoreRouteToDestinationSuccess
1683967796243@vehicle@0x43349b16295abd084a1dbae5f04383de7b7db5d5@CarReleased
1683967799292@vehicle@0x327c19b8686de592ab2e6c182f1b00c3c9f80026@PassengerPaid
1683967799294@vehicle@0x20e74d6701f55d1c9b937f28499fbed7b8559c0f@PickUp@0x99f859fba99facf38c0f6263b9794f672147f4aa000000000000000000000000
1683967799296@vehicle@0x377d27404b760a49b3d3254e5781869d6a8aaea2@DestinationReady
1683967799297@vehicle@0x20e74d6701f55d1c9b937f28499fbed7b8559c0f@FinishedAStarToStartingPoint
1683967799297@vehicle@0x327c19b8686de592ab2e6c182f1b00c3c9f80026@CarReleased
1683967799298@vehicle@0x377d27404b760a49b3d3254e5781869d6a8aaea2@FinishedAStarToDestination
1683967799903@vehicle@0x20e74d6701f55d1c9b937f28499fbed7b8559c0f@StoreRouteToStartingPointThroughAStarSuccess
1683967799903@vehicle@0x377d27404b760a49b3d3254e5781869d6a8aaea2@StoreRouteToDestinationSuccess
1683967802660@vehicle@0x377d27404b760a49b3d3254e5781869d6a8aaea2@PassengerPaid
1683967802664@vehicle@0x327c19b8686de592ab2e6c182f1b00c3c9f80026@PickUp@0x0dca32fa900933ab3e9fe1f4527ec95d07bf772b000000000000000000000000
1683967802666@vehicle@0x20e74d6701f55d1c9b937f28499fbed7b8559c0f@DestinationReady
1683967802667@vehicle@0x327c19b8686de592ab2e6c182f1b00c3c9f80026@FinishedAStarToStartingPoint
1683967802667@vehicle@0x377d27404b760a49b3d3254e5781869d6a8aaea2@CarReleased
1683967802668@vehicle@0x20e74d6701f55d1c9b937f28499fbed7b8559c0f@FinishedAStarToDestination
1683967807103@vehicle@0x390c7d4dd2ebf9ed632175776adf09d19ed3da4c@PickUp@0x7cefd545055114e6b058ed0d110d4ac012a99cd7000000000000000000000000
1683967807105@vehicle@0x390c7d4dd2ebf9ed632175776adf09d19ed3da4c@FinishedAStarToStartingPoint
1683967807105@vehicle@0x20e74d6701f55d1c9b937f28499fbed7b8559c0f@StoreRouteToDestinationSuccess
1683967807106@vehicle@0x327c19b8686de592ab2e6c182f1b00c3c9f80026@StoreRouteToStartingPointThroughAStarSuccess
1683967809045@vehicle@0x20e74d6701f55d1c9b937f28499fbed7b8559c0f@PassengerPaid
1683967809048@vehicle@0x377d27404b760a49b3d3254e5781869d6a8aaea2@PickUp@0x156a54e7c951fa985e77e8bc827fdfed8905b4c1000000000000000000000000
1683967809053@vehicle@0x390c7d4dd2ebf9ed632175776adf09d19ed3da4c@StoreRouteToStartingPointThroughAStarSuccess
1683967809054@vehicle@0x377d27404b760a49b3d3254e5781869d6a8aaea2@FinishedAStarToStartingPoint
1683967809054@vehicle@0x327c19b8686de592ab2e6c182f1b00c3c9f80026@DestinationReady
1683967809055@vehicle@0x20e74d6701f55d1c9b937f28499fbed7b8559c0f@CarReleased
1683967809057@vehicle@0x327c19b8686de592ab2e6c182f1b00c3c9f80026@FinishedAStarToDestination
1683967814984@vehicle@0x43349b16295abd084a1dbae5f04383de7b7db5d5@PickUp@0x9d854e759b2cce86dd08080d3ac043b4c79d2d9a000000000000000000000000
1683967814984@vehicle@0x377d27404b760a49b3d3254e5781869d6a8aaea2@StoreRouteToStartingPointThroughAStarSuccess
1683967814985@vehicle@0x327c19b8686de592ab2e6c182f1b00c3c9f80026@StoreRouteToDestinationSuccess
1683967814985@vehicle@0x390c7d4dd2ebf9ed632175776adf09d19ed3da4c@DestinationReady
1683967814986@vehicle@0x43349b16295abd084a1dbae5f04383de7b7db5d5@FinishedAStarToStartingPoint
1683967814988@vehicle@0x390c7d4dd2ebf9ed632175776adf09d19ed3da4c@FinishedAStarToDestination
1683967815689@vehicle@0x20e74d6701f55d1c9b937f28499fbed7b8559c0f@PickUp@0x499c7e13c1303502e55fe72b120312c0e0131884000000000000000000000000
1683967815690@vehicle@0x327c19b8686de592ab2e6c182f1b00c3c9f80026@PassengerPaid
1683967815691@vehicle@0x390c7d4dd2ebf9ed632175776adf09d19ed3da4c@StoreRouteToDestinationSuccess
1683967815691@vehicle@0x43349b16295abd084a1dbae5f04383de7b7db5d5@StoreRouteToStartingPointThroughAStarSuccess
1683967815692@vehicle@0x377d27404b760a49b3d3254e5781869d6a8aaea2@DestinationReady
1683967815692@vehicle@0x20e74d6701f55d1c9b937f28499fbed7b8559c0f@FinishedAStarToStartingPoint
1683967815692@vehicle@0x377d27404b760a49b3d3254e5781869d6a8aaea2@FinishedAStarToDestination
1683967815693@vehicle@0x327c19b8686de592ab2e6c182f1b00c3c9f80026@CarReleased
1683967817870@vehicle@0x4ef62208d75cb0803742cec9a4b087e2b536e2e8@PickUp@0xddfc8e76b2bd61e9359ea5a2ed639d73e74ded71000000000000000000000000
1683967817871@vehicle@0x390c7d4dd2ebf9ed632175776adf09d19ed3da4c@PassengerPaid
1683967817877@vehicle@0x377d27404b760a49b3d3254e5781869d6a8aaea2@StoreRouteToDestinationSuccess
1683967817878@vehicle@0x20e74d6701f55d1c9b937f28499fbed7b8559c0f@StoreRouteToStartingPointThroughAStarSuccess
1683967817878@vehicle@0x4ef62208d75cb0803742cec9a4b087e2b536e2e8@FinishedAStarToStartingPoint
1683967817878@vehicle@0x43349b16295abd084a1dbae5f04383de7b7db5d5@DestinationReady
1683967817879@vehicle@0x390c7d4dd2ebf9ed632175776adf09d19ed3da4c@CarReleased
1683967817880@vehicle@0x43349b16295abd084a1dbae5f04383de7b7db5d5@FinishedAStarToDestination
1683967819371@vehicle@0x377d27404b760a49b3d3254e5781869d6a8aaea2@PassengerPaid
1683967819372@vehicle@0x4ef62208d75cb0803742cec9a4b087e2b536e2e8@StoreRouteToStartingPointThroughAStarSuccess
1683967819373@vehicle@0x43349b16295abd084a1dbae5f04383de7b7db5d5@StoreRouteToDestinationSuccess
1683967819373@vehicle@0x20e74d6701f55d1c9b937f28499fbed7b8559c0f@DestinationReady
1683967819374@vehicle@0x377d27404b760a49b3d3254e5781869d6a8aaea2@CarReleased
1683967819374@vehicle@0x20e74d6701f55d1c9b937f28499fbed7b8559c0f@FinishedAStarToDestination
1683967822521@vehicle@0x43349b16295abd084a1dbae5f04383de7b7db5d5@PassengerPaid
1683967822522@vehicle@0x20e74d6701f55d1c9b937f28499fbed7b8559c0f@StoreRouteToDestinationSuccess
1683967822522@vehicle@0x4ef62208d75cb0803742cec9a4b087e2b536e2e8@DestinationReady
1683967822523@vehicle@0x4ef62208d75cb0803742cec9a4b087e2b536e2e8@FinishedAStarToDestination
1683967822524@vehicle@0x43349b16295abd084a1dbae5f04383de7b7db5d5@CarReleased
1683967824422@vehicle@0x327c19b8686de592ab2e6c182f1b00c3c9f80026@PickUp@0x98f3af9a9d129dd78041b588c36cff0afefddc05000000000000000000000000
1683967824425@vehicle@0x327c19b8686de592ab2e6c182f1b00c3c9f80026@FinishedAStarToStartingPoint
1683967824870@vehicle@0x20e74d6701f55d1c9b937f28499fbed7b8559c0f@PassengerPaid
1683967824873@vehicle@0x4ef62208d75cb0803742cec9a4b087e2b536e2e8@StoreRouteToDestinationSuccess
1683967824875@vehicle@0x20e74d6701f55d1c9b937f28499fbed7b8559c0f@CarReleased
1683967826442@vehicle@0x327c19b8686de592ab2e6c182f1b00c3c9f80026@StoreRouteToStartingPointThroughAStarSuccess
1683967826673@vehicle@0x4ef62208d75cb0803742cec9a4b087e2b536e2e8@PassengerPaid
1683967826674@vehicle@0x377d27404b760a49b3d3254e5781869d6a8aaea2@PickUp@0x397e94a4cd9fad4c4a472d6a92122d6ed9ec71d6000000000000000000000000
1683967826675@vehicle@0x377d27404b760a49b3d3254e5781869d6a8aaea2@FinishedAStarToStartingPoint
1683967826676@vehicle@0x4ef62208d75cb0803742cec9a4b087e2b536e2e8@CarReleased
1683967827327@vehicle@0x327c19b8686de592ab2e6c182f1b00c3c9f80026@DestinationReady
1683967827328@vehicle@0x327c19b8686de592ab2e6c182f1b00c3c9f80026@FinishedAStarToDestination
1683967827904@vehicle@0x20e74d6701f55d1c9b937f28499fbed7b8559c0f@PickUp@0xee6e220d86366845afbdb1213c122c8a7424a03e000000000000000000000000
1683967827905@vehicle@0x377d27404b760a49b3d3254e5781869d6a8aaea2@StoreRouteToStartingPointThroughAStarSuccess
1683967827905@vehicle@0x20e74d6701f55d1c9b937f28499fbed7b8559c0f@FinishedAStarToStartingPoint
1683967831100@vehicle@0x390c7d4dd2ebf9ed632175776adf09d19ed3da4c@PickUp@0x49c7f84ca89d2ffb5dc35eba1d88b731fe1c53df000000000000000000000000
1683967831103@vehicle@0x20e74d6701f55d1c9b937f28499fbed7b8559c0f@StoreRouteToStartingPointThroughAStarSuccess
1683967831103@vehicle@0x327c19b8686de592ab2e6c182f1b00c3c9f80026@StoreRouteToDestinationSuccess
1683967831103@vehicle@0x390c7d4dd2ebf9ed632175776adf09d19ed3da4c@FinishedAStarToStartingPoint
1683967831104@vehicle@0x377d27404b760a49b3d3254e5781869d6a8aaea2@DestinationReady
1683967831104@vehicle@0x377d27404b760a49b3d3254e5781869d6a8aaea2@FinishedAStarToDestination
1683967832665@vehicle@0x327c19b8686de592ab2e6c182f1b00c3c9f80026@PassengerPaid
1683967832668@vehicle@0x377d27404b760a49b3d3254e5781869d6a8aaea2@StoreRouteToDestinationSuccess
1683967832668@vehicle@0x390c7d4dd2ebf9ed632175776adf09d19ed3da4c@StoreRouteToStartingPointThroughAStarSuccess
1683967832668@vehicle@0x20e74d6701f55d1c9b937f28499fbed7b8559c0f@DestinationReady
1683967832670@vehicle@0x20e74d6701f55d1c9b937f28499fbed7b8559c0f@FinishedAStarToDestination
1683967832670@vehicle@0x327c19b8686de592ab2e6c182f1b00c3c9f80026@CarReleased
1683967832849@vehicle@0x43349b16295abd084a1dbae5f04383de7b7db5d5@PickUp@0x08f7cc636acfed10206a64c661dcb6f00606c26c000000000000000000000000
1683967832850@vehicle@0x43349b16295abd084a1dbae5f04383de7b7db5d5@FinishedAStarToStartingPoint
1683967835146@vehicle@0x377d27404b760a49b3d3254e5781869d6a8aaea2@PassengerPaid
1683967835149@vehicle@0x20e74d6701f55d1c9b937f28499fbed7b8559c0f@StoreRouteToDestinationSuccess
1683967835150@vehicle@0x390c7d4dd2ebf9ed632175776adf09d19ed3da4c@DestinationReady
1683967835150@vehicle@0x43349b16295abd084a1dbae5f04383de7b7db5d5@StoreRouteToStartingPointThroughAStarSuccess
1683967835150@vehicle@0x377d27404b760a49b3d3254e5781869d6a8aaea2@CarReleased
1683967835150@vehicle@0x390c7d4dd2ebf9ed632175776adf09d19ed3da4c@FinishedAStarToDestination
1683967836046@vehicle@0x20e74d6701f55d1c9b937f28499fbed7b8559c0f@PassengerPaid
1683967836046@vehicle@0x327c19b8686de592ab2e6c182f1b00c3c9f80026@PickUp@0xd6c18c15ee56beeaf9a94322f0fcc958b611a323000000000000000000000000
1683967836048@vehicle@0x390c7d4dd2ebf9ed632175776adf09d19ed3da4c@StoreRouteToDestinationSuccess
1683967836048@vehicle@0x327c19b8686de592ab2e6c182f1b00c3c9f80026@FinishedAStarToStartingPoint
1683967836049@vehicle@0x43349b16295abd084a1dbae5f04383de7b7db5d5@DestinationReady
1683967836049@vehicle@0x20e74d6701f55d1c9b937f28499fbed7b8559c0f@CarReleased
1683967836050@vehicle@0x43349b16295abd084a1dbae5f04383de7b7db5d5@FinishedAStarToDestination
1683967838137@vehicle@0x390c7d4dd2ebf9ed632175776adf09d19ed3da4c@PassengerPaid
1683967838141@vehicle@0x327c19b8686de592ab2e6c182f1b00c3c9f80026@StoreRouteToStartingPointThroughAStarSuccess
1683967838141@vehicle@0x43349b16295abd084a1dbae5f04383de7b7db5d5@StoreRouteToDestinationSuccess
1683967838142@vehicle@0x390c7d4dd2ebf9ed632175776adf09d19ed3da4c@CarReleased
1683967840909@vehicle@0x20e74d6701f55d1c9b937f28499fbed7b8559c0f@PickUp@0xdd5e69139ec63cef0c137048bb0a6c7760721937000000000000000000000000
1683967840910@vehicle@0x43349b16295abd084a1dbae5f04383de7b7db5d5@PassengerPaid
1683967840914@vehicle@0x20e74d6701f55d1c9b937f28499fbed7b8559c0f@FinishedAStarToStartingPoint
1683967840914@vehicle@0x327c19b8686de592ab2e6c182f1b00c3c9f80026@DestinationReady
1683967840915@vehicle@0x327c19b8686de592ab2e6c182f1b00c3c9f80026@FinishedAStarToDestination
1683967840916@vehicle@0x43349b16295abd084a1dbae5f04383de7b7db5d5@CarReleased
1683967844027@vehicle@0x327c19b8686de592ab2e6c182f1b00c3c9f80026@StoreRouteToDestinationSuccess
1683967844027@vehicle@0x20e74d6701f55d1c9b937f28499fbed7b8559c0f@StoreRouteToStartingPointThroughAStarSuccess
1683967845386@vehicle@0x327c19b8686de592ab2e6c182f1b00c3c9f80026@PassengerPaid
1683967845387@vehicle@0x377d27404b760a49b3d3254e5781869d6a8aaea2@PickUp@0x0de4d33bb26cb0107ac34844054f6f975c587554000000000000000000000000
1683967845391@vehicle@0x377d27404b760a49b3d3254e5781869d6a8aaea2@FinishedAStarToStartingPoint
1683967845392@vehicle@0x20e74d6701f55d1c9b937f28499fbed7b8559c0f@DestinationReady
1683967845392@vehicle@0x327c19b8686de592ab2e6c182f1b00c3c9f80026@CarReleased
1683967845393@vehicle@0x20e74d6701f55d1c9b937f28499fbed7b8559c0f@FinishedAStarToDestination
1683967849171@vehicle@0x390c7d4dd2ebf9ed632175776adf09d19ed3da4c@PickUp@0xc64efbfcb752a3822f6b8d7c96b0502e81ce2882000000000000000000000000
1683967849172@vehicle@0x377d27404b760a49b3d3254e5781869d6a8aaea2@StoreRouteToStartingPointThroughAStarSuccess
1683967849172@vehicle@0x20e74d6701f55d1c9b937f28499fbed7b8559c0f@StoreRouteToDestinationSuccess
1683967849172@vehicle@0x390c7d4dd2ebf9ed632175776adf09d19ed3da4c@FinishedAStarToStartingPoint
1683967849458@vehicle@0x20e74d6701f55d1c9b937f28499fbed7b8559c0f@PassengerPaid
1683967849460@vehicle@0x327c19b8686de592ab2e6c182f1b00c3c9f80026@PickUp@0x16b22e2402a183dcaf5b1fb73f64689b7700a2a0000000000000000000000000
1683967849467@vehicle@0x390c7d4dd2ebf9ed632175776adf09d19ed3da4c@StoreRouteToStartingPointThroughAStarSuccess
1683967849467@vehicle@0x377d27404b760a49b3d3254e5781869d6a8aaea2@DestinationReady
1683967849469@vehicle@0x327c19b8686de592ab2e6c182f1b00c3c9f80026@FinishedAStarToStartingPoint
1683967849471@vehicle@0x377d27404b760a49b3d3254e5781869d6a8aaea2@FinishedAStarToDestination
1683967849471@vehicle@0x20e74d6701f55d1c9b937f28499fbed7b8559c0f@CarReleased
1683967851831@vehicle@0x43349b16295abd084a1dbae5f04383de7b7db5d5@PickUp@0x747d046d0c8a5d1bb1764517dd1984d0732c96bc000000000000000000000000
1683967851834@vehicle@0x327c19b8686de592ab2e6c182f1b00c3c9f80026@StoreRouteToStartingPointThroughAStarSuccess
1683967851834@vehicle@0x43349b16295abd084a1dbae5f04383de7b7db5d5@FinishedAStarToStartingPoint
1683967851835@vehicle@0x377d27404b760a49b3d3254e5781869d6a8aaea2@StoreRouteToDestinationSuccess
1683967851835@vehicle@0x390c7d4dd2ebf9ed632175776adf09d19ed3da4c@DestinationReady
1683967851836@vehicle@0x390c7d4dd2ebf9ed632175776adf09d19ed3da4c@FinishedAStarToDestination
1683967852514@vehicle@0x377d27404b760a49b3d3254e5781869d6a8aaea2@PassengerPaid
1683967852517@vehicle@0x327c19b8686de592ab2e6c182f1b00c3c9f80026@DestinationReady
1683967852518@vehicle@0x390c7d4dd2ebf9ed632175776adf09d19ed3da4c@StoreRouteToDestinationSuccess
1683967852518@vehicle@0x43349b16295abd084a1dbae5f04383de7b7db5d5@StoreRouteToStartingPointThroughAStarSuccess
1683967852519@vehicle@0x377d27404b760a49b3d3254e5781869d6a8aaea2@CarReleased
1683967852519@vehicle@0x327c19b8686de592ab2e6c182f1b00c3c9f80026@FinishedAStarToDestination
1683967855434@vehicle@0x20e74d6701f55d1c9b937f28499fbed7b8559c0f@PickUp@0x27ff8a06ca69b16c194a5132a1925d358c89ff39000000000000000000000000
1683967855436@vehicle@0x390c7d4dd2ebf9ed632175776adf09d19ed3da4c@PassengerPaid
1683967855440@vehicle@0x20e74d6701f55d1c9b937f28499fbed7b8559c0f@FinishedAStarToStartingPoint
1683967855441@vehicle@0x327c19b8686de592ab2e6c182f1b00c3c9f80026@StoreRouteToDestinationSuccess
1683967855441@vehicle@0x43349b16295abd084a1dbae5f04383de7b7db5d5@DestinationReady
1683967855442@vehicle@0x43349b16295abd084a1dbae5f04383de7b7db5d5@FinishedAStarToDestination
1683967855443@vehicle@0x390c7d4dd2ebf9ed632175776adf09d19ed3da4c@CarReleased
1683967856055@vehicle@0x327c19b8686de592ab2e6c182f1b00c3c9f80026@PassengerPaid
1683967856058@vehicle@0x20e74d6701f55d1c9b937f28499fbed7b8559c0f@StoreRouteToStartingPointThroughAStarSuccess
1683967856058@vehicle@0x43349b16295abd084a1dbae5f04383de7b7db5d5@StoreRouteToDestinationSuccess
1683967856059@vehicle@0x327c19b8686de592ab2e6c182f1b00c3c9f80026@CarReleased
1683967861356@vehicle@0x377d27404b760a49b3d3254e5781869d6a8aaea2@PickUp@0xef0d03069e88fb45575f66aa4345b5448408dcfc000000000000000000000000
1683967861359@vehicle@0x43349b16295abd084a1dbae5f04383de7b7db5d5@PassengerPaid
1683967861361@vehicle@0x377d27404b760a49b3d3254e5781869d6a8aaea2@FinishedAStarToStartingPoint
1683967861362@vehicle@0x20e74d6701f55d1c9b937f28499fbed7b8559c0f@DestinationReady
1683967861362@vehicle@0x43349b16295abd084a1dbae5f04383de7b7db5d5@CarReleased
1683967861362@vehicle@0x20e74d6701f55d1c9b937f28499fbed7b8559c0f@FinishedAStarToDestination
1683967863560@vehicle@0x377d27404b760a49b3d3254e5781869d6a8aaea2@StoreRouteToStartingPointThroughAStarSuccess
1683967863560@vehicle@0x20e74d6701f55d1c9b937f28499fbed7b8559c0f@StoreRouteToDestinationSuccess
1683967863868@vehicle@0x20e74d6701f55d1c9b937f28499fbed7b8559c0f@PassengerPaid
1683967863869@vehicle@0x327c19b8686de592ab2e6c182f1b00c3c9f80026@PickUp@0x07f4d74e86c2501a96b032f05daf6d9603f1a596000000000000000000000000
1683967863871@vehicle@0x377d27404b760a49b3d3254e5781869d6a8aaea2@DestinationReady
1683967863871@vehicle@0x327c19b8686de592ab2e6c182f1b00c3c9f80026@FinishedAStarToStartingPoint
1683967863872@vehicle@0x20e74d6701f55d1c9b937f28499fbed7b8559c0f@CarReleased
1683967863872@vehicle@0x377d27404b760a49b3d3254e5781869d6a8aaea2@FinishedAStarToDestination
1683967865888@vehicle@0x327c19b8686de592ab2e6c182f1b00c3c9f80026@StoreRouteToStartingPointThroughAStarSuccess
1683967865888@vehicle@0x377d27404b760a49b3d3254e5781869d6a8aaea2@StoreRouteToDestinationSuccess
1683967867628@vehicle@0x377d27404b760a49b3d3254e5781869d6a8aaea2@PassengerPaid
1683967867631@vehicle@0x327c19b8686de592ab2e6c182f1b00c3c9f80026@DestinationReady
1683967867631@vehicle@0x377d27404b760a49b3d3254e5781869d6a8aaea2@CarReleased
1683967867631@vehicle@0x327c19b8686de592ab2e6c182f1b00c3c9f80026@FinishedAStarToDestination
1683967868562@vehicle@0x20e74d6701f55d1c9b937f28499fbed7b8559c0f@PickUp@0xe5c2e3eaf8883a9d5ed7089e0484cfa6b027d816000000000000000000000000
1683967868563@vehicle@0x20e74d6701f55d1c9b937f28499fbed7b8559c0f@FinishedAStarToStartingPoint
1683967869013@vehicle@0x327c19b8686de592ab2e6c182f1b00c3c9f80026@StoreRouteToDestinationSuccess
1683967869240@vehicle@0x20e74d6701f55d1c9b937f28499fbed7b8559c0f@StoreRouteToStartingPointThroughAStarSuccess
1683967871760@vehicle@0x327c19b8686de592ab2e6c182f1b00c3c9f80026@PassengerPaid
1683967871765@vehicle@0x20e74d6701f55d1c9b937f28499fbed7b8559c0f@DestinationReady
1683967871766@vehicle@0x327c19b8686de592ab2e6c182f1b00c3c9f80026@CarReleased
1683967871767@vehicle@0x20e74d6701f55d1c9b937f28499fbed7b8559c0f@FinishedAStarToDestination
1683967873831@vehicle@0x20e74d6701f55d1c9b937f28499fbed7b8559c0f@StoreRouteToDestinationSuccess
1683967876650@vehicle@0x20e74d6701f55d1c9b937f28499fbed7b8559c0f@PassengerPaid
1683967876651@vehicle@0x327c19b8686de592ab2e6c182f1b00c3c9f80026@PickUp@0x7aedbd17c7198de1a60bbf73e77840baeab2315a000000000000000000000000
1683967876653@vehicle@0x327c19b8686de592ab2e6c182f1b00c3c9f80026@FinishedAStarToStartingPoint
1683967876654@vehicle@0x20e74d6701f55d1c9b937f28499fbed7b8559c0f@CarReleased
1683967877026@vehicle@0x327c19b8686de592ab2e6c182f1b00c3c9f80026@StoreRouteToStartingPointThroughAStarSuccess
1683967880686@vehicle@0x20e74d6701f55d1c9b937f28499fbed7b8559c0f@PickUp@0xb560b30b372dae7df40f67cd542730f5de15cefa000000000000000000000000
1683967880688@vehicle@0x20e74d6701f55d1c9b937f28499fbed7b8559c0f@FinishedAStarToStartingPoint
1683967880690@vehicle@0x327c19b8686de592ab2e6c182f1b00c3c9f80026@DestinationReady
1683967880691@vehicle@0x327c19b8686de592ab2e6c182f1b00c3c9f80026@FinishedAStarToDestination
1683967883594@vehicle@0x20e74d6701f55d1c9b937f28499fbed7b8559c0f@StoreRouteToStartingPointThroughAStarSuccess
1683967883594@vehicle@0x327c19b8686de592ab2e6c182f1b00c3c9f80026@StoreRouteToDestinationSuccess
1683967885911@vehicle@0x327c19b8686de592ab2e6c182f1b00c3c9f80026@PassengerPaid
1683967885914@vehicle@0x20e74d6701f55d1c9b937f28499fbed7b8559c0f@DestinationReady
1683967885915@vehicle@0x20e74d6701f55d1c9b937f28499fbed7b8559c0f@FinishedAStarToDestination
1683967885916@vehicle@0x327c19b8686de592ab2e6c182f1b00c3c9f80026@CarReleased
1683967886158@vehicle@0x20e74d6701f55d1c9b937f28499fbed7b8559c0f@StoreRouteToDestinationSuccess
1683967888331@vehicle@0x20e74d6701f55d1c9b937f28499fbed7b8559c0f@PassengerPaid
1683967888332@vehicle@0x20e74d6701f55d1c9b937f28499fbed7b8559c0f@CarReleased
