1683893473207@vehicle@0x9cad1fb7a50f91c03c3e2106c6b6233890aed062@StartProcessing
1683893473216@vehicle@0x9777d55e8415ebc17864734b6f04c3ec0ca69141@StartProcessing
1683893473217@vehicle@0x390c7d4dd2ebf9ed632175776adf09d19ed3da4c@StartProcessing
1683893473218@vehicle@0x20e74d6701f55d1c9b937f28499fbed7b8559c0f@StartProcessing
1683893473219@vehicle@0xd8cec029b27a3871bf3c48bc9f3eeb43281c1f30@StartProcessing
1683893473220@vehicle@0x4ef62208d75cb0803742cec9a4b087e2b536e2e8@StartProcessing
1683893473221@vehicle@0x327c19b8686de592ab2e6c182f1b00c3c9f80026@StartProcessing
1683893473222@vehicle@0xf21086ccc317c160b7bb8f9e85e08af539231b08@StartProcessing
1683893473223@vehicle@0xda99f0885ae36fed601faba4f4aa0d38c3469e05@StartProcessing
1683893473224@vehicle@0xc4111e0ae27ad5509bd9617367018a89a93d9075@StartProcessing
1683893473225@vehicle@0x43349b16295abd084a1dbae5f04383de7b7db5d5@StartProcessing
1683893473226@vehicle@0xe027d082ea533aafad1b96a8fe059e7420959749@StartProcessing
1683893473227@vehicle@0xf1bb7e0195ac79f4c44d964a4d733139be0b63eb@StartProcessing
1683893473228@vehicle@0xa7dff9eaf76e6ee1579ce841aa47bbcfaae739e7@StartProcessing
1683893473229@vehicle@0xbdce7a12f98bd5460688aaa1d8c352245ecb787d@StartProcessing
1683893473229@vehicle@0x377d27404b760a49b3d3254e5781869d6a8aaea2@StartProcessing
1683893499220@vehicle@0x20e74d6701f55d1c9b937f28499fbed7b8559c0f@PickUp@0x989bd3f4b8def49a869eee53fc2f8c31559dad10000000000000000000000000
1683893499224@vehicle@0x20e74d6701f55d1c9b937f28499fbed7b8559c0f@FinishedAStarToStartingPoint
1683893499411@vehicle@0x327c19b8686de592ab2e6c182f1b00c3c9f80026@PickUp@0x16941e3fe553ea1fec94de08aa5d0522b2fd5df1000000000000000000000000
1683893499413@vehicle@0x20e74d6701f55d1c9b937f28499fbed7b8559c0f@StoreRouteToStartingPointThroughAStarSuccess
1683893499414@vehicle@0x327c19b8686de592ab2e6c182f1b00c3c9f80026@FinishedAStarToStartingPoint
1683893502195@vehicle@0x377d27404b760a49b3d3254e5781869d6a8aaea2@PickUp@0x524ced5b4382264574313760c481d131e49cea06000000000000000000000000
1683893502202@vehicle@0x377d27404b760a49b3d3254e5781869d6a8aaea2@FinishedAStarToStartingPoint
1683893502204@vehicle@0x20e74d6701f55d1c9b937f28499fbed7b8559c0f@DestinationReady
1683893502205@vehicle@0x327c19b8686de592ab2e6c182f1b00c3c9f80026@StoreRouteToStartingPointThroughAStarSuccess
1683893502207@vehicle@0x20e74d6701f55d1c9b937f28499fbed7b8559c0f@FinishedAStarToDestination
1683893503469@vehicle@0x20e74d6701f55d1c9b937f28499fbed7b8559c0f@StoreRouteToDestinationSuccess
1683893503469@vehicle@0x377d27404b760a49b3d3254e5781869d6a8aaea2@StoreRouteToStartingPointThroughAStarSuccess
1683893503470@vehicle@0x327c19b8686de592ab2e6c182f1b00c3c9f80026@DestinationReady
1683893503472@vehicle@0x327c19b8686de592ab2e6c182f1b00c3c9f80026@FinishedAStarToDestination
1683893509047@vehicle@0x20e74d6701f55d1c9b937f28499fbed7b8559c0f@PassengerPaid
1683893509051@vehicle@0x390c7d4dd2ebf9ed632175776adf09d19ed3da4c@PickUp@0x7aedbd17c7198de1a60bbf73e77840baeab2315a000000000000000000000000
1683893509062@vehicle@0x327c19b8686de592ab2e6c182f1b00c3c9f80026@StoreRouteToDestinationSuccess
1683893509064@vehicle@0x390c7d4dd2ebf9ed632175776adf09d19ed3da4c@FinishedAStarToStartingPoint
1683893509065@vehicle@0x377d27404b760a49b3d3254e5781869d6a8aaea2@DestinationReady
1683893509066@vehicle@0x20e74d6701f55d1c9b937f28499fbed7b8559c0f@CarReleased
1683893509067@vehicle@0x377d27404b760a49b3d3254e5781869d6a8aaea2@FinishedAStarToDestination
1683893509573@vehicle@0x327c19b8686de592ab2e6c182f1b00c3c9f80026@PassengerPaid
1683893509576@vehicle@0x377d27404b760a49b3d3254e5781869d6a8aaea2@StoreRouteToDestinationSuccess
1683893509577@vehicle@0x390c7d4dd2ebf9ed632175776adf09d19ed3da4c@StoreRouteToStartingPointThroughAStarSuccess
1683893509578@vehicle@0x327c19b8686de592ab2e6c182f1b00c3c9f80026@CarReleased
1683893512920@vehicle@0x377d27404b760a49b3d3254e5781869d6a8aaea2@PassengerPaid
1683893512924@vehicle@0x20e74d6701f55d1c9b937f28499fbed7b8559c0f@PickUp@0xd1dea501c85b53e90c881515eccd4280db615287000000000000000000000000
1683893512929@vehicle@0x20e74d6701f55d1c9b937f28499fbed7b8559c0f@FinishedAStarToStartingPoint
1683893512930@vehicle@0x390c7d4dd2ebf9ed632175776adf09d19ed3da4c@DestinationReady
1683893512930@vehicle@0x377d27404b760a49b3d3254e5781869d6a8aaea2@CarReleased
1683893512931@vehicle@0x390c7d4dd2ebf9ed632175776adf09d19ed3da4c@FinishedAStarToDestination
1683893516853@vehicle@0x327c19b8686de592ab2e6c182f1b00c3c9f80026@PickUp@0x06a1ee74591def94efcdbd9a13c1b7df2350d160000000000000000000000000
1683893516856@vehicle@0x20e74d6701f55d1c9b937f28499fbed7b8559c0f@StoreRouteToStartingPointThroughAStarSuccess
1683893516856@vehicle@0x327c19b8686de592ab2e6c182f1b00c3c9f80026@FinishedAStarToStartingPoint
1683893516858@vehicle@0x390c7d4dd2ebf9ed632175776adf09d19ed3da4c@StoreRouteToDestinationSuccess
1683893521333@vehicle@0x377d27404b760a49b3d3254e5781869d6a8aaea2@PickUp@0x99f859fba99facf38c0f6263b9794f672147f4aa000000000000000000000000
1683893521338@vehicle@0x390c7d4dd2ebf9ed632175776adf09d19ed3da4c@PassengerPaid
1683893521351@vehicle@0x20e74d6701f55d1c9b937f28499fbed7b8559c0f@DestinationReady
1683893521353@vehicle@0x377d27404b760a49b3d3254e5781869d6a8aaea2@FinishedAStarToStartingPoint
1683893521356@vehicle@0x327c19b8686de592ab2e6c182f1b00c3c9f80026@StoreRouteToStartingPointThroughAStarSuccess
1683893521356@vehicle@0x20e74d6701f55d1c9b937f28499fbed7b8559c0f@FinishedAStarToDestination
1683893521358@vehicle@0x390c7d4dd2ebf9ed632175776adf09d19ed3da4c@CarReleased
1683893524826@vehicle@0x43349b16295abd084a1dbae5f04383de7b7db5d5@PickUp@0x0dca32fa900933ab3e9fe1f4527ec95d07bf772b000000000000000000000000
1683893524833@vehicle@0x377d27404b760a49b3d3254e5781869d6a8aaea2@StoreRouteToStartingPointThroughAStarSuccess
1683893524834@vehicle@0x43349b16295abd084a1dbae5f04383de7b7db5d5@FinishedAStarToStartingPoint
1683893524836@vehicle@0x20e74d6701f55d1c9b937f28499fbed7b8559c0f@StoreRouteToDestinationSuccess
1683893524837@vehicle@0x327c19b8686de592ab2e6c182f1b00c3c9f80026@DestinationReady
1683893524838@vehicle@0x327c19b8686de592ab2e6c182f1b00c3c9f80026@FinishedAStarToDestination
1683893528654@vehicle@0x20e74d6701f55d1c9b937f28499fbed7b8559c0f@PassengerPaid
1683893528659@vehicle@0x327c19b8686de592ab2e6c182f1b00c3c9f80026@StoreRouteToDestinationSuccess
1683893528660@vehicle@0x377d27404b760a49b3d3254e5781869d6a8aaea2@DestinationReady
1683893528662@vehicle@0x43349b16295abd084a1dbae5f04383de7b7db5d5@StoreRouteToStartingPointThroughAStarSuccess
1683893528662@vehicle@0x377d27404b760a49b3d3254e5781869d6a8aaea2@FinishedAStarToDestination
1683893528664@vehicle@0x20e74d6701f55d1c9b937f28499fbed7b8559c0f@CarReleased
1683893529779@vehicle@0x390c7d4dd2ebf9ed632175776adf09d19ed3da4c@PickUp@0x156a54e7c951fa985e77e8bc827fdfed8905b4c1000000000000000000000000
1683893529783@vehicle@0x390c7d4dd2ebf9ed632175776adf09d19ed3da4c@FinishedAStarToStartingPoint
1683893531966@vehicle@0x327c19b8686de592ab2e6c182f1b00c3c9f80026@PassengerPaid
1683893531971@vehicle@0x43349b16295abd084a1dbae5f04383de7b7db5d5@DestinationReady
1683893531973@vehicle@0x377d27404b760a49b3d3254e5781869d6a8aaea2@StoreRouteToDestinationSuccess
1683893531974@vehicle@0x43349b16295abd084a1dbae5f04383de7b7db5d5@FinishedAStarToDestination
1683893531975@vehicle@0x327c19b8686de592ab2e6c182f1b00c3c9f80026@CarReleased
1683893534635@vehicle@0x390c7d4dd2ebf9ed632175776adf09d19ed3da4c@StoreRouteToStartingPointThroughAStarSuccess
1683893536501@vehicle@0x20e74d6701f55d1c9b937f28499fbed7b8559c0f@PickUp@0x499c7e13c1303502e55fe72b120312c0e0131884000000000000000000000000
1683893536505@vehicle@0x377d27404b760a49b3d3254e5781869d6a8aaea2@PassengerPaid
1683893536514@vehicle@0x20e74d6701f55d1c9b937f28499fbed7b8559c0f@FinishedAStarToStartingPoint
1683893536516@vehicle@0x43349b16295abd084a1dbae5f04383de7b7db5d5@StoreRouteToDestinationSuccess
1683893536517@vehicle@0x377d27404b760a49b3d3254e5781869d6a8aaea2@CarReleased
1683893541235@vehicle@0x327c19b8686de592ab2e6c182f1b00c3c9f80026@PickUp@0x092f0e6aeaaad8f6308c54ad7c97a7120d8ef8b5000000000000000000000000
1683893541237@vehicle@0x43349b16295abd084a1dbae5f04383de7b7db5d5@PassengerPaid
1683893541258@vehicle@0x390c7d4dd2ebf9ed632175776adf09d19ed3da4c@DestinationReady
1683893541259@vehicle@0x327c19b8686de592ab2e6c182f1b00c3c9f80026@FinishedAStarToStartingPoint
1683893541262@vehicle@0x20e74d6701f55d1c9b937f28499fbed7b8559c0f@StoreRouteToStartingPointThroughAStarSuccess
1683893541262@vehicle@0x390c7d4dd2ebf9ed632175776adf09d19ed3da4c@FinishedAStarToDestination
1683893541264@vehicle@0x43349b16295abd084a1dbae5f04383de7b7db5d5@CarReleased
1683893543561@vehicle@0x377d27404b760a49b3d3254e5781869d6a8aaea2@PickUp@0x7cefd545055114e6b058ed0d110d4ac012a99cd7000000000000000000000000
1683893543565@vehicle@0x327c19b8686de592ab2e6c182f1b00c3c9f80026@StoreRouteToStartingPointThroughAStarSuccess
1683893543566@vehicle@0x20e74d6701f55d1c9b937f28499fbed7b8559c0f@DestinationReady
1683893543567@vehicle@0x377d27404b760a49b3d3254e5781869d6a8aaea2@FinishedAStarToStartingPoint
1683893543568@vehicle@0x390c7d4dd2ebf9ed632175776adf09d19ed3da4c@StoreRouteToDestinationSuccess
1683893543569@vehicle@0x20e74d6701f55d1c9b937f28499fbed7b8559c0f@FinishedAStarToDestination
1683893546623@vehicle@0x43349b16295abd084a1dbae5f04383de7b7db5d5@PickUp@0x9d854e759b2cce86dd08080d3ac043b4c79d2d9a000000000000000000000000
1683893546631@vehicle@0x390c7d4dd2ebf9ed632175776adf09d19ed3da4c@PassengerPaid
1683893546635@vehicle@0x327c19b8686de592ab2e6c182f1b00c3c9f80026@DestinationReady
1683893546636@vehicle@0x43349b16295abd084a1dbae5f04383de7b7db5d5@FinishedAStarToStartingPoint
1683893546638@vehicle@0x20e74d6701f55d1c9b937f28499fbed7b8559c0f@StoreRouteToDestinationSuccess
1683893546639@vehicle@0x377d27404b760a49b3d3254e5781869d6a8aaea2@StoreRouteToStartingPointThroughAStarSuccess
1683893546639@vehicle@0x327c19b8686de592ab2e6c182f1b00c3c9f80026@FinishedAStarToDestination
1683893546641@vehicle@0x390c7d4dd2ebf9ed632175776adf09d19ed3da4c@CarReleased
1683893548168@vehicle@0x20e74d6701f55d1c9b937f28499fbed7b8559c0f@PassengerPaid
1683893548172@vehicle@0x4ef62208d75cb0803742cec9a4b087e2b536e2e8@PickUp@0xee6e220d86366845afbdb1213c122c8a7424a03e000000000000000000000000
1683893548183@vehicle@0x377d27404b760a49b3d3254e5781869d6a8aaea2@DestinationReady
1683893548184@vehicle@0x4ef62208d75cb0803742cec9a4b087e2b536e2e8@FinishedAStarToStartingPoint
1683893548185@vehicle@0x43349b16295abd084a1dbae5f04383de7b7db5d5@StoreRouteToStartingPointThroughAStarSuccess
1683893548186@vehicle@0x327c19b8686de592ab2e6c182f1b00c3c9f80026@StoreRouteToDestinationSuccess
1683893548187@vehicle@0x377d27404b760a49b3d3254e5781869d6a8aaea2@FinishedAStarToDestination
1683893548188@vehicle@0x20e74d6701f55d1c9b937f28499fbed7b8559c0f@CarReleased
1683893550142@vehicle@0x327c19b8686de592ab2e6c182f1b00c3c9f80026@PassengerPaid
1683893550146@vehicle@0x390c7d4dd2ebf9ed632175776adf09d19ed3da4c@PickUp@0xe5c2e3eaf8883a9d5ed7089e0484cfa6b027d816000000000000000000000000
1683893550152@vehicle@0x377d27404b760a49b3d3254e5781869d6a8aaea2@StoreRouteToDestinationSuccess
1683893550153@vehicle@0x4ef62208d75cb0803742cec9a4b087e2b536e2e8@StoreRouteToStartingPointThroughAStarSuccess
1683893550153@vehicle@0x43349b16295abd084a1dbae5f04383de7b7db5d5@DestinationReady
1683893550155@vehicle@0x390c7d4dd2ebf9ed632175776adf09d19ed3da4c@FinishedAStarToStartingPoint
1683893550156@vehicle@0x43349b16295abd084a1dbae5f04383de7b7db5d5@FinishedAStarToDestination
1683893550157@vehicle@0x327c19b8686de592ab2e6c182f1b00c3c9f80026@CarReleased
1683893557205@vehicle@0x377d27404b760a49b3d3254e5781869d6a8aaea2@PassengerPaid
1683893557208@vehicle@0x390c7d4dd2ebf9ed632175776adf09d19ed3da4c@StoreRouteToStartingPointThroughAStarSuccess
1683893557208@vehicle@0x4ef62208d75cb0803742cec9a4b087e2b536e2e8@DestinationReady
1683893557209@vehicle@0x43349b16295abd084a1dbae5f04383de7b7db5d5@StoreRouteToDestinationSuccess
1683893557210@vehicle@0x4ef62208d75cb0803742cec9a4b087e2b536e2e8@FinishedAStarToDestination
1683893557212@vehicle@0x377d27404b760a49b3d3254e5781869d6a8aaea2@CarReleased
1683893558648@vehicle@0x20e74d6701f55d1c9b937f28499fbed7b8559c0f@PickUp@0xddfc8e76b2bd61e9359ea5a2ed639d73e74ded71000000000000000000000000
1683893558651@vehicle@0x20e74d6701f55d1c9b937f28499fbed7b8559c0f@FinishedAStarToStartingPoint
1683893558662@vehicle@0x43349b16295abd084a1dbae5f04383de7b7db5d5@PassengerPaid
1683893558668@vehicle@0x390c7d4dd2ebf9ed632175776adf09d19ed3da4c@DestinationReady
1683893558670@vehicle@0x4ef62208d75cb0803742cec9a4b087e2b536e2e8@StoreRouteToDestinationSuccess
1683893558671@vehicle@0x390c7d4dd2ebf9ed632175776adf09d19ed3da4c@FinishedAStarToDestination
1683893558671@vehicle@0x43349b16295abd084a1dbae5f04383de7b7db5d5@CarReleased
1683893560386@vehicle@0x20e74d6701f55d1c9b937f28499fbed7b8559c0f@StoreRouteToStartingPointThroughAStarSuccess
1683893561097@vehicle@0x327c19b8686de592ab2e6c182f1b00c3c9f80026@PickUp@0xdd5e69139ec63cef0c137048bb0a6c7760721937000000000000000000000000
1683893561103@vehicle@0x4ef62208d75cb0803742cec9a4b087e2b536e2e8@PassengerPaid
1683893561107@vehicle@0x390c7d4dd2ebf9ed632175776adf09d19ed3da4c@StoreRouteToDestinationSuccess
1683893561107@vehicle@0x327c19b8686de592ab2e6c182f1b00c3c9f80026@FinishedAStarToStartingPoint
1683893561109@vehicle@0x4ef62208d75cb0803742cec9a4b087e2b536e2e8@CarReleased
1683893561181@vehicle@0x20e74d6701f55d1c9b937f28499fbed7b8559c0f@DestinationReady
1683893561183@vehicle@0x20e74d6701f55d1c9b937f28499fbed7b8559c0f@FinishedAStarToDestination
1683893563009@vehicle@0x390c7d4dd2ebf9ed632175776adf09d19ed3da4c@PassengerPaid
1683893563014@vehicle@0x377d27404b760a49b3d3254e5781869d6a8aaea2@PickUp@0xc64efbfcb752a3822f6b8d7c96b0502e81ce2882000000000000000000000000
1683893563016@vehicle@0x377d27404b760a49b3d3254e5781869d6a8aaea2@FinishedAStarToStartingPoint
1683893563017@vehicle@0x327c19b8686de592ab2e6c182f1b00c3c9f80026@StoreRouteToStartingPointThroughAStarSuccess
1683893563017@vehicle@0x390c7d4dd2ebf9ed632175776adf09d19ed3da4c@CarReleased
1683893565144@vehicle@0x20e74d6701f55d1c9b937f28499fbed7b8559c0f@StoreRouteToDestinationSuccess
1683893566556@vehicle@0x43349b16295abd084a1dbae5f04383de7b7db5d5@PickUp@0x170d67b04d990cfa4326549efeafb86f4b95b9dc000000000000000000000000
1683893566561@vehicle@0x327c19b8686de592ab2e6c182f1b00c3c9f80026@DestinationReady
1683893566562@vehicle@0x43349b16295abd084a1dbae5f04383de7b7db5d5@FinishedAStarToStartingPoint
1683893566564@vehicle@0x377d27404b760a49b3d3254e5781869d6a8aaea2@StoreRouteToStartingPointThroughAStarSuccess
1683893566564@vehicle@0x327c19b8686de592ab2e6c182f1b00c3c9f80026@FinishedAStarToDestination
1683893571647@vehicle@0x20e74d6701f55d1c9b937f28499fbed7b8559c0f@PassengerPaid
1683893571650@vehicle@0x43349b16295abd084a1dbae5f04383de7b7db5d5@StoreRouteToStartingPointThroughAStarSuccess
1683893571650@vehicle@0x327c19b8686de592ab2e6c182f1b00c3c9f80026@StoreRouteToDestinationSuccess
1683893571651@vehicle@0x377d27404b760a49b3d3254e5781869d6a8aaea2@DestinationReady
1683893571652@vehicle@0x377d27404b760a49b3d3254e5781869d6a8aaea2@FinishedAStarToDestination
1683893571653@vehicle@0x20e74d6701f55d1c9b937f28499fbed7b8559c0f@CarReleased
1683893574605@vehicle@0x390c7d4dd2ebf9ed632175776adf09d19ed3da4c@PickUp@0xd6c18c15ee56beeaf9a94322f0fcc958b611a323000000000000000000000000
1683893574606@vehicle@0x327c19b8686de592ab2e6c182f1b00c3c9f80026@PassengerPaid
1683893574617@vehicle@0x377d27404b760a49b3d3254e5781869d6a8aaea2@StoreRouteToDestinationSuccess
1683893574618@vehicle@0x390c7d4dd2ebf9ed632175776adf09d19ed3da4c@FinishedAStarToStartingPoint
1683893574620@vehicle@0x43349b16295abd084a1dbae5f04383de7b7db5d5@DestinationReady
1683893574621@vehicle@0x327c19b8686de592ab2e6c182f1b00c3c9f80026@CarReleased
1683893574621@vehicle@0x43349b16295abd084a1dbae5f04383de7b7db5d5@FinishedAStarToDestination
1683893579105@vehicle@0x377d27404b760a49b3d3254e5781869d6a8aaea2@PassengerPaid
1683893579109@vehicle@0x20e74d6701f55d1c9b937f28499fbed7b8559c0f@PickUp@0xef0d03069e88fb45575f66aa4345b5448408dcfc000000000000000000000000
1683893579120@vehicle@0x43349b16295abd084a1dbae5f04383de7b7db5d5@StoreRouteToDestinationSuccess
1683893579121@vehicle@0x20e74d6701f55d1c9b937f28499fbed7b8559c0f@FinishedAStarToStartingPoint
1683893579122@vehicle@0x390c7d4dd2ebf9ed632175776adf09d19ed3da4c@StoreRouteToStartingPointThroughAStarSuccess
1683893579123@vehicle@0x377d27404b760a49b3d3254e5781869d6a8aaea2@CarReleased
1683893583507@vehicle@0x327c19b8686de592ab2e6c182f1b00c3c9f80026@PickUp@0x07f4d74e86c2501a96b032f05daf6d9603f1a596000000000000000000000000
1683893583510@vehicle@0x43349b16295abd084a1dbae5f04383de7b7db5d5@PassengerPaid
1683893583517@vehicle@0x20e74d6701f55d1c9b937f28499fbed7b8559c0f@StoreRouteToStartingPointThroughAStarSuccess
1683893583517@vehicle@0x327c19b8686de592ab2e6c182f1b00c3c9f80026@FinishedAStarToStartingPoint
1683893583519@vehicle@0x390c7d4dd2ebf9ed632175776adf09d19ed3da4c@DestinationReady
1683893583521@vehicle@0x43349b16295abd084a1dbae5f04383de7b7db5d5@CarReleased
1683893583523@vehicle@0x390c7d4dd2ebf9ed632175776adf09d19ed3da4c@FinishedAStarToDestination
1683893584429@vehicle@0x377d27404b760a49b3d3254e5781869d6a8aaea2@PickUp@0xb560b30b372dae7df40f67cd542730f5de15cefa000000000000000000000000
1683893584431@vehicle@0x327c19b8686de592ab2e6c182f1b00c3c9f80026@StoreRouteToStartingPointThroughAStarSuccess
1683893584432@vehicle@0x390c7d4dd2ebf9ed632175776adf09d19ed3da4c@StoreRouteToDestinationSuccess
1683893584432@vehicle@0x20e74d6701f55d1c9b937f28499fbed7b8559c0f@DestinationReady
1683893584433@vehicle@0x377d27404b760a49b3d3254e5781869d6a8aaea2@FinishedAStarToStartingPoint
1683893584434@vehicle@0x20e74d6701f55d1c9b937f28499fbed7b8559c0f@FinishedAStarToDestination
1683893588127@vehicle@0x390c7d4dd2ebf9ed632175776adf09d19ed3da4c@PassengerPaid
1683893588135@vehicle@0x327c19b8686de592ab2e6c182f1b00c3c9f80026@DestinationReady
1683893588137@vehicle@0x377d27404b760a49b3d3254e5781869d6a8aaea2@StoreRouteToStartingPointThroughAStarSuccess
1683893588138@vehicle@0x20e74d6701f55d1c9b937f28499fbed7b8559c0f@StoreRouteToDestinationSuccess
1683893588138@vehicle@0x390c7d4dd2ebf9ed632175776adf09d19ed3da4c@CarReleased
1683893588139@vehicle@0x327c19b8686de592ab2e6c182f1b00c3c9f80026@FinishedAStarToDestination
1683893589893@vehicle@0x20e74d6701f55d1c9b937f28499fbed7b8559c0f@PassengerPaid
1683893589899@vehicle@0x327c19b8686de592ab2e6c182f1b00c3c9f80026@StoreRouteToDestinationSuccess
1683893589900@vehicle@0x377d27404b760a49b3d3254e5781869d6a8aaea2@DestinationReady
1683893589902@vehicle@0x20e74d6701f55d1c9b937f28499fbed7b8559c0f@CarReleased
1683893589902@vehicle@0x377d27404b760a49b3d3254e5781869d6a8aaea2@FinishedAStarToDestination
1683893590348@vehicle@0x43349b16295abd084a1dbae5f04383de7b7db5d5@PickUp@0x16b22e2402a183dcaf5b1fb73f64689b7700a2a0000000000000000000000000
1683893590353@vehicle@0x43349b16295abd084a1dbae5f04383de7b7db5d5@FinishedAStarToStartingPoint
1683893591355@vehicle@0x327c19b8686de592ab2e6c182f1b00c3c9f80026@PassengerPaid
1683893591359@vehicle@0x377d27404b760a49b3d3254e5781869d6a8aaea2@StoreRouteToDestinationSuccess
1683893591360@vehicle@0x327c19b8686de592ab2e6c182f1b00c3c9f80026@CarReleased
1683893592954@vehicle@0x43349b16295abd084a1dbae5f04383de7b7db5d5@StoreRouteToStartingPointThroughAStarSuccess
1683893593445@vehicle@0x377d27404b760a49b3d3254e5781869d6a8aaea2@PassengerPaid
1683893593448@vehicle@0x20e74d6701f55d1c9b937f28499fbed7b8559c0f@PickUp@0x3daa27591a675fceb7fe25f39a2aa575730a6a1a000000000000000000000000
1683893593455@vehicle@0x20e74d6701f55d1c9b937f28499fbed7b8559c0f@FinishedAStarToStartingPoint
1683893593456@vehicle@0x377d27404b760a49b3d3254e5781869d6a8aaea2@CarReleased
1683893594300@vehicle@0x43349b16295abd084a1dbae5f04383de7b7db5d5@DestinationReady
1683893594302@vehicle@0x43349b16295abd084a1dbae5f04383de7b7db5d5@FinishedAStarToDestination
1683893594443@vehicle@0x20e74d6701f55d1c9b937f28499fbed7b8559c0f@StoreRouteToStartingPointThroughAStarSuccess
1683893597247@vehicle@0x43349b16295abd084a1dbae5f04383de7b7db5d5@StoreRouteToDestinationSuccess
1683893597247@vehicle@0x20e74d6701f55d1c9b937f28499fbed7b8559c0f@DestinationReady
1683893597251@vehicle@0x20e74d6701f55d1c9b937f28499fbed7b8559c0f@FinishedAStarToDestination
1683893597357@vehicle@0x327c19b8686de592ab2e6c182f1b00c3c9f80026@PickUp@0x0de4d33bb26cb0107ac34844054f6f975c587554000000000000000000000000
1683893597358@vehicle@0x327c19b8686de592ab2e6c182f1b00c3c9f80026@FinishedAStarToStartingPoint
1683893599428@vehicle@0x43349b16295abd084a1dbae5f04383de7b7db5d5@PassengerPaid
1683893599434@vehicle@0x20e74d6701f55d1c9b937f28499fbed7b8559c0f@StoreRouteToDestinationSuccess
1683893599434@vehicle@0x43349b16295abd084a1dbae5f04383de7b7db5d5@CarReleased
1683893601463@vehicle@0x327c19b8686de592ab2e6c182f1b00c3c9f80026@StoreRouteToStartingPointThroughAStarSuccess
1683893602370@vehicle@0x20e74d6701f55d1c9b937f28499fbed7b8559c0f@PassengerPaid
1683893602373@vehicle@0x377d27404b760a49b3d3254e5781869d6a8aaea2@PickUp@0x98f3af9a9d129dd78041b588c36cff0afefddc05000000000000000000000000
1683893602376@vehicle@0x377d27404b760a49b3d3254e5781869d6a8aaea2@FinishedAStarToStartingPoint
1683893602378@vehicle@0x20e74d6701f55d1c9b937f28499fbed7b8559c0f@CarReleased
1683893603769@vehicle@0x327c19b8686de592ab2e6c182f1b00c3c9f80026@DestinationReady
1683893603772@vehicle@0x327c19b8686de592ab2e6c182f1b00c3c9f80026@FinishedAStarToDestination
1683893603987@vehicle@0x377d27404b760a49b3d3254e5781869d6a8aaea2@StoreRouteToStartingPointThroughAStarSuccess
1683893604375@vehicle@0x327c19b8686de592ab2e6c182f1b00c3c9f80026@StoreRouteToDestinationSuccess
1683893605639@vehicle@0x377d27404b760a49b3d3254e5781869d6a8aaea2@DestinationReady
1683893605641@vehicle@0x377d27404b760a49b3d3254e5781869d6a8aaea2@FinishedAStarToDestination
1683893606060@vehicle@0x20e74d6701f55d1c9b937f28499fbed7b8559c0f@PickUp@0x397e94a4cd9fad4c4a472d6a92122d6ed9ec71d6000000000000000000000000
1683893606061@vehicle@0x327c19b8686de592ab2e6c182f1b00c3c9f80026@PassengerPaid
1683893606065@vehicle@0x20e74d6701f55d1c9b937f28499fbed7b8559c0f@FinishedAStarToStartingPoint
1683893606066@vehicle@0x327c19b8686de592ab2e6c182f1b00c3c9f80026@CarReleased
1683893606126@vehicle@0x377d27404b760a49b3d3254e5781869d6a8aaea2@StoreRouteToDestinationSuccess
1683893608136@vehicle@0x390c7d4dd2ebf9ed632175776adf09d19ed3da4c@PickUp@0x49c7f84ca89d2ffb5dc35eba1d88b731fe1c53df000000000000000000000000
1683893608137@vehicle@0x377d27404b760a49b3d3254e5781869d6a8aaea2@PassengerPaid
1683893608141@vehicle@0x20e74d6701f55d1c9b937f28499fbed7b8559c0f@StoreRouteToStartingPointThroughAStarSuccess
1683893608142@vehicle@0x390c7d4dd2ebf9ed632175776adf09d19ed3da4c@FinishedAStarToStartingPoint
1683893608143@vehicle@0x377d27404b760a49b3d3254e5781869d6a8aaea2@CarReleased
1683893611253@vehicle@0x327c19b8686de592ab2e6c182f1b00c3c9f80026@PickUp@0x747d046d0c8a5d1bb1764517dd1984d0732c96bc000000000000000000000000
1683893611261@vehicle@0x20e74d6701f55d1c9b937f28499fbed7b8559c0f@DestinationReady
1683893611263@vehicle@0x327c19b8686de592ab2e6c182f1b00c3c9f80026@FinishedAStarToStartingPoint
1683893611264@vehicle@0x390c7d4dd2ebf9ed632175776adf09d19ed3da4c@StoreRouteToStartingPointThroughAStarSuccess
1683893611265@vehicle@0x20e74d6701f55d1c9b937f28499fbed7b8559c0f@FinishedAStarToDestination
1683893613968@vehicle@0x377d27404b760a49b3d3254e5781869d6a8aaea2@PickUp@0x27ff8a06ca69b16c194a5132a1925d358c89ff39000000000000000000000000
1683893613971@vehicle@0x327c19b8686de592ab2e6c182f1b00c3c9f80026@StoreRouteToStartingPointThroughAStarSuccess
1683893613972@vehicle@0x20e74d6701f55d1c9b937f28499fbed7b8559c0f@StoreRouteToDestinationSuccess
1683893613973@vehicle@0x377d27404b760a49b3d3254e5781869d6a8aaea2@FinishedAStarToStartingPoint
1683893613974@vehicle@0x390c7d4dd2ebf9ed632175776adf09d19ed3da4c@DestinationReady
1683893613975@vehicle@0x390c7d4dd2ebf9ed632175776adf09d19ed3da4c@FinishedAStarToDestination
1683893615588@vehicle@0x20e74d6701f55d1c9b937f28499fbed7b8559c0f@PassengerPaid
1683893615590@vehicle@0x377d27404b760a49b3d3254e5781869d6a8aaea2@StoreRouteToStartingPointThroughAStarSuccess
1683893615590@vehicle@0x327c19b8686de592ab2e6c182f1b00c3c9f80026@DestinationReady
1683893615591@vehicle@0x390c7d4dd2ebf9ed632175776adf09d19ed3da4c@StoreRouteToDestinationSuccess
1683893615592@vehicle@0x327c19b8686de592ab2e6c182f1b00c3c9f80026@FinishedAStarToDestination
1683893615593@vehicle@0x20e74d6701f55d1c9b937f28499fbed7b8559c0f@CarReleased
1683893621851@vehicle@0x390c7d4dd2ebf9ed632175776adf09d19ed3da4c@PassengerPaid
1683893621862@vehicle@0x327c19b8686de592ab2e6c182f1b00c3c9f80026@StoreRouteToDestinationSuccess
1683893621863@vehicle@0x377d27404b760a49b3d3254e5781869d6a8aaea2@DestinationReady
1683893621864@vehicle@0x390c7d4dd2ebf9ed632175776adf09d19ed3da4c@CarReleased
1683893621865@vehicle@0x377d27404b760a49b3d3254e5781869d6a8aaea2@FinishedAStarToDestination
1683893625539@vehicle@0x327c19b8686de592ab2e6c182f1b00c3c9f80026@PassengerPaid
1683893625544@vehicle@0x377d27404b760a49b3d3254e5781869d6a8aaea2@StoreRouteToDestinationSuccess
1683893625546@vehicle@0x327c19b8686de592ab2e6c182f1b00c3c9f80026@CarReleased
1683893625839@vehicle@0x377d27404b760a49b3d3254e5781869d6a8aaea2@PassengerPaid
1683893625842@vehicle@0x377d27404b760a49b3d3254e5781869d6a8aaea2@CarReleased
1683893629400@vehicle@0x20e74d6701f55d1c9b937f28499fbed7b8559c0f@PickUp@0x08f7cc636acfed10206a64c661dcb6f00606c26c000000000000000000000000
1683893629401@vehicle@0x20e74d6701f55d1c9b937f28499fbed7b8559c0f@FinishedAStarToStartingPoint
1683893630499@vehicle@0x20e74d6701f55d1c9b937f28499fbed7b8559c0f@StoreRouteToStartingPointThroughAStarSuccess
1683893632465@vehicle@0x20e74d6701f55d1c9b937f28499fbed7b8559c0f@DestinationReady
1683893632466@vehicle@0x20e74d6701f55d1c9b937f28499fbed7b8559c0f@FinishedAStarToDestination
1683893635422@vehicle@0x20e74d6701f55d1c9b937f28499fbed7b8559c0f@StoreRouteToDestinationSuccess
1683893638355@vehicle@0x20e74d6701f55d1c9b937f28499fbed7b8559c0f@PassengerPaid
1683893638357@vehicle@0x20e74d6701f55d1c9b937f28499fbed7b8559c0f@CarReleased
